[0.418s] DEBUG:colcon:Command line arguments: ['/usr/bin/colcon', 'build', '--symlink-install']
[0.419s] DEBUG:colcon:Parsed command line arguments: Namespace(allow_overriding=[], ament_cmake_args=None, base_paths=['.'], build_base='build', catkin_cmake_args=None, catkin_skip_building_tests=False, cmake_args=None, cmake_clean_cache=False, cmake_clean_first=False, cmake_force_configure=False, cmake_target=None, cmake_target_skip_unavailable=False, continue_on_error=False, event_handlers=None, executor='parallel', ignore_user_meta=False, install_base='install', log_base=None, log_level=None, main=<bound method BuildVerb.main of <colcon_core.verb.build.BuildVerb object at 0xffff84f5b730>>, merge_install=False, metas=['./colcon.meta'], mixin=None, mixin_files=None, mixin_verb=('build',), packages_above=None, packages_above_and_dependencies=None, packages_above_depth=None, packages_end=None, packages_ignore=None, packages_ignore_regex=None, packages_select=None, packages_select_build_failed=False, packages_select_by_dep=None, packages_select_regex=None, packages_select_test_failures=False, packages_skip=None, packages_skip_build_finished=False, packages_skip_by_dep=None, packages_skip_regex=None, packages_skip_test_passed=False, packages_skip_up_to=None, packages_start=None, packages_up_to=None, packages_up_to_regex=None, parallel_workers=4, paths=None, symlink_install=True, test_result_base=None, verb_extension=<colcon_core.verb.build.BuildVerb object at 0xffff84f5b730>, verb_name='build', verb_parser=<colcon_mixin.mixin.mixin_argument.MixinArgumentDecorator object at 0xffff84f670a0>)
[0.745s] Level 1:colcon.colcon_core.package_discovery:discover_packages(colcon_meta) check parameters
[0.745s] Level 1:colcon.colcon_core.package_discovery:discover_packages(recursive) check parameters
[0.745s] Level 1:colcon.colcon_core.package_discovery:discover_packages(ignore) check parameters
[0.746s] Level 1:colcon.colcon_core.package_discovery:discover_packages(path) check parameters
[0.746s] Level 1:colcon.colcon_core.package_discovery:discover_packages(colcon_meta) discover
[0.746s] Level 1:colcon.colcon_core.package_discovery:discover_packages(recursive) discover
[0.746s] INFO:colcon.colcon_core.package_discovery:Crawling recursively for packages in '/home/cav-06/KAIST_Mobility_Challenge_Hardware/sdk/KAIST_Mobility_Challenge_SDK/examples/Driver_ROS2'
[0.746s] Level 1:colcon.colcon_core.package_identification:_identify(.) by extensions ['ignore', 'ignore_ament_install']
[0.747s] Level 1:colcon.colcon_core.package_identification:_identify(.) by extension 'ignore'
[0.747s] Level 1:colcon.colcon_core.package_identification:_identify(.) by extension 'ignore_ament_install'
[0.747s] Level 1:colcon.colcon_core.package_identification:_identify(.) by extensions ['colcon_pkg']
[0.747s] Level 1:colcon.colcon_core.package_identification:_identify(.) by extension 'colcon_pkg'
[0.747s] Level 1:colcon.colcon_core.package_identification:_identify(.) by extensions ['colcon_meta']
[0.747s] Level 1:colcon.colcon_core.package_identification:_identify(.) by extension 'colcon_meta'
[0.747s] Level 1:colcon.colcon_core.package_identification:_identify(.) by extensions ['ros']
[0.747s] Level 1:colcon.colcon_core.package_identification:_identify(.) by extension 'ros'
[0.776s] DEBUG:colcon.colcon_core.package_identification:Package '.' with type 'ros.ament_cmake' and name 'kmc_hardware_driver_node'
[0.776s] Level 1:colcon.colcon_core.package_discovery:discover_packages(recursive) using defaults
[0.777s] Level 1:colcon.colcon_core.package_discovery:discover_packages(ignore) discover
[0.777s] Level 1:colcon.colcon_core.package_discovery:discover_packages(ignore) using defaults
[0.777s] Level 1:colcon.colcon_core.package_discovery:discover_packages(path) discover
[0.777s] Level 1:colcon.colcon_core.package_discovery:discover_packages(path) using defaults
[0.809s] Level 1:colcon.colcon_core.package_discovery:discover_packages(prefix_path) check parameters
[0.809s] Level 1:colcon.colcon_core.package_discovery:discover_packages(prefix_path) discover
[0.814s] DEBUG:colcon.colcon_installed_package_information.package_discovery:Found 257 installed packages in /opt/ros/foxy
[0.847s] Level 1:colcon.colcon_core.package_discovery:discover_packages(prefix_path) using defaults
[0.975s] Level 5:colcon.colcon_core.verb:set package 'kmc_hardware_driver_node' build argument 'cmake_args' from command line to 'None'
[0.975s] Level 5:colcon.colcon_core.verb:set package 'kmc_hardware_driver_node' build argument 'cmake_target' from command line to 'None'
[0.975s] Level 5:colcon.colcon_core.verb:set package 'kmc_hardware_driver_node' build argument 'cmake_target_skip_unavailable' from command line to 'False'
[0.975s] Level 5:colcon.colcon_core.verb:set package 'kmc_hardware_driver_node' build argument 'cmake_clean_cache' from command line to 'False'
[0.975s] Level 5:colcon.colcon_core.verb:set package 'kmc_hardware_driver_node' build argument 'cmake_clean_first' from command line to 'False'
[0.975s] Level 5:colcon.colcon_core.verb:set package 'kmc_hardware_driver_node' build argument 'cmake_force_configure' from command line to 'False'
[0.975s] Level 5:colcon.colcon_core.verb:set package 'kmc_hardware_driver_node' build argument 'ament_cmake_args' from command line to 'None'
[0.975s] Level 5:colcon.colcon_core.verb:set package 'kmc_hardware_driver_node' build argument 'catkin_cmake_args' from command line to 'None'
[0.976s] Level 5:colcon.colcon_core.verb:set package 'kmc_hardware_driver_node' build argument 'catkin_skip_building_tests' from command line to 'False'
[0.976s] DEBUG:colcon.colcon_core.verb:Building package 'kmc_hardware_driver_node' with the following arguments: {'ament_cmake_args': None, 'build_base': '/home/cav-06/KAIST_Mobility_Challenge_Hardware/sdk/KAIST_Mobility_Challenge_SDK/examples/Driver_ROS2/build/kmc_hardware_driver_node', 'catkin_cmake_args': None, 'catkin_skip_building_tests': False, 'cmake_args': None, 'cmake_clean_cache': False, 'cmake_clean_first': False, 'cmake_force_configure': False, 'cmake_target': None, 'cmake_target_skip_unavailable': False, 'install_base': '/home/cav-06/KAIST_Mobility_Challenge_Hardware/sdk/KAIST_Mobility_Challenge_SDK/examples/Driver_ROS2/install/kmc_hardware_driver_node', 'merge_install': False, 'path': '/home/cav-06/KAIST_Mobility_Challenge_Hardware/sdk/KAIST_Mobility_Challenge_SDK/examples/Driver_ROS2', 'symlink_install': True, 'test_result_base': None}
[0.976s] INFO:colcon.colcon_core.executor:Executing jobs using 'parallel' executor
[0.979s] DEBUG:colcon.colcon_parallel_executor.executor.parallel:run_until_complete
[0.979s] INFO:colcon.colcon_ros.task.ament_cmake.build:Building ROS package in '/home/cav-06/KAIST_Mobility_Challenge_Hardware/sdk/KAIST_Mobility_Challenge_SDK/examples/Driver_ROS2' with build type 'ament_cmake'
[0.979s] INFO:colcon.colcon_cmake.task.cmake.build:Building CMake package in '/home/cav-06/KAIST_Mobility_Challenge_Hardware/sdk/KAIST_Mobility_Challenge_SDK/examples/Driver_ROS2'
[0.983s] INFO:colcon.colcon_core.plugin_system:Skipping extension 'colcon_core.shell.bat': Not used on non-Windows systems
[0.984s] INFO:colcon.colcon_core.shell:Skip shell extension 'powershell' for command environment: Not usable outside of PowerShell
[0.984s] DEBUG:colcon.colcon_core.shell:Skip shell extension 'dsv' for command environment
[1.001s] DEBUG:colcon.colcon_core.event_handler.log_command:Invoking command in '/home/cav-06/KAIST_Mobility_Challenge_Hardware/sdk/KAIST_Mobility_Challenge_SDK/examples/Driver_ROS2/build/kmc_hardware_driver_node': CMAKE_PREFIX_PATH=/opt/ros/foxy /usr/bin/cmake /home/cav-06/KAIST_Mobility_Challenge_Hardware/sdk/KAIST_Mobility_Challenge_SDK/examples/Driver_ROS2 -DAMENT_CMAKE_SYMLINK_INSTALL=1 -DCMAKE_INSTALL_PREFIX=/home/cav-06/KAIST_Mobility_Challenge_Hardware/sdk/KAIST_Mobility_Challenge_SDK/examples/Driver_ROS2/install/kmc_hardware_driver_node
[4.123s] DEBUG:colcon.colcon_core.event_handler.log_command:Invoked command in '/home/cav-06/KAIST_Mobility_Challenge_Hardware/sdk/KAIST_Mobility_Challenge_SDK/examples/Driver_ROS2/build/kmc_hardware_driver_node' returned '0': CMAKE_PREFIX_PATH=/opt/ros/foxy /usr/bin/cmake /home/cav-06/KAIST_Mobility_Challenge_Hardware/sdk/KAIST_Mobility_Challenge_SDK/examples/Driver_ROS2 -DAMENT_CMAKE_SYMLINK_INSTALL=1 -DCMAKE_INSTALL_PREFIX=/home/cav-06/KAIST_Mobility_Challenge_Hardware/sdk/KAIST_Mobility_Challenge_SDK/examples/Driver_ROS2/install/kmc_hardware_driver_node
[4.130s] DEBUG:colcon.colcon_core.event_handler.log_command:Invoking command in '/home/cav-06/KAIST_Mobility_Challenge_Hardware/sdk/KAIST_Mobility_Challenge_SDK/examples/Driver_ROS2/build/kmc_hardware_driver_node': CMAKE_PREFIX_PATH=/opt/ros/foxy /usr/bin/cmake --build /home/cav-06/KAIST_Mobility_Challenge_Hardware/sdk/KAIST_Mobility_Challenge_SDK/examples/Driver_ROS2/build/kmc_hardware_driver_node -- -j4 -l4
[25.432s] DEBUG:colcon.colcon_core.event_handler.log_command:Invoked command in '/home/cav-06/KAIST_Mobility_Challenge_Hardware/sdk/KAIST_Mobility_Challenge_SDK/examples/Driver_ROS2/build/kmc_hardware_driver_node' returned '0': CMAKE_PREFIX_PATH=/opt/ros/foxy /usr/bin/cmake --build /home/cav-06/KAIST_Mobility_Challenge_Hardware/sdk/KAIST_Mobility_Challenge_SDK/examples/Driver_ROS2/build/kmc_hardware_driver_node -- -j4 -l4
[25.465s] DEBUG:colcon.colcon_core.event_handler.log_command:Invoking command in '/home/cav-06/KAIST_Mobility_Challenge_Hardware/sdk/KAIST_Mobility_Challenge_SDK/examples/Driver_ROS2/build/kmc_hardware_driver_node': CMAKE_PREFIX_PATH=/opt/ros/foxy /usr/bin/cmake --install /home/cav-06/KAIST_Mobility_Challenge_Hardware/sdk/KAIST_Mobility_Challenge_SDK/examples/Driver_ROS2/build/kmc_hardware_driver_node
[25.885s] Level 1:colcon.colcon_core.environment:create_environment_scripts_only(kmc_hardware_driver_node)
[25.888s] DEBUG:colcon.colcon_core.event_handler.log_command:Invoked command in '/home/cav-06/KAIST_Mobility_Challenge_Hardware/sdk/KAIST_Mobility_Challenge_SDK/examples/Driver_ROS2/build/kmc_hardware_driver_node' returned '0': CMAKE_PREFIX_PATH=/opt/ros/foxy /usr/bin/cmake --install /home/cav-06/KAIST_Mobility_Challenge_Hardware/sdk/KAIST_Mobility_Challenge_SDK/examples/Driver_ROS2/build/kmc_hardware_driver_node
[25.896s] Level 1:colcon.colcon_core.environment:checking '/home/cav-06/KAIST_Mobility_Challenge_Hardware/sdk/KAIST_Mobility_Challenge_SDK/examples/Driver_ROS2/install/kmc_hardware_driver_node' for CMake module files
[25.898s] Level 1:colcon.colcon_core.environment:checking '/home/cav-06/KAIST_Mobility_Challenge_Hardware/sdk/KAIST_Mobility_Challenge_SDK/examples/Driver_ROS2/install/kmc_hardware_driver_node' for CMake config files
[25.899s] Level 1:colcon.colcon_core.shell:create_environment_hook('kmc_hardware_driver_node', 'cmake_prefix_path')
[25.900s] INFO:colcon.colcon_core.shell:Creating environment hook '/home/cav-06/KAIST_Mobility_Challenge_Hardware/sdk/KAIST_Mobility_Challenge_SDK/examples/Driver_ROS2/install/kmc_hardware_driver_node/share/kmc_hardware_driver_node/hook/cmake_prefix_path.ps1'
[25.903s] INFO:colcon.colcon_core.shell:Creating environment descriptor '/home/cav-06/KAIST_Mobility_Challenge_Hardware/sdk/KAIST_Mobility_Challenge_SDK/examples/Driver_ROS2/install/kmc_hardware_driver_node/share/kmc_hardware_driver_node/hook/cmake_prefix_path.dsv'
[25.905s] INFO:colcon.colcon_core.shell:Creating environment hook '/home/cav-06/KAIST_Mobility_Challenge_Hardware/sdk/KAIST_Mobility_Challenge_SDK/examples/Driver_ROS2/install/kmc_hardware_driver_node/share/kmc_hardware_driver_node/hook/cmake_prefix_path.sh'
[25.908s] Level 1:colcon.colcon_core.environment:checking '/home/cav-06/KAIST_Mobility_Challenge_Hardware/sdk/KAIST_Mobility_Challenge_SDK/examples/Driver_ROS2/install/kmc_hardware_driver_node/lib'
[25.909s] Level 1:colcon.colcon_core.environment:checking '/home/cav-06/KAIST_Mobility_Challenge_Hardware/sdk/KAIST_Mobility_Challenge_SDK/examples/Driver_ROS2/install/kmc_hardware_driver_node/bin'
[25.909s] Level 1:colcon.colcon_core.environment:checking '/home/cav-06/KAIST_Mobility_Challenge_Hardware/sdk/KAIST_Mobility_Challenge_SDK/examples/Driver_ROS2/install/kmc_hardware_driver_node/lib/pkgconfig/kmc_hardware_driver_node.pc'
[25.910s] Level 1:colcon.colcon_core.environment:checking '/home/cav-06/KAIST_Mobility_Challenge_Hardware/sdk/KAIST_Mobility_Challenge_SDK/examples/Driver_ROS2/install/kmc_hardware_driver_node/lib/python3.8/site-packages'
[25.911s] Level 1:colcon.colcon_core.environment:checking '/home/cav-06/KAIST_Mobility_Challenge_Hardware/sdk/KAIST_Mobility_Challenge_SDK/examples/Driver_ROS2/install/kmc_hardware_driver_node/bin'
[25.912s] INFO:colcon.colcon_core.shell:Creating package script '/home/cav-06/KAIST_Mobility_Challenge_Hardware/sdk/KAIST_Mobility_Challenge_SDK/examples/Driver_ROS2/install/kmc_hardware_driver_node/share/kmc_hardware_driver_node/package.ps1'
[25.914s] INFO:colcon.colcon_core.shell:Creating package descriptor '/home/cav-06/KAIST_Mobility_Challenge_Hardware/sdk/KAIST_Mobility_Challenge_SDK/examples/Driver_ROS2/install/kmc_hardware_driver_node/share/kmc_hardware_driver_node/package.dsv'
[25.916s] INFO:colcon.colcon_core.shell:Creating package script '/home/cav-06/KAIST_Mobility_Challenge_Hardware/sdk/KAIST_Mobility_Challenge_SDK/examples/Driver_ROS2/install/kmc_hardware_driver_node/share/kmc_hardware_driver_node/package.sh'
[25.918s] INFO:colcon.colcon_core.shell:Creating package script '/home/cav-06/KAIST_Mobility_Challenge_Hardware/sdk/KAIST_Mobility_Challenge_SDK/examples/Driver_ROS2/install/kmc_hardware_driver_node/share/kmc_hardware_driver_node/package.bash'
[25.920s] INFO:colcon.colcon_core.shell:Creating package script '/home/cav-06/KAIST_Mobility_Challenge_Hardware/sdk/KAIST_Mobility_Challenge_SDK/examples/Driver_ROS2/install/kmc_hardware_driver_node/share/kmc_hardware_driver_node/package.zsh'
[25.922s] Level 1:colcon.colcon_core.environment:create_file_with_runtime_dependencies(/home/cav-06/KAIST_Mobility_Challenge_Hardware/sdk/KAIST_Mobility_Challenge_SDK/examples/Driver_ROS2/install/kmc_hardware_driver_node/share/colcon-core/packages/kmc_hardware_driver_node)
[25.923s] Level 1:colcon.colcon_core.environment:create_environment_scripts_only(kmc_hardware_driver_node)
[25.924s] Level 1:colcon.colcon_core.environment:checking '/home/cav-06/KAIST_Mobility_Challenge_Hardware/sdk/KAIST_Mobility_Challenge_SDK/examples/Driver_ROS2/install/kmc_hardware_driver_node' for CMake module files
[25.925s] Level 1:colcon.colcon_core.environment:checking '/home/cav-06/KAIST_Mobility_Challenge_Hardware/sdk/KAIST_Mobility_Challenge_SDK/examples/Driver_ROS2/install/kmc_hardware_driver_node' for CMake config files
[25.926s] Level 1:colcon.colcon_core.shell:create_environment_hook('kmc_hardware_driver_node', 'cmake_prefix_path')
[25.927s] INFO:colcon.colcon_core.shell:Creating environment hook '/home/cav-06/KAIST_Mobility_Challenge_Hardware/sdk/KAIST_Mobility_Challenge_SDK/examples/Driver_ROS2/install/kmc_hardware_driver_node/share/kmc_hardware_driver_node/hook/cmake_prefix_path.ps1'
[25.928s] INFO:colcon.colcon_core.shell:Creating environment descriptor '/home/cav-06/KAIST_Mobility_Challenge_Hardware/sdk/KAIST_Mobility_Challenge_SDK/examples/Driver_ROS2/install/kmc_hardware_driver_node/share/kmc_hardware_driver_node/hook/cmake_prefix_path.dsv'
[25.928s] INFO:colcon.colcon_core.shell:Creating environment hook '/home/cav-06/KAIST_Mobility_Challenge_Hardware/sdk/KAIST_Mobility_Challenge_SDK/examples/Driver_ROS2/install/kmc_hardware_driver_node/share/kmc_hardware_driver_node/hook/cmake_prefix_path.sh'
[25.930s] Level 1:colcon.colcon_core.environment:checking '/home/cav-06/KAIST_Mobility_Challenge_Hardware/sdk/KAIST_Mobility_Challenge_SDK/examples/Driver_ROS2/install/kmc_hardware_driver_node/lib'
[25.930s] Level 1:colcon.colcon_core.environment:checking '/home/cav-06/KAIST_Mobility_Challenge_Hardware/sdk/KAIST_Mobility_Challenge_SDK/examples/Driver_ROS2/install/kmc_hardware_driver_node/bin'
[25.930s] Level 1:colcon.colcon_core.environment:checking '/home/cav-06/KAIST_Mobility_Challenge_Hardware/sdk/KAIST_Mobility_Challenge_SDK/examples/Driver_ROS2/install/kmc_hardware_driver_node/lib/pkgconfig/kmc_hardware_driver_node.pc'
[25.930s] Level 1:colcon.colcon_core.environment:checking '/home/cav-06/KAIST_Mobility_Challenge_Hardware/sdk/KAIST_Mobility_Challenge_SDK/examples/Driver_ROS2/install/kmc_hardware_driver_node/lib/python3.8/site-packages'
[25.931s] Level 1:colcon.colcon_core.environment:checking '/home/cav-06/KAIST_Mobility_Challenge_Hardware/sdk/KAIST_Mobility_Challenge_SDK/examples/Driver_ROS2/install/kmc_hardware_driver_node/bin'
[25.932s] INFO:colcon.colcon_core.shell:Creating package script '/home/cav-06/KAIST_Mobility_Challenge_Hardware/sdk/KAIST_Mobility_Challenge_SDK/examples/Driver_ROS2/install/kmc_hardware_driver_node/share/kmc_hardware_driver_node/package.ps1'
[25.933s] INFO:colcon.colcon_core.shell:Creating package descriptor '/home/cav-06/KAIST_Mobility_Challenge_Hardware/sdk/KAIST_Mobility_Challenge_SDK/examples/Driver_ROS2/install/kmc_hardware_driver_node/share/kmc_hardware_driver_node/package.dsv'
[25.934s] INFO:colcon.colcon_core.shell:Creating package script '/home/cav-06/KAIST_Mobility_Challenge_Hardware/sdk/KAIST_Mobility_Challenge_SDK/examples/Driver_ROS2/install/kmc_hardware_driver_node/share/kmc_hardware_driver_node/package.sh'
[25.935s] INFO:colcon.colcon_core.shell:Creating package script '/home/cav-06/KAIST_Mobility_Challenge_Hardware/sdk/KAIST_Mobility_Challenge_SDK/examples/Driver_ROS2/install/kmc_hardware_driver_node/share/kmc_hardware_driver_node/package.bash'
[25.936s] INFO:colcon.colcon_core.shell:Creating package script '/home/cav-06/KAIST_Mobility_Challenge_Hardware/sdk/KAIST_Mobility_Challenge_SDK/examples/Driver_ROS2/install/kmc_hardware_driver_node/share/kmc_hardware_driver_node/package.zsh'
[25.937s] Level 1:colcon.colcon_core.environment:create_file_with_runtime_dependencies(/home/cav-06/KAIST_Mobility_Challenge_Hardware/sdk/KAIST_Mobility_Challenge_SDK/examples/Driver_ROS2/install/kmc_hardware_driver_node/share/colcon-core/packages/kmc_hardware_driver_node)
[25.937s] DEBUG:colcon.colcon_parallel_executor.executor.parallel:closing loop
[25.938s] DEBUG:colcon.colcon_parallel_executor.executor.parallel:loop closed
[25.939s] DEBUG:colcon.colcon_parallel_executor.executor.parallel:run_until_complete finished with '0'
[25.939s] DEBUG:colcon.colcon_core.event_reactor:joining thread
[25.952s] INFO:colcon.colcon_core.plugin_system:Skipping extension 'colcon_notification.desktop_notification.terminal_notifier': Not used on non-Darwin systems
[25.953s] INFO:colcon.colcon_core.plugin_system:Skipping extension 'colcon_notification.desktop_notification.win32': Not used on non-Windows systems
[25.953s] INFO:colcon.colcon_notification.desktop_notification:Sending desktop notification using 'notify2'
[25.995s] DEBUG:colcon.colcon_core.event_reactor:joined thread
[25.997s] INFO:colcon.colcon_core.shell:Creating prefix script '/home/cav-06/KAIST_Mobility_Challenge_Hardware/sdk/KAIST_Mobility_Challenge_SDK/examples/Driver_ROS2/install/local_setup.ps1'
[25.999s] INFO:colcon.colcon_core.shell:Creating prefix util module '/home/cav-06/KAIST_Mobility_Challenge_Hardware/sdk/KAIST_Mobility_Challenge_SDK/examples/Driver_ROS2/install/_local_setup_util_ps1.py'
[26.002s] INFO:colcon.colcon_core.shell:Creating prefix chain script '/home/cav-06/KAIST_Mobility_Challenge_Hardware/sdk/KAIST_Mobility_Challenge_SDK/examples/Driver_ROS2/install/setup.ps1'
[26.005s] INFO:colcon.colcon_core.shell:Creating prefix script '/home/cav-06/KAIST_Mobility_Challenge_Hardware/sdk/KAIST_Mobility_Challenge_SDK/examples/Driver_ROS2/install/local_setup.sh'
[26.010s] INFO:colcon.colcon_core.shell:Creating prefix util module '/home/cav-06/KAIST_Mobility_Challenge_Hardware/sdk/KAIST_Mobility_Challenge_SDK/examples/Driver_ROS2/install/_local_setup_util_sh.py'
[26.011s] INFO:colcon.colcon_core.shell:Creating prefix chain script '/home/cav-06/KAIST_Mobility_Challenge_Hardware/sdk/KAIST_Mobility_Challenge_SDK/examples/Driver_ROS2/install/setup.sh'
[26.013s] INFO:colcon.colcon_core.shell:Creating prefix script '/home/cav-06/KAIST_Mobility_Challenge_Hardware/sdk/KAIST_Mobility_Challenge_SDK/examples/Driver_ROS2/install/local_setup.bash'
[26.014s] INFO:colcon.colcon_core.shell:Creating prefix chain script '/home/cav-06/KAIST_Mobility_Challenge_Hardware/sdk/KAIST_Mobility_Challenge_SDK/examples/Driver_ROS2/install/setup.bash'
[26.016s] INFO:colcon.colcon_core.shell:Creating prefix script '/home/cav-06/KAIST_Mobility_Challenge_Hardware/sdk/KAIST_Mobility_Challenge_SDK/examples/Driver_ROS2/install/local_setup.zsh'
[26.017s] INFO:colcon.colcon_core.shell:Creating prefix chain script '/home/cav-06/KAIST_Mobility_Challenge_Hardware/sdk/KAIST_Mobility_Challenge_SDK/examples/Driver_ROS2/install/setup.zsh'
