running egg_info
creating ../../build/cav_controller/cav_controller.egg-info
writing ../../build/cav_controller/cav_controller.egg-info/PKG-INFO
writing dependency_links to ../../build/cav_controller/cav_controller.egg-info/dependency_links.txt
writing entry points to ../../build/cav_controller/cav_controller.egg-info/entry_points.txt
writing requirements to ../../build/cav_controller/cav_controller.egg-info/requires.txt
writing top-level names to ../../build/cav_controller/cav_controller.egg-info/top_level.txt
writing manifest file '../../build/cav_controller/cav_controller.egg-info/SOURCES.txt'
reading manifest file '../../build/cav_controller/cav_controller.egg-info/SOURCES.txt'
writing manifest file '../../build/cav_controller/cav_controller.egg-info/SOURCES.txt'
running build
running build_py
creating /home/hy/Mobility_Challenge/ros2_ws/build/cav_controller/build
creating /home/hy/Mobility_Challenge/ros2_ws/build/cav_controller/build/lib
creating /home/hy/Mobility_Challenge/ros2_ws/build/cav_controller/build/lib/cav_controller
copying cav_controller/drive_test.py -> /home/hy/Mobility_Challenge/ros2_ws/build/cav_controller/build/lib/cav_controller
copying cav_controller/echo_pose.py -> /home/hy/Mobility_Challenge/ros2_ws/build/cav_controller/build/lib/cav_controller
copying cav_controller/p1.py -> /home/hy/Mobility_Challenge/ros2_ws/build/cav_controller/build/lib/cav_controller
copying cav_controller/__init__.py -> /home/hy/Mobility_Challenge/ros2_ws/build/cav_controller/build/lib/cav_controller
running install
running install_lib
creating /home/hy/Mobility_Challenge/ros2_ws/install/cav_controller/lib/python3.8/site-packages/cav_controller
copying /home/hy/Mobility_Challenge/ros2_ws/build/cav_controller/build/lib/cav_controller/drive_test.py -> /home/hy/Mobility_Challenge/ros2_ws/install/cav_controller/lib/python3.8/site-packages/cav_controller
copying /home/hy/Mobility_Challenge/ros2_ws/build/cav_controller/build/lib/cav_controller/echo_pose.py -> /home/hy/Mobility_Challenge/ros2_ws/install/cav_controller/lib/python3.8/site-packages/cav_controller
copying /home/hy/Mobility_Challenge/ros2_ws/build/cav_controller/build/lib/cav_controller/p1.py -> /home/hy/Mobility_Challenge/ros2_ws/install/cav_controller/lib/python3.8/site-packages/cav_controller
copying /home/hy/Mobility_Challenge/ros2_ws/build/cav_controller/build/lib/cav_controller/__init__.py -> /home/hy/Mobility_Challenge/ros2_ws/install/cav_controller/lib/python3.8/site-packages/cav_controller
byte-compiling /home/hy/Mobility_Challenge/ros2_ws/install/cav_controller/lib/python3.8/site-packages/cav_controller/drive_test.py to drive_test.cpython-38.pyc
byte-compiling /home/hy/Mobility_Challenge/ros2_ws/install/cav_controller/lib/python3.8/site-packages/cav_controller/echo_pose.py to echo_pose.cpython-38.pyc
byte-compiling /home/hy/Mobility_Challenge/ros2_ws/install/cav_controller/lib/python3.8/site-packages/cav_controller/p1.py to p1.cpython-38.pyc
byte-compiling /home/hy/Mobility_Challenge/ros2_ws/install/cav_controller/lib/python3.8/site-packages/cav_controller/__init__.py to __init__.cpython-38.pyc
running install_data
creating /home/hy/Mobility_Challenge/ros2_ws/install/cav_controller/share/ament_index
creating /home/hy/Mobility_Challenge/ros2_ws/install/cav_controller/share/ament_index/resource_index
creating /home/hy/Mobility_Challenge/ros2_ws/install/cav_controller/share/ament_index/resource_index/packages
copying resource/cav_controller -> /home/hy/Mobility_Challenge/ros2_ws/install/cav_controller/share/ament_index/resource_index/packages
copying package.xml -> /home/hy/Mobility_Challenge/ros2_ws/install/cav_controller/share/cav_controller
running install_egg_info
Copying ../../build/cav_controller/cav_controller.egg-info to /home/hy/Mobility_Challenge/ros2_ws/install/cav_controller/lib/python3.8/site-packages/cav_controller-0.0.0-py3.8.egg-info
running install_scripts
Installing echo_pose script to /home/hy/Mobility_Challenge/ros2_ws/install/cav_controller/lib/cav_controller
Installing p1_drive script to /home/hy/Mobility_Challenge/ros2_ws/install/cav_controller/lib/cav_controller
Installing run_drive script to /home/hy/Mobility_Challenge/ros2_ws/install/cav_controller/lib/cav_controller
writing list of installed files to '/home/hy/Mobility_Challenge/ros2_ws/build/cav_controller/install.log'
