[0.484s] Invoking command in '/home/hy/Mobility_Challenge/ros2_ws/build/p3_cpp': CMAKE_PREFIX_PATH=/opt/ros/foxy /usr/bin/cmake /home/hy/Mobility_Challenge/ros2_ws/src/p3_cpp -DAMENT_CMAKE_SYMLINK_INSTALL=1 -DCMAKE_INSTALL_PREFIX=/home/hy/Mobility_Challenge/ros2_ws/install/p3_cpp
[0.699s] -- The C compiler identification is GNU 9.4.0
[0.867s] -- The CXX compiler identification is GNU 9.4.0
[0.876s] -- Check for working C compiler: /usr/bin/cc
[1.010s] -- Check for working C compiler: /usr/bin/cc -- works
[1.012s] -- Detecting C compiler ABI info
[1.146s] -- Detecting C compiler ABI info - done
[1.166s] -- Detecting C compile features
[1.167s] -- Detecting C compile features - done
[1.173s] -- Check for working CXX compiler: /usr/bin/c++
[1.329s] -- Check for working CXX compiler: /usr/bin/c++ -- works
[1.330s] -- Detecting CXX compiler ABI info
[1.491s] -- Detecting CXX compiler ABI info - done
[1.504s] -- Detecting CXX compile features
[1.505s] -- Detecting CXX compile features - done
[1.513s] -- Found ament_cmake: 0.9.12 (/opt/ros/foxy/share/ament_cmake/cmake)
[1.567s] -- Found PythonInterp: /usr/bin/python3 (found suitable version "3.8.10", minimum required is "3") 
[1.568s] -- Using PYTHON_EXECUTABLE: /usr/bin/python3
[1.938s] -- Override CMake install command with custom implementation using symlinks instead of copying resources
[1.983s] -- Found rclcpp: 2.4.3 (/opt/ros/foxy/share/rclcpp/cmake)
[2.079s] -- Using all available rosidl_typesupport_c: rosidl_typesupport_fastrtps_c;rosidl_typesupport_introspection_c
[2.093s] -- Found rosidl_adapter: 1.3.1 (/opt/ros/foxy/share/rosidl_adapter/cmake)
[2.237s] -- Found OpenSSL: /usr/lib/aarch64-linux-gnu/libcrypto.so (found version "1.1.1f")  
[2.282s] -- Found FastRTPS: /opt/ros/foxy/include  
[2.426s] -- Using all available rosidl_typesupport_cpp: rosidl_typesupport_fastrtps_cpp;rosidl_typesupport_introspection_cpp
[2.546s] -- Found rmw_implementation_cmake: 1.0.4 (/opt/ros/foxy/share/rmw_implementation_cmake/cmake)
[2.550s] -- Using RMW implementation 'rmw_fastrtps_cpp' as default
[2.553s] -- Looking for pthread.h
[2.694s] -- Looking for pthread.h - found
[2.695s] -- Performing Test CMAKE_HAVE_LIBC_PTHREAD
[2.835s] -- Performing Test CMAKE_HAVE_LIBC_PTHREAD - Failed
[2.836s] -- Looking for pthread_create in pthreads
[2.954s] -- Looking for pthread_create in pthreads - not found
[2.955s] -- Looking for pthread_create in pthread
[3.097s] -- Looking for pthread_create in pthread - found
[3.099s] -- Found Threads: TRUE  
[3.411s] -- Found geometry_msgs: 2.0.5 (/opt/ros/foxy/share/geometry_msgs/cmake)
[3.484s] -- Found ament_lint_auto: 0.9.8 (/opt/ros/foxy/share/ament_lint_auto/cmake)
[3.641s] -- Added test 'copyright' to check source files copyright and LICENSE
[3.643s] -- Added test 'cppcheck' to perform static code analysis on C / C++ code
[3.643s] -- Configured cppcheck include dirs: 
[3.643s] -- Configured cppcheck exclude dirs and/or files: 
[3.645s] -- Added test 'cpplint' to check C / C++ code against the Google style
[3.645s] -- Configured cpplint exclude dirs and/or files: 
[3.646s] -- Added test 'flake8' to check Python code syntax and style conventions
[3.647s] -- Added test 'lint_cmake' to check CMake code style
[3.649s] -- Added test 'pep257' to check Python code against some of the style conventions in PEP 257
[3.650s] -- Added test 'uncrustify' to check C / C++ code style
[3.651s] -- Configured uncrustify additional arguments: 
[3.652s] -- Added test 'xmllint' to check XML markup files
[3.659s] -- Configuring done
[3.681s] -- Generating done
[3.691s] -- Build files have been written to: /home/hy/Mobility_Challenge/ros2_ws/build/p3_cpp
[3.711s] Invoked command in '/home/hy/Mobility_Challenge/ros2_ws/build/p3_cpp' returned '0': CMAKE_PREFIX_PATH=/opt/ros/foxy /usr/bin/cmake /home/hy/Mobility_Challenge/ros2_ws/src/p3_cpp -DAMENT_CMAKE_SYMLINK_INSTALL=1 -DCMAKE_INSTALL_PREFIX=/home/hy/Mobility_Challenge/ros2_ws/install/p3_cpp
[3.718s] Invoking command in '/home/hy/Mobility_Challenge/ros2_ws/build/p3_cpp': CMAKE_PREFIX_PATH=/opt/ros/foxy /usr/bin/cmake --build /home/hy/Mobility_Challenge/ros2_ws/build/p3_cpp -- -j4 -l4
[3.795s] [35m[1mScanning dependencies of target main_p3[0m
[3.796s] [35m[1mScanning dependencies of target control_p3[0m
[3.921s] [ 50%] [32mBuilding CXX object CMakeFiles/control_p3.dir/src/control_p3.cpp.o[0m
[3.921s] [ 50%] [32mBuilding CXX object CMakeFiles/main_p3.dir/src/main_p3.cpp.o[0m
[7.209s] [01m[K/home/hy/Mobility_Challenge/ros2_ws/src/p3_cpp/src/main_p3.cpp:[m[K In member function ‘[01m[Kvoid MainTrafficController::discover_vehicles()[m[K’:
[7.209s] [01m[K/home/hy/Mobility_Challenge/ros2_ws/src/p3_cpp/src/main_p3.cpp:168:26:[m[K [01;35m[Kwarning: [m[Kstructured bindings only available with ‘[01m[K-std=c++17[m[K’ or ‘[01m[K-std=gnu++17[m[K’
[7.209s]   168 |         for (const auto& [01;35m[K[[m[Kname, types] : topic_map) {
[7.210s]       |                          [01;35m[K^[m[K
[7.226s] [01m[K/home/hy/Mobility_Challenge/ros2_ws/src/p3_cpp/src/main_p3.cpp:[m[K In lambda function:
[7.226s] [01m[K/home/hy/Mobility_Challenge/ros2_ws/src/p3_cpp/src/main_p3.cpp:233:55:[m[K [01;35m[Kwarning: [m[Kcomparison of integer expressions of different signedness: ‘[01m[Kstd::deque<double>::size_type[m[K’ {aka ‘[01m[Klong unsigned int[m[K’} and ‘[01m[Kconst int[m[K’ [[01;35m[K-Wsign-compare[m[K]
[7.226s]   233 |                             if ([01;35m[Khv_vel_buffer_.size() > vel_buffer_size_[m[K) {
[7.227s]       |                                 [01;35m[K~~~~~~~~~~~~~~~~~~~~~~^~~~~~~~~~~~~~~~~~[m[K
[7.227s] [01m[K/home/hy/Mobility_Challenge/ros2_ws/src/p3_cpp/src/main_p3.cpp:244:40:[m[K [01;35m[Kwarning: [m[Kstructured bindings only available with ‘[01m[K-std=c++17[m[K’ or ‘[01m[K-std=gnu++17[m[K’
[7.227s]   244 |                             for (auto& [01;35m[K[[m[Ktarget_id, target_v] : vehicles_) {
[7.227s]       |                                        [01;35m[K^[m[K
[7.266s] [01m[K/home/hy/Mobility_Challenge/ros2_ws/src/p3_cpp/src/main_p3.cpp:[m[K In member function ‘[01m[Kbool MainTrafficController::check_fourway_rect_split(const Vehicle&)[m[K’:
[7.266s] [01m[K/home/hy/Mobility_Challenge/ros2_ws/src/p3_cpp/src/main_p3.cpp:351:26:[m[K [01;35m[Kwarning: [m[Kstructured bindings only available with ‘[01m[K-std=c++17[m[K’ or ‘[01m[K-std=gnu++17[m[K’
[7.266s]   351 |         for (const auto& [01;35m[K[[m[Kid, v] : vehicles_) {
[7.266s]       |                          [01;35m[K^[m[K
[7.268s] [01m[K/home/hy/Mobility_Challenge/ros2_ws/src/p3_cpp/src/main_p3.cpp:[m[K In member function ‘[01m[Kint MainTrafficController::count_cavs_in_roundabout()[m[K’:
[7.269s] [01m[K/home/hy/Mobility_Challenge/ros2_ws/src/p3_cpp/src/main_p3.cpp:367:26:[m[K [01;35m[Kwarning: [m[Kstructured bindings only available with ‘[01m[K-std=c++17[m[K’ or ‘[01m[K-std=gnu++17[m[K’
[7.269s]   367 |         for (const auto& [01;35m[K[[m[Kid, v] : vehicles_) {
[7.269s]       |                          [01;35m[K^[m[K
[7.271s] [01m[K/home/hy/Mobility_Challenge/ros2_ws/src/p3_cpp/src/main_p3.cpp:[m[K In lambda function:
[7.271s] [01m[K/home/hy/Mobility_Challenge/ros2_ws/src/p3_cpp/src/main_p3.cpp:389:30:[m[K [01;35m[Kwarning: [m[Kstructured bindings only available with ‘[01m[K-std=c++17[m[K’ or ‘[01m[K-std=gnu++17[m[K’
[7.271s]   389 |             for (const auto& [01;35m[K[[m[Ktid, target] : vehicles_) {
[7.271s]       |                              [01;35m[K^[m[K
[7.273s] [01m[K/home/hy/Mobility_Challenge/ros2_ws/src/p3_cpp/src/main_p3.cpp:[m[K In member function ‘[01m[Kbool MainTrafficController::check_roundabout(const Vehicle&)[m[K’:
[7.273s] [01m[K/home/hy/Mobility_Challenge/ros2_ws/src/p3_cpp/src/main_p3.cpp:405:26:[m[K [01;35m[Kwarning: [m[Kstructured bindings only available with ‘[01m[K-std=c++17[m[K’ or ‘[01m[K-std=gnu++17[m[K’
[7.273s]   405 |         for (const auto& [01;35m[K[[m[Ktid, target] : vehicles_) {
[7.273s]       |                          [01;35m[K^[m[K
[7.294s] [01m[K/home/hy/Mobility_Challenge/ros2_ws/src/p3_cpp/src/main_p3.cpp:[m[K In member function ‘[01m[Kvoid MainTrafficController::process_roundabout_path_decision(Vehicle&, const string&, const string&)[m[K’:
[7.294s] [01m[K/home/hy/Mobility_Challenge/ros2_ws/src/p3_cpp/src/main_p3.cpp:421:79:[m[K [01;35m[Kwarning: [m[Kunused parameter ‘[01m[Kzone[m[K’ [[01;35m[K-Wunused-parameter[m[K]
[7.295s]   421 |     void process_roundabout_path_decision(Vehicle& my_cav, [01;35m[Kconst std::string& zone[m[K, const std::string& my_id) {
[7.295s]       |                                                            [01;35m[K~~~~~~~~~~~~~~~~~~~^~~~[m[K
[7.295s] [01m[K/home/hy/Mobility_Challenge/ros2_ws/src/p3_cpp/src/main_p3.cpp:421:104:[m[K [01;35m[Kwarning: [m[Kunused parameter ‘[01m[Kmy_id[m[K’ [[01;35m[K-Wunused-parameter[m[K]
[7.295s]   421 |     void process_roundabout_path_decision(Vehicle& my_cav, const std::string& zone, [01;35m[Kconst std::string& my_id[m[K) {
[7.295s]       |                                                                                     [01;35m[K~~~~~~~~~~~~~~~~~~~^~~~~[m[K
[7.295s] [01m[K/home/hy/Mobility_Challenge/ros2_ws/src/p3_cpp/src/main_p3.cpp:[m[K In member function ‘[01m[Kbool MainTrafficController::is_conflict(const Vehicle&, std::string&, std::string&, bool&)[m[K’:
[7.295s] [01m[K/home/hy/Mobility_Challenge/ros2_ws/src/p3_cpp/src/main_p3.cpp:463:26:[m[K [01;35m[Kwarning: [m[Kstructured bindings only available with ‘[01m[K-std=c++17[m[K’ or ‘[01m[K-std=gnu++17[m[K’
[7.296s]   463 |         for (const auto& [01;35m[K[[m[Ktid, target] : vehicles_) {
[7.296s]       |                          [01;35m[K^[m[K
[7.300s] [01m[K/home/hy/Mobility_Challenge/ros2_ws/src/p3_cpp/src/main_p3.cpp:[m[K In member function ‘[01m[Kvoid MainTrafficController::control_loop()[m[K’:
[7.300s] [01m[K/home/hy/Mobility_Challenge/ros2_ws/src/p3_cpp/src/main_p3.cpp:519:20:[m[K [01;35m[Kwarning: [m[Kstructured bindings only available with ‘[01m[K-std=c++17[m[K’ or ‘[01m[K-std=gnu++17[m[K’
[7.300s]   519 |         for (auto& [01;35m[K[[m[Kmy_id, my_cav] : vehicles_) {
[7.300s]       |                    [01;35m[K^[m[K
[18.243s] [ 75%] [32m[1mLinking CXX executable main_p3[0m
[18.865s] [ 75%] Built target main_p3
[22.772s] [100%] [32m[1mLinking CXX executable control_p3[0m
[23.509s] [100%] Built target control_p3
[23.532s] Invoked command in '/home/hy/Mobility_Challenge/ros2_ws/build/p3_cpp' returned '0': CMAKE_PREFIX_PATH=/opt/ros/foxy /usr/bin/cmake --build /home/hy/Mobility_Challenge/ros2_ws/build/p3_cpp -- -j4 -l4
[23.540s] Invoking command in '/home/hy/Mobility_Challenge/ros2_ws/build/p3_cpp': CMAKE_PREFIX_PATH=/opt/ros/foxy /usr/bin/cmake --install /home/hy/Mobility_Challenge/ros2_ws/build/p3_cpp
[23.557s] -- Install configuration: ""
[23.558s] -- Execute custom install script
[23.560s] -- Symlinking: /home/hy/Mobility_Challenge/ros2_ws/install/p3_cpp/lib/p3_cpp/control_p3
[23.577s] -- Symlinking: /home/hy/Mobility_Challenge/ros2_ws/install/p3_cpp/lib/p3_cpp/main_p3
[23.594s] -- Symlinking: /home/hy/Mobility_Challenge/ros2_ws/install/p3_cpp/share/ament_index/resource_index/package_run_dependencies/p3_cpp
[23.611s] -- Symlinking: /home/hy/Mobility_Challenge/ros2_ws/install/p3_cpp/share/ament_index/resource_index/parent_prefix_path/p3_cpp
[23.628s] -- Symlinking: /home/hy/Mobility_Challenge/ros2_ws/install/p3_cpp/share/p3_cpp/environment/ament_prefix_path.sh
[23.646s] -- Symlinking: /home/hy/Mobility_Challenge/ros2_ws/install/p3_cpp/share/p3_cpp/environment/ament_prefix_path.dsv
[23.664s] -- Symlinking: /home/hy/Mobility_Challenge/ros2_ws/install/p3_cpp/share/p3_cpp/environment/path.sh
[23.681s] -- Symlinking: /home/hy/Mobility_Challenge/ros2_ws/install/p3_cpp/share/p3_cpp/environment/path.dsv
[23.699s] -- Symlinking: /home/hy/Mobility_Challenge/ros2_ws/install/p3_cpp/share/p3_cpp/local_setup.bash
[23.717s] -- Symlinking: /home/hy/Mobility_Challenge/ros2_ws/install/p3_cpp/share/p3_cpp/local_setup.sh
[23.735s] -- Symlinking: /home/hy/Mobility_Challenge/ros2_ws/install/p3_cpp/share/p3_cpp/local_setup.zsh
[23.752s] -- Symlinking: /home/hy/Mobility_Challenge/ros2_ws/install/p3_cpp/share/p3_cpp/local_setup.dsv
[23.770s] -- Symlinking: /home/hy/Mobility_Challenge/ros2_ws/install/p3_cpp/share/p3_cpp/package.dsv
[23.787s] -- Symlinking: /home/hy/Mobility_Challenge/ros2_ws/install/p3_cpp/share/ament_index/resource_index/packages/p3_cpp
[23.805s] -- Symlinking: /home/hy/Mobility_Challenge/ros2_ws/install/p3_cpp/share/p3_cpp/cmake/p3_cppConfig.cmake
[23.822s] -- Symlinking: /home/hy/Mobility_Challenge/ros2_ws/install/p3_cpp/share/p3_cpp/cmake/p3_cppConfig-version.cmake
[23.840s] -- Symlinking: /home/hy/Mobility_Challenge/ros2_ws/install/p3_cpp/share/p3_cpp/package.xml
[23.864s] Invoked command in '/home/hy/Mobility_Challenge/ros2_ws/build/p3_cpp' returned '0': CMAKE_PREFIX_PATH=/opt/ros/foxy /usr/bin/cmake --install /home/hy/Mobility_Challenge/ros2_ws/build/p3_cpp
