[1.161s] Invoking command in '/home/hy/Mobility_Challenge/ros2_ws/src/cav_controller': PYTHONPATH=/home/hy/Mobility_Challenge/ros2_ws/build/cav_controller/prefix_override:/usr/lib/python3/dist-packages/colcon_core/task/python/colcon_distutils_commands:/home/hy/Mobility_Challenge/ros2_ws/install/cav_controller/lib/python3.8/site-packages:${PYTHONPATH} /usr/bin/python3 -W ignore:setup.py install is deprecated -W ignore:easy_install command is deprecated setup.py egg_info --egg-base ../../build/cav_controller build --build-base /home/hy/Mobility_Challenge/ros2_ws/build/cav_controller/build install --record /home/hy/Mobility_Challenge/ros2_ws/build/cav_controller/install.log --install-scripts $base/lib/cav_controller --single-version-externally-managed install_data
[1.590s] running egg_info
[1.591s] creating ../../build/cav_controller/cav_controller.egg-info
[1.591s] writing ../../build/cav_controller/cav_controller.egg-info/PKG-INFO
[1.592s] writing dependency_links to ../../build/cav_controller/cav_controller.egg-info/dependency_links.txt
[1.592s] writing entry points to ../../build/cav_controller/cav_controller.egg-info/entry_points.txt
[1.592s] writing requirements to ../../build/cav_controller/cav_controller.egg-info/requires.txt
[1.592s] writing top-level names to ../../build/cav_controller/cav_controller.egg-info/top_level.txt
[1.596s] writing manifest file '../../build/cav_controller/cav_controller.egg-info/SOURCES.txt'
[1.665s] reading manifest file '../../build/cav_controller/cav_controller.egg-info/SOURCES.txt'
[1.667s] writing manifest file '../../build/cav_controller/cav_controller.egg-info/SOURCES.txt'
[1.667s] running build
[1.667s] running build_py
[1.668s] creating /home/hy/Mobility_Challenge/ros2_ws/build/cav_controller/build
[1.668s] creating /home/hy/Mobility_Challenge/ros2_ws/build/cav_controller/build/lib
[1.668s] creating /home/hy/Mobility_Challenge/ros2_ws/build/cav_controller/build/lib/cav_controller
[1.668s] copying cav_controller/drive_test.py -> /home/hy/Mobility_Challenge/ros2_ws/build/cav_controller/build/lib/cav_controller
[1.668s] copying cav_controller/echo_pose.py -> /home/hy/Mobility_Challenge/ros2_ws/build/cav_controller/build/lib/cav_controller
[1.668s] copying cav_controller/p1.py -> /home/hy/Mobility_Challenge/ros2_ws/build/cav_controller/build/lib/cav_controller
[1.669s] copying cav_controller/__init__.py -> /home/hy/Mobility_Challenge/ros2_ws/build/cav_controller/build/lib/cav_controller
[1.669s] running install
[1.671s] running install_lib
[1.673s] creating /home/hy/Mobility_Challenge/ros2_ws/install/cav_controller/lib/python3.8/site-packages/cav_controller
[1.673s] copying /home/hy/Mobility_Challenge/ros2_ws/build/cav_controller/build/lib/cav_controller/drive_test.py -> /home/hy/Mobility_Challenge/ros2_ws/install/cav_controller/lib/python3.8/site-packages/cav_controller
[1.673s] copying /home/hy/Mobility_Challenge/ros2_ws/build/cav_controller/build/lib/cav_controller/echo_pose.py -> /home/hy/Mobility_Challenge/ros2_ws/install/cav_controller/lib/python3.8/site-packages/cav_controller
[1.674s] copying /home/hy/Mobility_Challenge/ros2_ws/build/cav_controller/build/lib/cav_controller/p1.py -> /home/hy/Mobility_Challenge/ros2_ws/install/cav_controller/lib/python3.8/site-packages/cav_controller
[1.674s] copying /home/hy/Mobility_Challenge/ros2_ws/build/cav_controller/build/lib/cav_controller/__init__.py -> /home/hy/Mobility_Challenge/ros2_ws/install/cav_controller/lib/python3.8/site-packages/cav_controller
[1.675s] byte-compiling /home/hy/Mobility_Challenge/ros2_ws/install/cav_controller/lib/python3.8/site-packages/cav_controller/drive_test.py to drive_test.cpython-38.pyc
[1.678s] byte-compiling /home/hy/Mobility_Challenge/ros2_ws/install/cav_controller/lib/python3.8/site-packages/cav_controller/echo_pose.py to echo_pose.cpython-38.pyc
[1.679s] byte-compiling /home/hy/Mobility_Challenge/ros2_ws/install/cav_controller/lib/python3.8/site-packages/cav_controller/p1.py to p1.cpython-38.pyc
[1.682s] byte-compiling /home/hy/Mobility_Challenge/ros2_ws/install/cav_controller/lib/python3.8/site-packages/cav_controller/__init__.py to __init__.cpython-38.pyc
[1.682s] running install_data
[1.682s] creating /home/hy/Mobility_Challenge/ros2_ws/install/cav_controller/share/ament_index
[1.682s] creating /home/hy/Mobility_Challenge/ros2_ws/install/cav_controller/share/ament_index/resource_index
[1.683s] creating /home/hy/Mobility_Challenge/ros2_ws/install/cav_controller/share/ament_index/resource_index/packages
[1.683s] copying resource/cav_controller -> /home/hy/Mobility_Challenge/ros2_ws/install/cav_controller/share/ament_index/resource_index/packages
[1.683s] copying package.xml -> /home/hy/Mobility_Challenge/ros2_ws/install/cav_controller/share/cav_controller
[1.683s] running install_egg_info
[1.687s] Copying ../../build/cav_controller/cav_controller.egg-info to /home/hy/Mobility_Challenge/ros2_ws/install/cav_controller/lib/python3.8/site-packages/cav_controller-0.0.0-py3.8.egg-info
[1.689s] running install_scripts
[1.726s] Installing echo_pose script to /home/hy/Mobility_Challenge/ros2_ws/install/cav_controller/lib/cav_controller
[1.726s] Installing p1_drive script to /home/hy/Mobility_Challenge/ros2_ws/install/cav_controller/lib/cav_controller
[1.726s] Installing run_drive script to /home/hy/Mobility_Challenge/ros2_ws/install/cav_controller/lib/cav_controller
[1.727s] writing list of installed files to '/home/hy/Mobility_Challenge/ros2_ws/build/cav_controller/install.log'
[1.788s] Invoked command in '/home/hy/Mobility_Challenge/ros2_ws/src/cav_controller' returned '0': PYTHONPATH=/home/hy/Mobility_Challenge/ros2_ws/build/cav_controller/prefix_override:/usr/lib/python3/dist-packages/colcon_core/task/python/colcon_distutils_commands:/home/hy/Mobility_Challenge/ros2_ws/install/cav_controller/lib/python3.8/site-packages:${PYTHONPATH} /usr/bin/python3 -W ignore:setup.py install is deprecated -W ignore:easy_install command is deprecated setup.py egg_info --egg-base ../../build/cav_controller build --build-base /home/hy/Mobility_Challenge/ros2_ws/build/cav_controller/build install --record /home/hy/Mobility_Challenge/ros2_ws/build/cav_controller/install.log --install-scripts $base/lib/cav_controller --single-version-externally-managed install_data
