[0.023s] Invoking command in '/home/hy/Mobility_Challenge/sdk/KAIST_Mobility_Challenge_SDK/examples/Driver_ROS2/build/kmc_hardware_driver_node': CMAKE_PREFIX_PATH=/opt/ros/foxy /usr/bin/cmake /home/hy/Mobility_Challenge/sdk/KAIST_Mobility_Challenge_SDK/examples/Driver_ROS2 -DAMENT_CMAKE_SYMLINK_INSTALL=1 -DCMAKE_INSTALL_PREFIX=/home/hy/Mobility_Challenge/sdk/KAIST_Mobility_Challenge_SDK/examples/Driver_ROS2/install/kmc_hardware_driver_node
[0.237s] -- The C compiler identification is GNU 9.4.0
[0.398s] -- The CXX compiler identification is GNU 9.4.0
[0.412s] -- Check for working C compiler: /usr/bin/cc
[0.548s] -- Check for working C compiler: /usr/bin/cc -- works
[0.551s] -- Detecting C compiler ABI info
[0.687s] -- Detecting C compiler ABI info - done
[0.721s] -- Detecting C compile features
[0.721s] -- Detecting C compile features - done
[0.729s] -- Check for working CXX compiler: /usr/bin/c++
[0.875s] -- Check for working CXX compiler: /usr/bin/c++ -- works
[0.878s] -- Detecting CXX compiler ABI info
[1.031s] -- Detecting CXX compiler ABI info - done
[1.062s] -- Detecting CXX compile features
[1.063s] -- Detecting CXX compile features - done
[1.071s] -- Found ament_cmake: 0.9.12 (/opt/ros/foxy/share/ament_cmake/cmake)
[1.120s] -- Found PythonInterp: /usr/bin/python3 (found suitable version "3.8.10", minimum required is "3") 
[1.120s] -- Using PYTHON_EXECUTABLE: /usr/bin/python3
[1.473s] -- Override CMake install command with custom implementation using symlinks instead of copying resources
[1.523s] -- Found rclcpp: 2.4.3 (/opt/ros/foxy/share/rclcpp/cmake)
[1.611s] -- Using all available rosidl_typesupport_c: rosidl_typesupport_fastrtps_c;rosidl_typesupport_introspection_c
[1.623s] -- Found rosidl_adapter: 1.3.1 (/opt/ros/foxy/share/rosidl_adapter/cmake)
[1.750s] -- Found OpenSSL: /usr/lib/aarch64-linux-gnu/libcrypto.so (found version "1.1.1f")  
[1.793s] -- Found FastRTPS: /opt/ros/foxy/include  
[1.930s] -- Using all available rosidl_typesupport_cpp: rosidl_typesupport_fastrtps_cpp;rosidl_typesupport_introspection_cpp
[2.045s] -- Found rmw_implementation_cmake: 1.0.4 (/opt/ros/foxy/share/rmw_implementation_cmake/cmake)
[2.048s] -- Using RMW implementation 'rmw_fastrtps_cpp' as default
[2.051s] -- Looking for pthread.h
[2.193s] -- Looking for pthread.h - found
[2.194s] -- Performing Test CMAKE_HAVE_LIBC_PTHREAD
[2.337s] -- Performing Test CMAKE_HAVE_LIBC_PTHREAD - Failed
[2.337s] -- Looking for pthread_create in pthreads
[2.455s] -- Looking for pthread_create in pthreads - not found
[2.455s] -- Looking for pthread_create in pthread
[2.600s] -- Looking for pthread_create in pthread - found
[2.602s] -- Found Threads: TRUE  
[2.926s] -- Found geometry_msgs: 2.0.5 (/opt/ros/foxy/share/geometry_msgs/cmake)
[3.149s] -- Configuring done
[3.193s] -- Generating done
[3.215s] -- Build files have been written to: /home/hy/Mobility_Challenge/sdk/KAIST_Mobility_Challenge_SDK/examples/Driver_ROS2/build/kmc_hardware_driver_node
[3.241s] Invoked command in '/home/hy/Mobility_Challenge/sdk/KAIST_Mobility_Challenge_SDK/examples/Driver_ROS2/build/kmc_hardware_driver_node' returned '0': CMAKE_PREFIX_PATH=/opt/ros/foxy /usr/bin/cmake /home/hy/Mobility_Challenge/sdk/KAIST_Mobility_Challenge_SDK/examples/Driver_ROS2 -DAMENT_CMAKE_SYMLINK_INSTALL=1 -DCMAKE_INSTALL_PREFIX=/home/hy/Mobility_Challenge/sdk/KAIST_Mobility_Challenge_SDK/examples/Driver_ROS2/install/kmc_hardware_driver_node
[3.243s] Invoking command in '/home/hy/Mobility_Challenge/sdk/KAIST_Mobility_Challenge_SDK/examples/Driver_ROS2/build/kmc_hardware_driver_node': CMAKE_PREFIX_PATH=/opt/ros/foxy /usr/bin/cmake --build /home/hy/Mobility_Challenge/sdk/KAIST_Mobility_Challenge_SDK/examples/Driver_ROS2/build/kmc_hardware_driver_node -- -j4 -l4
[3.365s] [35m[1mScanning dependencies of target KMC_HARDWARE_uart[0m
[3.394s] [  8%] [32mBuilding CXX object kmc_hardware_uart_sdk/CMakeFiles/KMC_HARDWARE_uart.dir/src/KMC_serial_port.cpp.o[0m
[3.395s] [ 16%] [32mBuilding CXX object kmc_hardware_uart_sdk/CMakeFiles/KMC_HARDWARE_uart.dir/src/KMC_uart_client.cpp.o[0m
[3.412s] [ 25%] [32mBuilding CXX object kmc_hardware_uart_sdk/CMakeFiles/KMC_HARDWARE_uart.dir/src/KMC_driver.cpp.o[0m
[6.220s] [ 33%] [32m[1mLinking CXX static library libKMC_HARDWARE_uart.a[0m
[6.313s] [ 33%] Built target KMC_HARDWARE_uart
[6.333s] [35m[1mScanning dependencies of target kmc_hardware_driver_observe_node[0m
[6.334s] [35m[1mScanning dependencies of target kmc_hardware_driver_read_allstate_node[0m
[6.334s] [35m[1mScanning dependencies of target kmc_hardware_high_rate_control_node[0m
[6.334s] [35m[1mScanning dependencies of target kmc_hardware_driver_demo_node[0m
[6.468s] [ 58%] [32mBuilding CXX object CMakeFiles/kmc_hardware_driver_observe_node.dir/src/driver_observe_node.cpp.o[0m
[6.468s] [ 58%] [32mBuilding CXX object CMakeFiles/kmc_hardware_high_rate_control_node.dir/src/high_rate_control_node.cpp.o[0m
[6.469s] [ 58%] [32mBuilding CXX object CMakeFiles/kmc_hardware_driver_demo_node.dir/src/driver_demo_node.cpp.o[0m
[6.474s] [ 66%] [32mBuilding CXX object CMakeFiles/kmc_hardware_driver_read_allstate_node.dir/src/driver_read_allstate_node.cpp.o[0m
[24.211s] [ 75%] [32m[1mLinking CXX executable kmc_hardware_driver_demo_node[0m
[25.019s] [ 75%] Built target kmc_hardware_driver_demo_node
[25.344s] [ 83%] [32m[1mLinking CXX executable kmc_hardware_driver_read_allstate_node[0m
[25.966s] [ 91%] [32m[1mLinking CXX executable kmc_hardware_driver_observe_node[0m
[26.146s] [ 91%] Built target kmc_hardware_driver_read_allstate_node
[26.250s] [100%] [32m[1mLinking CXX executable kmc_hardware_high_rate_control_node[0m
[26.628s] [100%] Built target kmc_hardware_driver_observe_node
[26.914s] [100%] Built target kmc_hardware_high_rate_control_node
[26.941s] Invoked command in '/home/hy/Mobility_Challenge/sdk/KAIST_Mobility_Challenge_SDK/examples/Driver_ROS2/build/kmc_hardware_driver_node' returned '0': CMAKE_PREFIX_PATH=/opt/ros/foxy /usr/bin/cmake --build /home/hy/Mobility_Challenge/sdk/KAIST_Mobility_Challenge_SDK/examples/Driver_ROS2/build/kmc_hardware_driver_node -- -j4 -l4
[26.971s] Invoking command in '/home/hy/Mobility_Challenge/sdk/KAIST_Mobility_Challenge_SDK/examples/Driver_ROS2/build/kmc_hardware_driver_node': CMAKE_PREFIX_PATH=/opt/ros/foxy /usr/bin/cmake --install /home/hy/Mobility_Challenge/sdk/KAIST_Mobility_Challenge_SDK/examples/Driver_ROS2/build/kmc_hardware_driver_node
[26.989s] -- Install configuration: ""
[26.989s] -- Execute custom install script
[26.991s] -- Symlinking: /home/hy/Mobility_Challenge/sdk/KAIST_Mobility_Challenge_SDK/examples/Driver_ROS2/install/kmc_hardware_driver_node/share/kmc_hardware_driver_node/web/index.html
[27.010s] -- Symlinking: /home/hy/Mobility_Challenge/sdk/KAIST_Mobility_Challenge_SDK/examples/Driver_ROS2/install/kmc_hardware_driver_node/lib/kmc_hardware_driver_node/kmc_hardware_driver_demo_node
[27.028s] -- Symlinking: /home/hy/Mobility_Challenge/sdk/KAIST_Mobility_Challenge_SDK/examples/Driver_ROS2/install/kmc_hardware_driver_node/lib/kmc_hardware_driver_node/kmc_hardware_driver_observe_node
[27.045s] -- Symlinking: /home/hy/Mobility_Challenge/sdk/KAIST_Mobility_Challenge_SDK/examples/Driver_ROS2/install/kmc_hardware_driver_node/lib/kmc_hardware_driver_node/kmc_hardware_driver_read_allstate_node
[27.063s] -- Symlinking: /home/hy/Mobility_Challenge/sdk/KAIST_Mobility_Challenge_SDK/examples/Driver_ROS2/install/kmc_hardware_driver_node/lib/kmc_hardware_driver_node/kmc_hardware_high_rate_control_node
[27.081s] -- Symlinking: /home/hy/Mobility_Challenge/sdk/KAIST_Mobility_Challenge_SDK/examples/Driver_ROS2/install/kmc_hardware_driver_node/share/ament_index/resource_index/package_run_dependencies/kmc_hardware_driver_node
[27.099s] -- Symlinking: /home/hy/Mobility_Challenge/sdk/KAIST_Mobility_Challenge_SDK/examples/Driver_ROS2/install/kmc_hardware_driver_node/share/ament_index/resource_index/parent_prefix_path/kmc_hardware_driver_node
[27.118s] -- Symlinking: /home/hy/Mobility_Challenge/sdk/KAIST_Mobility_Challenge_SDK/examples/Driver_ROS2/install/kmc_hardware_driver_node/share/kmc_hardware_driver_node/environment/ament_prefix_path.sh
[27.138s] -- Symlinking: /home/hy/Mobility_Challenge/sdk/KAIST_Mobility_Challenge_SDK/examples/Driver_ROS2/install/kmc_hardware_driver_node/share/kmc_hardware_driver_node/environment/ament_prefix_path.dsv
[27.156s] -- Symlinking: /home/hy/Mobility_Challenge/sdk/KAIST_Mobility_Challenge_SDK/examples/Driver_ROS2/install/kmc_hardware_driver_node/share/kmc_hardware_driver_node/environment/path.sh
[27.174s] -- Symlinking: /home/hy/Mobility_Challenge/sdk/KAIST_Mobility_Challenge_SDK/examples/Driver_ROS2/install/kmc_hardware_driver_node/share/kmc_hardware_driver_node/environment/path.dsv
[27.193s] -- Symlinking: /home/hy/Mobility_Challenge/sdk/KAIST_Mobility_Challenge_SDK/examples/Driver_ROS2/install/kmc_hardware_driver_node/share/kmc_hardware_driver_node/local_setup.bash
[27.211s] -- Symlinking: /home/hy/Mobility_Challenge/sdk/KAIST_Mobility_Challenge_SDK/examples/Driver_ROS2/install/kmc_hardware_driver_node/share/kmc_hardware_driver_node/local_setup.sh
[27.229s] -- Symlinking: /home/hy/Mobility_Challenge/sdk/KAIST_Mobility_Challenge_SDK/examples/Driver_ROS2/install/kmc_hardware_driver_node/share/kmc_hardware_driver_node/local_setup.zsh
[27.248s] -- Symlinking: /home/hy/Mobility_Challenge/sdk/KAIST_Mobility_Challenge_SDK/examples/Driver_ROS2/install/kmc_hardware_driver_node/share/kmc_hardware_driver_node/local_setup.dsv
[27.266s] -- Symlinking: /home/hy/Mobility_Challenge/sdk/KAIST_Mobility_Challenge_SDK/examples/Driver_ROS2/install/kmc_hardware_driver_node/share/kmc_hardware_driver_node/package.dsv
[27.284s] -- Symlinking: /home/hy/Mobility_Challenge/sdk/KAIST_Mobility_Challenge_SDK/examples/Driver_ROS2/install/kmc_hardware_driver_node/share/ament_index/resource_index/packages/kmc_hardware_driver_node
[27.303s] -- Symlinking: /home/hy/Mobility_Challenge/sdk/KAIST_Mobility_Challenge_SDK/examples/Driver_ROS2/install/kmc_hardware_driver_node/share/kmc_hardware_driver_node/cmake/kmc_hardware_driver_nodeConfig.cmake
[27.321s] -- Symlinking: /home/hy/Mobility_Challenge/sdk/KAIST_Mobility_Challenge_SDK/examples/Driver_ROS2/install/kmc_hardware_driver_node/share/kmc_hardware_driver_node/cmake/kmc_hardware_driver_nodeConfig-version.cmake
[27.339s] -- Symlinking: /home/hy/Mobility_Challenge/sdk/KAIST_Mobility_Challenge_SDK/examples/Driver_ROS2/install/kmc_hardware_driver_node/share/kmc_hardware_driver_node/package.xml
[27.357s] -- Installing: /home/hy/Mobility_Challenge/sdk/KAIST_Mobility_Challenge_SDK/examples/Driver_ROS2/install/kmc_hardware_driver_node/lib/kmc_hardware_driver_node/kmc_web_joystick_node
[27.364s] Invoked command in '/home/hy/Mobility_Challenge/sdk/KAIST_Mobility_Challenge_SDK/examples/Driver_ROS2/build/kmc_hardware_driver_node' returned '0': CMAKE_PREFIX_PATH=/opt/ros/foxy /usr/bin/cmake --install /home/hy/Mobility_Challenge/sdk/KAIST_Mobility_Challenge_SDK/examples/Driver_ROS2/build/kmc_hardware_driver_node
