[0.523s] Invoking command in '/home/cav-06/KAIST_Mobility_Challenge_Hardware/ros2_ws/src/build/simulator_launch': CMAKE_PREFIX_PATH=${CMAKE_PREFIX_PATH}:/home/cav-06/KAIST_Mobility_Challenge_hy-drive/ros2_ws/install/cav_controller:/opt/ros/foxy /usr/bin/cmake /home/cav-06/KAIST_Mobility_Challenge_Hardware/ros2_ws/src/simulator_launch -DAMENT_CMAKE_SYMLINK_INSTALL=1 -DCMAKE_INSTALL_PREFIX=/home/cav-06/KAIST_Mobility_Challenge_Hardware/ros2_ws/src/install/simulator_launch
[0.661s] -- The C compiler identification is GNU 9.4.0
[0.807s] -- The CXX compiler identification is GNU 9.4.0
[0.818s] -- Check for working C compiler: /usr/bin/cc
[1.003s] -- Check for working C compiler: /usr/bin/cc -- works
[1.008s] -- Detecting C compiler ABI info
[1.165s] -- Detecting C compiler ABI info - done
[1.186s] -- Detecting C compile features
[1.186s] -- Detecting C compile features - done
[1.194s] -- Check for working CXX compiler: /usr/bin/c++
[1.392s] -- Check for working CXX compiler: /usr/bin/c++ -- works
[1.394s] -- Detecting CXX compiler ABI info
[1.579s] -- Detecting CXX compiler ABI info - done
[1.605s] -- Detecting CXX compile features
[1.607s] -- Detecting CXX compile features - done
[1.615s] -- Found ament_cmake: 0.9.12 (/opt/ros/foxy/share/ament_cmake/cmake)
[1.671s] -- Found PythonInterp: /usr/bin/python3 (found suitable version "3.8.10", minimum required is "3") 
[1.671s] -- Using PYTHON_EXECUTABLE: /usr/bin/python3
[2.149s] -- Override CMake install command with custom implementation using symlinks instead of copying resources
[2.367s] -- Configuring done
[2.387s] -- Generating done
[2.391s] -- Build files have been written to: /home/cav-06/KAIST_Mobility_Challenge_Hardware/ros2_ws/src/build/simulator_launch
[2.407s] Invoked command in '/home/cav-06/KAIST_Mobility_Challenge_Hardware/ros2_ws/src/build/simulator_launch' returned '0': CMAKE_PREFIX_PATH=${CMAKE_PREFIX_PATH}:/home/cav-06/KAIST_Mobility_Challenge_hy-drive/ros2_ws/install/cav_controller:/opt/ros/foxy /usr/bin/cmake /home/cav-06/KAIST_Mobility_Challenge_Hardware/ros2_ws/src/simulator_launch -DAMENT_CMAKE_SYMLINK_INSTALL=1 -DCMAKE_INSTALL_PREFIX=/home/cav-06/KAIST_Mobility_Challenge_Hardware/ros2_ws/src/install/simulator_launch
[2.410s] Invoking command in '/home/cav-06/KAIST_Mobility_Challenge_Hardware/ros2_ws/src/build/simulator_launch': CMAKE_PREFIX_PATH=${CMAKE_PREFIX_PATH}:/home/cav-06/KAIST_Mobility_Challenge_hy-drive/ros2_ws/install/cav_controller:/opt/ros/foxy /usr/bin/cmake --build /home/cav-06/KAIST_Mobility_Challenge_Hardware/ros2_ws/src/build/simulator_launch -- -j4 -l4
[2.508s] Invoked command in '/home/cav-06/KAIST_Mobility_Challenge_Hardware/ros2_ws/src/build/simulator_launch' returned '0': CMAKE_PREFIX_PATH=${CMAKE_PREFIX_PATH}:/home/cav-06/KAIST_Mobility_Challenge_hy-drive/ros2_ws/install/cav_controller:/opt/ros/foxy /usr/bin/cmake --build /home/cav-06/KAIST_Mobility_Challenge_Hardware/ros2_ws/src/build/simulator_launch -- -j4 -l4
[2.546s] Invoking command in '/home/cav-06/KAIST_Mobility_Challenge_Hardware/ros2_ws/src/build/simulator_launch': CMAKE_PREFIX_PATH=${CMAKE_PREFIX_PATH}:/home/cav-06/KAIST_Mobility_Challenge_hy-drive/ros2_ws/install/cav_controller:/opt/ros/foxy /usr/bin/cmake --install /home/cav-06/KAIST_Mobility_Challenge_Hardware/ros2_ws/src/build/simulator_launch
[2.572s] -- Install configuration: ""
[2.574s] -- Execute custom install script
[2.575s] -- Symlinking: /home/cav-06/KAIST_Mobility_Challenge_Hardware/ros2_ws/src/install/simulator_launch/share/simulator_launch/launch/simulator_launch.py
[2.596s] -- Symlinking: /home/cav-06/KAIST_Mobility_Challenge_Hardware/ros2_ws/src/install/simulator_launch/share/ament_index/resource_index/package_run_dependencies/simulator_launch
[2.617s] -- Symlinking: /home/cav-06/KAIST_Mobility_Challenge_Hardware/ros2_ws/src/install/simulator_launch/share/ament_index/resource_index/parent_prefix_path/simulator_launch
[2.638s] -- Symlinking: /home/cav-06/KAIST_Mobility_Challenge_Hardware/ros2_ws/src/install/simulator_launch/share/simulator_launch/environment/ament_prefix_path.sh
[2.659s] -- Symlinking: /home/cav-06/KAIST_Mobility_Challenge_Hardware/ros2_ws/src/install/simulator_launch/share/simulator_launch/environment/ament_prefix_path.dsv
[2.680s] -- Symlinking: /home/cav-06/KAIST_Mobility_Challenge_Hardware/ros2_ws/src/install/simulator_launch/share/simulator_launch/environment/path.sh
[2.703s] -- Symlinking: /home/cav-06/KAIST_Mobility_Challenge_Hardware/ros2_ws/src/install/simulator_launch/share/simulator_launch/environment/path.dsv
[2.724s] -- Symlinking: /home/cav-06/KAIST_Mobility_Challenge_Hardware/ros2_ws/src/install/simulator_launch/share/simulator_launch/local_setup.bash
[2.748s] -- Symlinking: /home/cav-06/KAIST_Mobility_Challenge_Hardware/ros2_ws/src/install/simulator_launch/share/simulator_launch/local_setup.sh
[2.771s] -- Symlinking: /home/cav-06/KAIST_Mobility_Challenge_Hardware/ros2_ws/src/install/simulator_launch/share/simulator_launch/local_setup.zsh
[2.792s] -- Symlinking: /home/cav-06/KAIST_Mobility_Challenge_Hardware/ros2_ws/src/install/simulator_launch/share/simulator_launch/local_setup.dsv
[2.814s] -- Symlinking: /home/cav-06/KAIST_Mobility_Challenge_Hardware/ros2_ws/src/install/simulator_launch/share/simulator_launch/package.dsv
[2.834s] -- Symlinking: /home/cav-06/KAIST_Mobility_Challenge_Hardware/ros2_ws/src/install/simulator_launch/share/ament_index/resource_index/packages/simulator_launch
[2.857s] -- Symlinking: /home/cav-06/KAIST_Mobility_Challenge_Hardware/ros2_ws/src/install/simulator_launch/share/simulator_launch/cmake/simulator_launchConfig.cmake
[2.876s] -- Symlinking: /home/cav-06/KAIST_Mobility_Challenge_Hardware/ros2_ws/src/install/simulator_launch/share/simulator_launch/cmake/simulator_launchConfig-version.cmake
[2.897s] -- Symlinking: /home/cav-06/KAIST_Mobility_Challenge_Hardware/ros2_ws/src/install/simulator_launch/share/simulator_launch/package.xml
[2.923s] Invoked command in '/home/cav-06/KAIST_Mobility_Challenge_Hardware/ros2_ws/src/build/simulator_launch' returned '0': CMAKE_PREFIX_PATH=${CMAKE_PREFIX_PATH}:/home/cav-06/KAIST_Mobility_Challenge_hy-drive/ros2_ws/install/cav_controller:/opt/ros/foxy /usr/bin/cmake --install /home/cav-06/KAIST_Mobility_Challenge_Hardware/ros2_ws/src/build/simulator_launch
