[0.559s] Invoking command in '/home/cav-06/KAIST_Mobility_Challenge_Hardware/build/p3_cpp': CMAKE_PREFIX_PATH=${CMAKE_PREFIX_PATH}:/home/cav-06/KAIST_Mobility_Challenge_Hardware/install/cav_controller:/opt/ros/foxy /usr/bin/cmake /home/cav-06/KAIST_Mobility_Challenge_Hardware/ros2_ws/src/p3_cpp -DAMENT_CMAKE_SYMLINK_INSTALL=1 -DCMAKE_INSTALL_PREFIX=/home/cav-06/KAIST_Mobility_Challenge_Hardware/install/p3_cpp
[0.911s] -- The C compiler identification is GNU 9.4.0
[1.051s] -- The CXX compiler identification is GNU 9.4.0
[1.063s] -- Check for working C compiler: /usr/bin/cc
[1.326s] -- Check for working C compiler: /usr/bin/cc -- works
[1.329s] -- Detecting C compiler ABI info
[1.525s] -- Detecting C compiler ABI info - done
[1.548s] -- Detecting C compile features
[1.553s] -- Detecting C compile features - done
[1.553s] -- Check for working CXX compiler: /usr/bin/c++
[1.825s] -- Check for working CXX compiler: /usr/bin/c++ -- works
[1.829s] -- Detecting CXX compiler ABI info
[2.114s] -- Detecting CXX compiler ABI info - done
[2.151s] -- Detecting CXX compile features
[2.152s] -- Detecting CXX compile features - done
[2.166s] -- Found ament_cmake: 0.9.12 (/opt/ros/foxy/share/ament_cmake/cmake)
[2.283s] -- Found PythonInterp: /usr/bin/python3 (found suitable version "3.8.10", minimum required is "3") 
[2.284s] -- Using PYTHON_EXECUTABLE: /usr/bin/python3
[3.009s] -- Override CMake install command with custom implementation using symlinks instead of copying resources
[3.076s] -- Found rclcpp: 2.4.3 (/opt/ros/foxy/share/rclcpp/cmake)
[3.215s] -- Using all available rosidl_typesupport_c: rosidl_typesupport_fastrtps_c;rosidl_typesupport_introspection_c
[3.234s] -- Found rosidl_adapter: 1.3.1 (/opt/ros/foxy/share/rosidl_adapter/cmake)
[3.500s] -- Found OpenSSL: /usr/lib/aarch64-linux-gnu/libcrypto.so (found version "1.1.1f")  
[3.607s] -- Found FastRTPS: /opt/ros/foxy/include  
[3.901s] -- Using all available rosidl_typesupport_cpp: rosidl_typesupport_fastrtps_cpp;rosidl_typesupport_introspection_cpp
[4.078s] -- Found rmw_implementation_cmake: 1.0.4 (/opt/ros/foxy/share/rmw_implementation_cmake/cmake)
[4.085s] -- Using RMW implementation 'rmw_fastrtps_cpp' as default
[4.088s] -- Looking for pthread.h
[4.374s] -- Looking for pthread.h - found
[4.375s] -- Performing Test CMAKE_HAVE_LIBC_PTHREAD
[4.620s] -- Performing Test CMAKE_HAVE_LIBC_PTHREAD - Failed
[4.620s] -- Looking for pthread_create in pthreads
[4.900s] -- Looking for pthread_create in pthreads - not found
[4.901s] -- Looking for pthread_create in pthread
[5.165s] -- Looking for pthread_create in pthread - found
[5.167s] -- Found Threads: TRUE  
[5.571s] -- Found geometry_msgs: 2.0.5 (/opt/ros/foxy/share/geometry_msgs/cmake)
[5.664s] -- Found ament_lint_auto: 0.9.8 (/opt/ros/foxy/share/ament_lint_auto/cmake)
[5.924s] -- Added test 'copyright' to check source files copyright and LICENSE
[5.934s] -- Added test 'cppcheck' to perform static code analysis on C / C++ code
[5.935s] -- Configured cppcheck include dirs: 
[5.935s] -- Configured cppcheck exclude dirs and/or files: 
[5.946s] -- Added test 'cpplint' to check C / C++ code against the Google style
[5.947s] -- Configured cpplint exclude dirs and/or files: 
[5.950s] -- Added test 'flake8' to check Python code syntax and style conventions
[5.954s] -- Added test 'lint_cmake' to check CMake code style
[5.957s] -- Added test 'pep257' to check Python code against some of the style conventions in PEP 257
[5.967s] -- Added test 'uncrustify' to check C / C++ code style
[5.967s] -- Configured uncrustify additional arguments: 
[5.971s] -- Added test 'xmllint' to check XML markup files
[5.981s] -- Configuring done
[6.030s] -- Generating done
[6.051s] -- Build files have been written to: /home/cav-06/KAIST_Mobility_Challenge_Hardware/build/p3_cpp
[6.113s] Invoked command in '/home/cav-06/KAIST_Mobility_Challenge_Hardware/build/p3_cpp' returned '0': CMAKE_PREFIX_PATH=${CMAKE_PREFIX_PATH}:/home/cav-06/KAIST_Mobility_Challenge_Hardware/install/cav_controller:/opt/ros/foxy /usr/bin/cmake /home/cav-06/KAIST_Mobility_Challenge_Hardware/ros2_ws/src/p3_cpp -DAMENT_CMAKE_SYMLINK_INSTALL=1 -DCMAKE_INSTALL_PREFIX=/home/cav-06/KAIST_Mobility_Challenge_Hardware/install/p3_cpp
[6.114s] Invoking command in '/home/cav-06/KAIST_Mobility_Challenge_Hardware/build/p3_cpp': CMAKE_PREFIX_PATH=${CMAKE_PREFIX_PATH}:/home/cav-06/KAIST_Mobility_Challenge_Hardware/install/cav_controller:/opt/ros/foxy /usr/bin/cmake --build /home/cav-06/KAIST_Mobility_Challenge_Hardware/build/p3_cpp -- -j4 -l4
[6.240s] [35m[1mScanning dependencies of target control_p3[0m
[6.349s] [35m[1mScanning dependencies of target main_p3[0m
[6.374s] [ 25%] [32mBuilding CXX object CMakeFiles/control_p3.dir/src/control_p3.cpp.o[0m
[6.551s] [ 50%] [32mBuilding CXX object CMakeFiles/main_p3.dir/src/main_p3.cpp.o[0m
[15.548s] [01m[K/home/cav-06/KAIST_Mobility_Challenge_Hardware/ros2_ws/src/p3_cpp/src/main_p3.cpp:[m[K In lambda function:
[15.548s] [01m[K/home/cav-06/KAIST_Mobility_Challenge_Hardware/ros2_ws/src/p3_cpp/src/main_p3.cpp:225:55:[m[K [01;35m[Kwarning: [m[Kcomparison of integer expressions of different signedness: ‘[01m[Kstd::deque<double>::size_type[m[K’ {aka ‘[01m[Klong unsigned int[m[K’} and ‘[01m[Kconst int[m[K’ [[01;35m[K-Wsign-compare[m[K]
[15.549s]   225 |                             if ([01;35m[Khv_vel_buffer_.size() > vel_buffer_size_[m[K) {
[15.549s]       |                                 [01;35m[K~~~~~~~~~~~~~~~~~~~~~~^~~~~~~~~~~~~~~~~~[m[K
[15.644s] [01m[K/home/cav-06/KAIST_Mobility_Challenge_Hardware/ros2_ws/src/p3_cpp/src/main_p3.cpp:[m[K In member function ‘[01m[Kvoid MainTrafficController::process_roundabout_path_decision(Vehicle&, const string&, const string&)[m[K’:
[15.644s] [01m[K/home/cav-06/KAIST_Mobility_Challenge_Hardware/ros2_ws/src/p3_cpp/src/main_p3.cpp:451:79:[m[K [01;35m[Kwarning: [m[Kunused parameter ‘[01m[Kzone[m[K’ [[01;35m[K-Wunused-parameter[m[K]
[15.645s]   451 |     void process_roundabout_path_decision(Vehicle& my_cav, [01;35m[Kconst std::string& zone[m[K, const std::string& my_id) {
[15.645s]       |                                                            [01;35m[K~~~~~~~~~~~~~~~~~~~^~~~[m[K
[15.645s] [01m[K/home/cav-06/KAIST_Mobility_Challenge_Hardware/ros2_ws/src/p3_cpp/src/main_p3.cpp:451:104:[m[K [01;35m[Kwarning: [m[Kunused parameter ‘[01m[Kmy_id[m[K’ [[01;35m[K-Wunused-parameter[m[K]
[15.646s]   451 | ess_roundabout_path_decision(Vehicle& my_cav, const std::string& zone, [01;35m[Kconst std::string& my_id[m[K) {
[15.647s]       |                                                                        [01;35m[K~~~~~~~~~~~~~~~~~~~^~~~~[m[K
[15.647s] 
[36.079s] [ 75%] [32m[1mLinking CXX executable main_p3[0m
[37.256s] [ 75%] Built target main_p3
[43.116s] [100%] [32m[1mLinking CXX executable control_p3[0m
[44.024s] [100%] Built target control_p3
[44.051s] Invoked command in '/home/cav-06/KAIST_Mobility_Challenge_Hardware/build/p3_cpp' returned '0': CMAKE_PREFIX_PATH=${CMAKE_PREFIX_PATH}:/home/cav-06/KAIST_Mobility_Challenge_Hardware/install/cav_controller:/opt/ros/foxy /usr/bin/cmake --build /home/cav-06/KAIST_Mobility_Challenge_Hardware/build/p3_cpp -- -j4 -l4
[44.058s] Invoking command in '/home/cav-06/KAIST_Mobility_Challenge_Hardware/build/p3_cpp': CMAKE_PREFIX_PATH=${CMAKE_PREFIX_PATH}:/home/cav-06/KAIST_Mobility_Challenge_Hardware/install/cav_controller:/opt/ros/foxy /usr/bin/cmake --install /home/cav-06/KAIST_Mobility_Challenge_Hardware/build/p3_cpp
[44.079s] -- Install configuration: ""
[44.080s] -- Execute custom install script
[44.081s] -- Symlinking: /home/cav-06/KAIST_Mobility_Challenge_Hardware/install/p3_cpp/lib/p3_cpp/control_p3
[44.102s] -- Symlinking: /home/cav-06/KAIST_Mobility_Challenge_Hardware/install/p3_cpp/lib/p3_cpp/main_p3
[44.122s] -- Symlinking: /home/cav-06/KAIST_Mobility_Challenge_Hardware/install/p3_cpp/share/p3_cpp/launch/cav_launch.py
[44.143s] -- Symlinking: /home/cav-06/KAIST_Mobility_Challenge_Hardware/install/p3_cpp/share/p3_cpp/launch/server_launch.py
[44.165s] -- Symlinking: /home/cav-06/KAIST_Mobility_Challenge_Hardware/install/p3_cpp/share/p3_cpp/tool/Readme.md
[44.184s] -- Symlinking: /home/cav-06/KAIST_Mobility_Challenge_Hardware/install/p3_cpp/share/p3_cpp/tool/cav01p3.csv
[44.206s] -- Symlinking: /home/cav-06/KAIST_Mobility_Challenge_Hardware/install/p3_cpp/share/p3_cpp/tool/cav01p3_inside.csv
[44.226s] -- Symlinking: /home/cav-06/KAIST_Mobility_Challenge_Hardware/install/p3_cpp/share/p3_cpp/tool/cav04p3.csv
[44.245s] -- Symlinking: /home/cav-06/KAIST_Mobility_Challenge_Hardware/install/p3_cpp/share/p3_cpp/tool/cav04p3_inside.csv
[44.264s] -- Symlinking: /home/cav-06/KAIST_Mobility_Challenge_Hardware/install/p3_cpp/share/p3_cpp/tool/cav06p3.csv
[44.285s] -- Symlinking: /home/cav-06/KAIST_Mobility_Challenge_Hardware/install/p3_cpp/share/p3_cpp/tool/cav06p3_inside.csv
[44.305s] -- Symlinking: /home/cav-06/KAIST_Mobility_Challenge_Hardware/install/p3_cpp/share/p3_cpp/tool/cav07p3.csv
[44.325s] -- Symlinking: /home/cav-06/KAIST_Mobility_Challenge_Hardware/install/p3_cpp/share/p3_cpp/tool/cav07p3_inside.csv
[44.345s] -- Symlinking: /home/cav-06/KAIST_Mobility_Challenge_Hardware/install/p3_cpp/share/p3_cpp/tool/cav1p1.csv
[44.365s] -- Symlinking: /home/cav-06/KAIST_Mobility_Challenge_Hardware/install/p3_cpp/share/p3_cpp/tool/csv_to_json.py
[44.383s] -- Symlinking: /home/cav-06/KAIST_Mobility_Challenge_Hardware/install/p3_cpp/share/p3_cpp/tool/node_info.png
[44.403s] -- Symlinking: /home/cav-06/KAIST_Mobility_Challenge_Hardware/install/p3_cpp/share/p3_cpp/tool/p1_1.csv
[44.423s] -- Symlinking: /home/cav-06/KAIST_Mobility_Challenge_Hardware/install/p3_cpp/share/p3_cpp/tool/p1_2.csv
[44.442s] -- Symlinking: /home/cav-06/KAIST_Mobility_Challenge_Hardware/install/p3_cpp/share/p3_cpp/tool/path_generator.py
[44.462s] -- Symlinking: /home/cav-06/KAIST_Mobility_Challenge_Hardware/install/p3_cpp/share/p3_cpp/tool/waypoint/10_13.csv
[44.483s] -- Symlinking: /home/cav-06/KAIST_Mobility_Challenge_Hardware/install/p3_cpp/share/p3_cpp/tool/waypoint/11_16.csv
[44.503s] -- Symlinking: /home/cav-06/KAIST_Mobility_Challenge_Hardware/install/p3_cpp/share/p3_cpp/tool/waypoint/12_15.csv
[44.523s] -- Symlinking: /home/cav-06/KAIST_Mobility_Challenge_Hardware/install/p3_cpp/share/p3_cpp/tool/waypoint/13_14.csv
[44.543s] -- Symlinking: /home/cav-06/KAIST_Mobility_Challenge_Hardware/install/p3_cpp/share/p3_cpp/tool/waypoint/14_17.csv
[44.562s] -- Symlinking: /home/cav-06/KAIST_Mobility_Challenge_Hardware/install/p3_cpp/share/p3_cpp/tool/waypoint/15_18.csv
[44.582s] -- Symlinking: /home/cav-06/KAIST_Mobility_Challenge_Hardware/install/p3_cpp/share/p3_cpp/tool/waypoint/15_60.csv
[44.601s] -- Symlinking: /home/cav-06/KAIST_Mobility_Challenge_Hardware/install/p3_cpp/share/p3_cpp/tool/waypoint/16_19.csv
[44.621s] -- Symlinking: /home/cav-06/KAIST_Mobility_Challenge_Hardware/install/p3_cpp/share/p3_cpp/tool/waypoint/16_61.csv
[44.641s] -- Symlinking: /home/cav-06/KAIST_Mobility_Challenge_Hardware/install/p3_cpp/share/p3_cpp/tool/waypoint/17_20.csv
[44.660s] -- Symlinking: /home/cav-06/KAIST_Mobility_Challenge_Hardware/install/p3_cpp/share/p3_cpp/tool/waypoint/18_21.csv
[44.680s] -- Symlinking: /home/cav-06/KAIST_Mobility_Challenge_Hardware/install/p3_cpp/share/p3_cpp/tool/waypoint/19_22.csv
[44.700s] -- Symlinking: /home/cav-06/KAIST_Mobility_Challenge_Hardware/install/p3_cpp/share/p3_cpp/tool/waypoint/1_3.csv
[44.720s] -- Symlinking: /home/cav-06/KAIST_Mobility_Challenge_Hardware/install/p3_cpp/share/p3_cpp/tool/waypoint/20_23.csv
[44.740s] -- Symlinking: /home/cav-06/KAIST_Mobility_Challenge_Hardware/install/p3_cpp/share/p3_cpp/tool/waypoint/21_24.csv
[44.760s] -- Symlinking: /home/cav-06/KAIST_Mobility_Challenge_Hardware/install/p3_cpp/share/p3_cpp/tool/waypoint/21_51.csv
[44.780s] -- Symlinking: /home/cav-06/KAIST_Mobility_Challenge_Hardware/install/p3_cpp/share/p3_cpp/tool/waypoint/22_25.csv
[44.800s] -- Symlinking: /home/cav-06/KAIST_Mobility_Challenge_Hardware/install/p3_cpp/share/p3_cpp/tool/waypoint/22_50.csv
[44.822s] -- Symlinking: /home/cav-06/KAIST_Mobility_Challenge_Hardware/install/p3_cpp/share/p3_cpp/tool/waypoint/23_26.csv
[44.841s] -- Symlinking: /home/cav-06/KAIST_Mobility_Challenge_Hardware/install/p3_cpp/share/p3_cpp/tool/waypoint/24_27.csv
[44.860s] -- Symlinking: /home/cav-06/KAIST_Mobility_Challenge_Hardware/install/p3_cpp/share/p3_cpp/tool/waypoint/24_37.csv
[44.882s] -- Symlinking: /home/cav-06/KAIST_Mobility_Challenge_Hardware/install/p3_cpp/share/p3_cpp/tool/waypoint/25_28.csv
[44.902s] -- Symlinking: /home/cav-06/KAIST_Mobility_Challenge_Hardware/install/p3_cpp/share/p3_cpp/tool/waypoint/25_36.csv
[44.923s] -- Symlinking: /home/cav-06/KAIST_Mobility_Challenge_Hardware/install/p3_cpp/share/p3_cpp/tool/waypoint/26_29.csv
[44.943s] -- Symlinking: /home/cav-06/KAIST_Mobility_Challenge_Hardware/install/p3_cpp/share/p3_cpp/tool/waypoint/27_30.csv
[44.963s] -- Symlinking: /home/cav-06/KAIST_Mobility_Challenge_Hardware/install/p3_cpp/share/p3_cpp/tool/waypoint/27_31.csv
[44.982s] -- Symlinking: /home/cav-06/KAIST_Mobility_Challenge_Hardware/install/p3_cpp/share/p3_cpp/tool/waypoint/28_31.csv
[45.002s] -- Symlinking: /home/cav-06/KAIST_Mobility_Challenge_Hardware/install/p3_cpp/share/p3_cpp/tool/waypoint/28_32.csv
[45.022s] -- Symlinking: /home/cav-06/KAIST_Mobility_Challenge_Hardware/install/p3_cpp/share/p3_cpp/tool/waypoint/29_2.csv
[45.043s] -- Symlinking: /home/cav-06/KAIST_Mobility_Challenge_Hardware/install/p3_cpp/share/p3_cpp/tool/waypoint/2_4.csv
[45.062s] -- Symlinking: /home/cav-06/KAIST_Mobility_Challenge_Hardware/install/p3_cpp/share/p3_cpp/tool/waypoint/30_1.csv
[45.082s] -- Symlinking: /home/cav-06/KAIST_Mobility_Challenge_Hardware/install/p3_cpp/share/p3_cpp/tool/waypoint/31_1.csv
[45.102s] -- Symlinking: /home/cav-06/KAIST_Mobility_Challenge_Hardware/install/p3_cpp/share/p3_cpp/tool/waypoint/32_5.csv
[45.121s] -- Symlinking: /home/cav-06/KAIST_Mobility_Challenge_Hardware/install/p3_cpp/share/p3_cpp/tool/waypoint/33_31.csv
[45.142s] -- Symlinking: /home/cav-06/KAIST_Mobility_Challenge_Hardware/install/p3_cpp/share/p3_cpp/tool/waypoint/34_27.csv
[45.161s] -- Symlinking: /home/cav-06/KAIST_Mobility_Challenge_Hardware/install/p3_cpp/share/p3_cpp/tool/waypoint/35_28.csv
[45.181s] -- Symlinking: /home/cav-06/KAIST_Mobility_Challenge_Hardware/install/p3_cpp/share/p3_cpp/tool/waypoint/36_38.csv
[45.201s] -- Symlinking: /home/cav-06/KAIST_Mobility_Challenge_Hardware/install/p3_cpp/share/p3_cpp/tool/waypoint/37_38.csv
[45.221s] -- Symlinking: /home/cav-06/KAIST_Mobility_Challenge_Hardware/install/p3_cpp/share/p3_cpp/tool/waypoint/37_39.csv
[45.240s] -- Symlinking: /home/cav-06/KAIST_Mobility_Challenge_Hardware/install/p3_cpp/share/p3_cpp/tool/waypoint/38_41.csv
[45.260s] -- Symlinking: /home/cav-06/KAIST_Mobility_Challenge_Hardware/install/p3_cpp/share/p3_cpp/tool/waypoint/38_48.csv
[45.280s] -- Symlinking: /home/cav-06/KAIST_Mobility_Challenge_Hardware/install/p3_cpp/share/p3_cpp/tool/waypoint/38_49.csv
[45.300s] -- Symlinking: /home/cav-06/KAIST_Mobility_Challenge_Hardware/install/p3_cpp/share/p3_cpp/tool/waypoint/39_40.csv
[45.321s] -- Symlinking: /home/cav-06/KAIST_Mobility_Challenge_Hardware/install/p3_cpp/share/p3_cpp/tool/waypoint/39_49.csv
[45.341s] -- Symlinking: /home/cav-06/KAIST_Mobility_Challenge_Hardware/install/p3_cpp/share/p3_cpp/tool/waypoint/3_33.csv
[45.361s] -- Symlinking: /home/cav-06/KAIST_Mobility_Challenge_Hardware/install/p3_cpp/share/p3_cpp/tool/waypoint/3_6.csv
[45.381s] -- Symlinking: /home/cav-06/KAIST_Mobility_Challenge_Hardware/install/p3_cpp/share/p3_cpp/tool/waypoint/3_7.csv
[45.401s] -- Symlinking: /home/cav-06/KAIST_Mobility_Challenge_Hardware/install/p3_cpp/share/p3_cpp/tool/waypoint/40_43.csv
[45.420s] -- Symlinking: /home/cav-06/KAIST_Mobility_Challenge_Hardware/install/p3_cpp/share/p3_cpp/tool/waypoint/40_63.csv
[45.440s] -- Symlinking: /home/cav-06/KAIST_Mobility_Challenge_Hardware/install/p3_cpp/share/p3_cpp/tool/waypoint/41_42.csv
[45.459s] -- Symlinking: /home/cav-06/KAIST_Mobility_Challenge_Hardware/install/p3_cpp/share/p3_cpp/tool/waypoint/41_43.csv
[45.479s] -- Symlinking: /home/cav-06/KAIST_Mobility_Challenge_Hardware/install/p3_cpp/share/p3_cpp/tool/waypoint/41_62.csv
[45.500s] -- Symlinking: /home/cav-06/KAIST_Mobility_Challenge_Hardware/install/p3_cpp/share/p3_cpp/tool/waypoint/42_8.csv
[45.520s] -- Symlinking: /home/cav-06/KAIST_Mobility_Challenge_Hardware/install/p3_cpp/share/p3_cpp/tool/waypoint/43_9.csv
[45.540s] -- Symlinking: /home/cav-06/KAIST_Mobility_Challenge_Hardware/install/p3_cpp/share/p3_cpp/tool/waypoint/44_63.csv
[45.559s] -- Symlinking: /home/cav-06/KAIST_Mobility_Challenge_Hardware/install/p3_cpp/share/p3_cpp/tool/waypoint/45_62.csv
[45.579s] -- Symlinking: /home/cav-06/KAIST_Mobility_Challenge_Hardware/install/p3_cpp/share/p3_cpp/tool/waypoint/46_40.csv
[45.599s] -- Symlinking: /home/cav-06/KAIST_Mobility_Challenge_Hardware/install/p3_cpp/share/p3_cpp/tool/waypoint/46_41.csv
[45.620s] -- Symlinking: /home/cav-06/KAIST_Mobility_Challenge_Hardware/install/p3_cpp/share/p3_cpp/tool/waypoint/47_41.csv
[45.640s] -- Symlinking: /home/cav-06/KAIST_Mobility_Challenge_Hardware/install/p3_cpp/share/p3_cpp/tool/waypoint/48_53.csv
[45.660s] -- Symlinking: /home/cav-06/KAIST_Mobility_Challenge_Hardware/install/p3_cpp/share/p3_cpp/tool/waypoint/48_58.csv
[45.686s] -- Symlinking: /home/cav-06/KAIST_Mobility_Challenge_Hardware/install/p3_cpp/share/p3_cpp/tool/waypoint/49_55.csv
[45.705s] -- Symlinking: /home/cav-06/KAIST_Mobility_Challenge_Hardware/install/p3_cpp/share/p3_cpp/tool/waypoint/49_59.csv
[45.726s] -- Symlinking: /home/cav-06/KAIST_Mobility_Challenge_Hardware/install/p3_cpp/share/p3_cpp/tool/waypoint/4_7.csv
[45.746s] -- Symlinking: /home/cav-06/KAIST_Mobility_Challenge_Hardware/install/p3_cpp/share/p3_cpp/tool/waypoint/50_48.csv
[45.766s] -- Symlinking: /home/cav-06/KAIST_Mobility_Challenge_Hardware/install/p3_cpp/share/p3_cpp/tool/waypoint/50_54.csv
[45.787s] -- Symlinking: /home/cav-06/KAIST_Mobility_Challenge_Hardware/install/p3_cpp/share/p3_cpp/tool/waypoint/51_46.csv
[45.806s] -- Symlinking: /home/cav-06/KAIST_Mobility_Challenge_Hardware/install/p3_cpp/share/p3_cpp/tool/waypoint/51_55.csv
[45.827s] -- Symlinking: /home/cav-06/KAIST_Mobility_Challenge_Hardware/install/p3_cpp/share/p3_cpp/tool/waypoint/52_24.csv
[45.848s] -- Symlinking: /home/cav-06/KAIST_Mobility_Challenge_Hardware/install/p3_cpp/share/p3_cpp/tool/waypoint/53_25.csv
[45.867s] -- Symlinking: /home/cav-06/KAIST_Mobility_Challenge_Hardware/install/p3_cpp/share/p3_cpp/tool/waypoint/54_11.csv
[45.887s] -- Symlinking: /home/cav-06/KAIST_Mobility_Challenge_Hardware/install/p3_cpp/share/p3_cpp/tool/waypoint/55_12.csv
[45.907s] -- Symlinking: /home/cav-06/KAIST_Mobility_Challenge_Hardware/install/p3_cpp/share/p3_cpp/tool/waypoint/56_52.csv
[45.927s] -- Symlinking: /home/cav-06/KAIST_Mobility_Challenge_Hardware/install/p3_cpp/share/p3_cpp/tool/waypoint/56_59.csv
[45.947s] -- Symlinking: /home/cav-06/KAIST_Mobility_Challenge_Hardware/install/p3_cpp/share/p3_cpp/tool/waypoint/57_47.csv
[45.967s] -- Symlinking: /home/cav-06/KAIST_Mobility_Challenge_Hardware/install/p3_cpp/share/p3_cpp/tool/waypoint/57_53.csv
[45.986s] -- Symlinking: /home/cav-06/KAIST_Mobility_Challenge_Hardware/install/p3_cpp/share/p3_cpp/tool/waypoint/58_19.csv
[46.005s] -- Symlinking: /home/cav-06/KAIST_Mobility_Challenge_Hardware/install/p3_cpp/share/p3_cpp/tool/waypoint/59_18.csv
[46.025s] -- Symlinking: /home/cav-06/KAIST_Mobility_Challenge_Hardware/install/p3_cpp/share/p3_cpp/tool/waypoint/5_45.csv
[46.044s] -- Symlinking: /home/cav-06/KAIST_Mobility_Challenge_Hardware/install/p3_cpp/share/p3_cpp/tool/waypoint/5_8.csv
[46.064s] -- Symlinking: /home/cav-06/KAIST_Mobility_Challenge_Hardware/install/p3_cpp/share/p3_cpp/tool/waypoint/60_46.csv
[46.080s] -- Symlinking: /home/cav-06/KAIST_Mobility_Challenge_Hardware/install/p3_cpp/share/p3_cpp/tool/waypoint/60_52.csv
[46.097s] -- Symlinking: /home/cav-06/KAIST_Mobility_Challenge_Hardware/install/p3_cpp/share/p3_cpp/tool/waypoint/61_47.csv
[46.116s] -- Symlinking: /home/cav-06/KAIST_Mobility_Challenge_Hardware/install/p3_cpp/share/p3_cpp/tool/waypoint/61_54.csv
[46.138s] -- Symlinking: /home/cav-06/KAIST_Mobility_Challenge_Hardware/install/p3_cpp/share/p3_cpp/tool/waypoint/62_35.csv
[46.160s] -- Symlinking: /home/cav-06/KAIST_Mobility_Challenge_Hardware/install/p3_cpp/share/p3_cpp/tool/waypoint/62_38.csv
[46.184s] -- Symlinking: /home/cav-06/KAIST_Mobility_Challenge_Hardware/install/p3_cpp/share/p3_cpp/tool/waypoint/63_34.csv
[46.210s] -- Symlinking: /home/cav-06/KAIST_Mobility_Challenge_Hardware/install/p3_cpp/share/p3_cpp/tool/waypoint/63_39.csv
[46.231s] -- Symlinking: /home/cav-06/KAIST_Mobility_Challenge_Hardware/install/p3_cpp/share/p3_cpp/tool/waypoint/6_44.csv
[46.255s] -- Symlinking: /home/cav-06/KAIST_Mobility_Challenge_Hardware/install/p3_cpp/share/p3_cpp/tool/waypoint/6_9.csv
[46.277s] -- Symlinking: /home/cav-06/KAIST_Mobility_Challenge_Hardware/install/p3_cpp/share/p3_cpp/tool/waypoint/7_10.csv
[46.299s] -- Symlinking: /home/cav-06/KAIST_Mobility_Challenge_Hardware/install/p3_cpp/share/p3_cpp/tool/waypoint/7_9.csv
[46.320s] -- Symlinking: /home/cav-06/KAIST_Mobility_Challenge_Hardware/install/p3_cpp/share/p3_cpp/tool/waypoint/8_11.csv
[46.341s] -- Symlinking: /home/cav-06/KAIST_Mobility_Challenge_Hardware/install/p3_cpp/share/p3_cpp/tool/waypoint/8_57.csv
[46.360s] -- Symlinking: /home/cav-06/KAIST_Mobility_Challenge_Hardware/install/p3_cpp/share/p3_cpp/tool/waypoint/9_12.csv
[46.380s] -- Symlinking: /home/cav-06/KAIST_Mobility_Challenge_Hardware/install/p3_cpp/share/p3_cpp/tool/waypoint/9_56.csv
[46.400s] -- Symlinking: /home/cav-06/KAIST_Mobility_Challenge_Hardware/install/p3_cpp/share/p3_cpp/config/bridge01.yaml
[46.422s] -- Symlinking: /home/cav-06/KAIST_Mobility_Challenge_Hardware/install/p3_cpp/share/p3_cpp/config/bridge04.yaml
[46.442s] -- Symlinking: /home/cav-06/KAIST_Mobility_Challenge_Hardware/install/p3_cpp/share/p3_cpp/config/bridge07.yaml
[46.462s] -- Symlinking: /home/cav-06/KAIST_Mobility_Challenge_Hardware/install/p3_cpp/share/p3_cpp/config/bridge_06.yaml
[46.482s] -- Symlinking: /home/cav-06/KAIST_Mobility_Challenge_Hardware/install/p3_cpp/share/ament_index/resource_index/package_run_dependencies/p3_cpp
[46.503s] -- Symlinking: /home/cav-06/KAIST_Mobility_Challenge_Hardware/install/p3_cpp/share/ament_index/resource_index/parent_prefix_path/p3_cpp
[46.523s] -- Symlinking: /home/cav-06/KAIST_Mobility_Challenge_Hardware/install/p3_cpp/share/p3_cpp/environment/ament_prefix_path.sh
[46.543s] -- Symlinking: /home/cav-06/KAIST_Mobility_Challenge_Hardware/install/p3_cpp/share/p3_cpp/environment/ament_prefix_path.dsv
[46.561s] -- Symlinking: /home/cav-06/KAIST_Mobility_Challenge_Hardware/install/p3_cpp/share/p3_cpp/environment/path.sh
[46.580s] -- Symlinking: /home/cav-06/KAIST_Mobility_Challenge_Hardware/install/p3_cpp/share/p3_cpp/environment/path.dsv
[46.599s] -- Symlinking: /home/cav-06/KAIST_Mobility_Challenge_Hardware/install/p3_cpp/share/p3_cpp/local_setup.bash
[46.619s] -- Symlinking: /home/cav-06/KAIST_Mobility_Challenge_Hardware/install/p3_cpp/share/p3_cpp/local_setup.sh
[46.638s] -- Symlinking: /home/cav-06/KAIST_Mobility_Challenge_Hardware/install/p3_cpp/share/p3_cpp/local_setup.zsh
[46.657s] -- Symlinking: /home/cav-06/KAIST_Mobility_Challenge_Hardware/install/p3_cpp/share/p3_cpp/local_setup.dsv
[46.676s] -- Symlinking: /home/cav-06/KAIST_Mobility_Challenge_Hardware/install/p3_cpp/share/p3_cpp/package.dsv
[46.696s] -- Symlinking: /home/cav-06/KAIST_Mobility_Challenge_Hardware/install/p3_cpp/share/ament_index/resource_index/packages/p3_cpp
[46.718s] -- Symlinking: /home/cav-06/KAIST_Mobility_Challenge_Hardware/install/p3_cpp/share/p3_cpp/cmake/p3_cppConfig.cmake
[46.738s] -- Symlinking: /home/cav-06/KAIST_Mobility_Challenge_Hardware/install/p3_cpp/share/p3_cpp/cmake/p3_cppConfig-version.cmake
[46.757s] -- Symlinking: /home/cav-06/KAIST_Mobility_Challenge_Hardware/install/p3_cpp/share/p3_cpp/package.xml
[46.782s] Invoked command in '/home/cav-06/KAIST_Mobility_Challenge_Hardware/build/p3_cpp' returned '0': CMAKE_PREFIX_PATH=${CMAKE_PREFIX_PATH}:/home/cav-06/KAIST_Mobility_Challenge_Hardware/install/cav_controller:/opt/ros/foxy /usr/bin/cmake --install /home/cav-06/KAIST_Mobility_Challenge_Hardware/build/p3_cpp
