[0.025s] Invoking command in '/home/hy/Mobility_Challenge/ros2_ws/build/p3_cpp': CMAKE_PREFIX_PATH=/home/hy/Mobility_Challenge/ros2_ws/install/domain_bridge:/home/hy/KAIST_Mobility_Challenge_hy-drive/ros2_ws/install/p3_cpp:/home/hy/KAIST_Mobility_Challenge_hy-drive/sdk/KAIST_Mobility_Challenge_SDK/examples/Driver_ROS2/install/kmc_hardware_driver_node:/home/hy/Mobility_Challenge/sdk/KAIST_Mobility_Challenge_SDK/examples/Driver_ROS2/install/kmc_hardware_driver_node:/home/hy/Mobility_Challenge/ros2_ws/install/simulator_launch:/home/hy/Mobility_Challenge/ros2_ws/install/p3_cpp:/home/hy/KAIST_Mobility_Challenge_hy-drive/ros2_ws/install/cav_controller:/home/hy/Mobility_Challenge/ros2_ws/install/cav_controller:/opt/ros/foxy PYTHONPATH=/home/hy/Mobility_Challenge/ros2_ws/install/domain_bridge/lib/python3.8/site-packages:/home/hy/KAIST_Mobility_Challenge_hy-drive/ros2_ws/install/cav_controller/lib/python3.8/site-packages:/home/hy/Mobility_Challenge/ros2_ws/build/cav_controller:/home/hy/Mobility_Challenge/ros2_ws/install/cav_controller/lib/python3.8/site-packages:/opt/ros/foxy/lib/python3.8/site-packages /usr/bin/cmake /home/hy/Mobility_Challenge/ros2_ws/src/p3_cpp -DAMENT_CMAKE_SYMLINK_INSTALL=1 -DCMAKE_INSTALL_PREFIX=/home/hy/Mobility_Challenge/ros2_ws/install/p3_cpp
[0.129s] -- The C compiler identification is GNU 9.4.0
[0.229s] -- The CXX compiler identification is GNU 9.4.0
[0.238s] -- Check for working C compiler: /usr/bin/cc
[0.368s] -- Check for working C compiler: /usr/bin/cc -- works
[0.370s] -- Detecting C compiler ABI info
[0.503s] -- Detecting C compiler ABI info - done
[0.531s] -- Detecting C compile features
[0.532s] -- Detecting C compile features - done
[0.538s] -- Check for working CXX compiler: /usr/bin/c++
[0.685s] -- Check for working CXX compiler: /usr/bin/c++ -- works
[0.688s] -- Detecting CXX compiler ABI info
[0.841s] -- Detecting CXX compiler ABI info - done
[0.871s] -- Detecting CXX compile features
[0.871s] -- Detecting CXX compile features - done
[0.877s] -- Found ament_cmake: 0.9.12 (/opt/ros/foxy/share/ament_cmake/cmake)
[0.938s] -- Found PythonInterp: /usr/bin/python3 (found suitable version "3.8.10", minimum required is "3") 
[0.938s] -- Using PYTHON_EXECUTABLE: /usr/bin/python3
[1.293s] -- Override CMake install command with custom implementation using symlinks instead of copying resources
[1.347s] -- Found rclcpp: 2.4.3 (/opt/ros/foxy/share/rclcpp/cmake)
[1.432s] -- Using all available rosidl_typesupport_c: rosidl_typesupport_fastrtps_c;rosidl_typesupport_introspection_c
[1.446s] -- Found rosidl_adapter: 1.3.1 (/opt/ros/foxy/share/rosidl_adapter/cmake)
[1.573s] -- Found OpenSSL: /usr/lib/aarch64-linux-gnu/libcrypto.so (found version "1.1.1f")  
[1.617s] -- Found FastRTPS: /opt/ros/foxy/include  
[1.754s] -- Using all available rosidl_typesupport_cpp: rosidl_typesupport_fastrtps_cpp;rosidl_typesupport_introspection_cpp
[1.864s] -- Found rmw_implementation_cmake: 1.0.4 (/opt/ros/foxy/share/rmw_implementation_cmake/cmake)
[1.868s] -- Using RMW implementation 'rmw_fastrtps_cpp' as default
[1.870s] -- Looking for pthread.h
[2.007s] -- Looking for pthread.h - found
[2.008s] -- Performing Test CMAKE_HAVE_LIBC_PTHREAD
[2.153s] -- Performing Test CMAKE_HAVE_LIBC_PTHREAD - Failed
[2.153s] -- Looking for pthread_create in pthreads
[2.274s] -- Looking for pthread_create in pthreads - not found
[2.275s] -- Looking for pthread_create in pthread
[2.417s] -- Looking for pthread_create in pthread - found
[2.420s] -- Found Threads: TRUE  
[2.725s] -- Found geometry_msgs: 2.0.5 (/opt/ros/foxy/share/geometry_msgs/cmake)
[2.790s] -- Found tf2: 0.13.14 (/opt/ros/foxy/share/tf2/cmake)
[2.813s] -- Found tf2_geometry_msgs: 0.13.14 (/opt/ros/foxy/share/tf2_geometry_msgs/cmake)
[2.829s] -- Found eigen3_cmake_module: 0.1.1 (/opt/ros/foxy/share/eigen3_cmake_module/cmake)
[2.835s] -- Found Eigen3: TRUE (found version "3.3.7") 
[3.575s] -- Found ament_lint_auto: 0.9.8 (/opt/ros/foxy/share/ament_lint_auto/cmake)
[3.744s] -- Added test 'cpplint' to check C / C++ code against the Google style
[3.744s] -- Configured cpplint exclude dirs and/or files: 
[3.746s] -- Added test 'flake8' to check Python code syntax and style conventions
[3.749s] -- Added test 'lint_cmake' to check CMake code style
[3.751s] -- Added test 'pep257' to check Python code against some of the style conventions in PEP 257
[3.759s] -- Added test 'uncrustify' to check C / C++ code style
[3.759s] -- Configured uncrustify additional arguments: 
[3.761s] -- Added test 'xmllint' to check XML markup files
[3.771s] -- Configuring done
[3.802s] -- Generating done
[3.817s] -- Build files have been written to: /home/hy/Mobility_Challenge/ros2_ws/build/p3_cpp
[3.837s] Invoked command in '/home/hy/Mobility_Challenge/ros2_ws/build/p3_cpp' returned '0': CMAKE_PREFIX_PATH=/home/hy/Mobility_Challenge/ros2_ws/install/domain_bridge:/home/hy/KAIST_Mobility_Challenge_hy-drive/ros2_ws/install/p3_cpp:/home/hy/KAIST_Mobility_Challenge_hy-drive/sdk/KAIST_Mobility_Challenge_SDK/examples/Driver_ROS2/install/kmc_hardware_driver_node:/home/hy/Mobility_Challenge/sdk/KAIST_Mobility_Challenge_SDK/examples/Driver_ROS2/install/kmc_hardware_driver_node:/home/hy/Mobility_Challenge/ros2_ws/install/simulator_launch:/home/hy/Mobility_Challenge/ros2_ws/install/p3_cpp:/home/hy/KAIST_Mobility_Challenge_hy-drive/ros2_ws/install/cav_controller:/home/hy/Mobility_Challenge/ros2_ws/install/cav_controller:/opt/ros/foxy PYTHONPATH=/home/hy/Mobility_Challenge/ros2_ws/install/domain_bridge/lib/python3.8/site-packages:/home/hy/KAIST_Mobility_Challenge_hy-drive/ros2_ws/install/cav_controller/lib/python3.8/site-packages:/home/hy/Mobility_Challenge/ros2_ws/build/cav_controller:/home/hy/Mobility_Challenge/ros2_ws/install/cav_controller/lib/python3.8/site-packages:/opt/ros/foxy/lib/python3.8/site-packages /usr/bin/cmake /home/hy/Mobility_Challenge/ros2_ws/src/p3_cpp -DAMENT_CMAKE_SYMLINK_INSTALL=1 -DCMAKE_INSTALL_PREFIX=/home/hy/Mobility_Challenge/ros2_ws/install/p3_cpp
[3.844s] Invoking command in '/home/hy/Mobility_Challenge/ros2_ws/build/p3_cpp': CMAKE_PREFIX_PATH=/home/hy/Mobility_Challenge/ros2_ws/install/domain_bridge:/home/hy/KAIST_Mobility_Challenge_hy-drive/ros2_ws/install/p3_cpp:/home/hy/KAIST_Mobility_Challenge_hy-drive/sdk/KAIST_Mobility_Challenge_SDK/examples/Driver_ROS2/install/kmc_hardware_driver_node:/home/hy/Mobility_Challenge/sdk/KAIST_Mobility_Challenge_SDK/examples/Driver_ROS2/install/kmc_hardware_driver_node:/home/hy/Mobility_Challenge/ros2_ws/install/simulator_launch:/home/hy/Mobility_Challenge/ros2_ws/install/p3_cpp:/home/hy/KAIST_Mobility_Challenge_hy-drive/ros2_ws/install/cav_controller:/home/hy/Mobility_Challenge/ros2_ws/install/cav_controller:/opt/ros/foxy PYTHONPATH=/home/hy/Mobility_Challenge/ros2_ws/install/domain_bridge/lib/python3.8/site-packages:/home/hy/KAIST_Mobility_Challenge_hy-drive/ros2_ws/install/cav_controller/lib/python3.8/site-packages:/home/hy/Mobility_Challenge/ros2_ws/build/cav_controller:/home/hy/Mobility_Challenge/ros2_ws/install/cav_controller/lib/python3.8/site-packages:/opt/ros/foxy/lib/python3.8/site-packages /usr/bin/cmake --build /home/hy/Mobility_Challenge/ros2_ws/build/p3_cpp -- -j4 -l4
[3.925s] [35m[1mScanning dependencies of target control_p3[0m
[3.925s] [35m[1mScanning dependencies of target main_p3[0m
[4.001s] [ 25%] [32mBuilding CXX object CMakeFiles/main_p3.dir/src/main_p3.cpp.o[0m
[4.004s] [ 50%] [32mBuilding CXX object CMakeFiles/control_p3.dir/src/control_p3.cpp.o[0m
[7.548s] [01m[K/home/hy/Mobility_Challenge/ros2_ws/src/p3_cpp/src/main_p3.cpp:[m[K In lambda function:
[7.548s] [01m[K/home/hy/Mobility_Challenge/ros2_ws/src/p3_cpp/src/main_p3.cpp:219:55:[m[K [01;35m[Kwarning: [m[Kcomparison of integer expressions of different signedness: ‘[01m[Kstd::deque<double>::size_type[m[K’ {aka ‘[01m[Klong unsigned int[m[K’} and ‘[01m[Kconst int[m[K’ [[01;35m[K-Wsign-compare[m[K]
[7.548s]   219 |                             if ([01;35m[Khv_vel_buffer_.size() > vel_buffer_size_[m[K) {
[7.549s]       |                                 [01;35m[K~~~~~~~~~~~~~~~~~~~~~~^~~~~~~~~~~~~~~~~~[m[K
[7.633s] [01m[K/home/hy/Mobility_Challenge/ros2_ws/src/p3_cpp/src/main_p3.cpp:[m[K In member function ‘[01m[Kvoid MainTrafficController::process_roundabout_path_decision(Vehicle&, const string&, const string&)[m[K’:
[7.633s] [01m[K/home/hy/Mobility_Challenge/ros2_ws/src/p3_cpp/src/main_p3.cpp:449:79:[m[K [01;35m[Kwarning: [m[Kunused parameter ‘[01m[Kzone[m[K’ [[01;35m[K-Wunused-parameter[m[K]
[7.633s]   449 |     void process_roundabout_path_decision(Vehicle& my_cav, [01;35m[Kconst std::string& zone[m[K, const std::string& my_id) {
[7.633s]       |                                                            [01;35m[K~~~~~~~~~~~~~~~~~~~^~~~[m[K
[7.633s] [01m[K/home/hy/Mobility_Challenge/ros2_ws/src/p3_cpp/src/main_p3.cpp:449:104:[m[K [01;35m[Kwarning: [m[Kunused parameter ‘[01m[Kmy_id[m[K’ [[01;35m[K-Wunused-parameter[m[K]
[7.634s]   449 |     void process_roundabout_path_decision(Vehicle& my_cav, const std::string& zone, [01;35m[Kconst std::string& my_id[m[K) {
[7.634s]       |                                                                                     [01;35m[K~~~~~~~~~~~~~~~~~~~^~~~~[m[K
[18.511s] [ 75%] [32m[1mLinking CXX executable main_p3[0m
[19.149s] [ 75%] Built target main_p3
[22.723s] [100%] [32m[1mLinking CXX executable control_p3[0m
[23.541s] [100%] Built target control_p3
[23.564s] Invoked command in '/home/hy/Mobility_Challenge/ros2_ws/build/p3_cpp' returned '0': CMAKE_PREFIX_PATH=/home/hy/Mobility_Challenge/ros2_ws/install/domain_bridge:/home/hy/KAIST_Mobility_Challenge_hy-drive/ros2_ws/install/p3_cpp:/home/hy/KAIST_Mobility_Challenge_hy-drive/sdk/KAIST_Mobility_Challenge_SDK/examples/Driver_ROS2/install/kmc_hardware_driver_node:/home/hy/Mobility_Challenge/sdk/KAIST_Mobility_Challenge_SDK/examples/Driver_ROS2/install/kmc_hardware_driver_node:/home/hy/Mobility_Challenge/ros2_ws/install/simulator_launch:/home/hy/Mobility_Challenge/ros2_ws/install/p3_cpp:/home/hy/KAIST_Mobility_Challenge_hy-drive/ros2_ws/install/cav_controller:/home/hy/Mobility_Challenge/ros2_ws/install/cav_controller:/opt/ros/foxy PYTHONPATH=/home/hy/Mobility_Challenge/ros2_ws/install/domain_bridge/lib/python3.8/site-packages:/home/hy/KAIST_Mobility_Challenge_hy-drive/ros2_ws/install/cav_controller/lib/python3.8/site-packages:/home/hy/Mobility_Challenge/ros2_ws/build/cav_controller:/home/hy/Mobility_Challenge/ros2_ws/install/cav_controller/lib/python3.8/site-packages:/opt/ros/foxy/lib/python3.8/site-packages /usr/bin/cmake --build /home/hy/Mobility_Challenge/ros2_ws/build/p3_cpp -- -j4 -l4
[23.572s] Invoking command in '/home/hy/Mobility_Challenge/ros2_ws/build/p3_cpp': CMAKE_PREFIX_PATH=/home/hy/Mobility_Challenge/ros2_ws/install/domain_bridge:/home/hy/KAIST_Mobility_Challenge_hy-drive/ros2_ws/install/p3_cpp:/home/hy/KAIST_Mobility_Challenge_hy-drive/sdk/KAIST_Mobility_Challenge_SDK/examples/Driver_ROS2/install/kmc_hardware_driver_node:/home/hy/Mobility_Challenge/sdk/KAIST_Mobility_Challenge_SDK/examples/Driver_ROS2/install/kmc_hardware_driver_node:/home/hy/Mobility_Challenge/ros2_ws/install/simulator_launch:/home/hy/Mobility_Challenge/ros2_ws/install/p3_cpp:/home/hy/KAIST_Mobility_Challenge_hy-drive/ros2_ws/install/cav_controller:/home/hy/Mobility_Challenge/ros2_ws/install/cav_controller:/opt/ros/foxy PYTHONPATH=/home/hy/Mobility_Challenge/ros2_ws/install/domain_bridge/lib/python3.8/site-packages:/home/hy/KAIST_Mobility_Challenge_hy-drive/ros2_ws/install/cav_controller/lib/python3.8/site-packages:/home/hy/Mobility_Challenge/ros2_ws/build/cav_controller:/home/hy/Mobility_Challenge/ros2_ws/install/cav_controller/lib/python3.8/site-packages:/opt/ros/foxy/lib/python3.8/site-packages /usr/bin/cmake --install /home/hy/Mobility_Challenge/ros2_ws/build/p3_cpp
[23.590s] -- Install configuration: ""
[23.590s] -- Execute custom install script
[23.591s] -- Symlinking: /home/hy/Mobility_Challenge/ros2_ws/install/p3_cpp/lib/p3_cpp/control_p3
[23.609s] -- Symlinking: /home/hy/Mobility_Challenge/ros2_ws/install/p3_cpp/lib/p3_cpp/main_p3
[23.627s] -- Symlinking: /home/hy/Mobility_Challenge/ros2_ws/install/p3_cpp/share/p3_cpp/launch/control.launch.py
[23.645s] -- Symlinking: /home/hy/Mobility_Challenge/ros2_ws/install/p3_cpp/share/p3_cpp/launch/main.launch.py
[23.664s] -- Symlinking: /home/hy/Mobility_Challenge/ros2_ws/install/p3_cpp/share/p3_cpp/tool/Readme.md
[23.682s] -- Symlinking: /home/hy/Mobility_Challenge/ros2_ws/install/p3_cpp/share/p3_cpp/tool/cav1p1.csv
[23.700s] -- Symlinking: /home/hy/Mobility_Challenge/ros2_ws/install/p3_cpp/share/p3_cpp/tool/cav1p3.csv
[23.718s] -- Symlinking: /home/hy/Mobility_Challenge/ros2_ws/install/p3_cpp/share/p3_cpp/tool/cav1p3_inside.csv
[23.736s] -- Symlinking: /home/hy/Mobility_Challenge/ros2_ws/install/p3_cpp/share/p3_cpp/tool/cav2p3.csv
[23.755s] -- Symlinking: /home/hy/Mobility_Challenge/ros2_ws/install/p3_cpp/share/p3_cpp/tool/cav2p3_inside.csv
[23.773s] -- Symlinking: /home/hy/Mobility_Challenge/ros2_ws/install/p3_cpp/share/p3_cpp/tool/cav3p3.csv
[23.791s] -- Symlinking: /home/hy/Mobility_Challenge/ros2_ws/install/p3_cpp/share/p3_cpp/tool/cav3p3_inside.csv
[23.809s] -- Symlinking: /home/hy/Mobility_Challenge/ros2_ws/install/p3_cpp/share/p3_cpp/tool/cav4p3.csv
[23.827s] -- Symlinking: /home/hy/Mobility_Challenge/ros2_ws/install/p3_cpp/share/p3_cpp/tool/cav4p3_inside.csv
[23.845s] -- Symlinking: /home/hy/Mobility_Challenge/ros2_ws/install/p3_cpp/share/p3_cpp/tool/csv_to_json.py
[23.863s] -- Symlinking: /home/hy/Mobility_Challenge/ros2_ws/install/p3_cpp/share/p3_cpp/tool/node_info.png
[23.882s] -- Symlinking: /home/hy/Mobility_Challenge/ros2_ws/install/p3_cpp/share/p3_cpp/tool/p1_1.csv
[23.900s] -- Symlinking: /home/hy/Mobility_Challenge/ros2_ws/install/p3_cpp/share/p3_cpp/tool/p1_2.csv
[23.917s] -- Symlinking: /home/hy/Mobility_Challenge/ros2_ws/install/p3_cpp/share/p3_cpp/tool/path_generator.py
[23.935s] -- Symlinking: /home/hy/Mobility_Challenge/ros2_ws/install/p3_cpp/share/p3_cpp/tool/waypoint/10_13.csv
[23.953s] -- Symlinking: /home/hy/Mobility_Challenge/ros2_ws/install/p3_cpp/share/p3_cpp/tool/waypoint/11_16.csv
[23.971s] -- Symlinking: /home/hy/Mobility_Challenge/ros2_ws/install/p3_cpp/share/p3_cpp/tool/waypoint/12_15.csv
[23.990s] -- Symlinking: /home/hy/Mobility_Challenge/ros2_ws/install/p3_cpp/share/p3_cpp/tool/waypoint/13_14.csv
[24.008s] -- Symlinking: /home/hy/Mobility_Challenge/ros2_ws/install/p3_cpp/share/p3_cpp/tool/waypoint/14_17.csv
[24.026s] -- Symlinking: /home/hy/Mobility_Challenge/ros2_ws/install/p3_cpp/share/p3_cpp/tool/waypoint/15_18.csv
[24.045s] -- Symlinking: /home/hy/Mobility_Challenge/ros2_ws/install/p3_cpp/share/p3_cpp/tool/waypoint/15_60.csv
[24.063s] -- Symlinking: /home/hy/Mobility_Challenge/ros2_ws/install/p3_cpp/share/p3_cpp/tool/waypoint/16_19.csv
[24.081s] -- Symlinking: /home/hy/Mobility_Challenge/ros2_ws/install/p3_cpp/share/p3_cpp/tool/waypoint/16_61.csv
[24.099s] -- Symlinking: /home/hy/Mobility_Challenge/ros2_ws/install/p3_cpp/share/p3_cpp/tool/waypoint/17_20.csv
[24.117s] -- Symlinking: /home/hy/Mobility_Challenge/ros2_ws/install/p3_cpp/share/p3_cpp/tool/waypoint/18_21.csv
[24.135s] -- Symlinking: /home/hy/Mobility_Challenge/ros2_ws/install/p3_cpp/share/p3_cpp/tool/waypoint/19_22.csv
[24.153s] -- Symlinking: /home/hy/Mobility_Challenge/ros2_ws/install/p3_cpp/share/p3_cpp/tool/waypoint/1_3.csv
[24.171s] -- Symlinking: /home/hy/Mobility_Challenge/ros2_ws/install/p3_cpp/share/p3_cpp/tool/waypoint/20_23.csv
[24.188s] -- Symlinking: /home/hy/Mobility_Challenge/ros2_ws/install/p3_cpp/share/p3_cpp/tool/waypoint/21_24.csv
[24.206s] -- Symlinking: /home/hy/Mobility_Challenge/ros2_ws/install/p3_cpp/share/p3_cpp/tool/waypoint/21_51.csv
[24.224s] -- Symlinking: /home/hy/Mobility_Challenge/ros2_ws/install/p3_cpp/share/p3_cpp/tool/waypoint/22_25.csv
[24.244s] -- Symlinking: /home/hy/Mobility_Challenge/ros2_ws/install/p3_cpp/share/p3_cpp/tool/waypoint/22_50.csv
[24.262s] -- Symlinking: /home/hy/Mobility_Challenge/ros2_ws/install/p3_cpp/share/p3_cpp/tool/waypoint/23_26.csv
[24.279s] -- Symlinking: /home/hy/Mobility_Challenge/ros2_ws/install/p3_cpp/share/p3_cpp/tool/waypoint/24_27.csv
[24.297s] -- Symlinking: /home/hy/Mobility_Challenge/ros2_ws/install/p3_cpp/share/p3_cpp/tool/waypoint/24_37.csv
[24.315s] -- Symlinking: /home/hy/Mobility_Challenge/ros2_ws/install/p3_cpp/share/p3_cpp/tool/waypoint/25_28.csv
[24.333s] -- Symlinking: /home/hy/Mobility_Challenge/ros2_ws/install/p3_cpp/share/p3_cpp/tool/waypoint/25_36.csv
[24.351s] -- Symlinking: /home/hy/Mobility_Challenge/ros2_ws/install/p3_cpp/share/p3_cpp/tool/waypoint/26_29.csv
[24.369s] -- Symlinking: /home/hy/Mobility_Challenge/ros2_ws/install/p3_cpp/share/p3_cpp/tool/waypoint/27_30.csv
[24.387s] -- Symlinking: /home/hy/Mobility_Challenge/ros2_ws/install/p3_cpp/share/p3_cpp/tool/waypoint/27_31.csv
[24.405s] -- Symlinking: /home/hy/Mobility_Challenge/ros2_ws/install/p3_cpp/share/p3_cpp/tool/waypoint/28_31.csv
[24.423s] -- Symlinking: /home/hy/Mobility_Challenge/ros2_ws/install/p3_cpp/share/p3_cpp/tool/waypoint/28_32.csv
[24.441s] -- Symlinking: /home/hy/Mobility_Challenge/ros2_ws/install/p3_cpp/share/p3_cpp/tool/waypoint/29_2.csv
[24.459s] -- Symlinking: /home/hy/Mobility_Challenge/ros2_ws/install/p3_cpp/share/p3_cpp/tool/waypoint/2_4.csv
[24.477s] -- Symlinking: /home/hy/Mobility_Challenge/ros2_ws/install/p3_cpp/share/p3_cpp/tool/waypoint/30_1.csv
[24.495s] -- Symlinking: /home/hy/Mobility_Challenge/ros2_ws/install/p3_cpp/share/p3_cpp/tool/waypoint/31_1.csv
[24.514s] -- Symlinking: /home/hy/Mobility_Challenge/ros2_ws/install/p3_cpp/share/p3_cpp/tool/waypoint/32_5.csv
[24.532s] -- Symlinking: /home/hy/Mobility_Challenge/ros2_ws/install/p3_cpp/share/p3_cpp/tool/waypoint/33_31.csv
[24.551s] -- Symlinking: /home/hy/Mobility_Challenge/ros2_ws/install/p3_cpp/share/p3_cpp/tool/waypoint/34_27.csv
[24.570s] -- Symlinking: /home/hy/Mobility_Challenge/ros2_ws/install/p3_cpp/share/p3_cpp/tool/waypoint/35_28.csv
[24.589s] -- Symlinking: /home/hy/Mobility_Challenge/ros2_ws/install/p3_cpp/share/p3_cpp/tool/waypoint/36_38.csv
[24.607s] -- Symlinking: /home/hy/Mobility_Challenge/ros2_ws/install/p3_cpp/share/p3_cpp/tool/waypoint/37_38.csv
[24.627s] -- Symlinking: /home/hy/Mobility_Challenge/ros2_ws/install/p3_cpp/share/p3_cpp/tool/waypoint/37_39.csv
[24.645s] -- Symlinking: /home/hy/Mobility_Challenge/ros2_ws/install/p3_cpp/share/p3_cpp/tool/waypoint/38_41.csv
[24.664s] -- Symlinking: /home/hy/Mobility_Challenge/ros2_ws/install/p3_cpp/share/p3_cpp/tool/waypoint/38_48.csv
[24.682s] -- Symlinking: /home/hy/Mobility_Challenge/ros2_ws/install/p3_cpp/share/p3_cpp/tool/waypoint/38_49.csv
[24.700s] -- Symlinking: /home/hy/Mobility_Challenge/ros2_ws/install/p3_cpp/share/p3_cpp/tool/waypoint/39_40.csv
[24.718s] -- Symlinking: /home/hy/Mobility_Challenge/ros2_ws/install/p3_cpp/share/p3_cpp/tool/waypoint/39_49.csv
[24.736s] -- Symlinking: /home/hy/Mobility_Challenge/ros2_ws/install/p3_cpp/share/p3_cpp/tool/waypoint/3_33.csv
[24.754s] -- Symlinking: /home/hy/Mobility_Challenge/ros2_ws/install/p3_cpp/share/p3_cpp/tool/waypoint/3_6.csv
[24.772s] -- Symlinking: /home/hy/Mobility_Challenge/ros2_ws/install/p3_cpp/share/p3_cpp/tool/waypoint/3_7.csv
[24.792s] -- Symlinking: /home/hy/Mobility_Challenge/ros2_ws/install/p3_cpp/share/p3_cpp/tool/waypoint/40_43.csv
[24.810s] -- Symlinking: /home/hy/Mobility_Challenge/ros2_ws/install/p3_cpp/share/p3_cpp/tool/waypoint/40_63.csv
[24.828s] -- Symlinking: /home/hy/Mobility_Challenge/ros2_ws/install/p3_cpp/share/p3_cpp/tool/waypoint/41_42.csv
[24.846s] -- Symlinking: /home/hy/Mobility_Challenge/ros2_ws/install/p3_cpp/share/p3_cpp/tool/waypoint/41_43.csv
[24.864s] -- Symlinking: /home/hy/Mobility_Challenge/ros2_ws/install/p3_cpp/share/p3_cpp/tool/waypoint/41_62.csv
[24.883s] -- Symlinking: /home/hy/Mobility_Challenge/ros2_ws/install/p3_cpp/share/p3_cpp/tool/waypoint/42_8.csv
[24.900s] -- Symlinking: /home/hy/Mobility_Challenge/ros2_ws/install/p3_cpp/share/p3_cpp/tool/waypoint/43_9.csv
[24.920s] -- Symlinking: /home/hy/Mobility_Challenge/ros2_ws/install/p3_cpp/share/p3_cpp/tool/waypoint/44_63.csv
[24.937s] -- Symlinking: /home/hy/Mobility_Challenge/ros2_ws/install/p3_cpp/share/p3_cpp/tool/waypoint/45_62.csv
[24.955s] -- Symlinking: /home/hy/Mobility_Challenge/ros2_ws/install/p3_cpp/share/p3_cpp/tool/waypoint/46_40.csv
[24.973s] -- Symlinking: /home/hy/Mobility_Challenge/ros2_ws/install/p3_cpp/share/p3_cpp/tool/waypoint/46_41.csv
[24.991s] -- Symlinking: /home/hy/Mobility_Challenge/ros2_ws/install/p3_cpp/share/p3_cpp/tool/waypoint/47_41.csv
[25.009s] -- Symlinking: /home/hy/Mobility_Challenge/ros2_ws/install/p3_cpp/share/p3_cpp/tool/waypoint/48_53.csv
[25.027s] -- Symlinking: /home/hy/Mobility_Challenge/ros2_ws/install/p3_cpp/share/p3_cpp/tool/waypoint/48_58.csv
[25.045s] -- Symlinking: /home/hy/Mobility_Challenge/ros2_ws/install/p3_cpp/share/p3_cpp/tool/waypoint/49_55.csv
[25.063s] -- Symlinking: /home/hy/Mobility_Challenge/ros2_ws/install/p3_cpp/share/p3_cpp/tool/waypoint/49_59.csv
[25.081s] -- Symlinking: /home/hy/Mobility_Challenge/ros2_ws/install/p3_cpp/share/p3_cpp/tool/waypoint/4_7.csv
[25.099s] -- Symlinking: /home/hy/Mobility_Challenge/ros2_ws/install/p3_cpp/share/p3_cpp/tool/waypoint/50_48.csv
[25.117s] -- Symlinking: /home/hy/Mobility_Challenge/ros2_ws/install/p3_cpp/share/p3_cpp/tool/waypoint/50_54.csv
[25.135s] -- Symlinking: /home/hy/Mobility_Challenge/ros2_ws/install/p3_cpp/share/p3_cpp/tool/waypoint/51_46.csv
[25.153s] -- Symlinking: /home/hy/Mobility_Challenge/ros2_ws/install/p3_cpp/share/p3_cpp/tool/waypoint/51_55.csv
[25.171s] -- Symlinking: /home/hy/Mobility_Challenge/ros2_ws/install/p3_cpp/share/p3_cpp/tool/waypoint/52_24.csv
[25.189s] -- Symlinking: /home/hy/Mobility_Challenge/ros2_ws/install/p3_cpp/share/p3_cpp/tool/waypoint/53_25.csv
[25.207s] -- Symlinking: /home/hy/Mobility_Challenge/ros2_ws/install/p3_cpp/share/p3_cpp/tool/waypoint/54_11.csv
[25.225s] -- Symlinking: /home/hy/Mobility_Challenge/ros2_ws/install/p3_cpp/share/p3_cpp/tool/waypoint/55_12.csv
[25.243s] -- Symlinking: /home/hy/Mobility_Challenge/ros2_ws/install/p3_cpp/share/p3_cpp/tool/waypoint/56_52.csv
[25.260s] -- Symlinking: /home/hy/Mobility_Challenge/ros2_ws/install/p3_cpp/share/p3_cpp/tool/waypoint/56_59.csv
[25.279s] -- Symlinking: /home/hy/Mobility_Challenge/ros2_ws/install/p3_cpp/share/p3_cpp/tool/waypoint/57_47.csv
[25.297s] -- Symlinking: /home/hy/Mobility_Challenge/ros2_ws/install/p3_cpp/share/p3_cpp/tool/waypoint/57_53.csv
[25.315s] -- Symlinking: /home/hy/Mobility_Challenge/ros2_ws/install/p3_cpp/share/p3_cpp/tool/waypoint/58_19.csv
[25.332s] -- Symlinking: /home/hy/Mobility_Challenge/ros2_ws/install/p3_cpp/share/p3_cpp/tool/waypoint/59_18.csv
[25.351s] -- Symlinking: /home/hy/Mobility_Challenge/ros2_ws/install/p3_cpp/share/p3_cpp/tool/waypoint/5_45.csv
[25.369s] -- Symlinking: /home/hy/Mobility_Challenge/ros2_ws/install/p3_cpp/share/p3_cpp/tool/waypoint/5_8.csv
[25.387s] -- Symlinking: /home/hy/Mobility_Challenge/ros2_ws/install/p3_cpp/share/p3_cpp/tool/waypoint/60_46.csv
[25.405s] -- Symlinking: /home/hy/Mobility_Challenge/ros2_ws/install/p3_cpp/share/p3_cpp/tool/waypoint/60_52.csv
[25.423s] -- Symlinking: /home/hy/Mobility_Challenge/ros2_ws/install/p3_cpp/share/p3_cpp/tool/waypoint/61_47.csv
[25.441s] -- Symlinking: /home/hy/Mobility_Challenge/ros2_ws/install/p3_cpp/share/p3_cpp/tool/waypoint/61_54.csv
[25.459s] -- Symlinking: /home/hy/Mobility_Challenge/ros2_ws/install/p3_cpp/share/p3_cpp/tool/waypoint/62_35.csv
[25.477s] -- Symlinking: /home/hy/Mobility_Challenge/ros2_ws/install/p3_cpp/share/p3_cpp/tool/waypoint/62_38.csv
[25.495s] -- Symlinking: /home/hy/Mobility_Challenge/ros2_ws/install/p3_cpp/share/p3_cpp/tool/waypoint/63_34.csv
[25.513s] -- Symlinking: /home/hy/Mobility_Challenge/ros2_ws/install/p3_cpp/share/p3_cpp/tool/waypoint/63_39.csv
[25.531s] -- Symlinking: /home/hy/Mobility_Challenge/ros2_ws/install/p3_cpp/share/p3_cpp/tool/waypoint/6_44.csv
[25.549s] -- Symlinking: /home/hy/Mobility_Challenge/ros2_ws/install/p3_cpp/share/p3_cpp/tool/waypoint/6_9.csv
[25.567s] -- Symlinking: /home/hy/Mobility_Challenge/ros2_ws/install/p3_cpp/share/p3_cpp/tool/waypoint/7_10.csv
[25.585s] -- Symlinking: /home/hy/Mobility_Challenge/ros2_ws/install/p3_cpp/share/p3_cpp/tool/waypoint/7_9.csv
[25.603s] -- Symlinking: /home/hy/Mobility_Challenge/ros2_ws/install/p3_cpp/share/p3_cpp/tool/waypoint/8_11.csv
[25.621s] -- Symlinking: /home/hy/Mobility_Challenge/ros2_ws/install/p3_cpp/share/p3_cpp/tool/waypoint/8_57.csv
[25.639s] -- Symlinking: /home/hy/Mobility_Challenge/ros2_ws/install/p3_cpp/share/p3_cpp/tool/waypoint/9_12.csv
[25.657s] -- Symlinking: /home/hy/Mobility_Challenge/ros2_ws/install/p3_cpp/share/p3_cpp/tool/waypoint/9_56.csv
[25.676s] -- Symlinking: /home/hy/Mobility_Challenge/ros2_ws/install/p3_cpp/share/p3_cpp/config/domain_1.yaml
[25.693s] -- Symlinking: /home/hy/Mobility_Challenge/ros2_ws/install/p3_cpp/share/p3_cpp/config/domain_2.yaml
[25.711s] -- Symlinking: /home/hy/Mobility_Challenge/ros2_ws/install/p3_cpp/share/p3_cpp/config/domain_3.yaml
[25.729s] -- Symlinking: /home/hy/Mobility_Challenge/ros2_ws/install/p3_cpp/share/p3_cpp/config/domain_4.yaml
[25.748s] -- Symlinking: /home/hy/Mobility_Challenge/ros2_ws/install/p3_cpp/share/ament_index/resource_index/package_run_dependencies/p3_cpp
[25.766s] -- Symlinking: /home/hy/Mobility_Challenge/ros2_ws/install/p3_cpp/share/ament_index/resource_index/parent_prefix_path/p3_cpp
[25.784s] -- Symlinking: /home/hy/Mobility_Challenge/ros2_ws/install/p3_cpp/share/p3_cpp/environment/ament_prefix_path.sh
[25.804s] -- Symlinking: /home/hy/Mobility_Challenge/ros2_ws/install/p3_cpp/share/p3_cpp/environment/ament_prefix_path.dsv
[25.822s] -- Symlinking: /home/hy/Mobility_Challenge/ros2_ws/install/p3_cpp/share/p3_cpp/environment/path.sh
[25.840s] -- Symlinking: /home/hy/Mobility_Challenge/ros2_ws/install/p3_cpp/share/p3_cpp/environment/path.dsv
[25.860s] -- Symlinking: /home/hy/Mobility_Challenge/ros2_ws/install/p3_cpp/share/p3_cpp/local_setup.bash
[25.878s] -- Symlinking: /home/hy/Mobility_Challenge/ros2_ws/install/p3_cpp/share/p3_cpp/local_setup.sh
[25.895s] -- Symlinking: /home/hy/Mobility_Challenge/ros2_ws/install/p3_cpp/share/p3_cpp/local_setup.zsh
[25.913s] -- Symlinking: /home/hy/Mobility_Challenge/ros2_ws/install/p3_cpp/share/p3_cpp/local_setup.dsv
[25.931s] -- Symlinking: /home/hy/Mobility_Challenge/ros2_ws/install/p3_cpp/share/p3_cpp/package.dsv
[25.950s] -- Symlinking: /home/hy/Mobility_Challenge/ros2_ws/install/p3_cpp/share/ament_index/resource_index/packages/p3_cpp
[25.968s] -- Symlinking: /home/hy/Mobility_Challenge/ros2_ws/install/p3_cpp/share/p3_cpp/cmake/p3_cppConfig.cmake
[25.986s] -- Symlinking: /home/hy/Mobility_Challenge/ros2_ws/install/p3_cpp/share/p3_cpp/cmake/p3_cppConfig-version.cmake
[26.004s] -- Symlinking: /home/hy/Mobility_Challenge/ros2_ws/install/p3_cpp/share/p3_cpp/package.xml
[26.030s] Invoked command in '/home/hy/Mobility_Challenge/ros2_ws/build/p3_cpp' returned '0': CMAKE_PREFIX_PATH=/home/hy/Mobility_Challenge/ros2_ws/install/domain_bridge:/home/hy/KAIST_Mobility_Challenge_hy-drive/ros2_ws/install/p3_cpp:/home/hy/KAIST_Mobility_Challenge_hy-drive/sdk/KAIST_Mobility_Challenge_SDK/examples/Driver_ROS2/install/kmc_hardware_driver_node:/home/hy/Mobility_Challenge/sdk/KAIST_Mobility_Challenge_SDK/examples/Driver_ROS2/install/kmc_hardware_driver_node:/home/hy/Mobility_Challenge/ros2_ws/install/simulator_launch:/home/hy/Mobility_Challenge/ros2_ws/install/p3_cpp:/home/hy/KAIST_Mobility_Challenge_hy-drive/ros2_ws/install/cav_controller:/home/hy/Mobility_Challenge/ros2_ws/install/cav_controller:/opt/ros/foxy PYTHONPATH=/home/hy/Mobility_Challenge/ros2_ws/install/domain_bridge/lib/python3.8/site-packages:/home/hy/KAIST_Mobility_Challenge_hy-drive/ros2_ws/install/cav_controller/lib/python3.8/site-packages:/home/hy/Mobility_Challenge/ros2_ws/build/cav_controller:/home/hy/Mobility_Challenge/ros2_ws/install/cav_controller/lib/python3.8/site-packages:/opt/ros/foxy/lib/python3.8/site-packages /usr/bin/cmake --install /home/hy/Mobility_Challenge/ros2_ws/build/p3_cpp
