running develop
running egg_info
creating cav_controller.egg-info
writing cav_controller.egg-info/PKG-INFO
writing dependency_links to cav_controller.egg-info/dependency_links.txt
writing entry points to cav_controller.egg-info/entry_points.txt
writing requirements to cav_controller.egg-info/requires.txt
writing top-level names to cav_controller.egg-info/top_level.txt
writing manifest file 'cav_controller.egg-info/SOURCES.txt'
reading manifest file 'cav_controller.egg-info/SOURCES.txt'
writing manifest file 'cav_controller.egg-info/SOURCES.txt'
running build_ext
Creating /home/chan/KAIST_Mobility_Challenge_Hardware/install/cav_controller/lib/python3.8/site-packages/site.py
Creating /home/chan/KAIST_Mobility_Challenge_Hardware/install/cav_controller/lib/python3.8/site-packages/cav-controller.egg-link (link to .)
Installing echo_pose script to /home/chan/KAIST_Mobility_Challenge_Hardware/install/cav_controller/lib/cav_controller
Installing p1_drive script to /home/chan/KAIST_Mobility_Challenge_Hardware/install/cav_controller/lib/cav_controller
Installing run_drive script to /home/chan/KAIST_Mobility_Challenge_Hardware/install/cav_controller/lib/cav_controller

Installed /home/chan/KAIST_Mobility_Challenge_Hardware/build/cav_controller
running symlink_data
creating /home/chan/KAIST_Mobility_Challenge_Hardware/install/cav_controller/share/ament_index
creating /home/chan/KAIST_Mobility_Challenge_Hardware/install/cav_controller/share/ament_index/resource_index
creating /home/chan/KAIST_Mobility_Challenge_Hardware/install/cav_controller/share/ament_index/resource_index/packages
symbolically linking /home/chan/KAIST_Mobility_Challenge_Hardware/build/cav_controller/resource/cav_controller -> /home/chan/KAIST_Mobility_Challenge_Hardware/install/cav_controller/share/ament_index/resource_index/packages
symbolically linking /home/chan/KAIST_Mobility_Challenge_Hardware/build/cav_controller/package.xml -> /home/chan/KAIST_Mobility_Challenge_Hardware/install/cav_controller/share/cav_controller
