[0.754s] Invoking command in '/home/chan/KAIST_Mobility_Challenge_Hardware/build/cav_controller': PYTHONPATH=/home/chan/KAIST_Mobility_Challenge_Hardware/build/cav_controller/prefix_override:/usr/lib/python3/dist-packages/colcon_core/task/python/colcon_distutils_commands:/home/chan/KAIST_Mobility_Challenge_Hardware/install/cav_controller/lib/python3.8/site-packages:${PYTHONPATH} /usr/bin/python3 -W ignore:setup.py install is deprecated -W ignore:easy_install command is deprecated setup.py develop --editable --build-directory /home/chan/KAIST_Mobility_Challenge_Hardware/build/cav_controller/build --no-deps symlink_data
[0.966s] running develop
[1.071s] running egg_info
[1.071s] creating cav_controller.egg-info
[1.071s] writing cav_controller.egg-info/PKG-INFO
[1.071s] writing dependency_links to cav_controller.egg-info/dependency_links.txt
[1.071s] writing entry points to cav_controller.egg-info/entry_points.txt
[1.071s] writing requirements to cav_controller.egg-info/requires.txt
[1.071s] writing top-level names to cav_controller.egg-info/top_level.txt
[1.078s] writing manifest file 'cav_controller.egg-info/SOURCES.txt'
[1.103s] reading manifest file 'cav_controller.egg-info/SOURCES.txt'
[1.104s] writing manifest file 'cav_controller.egg-info/SOURCES.txt'
[1.133s] running build_ext
[1.134s] Creating /home/chan/KAIST_Mobility_Challenge_Hardware/install/cav_controller/lib/python3.8/site-packages/site.py
[1.136s] Creating /home/chan/KAIST_Mobility_Challenge_Hardware/install/cav_controller/lib/python3.8/site-packages/cav-controller.egg-link (link to .)
[1.137s] Installing echo_pose script to /home/chan/KAIST_Mobility_Challenge_Hardware/install/cav_controller/lib/cav_controller
[1.138s] Installing p1_drive script to /home/chan/KAIST_Mobility_Challenge_Hardware/install/cav_controller/lib/cav_controller
[1.138s] Installing run_drive script to /home/chan/KAIST_Mobility_Challenge_Hardware/install/cav_controller/lib/cav_controller
[1.138s] 
[1.138s] Installed /home/chan/KAIST_Mobility_Challenge_Hardware/build/cav_controller
[1.138s] running symlink_data
[1.138s] creating /home/chan/KAIST_Mobility_Challenge_Hardware/install/cav_controller/share/ament_index
[1.138s] creating /home/chan/KAIST_Mobility_Challenge_Hardware/install/cav_controller/share/ament_index/resource_index
[1.139s] creating /home/chan/KAIST_Mobility_Challenge_Hardware/install/cav_controller/share/ament_index/resource_index/packages
[1.139s] symbolically linking /home/chan/KAIST_Mobility_Challenge_Hardware/build/cav_controller/resource/cav_controller -> /home/chan/KAIST_Mobility_Challenge_Hardware/install/cav_controller/share/ament_index/resource_index/packages
[1.139s] symbolically linking /home/chan/KAIST_Mobility_Challenge_Hardware/build/cav_controller/package.xml -> /home/chan/KAIST_Mobility_Challenge_Hardware/install/cav_controller/share/cav_controller
[1.161s] Invoked command in '/home/chan/KAIST_Mobility_Challenge_Hardware/build/cav_controller' returned '0': PYTHONPATH=/home/chan/KAIST_Mobility_Challenge_Hardware/build/cav_controller/prefix_override:/usr/lib/python3/dist-packages/colcon_core/task/python/colcon_distutils_commands:/home/chan/KAIST_Mobility_Challenge_Hardware/install/cav_controller/lib/python3.8/site-packages:${PYTHONPATH} /usr/bin/python3 -W ignore:setup.py install is deprecated -W ignore:easy_install command is deprecated setup.py develop --editable --build-directory /home/chan/KAIST_Mobility_Challenge_Hardware/build/cav_controller/build --no-deps symlink_data
