[0.023s] Invoking command in '/home/hy/Mobility_Challenge/sdk/KAIST_Mobility_Challenge_SDK/examples/build/kmc_hardware_driver_node': CMAKE_PREFIX_PATH=${CMAKE_PREFIX_PATH}:/opt/ros/foxy /usr/bin/cmake /home/hy/Mobility_Challenge/sdk/KAIST_Mobility_Challenge_SDK/examples/Driver_ROS2 -DAMENT_CMAKE_SYMLINK_INSTALL=1 -DCMAKE_INSTALL_PREFIX=/home/hy/Mobility_Challenge/sdk/KAIST_Mobility_Challenge_SDK/examples/install/kmc_hardware_driver_node
[0.139s] -- The C compiler identification is GNU 9.4.0
[0.255s] -- The CXX compiler identification is GNU 9.4.0
[0.265s] -- Check for working C compiler: /usr/bin/cc
[0.406s] -- Check for working C compiler: /usr/bin/cc -- works
[0.407s] -- Detecting C compiler ABI info
[0.547s] -- Detecting C compiler ABI info - done
[0.572s] -- Detecting C compile features
[0.572s] -- Detecting C compile features - done
[0.577s] -- Check for working CXX compiler: /usr/bin/c++
[0.732s] -- Check for working CXX compiler: /usr/bin/c++ -- works
[0.738s] -- Detecting CXX compiler ABI info
[0.919s] -- Detecting CXX compiler ABI info - done
[0.940s] -- Detecting CXX compile features
[0.941s] -- Detecting CXX compile features - done
[0.946s] -- Found ament_cmake: 0.9.12 (/opt/ros/foxy/share/ament_cmake/cmake)
[0.997s] -- Found PythonInterp: /usr/bin/python3 (found suitable version "3.8.10", minimum required is "3") 
[0.997s] -- Using PYTHON_EXECUTABLE: /usr/bin/python3
[1.383s] -- Override CMake install command with custom implementation using symlinks instead of copying resources
[1.425s] -- Found rclcpp: 2.4.3 (/opt/ros/foxy/share/rclcpp/cmake)
[1.508s] -- Using all available rosidl_typesupport_c: rosidl_typesupport_fastrtps_c;rosidl_typesupport_introspection_c
[1.520s] -- Found rosidl_adapter: 1.3.1 (/opt/ros/foxy/share/rosidl_adapter/cmake)
[1.647s] -- Found OpenSSL: /usr/lib/aarch64-linux-gnu/libcrypto.so (found version "1.1.1f")  
[1.689s] -- Found FastRTPS: /opt/ros/foxy/include  
[1.820s] -- Using all available rosidl_typesupport_cpp: rosidl_typesupport_fastrtps_cpp;rosidl_typesupport_introspection_cpp
[1.923s] -- Found rmw_implementation_cmake: 1.0.4 (/opt/ros/foxy/share/rmw_implementation_cmake/cmake)
[1.926s] -- Using RMW implementation 'rmw_fastrtps_cpp' as default
[1.928s] -- Looking for pthread.h
[2.077s] -- Looking for pthread.h - found
[2.077s] -- Performing Test CMAKE_HAVE_LIBC_PTHREAD
[2.225s] -- Performing Test CMAKE_HAVE_LIBC_PTHREAD - Failed
[2.225s] -- Looking for pthread_create in pthreads
[2.353s] -- Looking for pthread_create in pthreads - not found
[2.353s] -- Looking for pthread_create in pthread
[2.497s] -- Looking for pthread_create in pthread - found
[2.499s] -- Found Threads: TRUE  
[2.801s] -- Found geometry_msgs: 2.0.5 (/opt/ros/foxy/share/geometry_msgs/cmake)
[3.021s] -- Configuring done
[3.063s] -- Generating done
[3.082s] -- Build files have been written to: /home/hy/Mobility_Challenge/sdk/KAIST_Mobility_Challenge_SDK/examples/build/kmc_hardware_driver_node
[3.100s] Invoked command in '/home/hy/Mobility_Challenge/sdk/KAIST_Mobility_Challenge_SDK/examples/build/kmc_hardware_driver_node' returned '0': CMAKE_PREFIX_PATH=${CMAKE_PREFIX_PATH}:/opt/ros/foxy /usr/bin/cmake /home/hy/Mobility_Challenge/sdk/KAIST_Mobility_Challenge_SDK/examples/Driver_ROS2 -DAMENT_CMAKE_SYMLINK_INSTALL=1 -DCMAKE_INSTALL_PREFIX=/home/hy/Mobility_Challenge/sdk/KAIST_Mobility_Challenge_SDK/examples/install/kmc_hardware_driver_node
[3.107s] Invoking command in '/home/hy/Mobility_Challenge/sdk/KAIST_Mobility_Challenge_SDK/examples/build/kmc_hardware_driver_node': CMAKE_PREFIX_PATH=${CMAKE_PREFIX_PATH}:/opt/ros/foxy /usr/bin/cmake --build /home/hy/Mobility_Challenge/sdk/KAIST_Mobility_Challenge_SDK/examples/build/kmc_hardware_driver_node -- -j4 -l4
[3.190s] [35m[1mScanning dependencies of target KMC_HARDWARE_uart[0m
[3.212s] [  8%] [32mBuilding CXX object kmc_hardware_uart_sdk/CMakeFiles/KMC_HARDWARE_uart.dir/src/KMC_uart_client.cpp.o[0m
[3.213s] [ 16%] [32mBuilding CXX object kmc_hardware_uart_sdk/CMakeFiles/KMC_HARDWARE_uart.dir/src/KMC_serial_port.cpp.o[0m
[3.217s] [ 25%] [32mBuilding CXX object kmc_hardware_uart_sdk/CMakeFiles/KMC_HARDWARE_uart.dir/src/KMC_driver.cpp.o[0m
[5.884s] [ 33%] [32m[1mLinking CXX static library libKMC_HARDWARE_uart.a[0m
[5.978s] [ 33%] Built target KMC_HARDWARE_uart
[5.999s] [35m[1mScanning dependencies of target kmc_hardware_high_rate_control_node[0m
[5.999s] [35m[1mScanning dependencies of target kmc_hardware_driver_read_allstate_node[0m
[5.999s] [35m[1mScanning dependencies of target kmc_hardware_driver_observe_node[0m
[6.000s] [35m[1mScanning dependencies of target kmc_hardware_driver_demo_node[0m
[6.082s] [ 41%] [32mBuilding CXX object CMakeFiles/kmc_hardware_high_rate_control_node.dir/src/high_rate_control_node.cpp.o[0m
[6.086s] [ 50%] [32mBuilding CXX object CMakeFiles/kmc_hardware_driver_observe_node.dir/src/driver_observe_node.cpp.o[0m
[6.095s] [ 58%] [32mBuilding CXX object CMakeFiles/kmc_hardware_driver_demo_node.dir/src/driver_demo_node.cpp.o[0m
[6.143s] [ 66%] [32mBuilding CXX object CMakeFiles/kmc_hardware_driver_read_allstate_node.dir/src/driver_read_allstate_node.cpp.o[0m
[21.047s] [ 75%] [32m[1mLinking CXX executable kmc_hardware_driver_read_allstate_node[0m
[21.450s] [ 83%] [32m[1mLinking CXX executable kmc_hardware_driver_demo_node[0m
[21.460s] [ 91%] [32m[1mLinking CXX executable kmc_hardware_driver_observe_node[0m
[21.886s] [ 91%] Built target kmc_hardware_driver_read_allstate_node
[22.154s] [ 91%] Built target kmc_hardware_driver_demo_node
[22.331s] [ 91%] Built target kmc_hardware_driver_observe_node
[23.103s] [100%] [32m[1mLinking CXX executable kmc_hardware_high_rate_control_node[0m
[23.729s] [100%] Built target kmc_hardware_high_rate_control_node
[23.756s] Invoked command in '/home/hy/Mobility_Challenge/sdk/KAIST_Mobility_Challenge_SDK/examples/build/kmc_hardware_driver_node' returned '0': CMAKE_PREFIX_PATH=${CMAKE_PREFIX_PATH}:/opt/ros/foxy /usr/bin/cmake --build /home/hy/Mobility_Challenge/sdk/KAIST_Mobility_Challenge_SDK/examples/build/kmc_hardware_driver_node -- -j4 -l4
[23.787s] Invoking command in '/home/hy/Mobility_Challenge/sdk/KAIST_Mobility_Challenge_SDK/examples/build/kmc_hardware_driver_node': CMAKE_PREFIX_PATH=${CMAKE_PREFIX_PATH}:/opt/ros/foxy /usr/bin/cmake --install /home/hy/Mobility_Challenge/sdk/KAIST_Mobility_Challenge_SDK/examples/build/kmc_hardware_driver_node
[23.807s] -- Install configuration: ""
[23.807s] -- Execute custom install script
[23.809s] -- Symlinking: /home/hy/Mobility_Challenge/sdk/KAIST_Mobility_Challenge_SDK/examples/install/kmc_hardware_driver_node/share/kmc_hardware_driver_node/web/index.html
[23.828s] -- Symlinking: /home/hy/Mobility_Challenge/sdk/KAIST_Mobility_Challenge_SDK/examples/install/kmc_hardware_driver_node/lib/kmc_hardware_driver_node/kmc_hardware_driver_demo_node
[23.846s] -- Symlinking: /home/hy/Mobility_Challenge/sdk/KAIST_Mobility_Challenge_SDK/examples/install/kmc_hardware_driver_node/lib/kmc_hardware_driver_node/kmc_hardware_driver_observe_node
[23.864s] -- Symlinking: /home/hy/Mobility_Challenge/sdk/KAIST_Mobility_Challenge_SDK/examples/install/kmc_hardware_driver_node/lib/kmc_hardware_driver_node/kmc_hardware_driver_read_allstate_node
[23.883s] -- Symlinking: /home/hy/Mobility_Challenge/sdk/KAIST_Mobility_Challenge_SDK/examples/install/kmc_hardware_driver_node/lib/kmc_hardware_driver_node/kmc_hardware_high_rate_control_node
[23.903s] -- Symlinking: /home/hy/Mobility_Challenge/sdk/KAIST_Mobility_Challenge_SDK/examples/install/kmc_hardware_driver_node/share/ament_index/resource_index/package_run_dependencies/kmc_hardware_driver_node
[23.922s] -- Symlinking: /home/hy/Mobility_Challenge/sdk/KAIST_Mobility_Challenge_SDK/examples/install/kmc_hardware_driver_node/share/ament_index/resource_index/parent_prefix_path/kmc_hardware_driver_node
[23.941s] -- Symlinking: /home/hy/Mobility_Challenge/sdk/KAIST_Mobility_Challenge_SDK/examples/install/kmc_hardware_driver_node/share/kmc_hardware_driver_node/environment/ament_prefix_path.sh
[23.960s] -- Symlinking: /home/hy/Mobility_Challenge/sdk/KAIST_Mobility_Challenge_SDK/examples/install/kmc_hardware_driver_node/share/kmc_hardware_driver_node/environment/ament_prefix_path.dsv
[23.978s] -- Symlinking: /home/hy/Mobility_Challenge/sdk/KAIST_Mobility_Challenge_SDK/examples/install/kmc_hardware_driver_node/share/kmc_hardware_driver_node/environment/path.sh
[23.998s] -- Symlinking: /home/hy/Mobility_Challenge/sdk/KAIST_Mobility_Challenge_SDK/examples/install/kmc_hardware_driver_node/share/kmc_hardware_driver_node/environment/path.dsv
[24.017s] -- Symlinking: /home/hy/Mobility_Challenge/sdk/KAIST_Mobility_Challenge_SDK/examples/install/kmc_hardware_driver_node/share/kmc_hardware_driver_node/local_setup.bash
[24.036s] -- Symlinking: /home/hy/Mobility_Challenge/sdk/KAIST_Mobility_Challenge_SDK/examples/install/kmc_hardware_driver_node/share/kmc_hardware_driver_node/local_setup.sh
[24.055s] -- Symlinking: /home/hy/Mobility_Challenge/sdk/KAIST_Mobility_Challenge_SDK/examples/install/kmc_hardware_driver_node/share/kmc_hardware_driver_node/local_setup.zsh
[24.072s] -- Symlinking: /home/hy/Mobility_Challenge/sdk/KAIST_Mobility_Challenge_SDK/examples/install/kmc_hardware_driver_node/share/kmc_hardware_driver_node/local_setup.dsv
[24.095s] -- Symlinking: /home/hy/Mobility_Challenge/sdk/KAIST_Mobility_Challenge_SDK/examples/install/kmc_hardware_driver_node/share/kmc_hardware_driver_node/package.dsv
[24.116s] -- Symlinking: /home/hy/Mobility_Challenge/sdk/KAIST_Mobility_Challenge_SDK/examples/install/kmc_hardware_driver_node/share/ament_index/resource_index/packages/kmc_hardware_driver_node
[24.135s] -- Symlinking: /home/hy/Mobility_Challenge/sdk/KAIST_Mobility_Challenge_SDK/examples/install/kmc_hardware_driver_node/share/kmc_hardware_driver_node/cmake/kmc_hardware_driver_nodeConfig.cmake
[24.155s] -- Symlinking: /home/hy/Mobility_Challenge/sdk/KAIST_Mobility_Challenge_SDK/examples/install/kmc_hardware_driver_node/share/kmc_hardware_driver_node/cmake/kmc_hardware_driver_nodeConfig-version.cmake
[24.177s] -- Symlinking: /home/hy/Mobility_Challenge/sdk/KAIST_Mobility_Challenge_SDK/examples/install/kmc_hardware_driver_node/share/kmc_hardware_driver_node/package.xml
[24.195s] -- Installing: /home/hy/Mobility_Challenge/sdk/KAIST_Mobility_Challenge_SDK/examples/install/kmc_hardware_driver_node/lib/kmc_hardware_driver_node/kmc_web_joystick_node
[24.202s] Invoked command in '/home/hy/Mobility_Challenge/sdk/KAIST_Mobility_Challenge_SDK/examples/build/kmc_hardware_driver_node' returned '0': CMAKE_PREFIX_PATH=${CMAKE_PREFIX_PATH}:/opt/ros/foxy /usr/bin/cmake --install /home/hy/Mobility_Challenge/sdk/KAIST_Mobility_Challenge_SDK/examples/build/kmc_hardware_driver_node
