[0.504s] DEBUG:colcon:Command line arguments: ['/usr/bin/colcon', 'build', '--symlink-install']
[0.505s] DEBUG:colcon:Parsed command line arguments: Namespace(allow_overriding=[], ament_cmake_args=None, base_paths=['.'], build_base='build', catkin_cmake_args=None, catkin_skip_building_tests=False, cmake_args=None, cmake_clean_cache=False, cmake_clean_first=False, cmake_force_configure=False, cmake_target=None, cmake_target_skip_unavailable=False, continue_on_error=False, event_handlers=None, executor='parallel', ignore_user_meta=False, install_base='install', log_base=None, log_level=None, main=<bound method BuildVerb.main of <colcon_core.verb.build.BuildVerb object at 0xffffa3e5c1f0>>, merge_install=False, metas=['./colcon.meta'], packages_above=None, packages_above_and_dependencies=None, packages_above_depth=None, packages_end=None, packages_ignore=None, packages_ignore_regex=None, packages_select=None, packages_select_build_failed=False, packages_select_by_dep=None, packages_select_regex=None, packages_select_test_failures=False, packages_skip=None, packages_skip_build_finished=False, packages_skip_by_dep=None, packages_skip_regex=None, packages_skip_test_passed=False, packages_skip_up_to=None, packages_start=None, packages_up_to=None, packages_up_to_regex=None, parallel_workers=4, paths=None, symlink_install=True, test_result_base=None, verb_extension=<colcon_core.verb.build.BuildVerb object at 0xffffa3e5c1f0>, verb_name='build', verb_parser=<colcon_defaults.argument_parser.defaults.DefaultArgumentsDecorator object at 0xffffa3e5c970>)
[0.816s] Level 1:colcon.colcon_core.package_discovery:discover_packages(colcon_meta) check parameters
[0.817s] Level 1:colcon.colcon_core.package_discovery:discover_packages(recursive) check parameters
[0.817s] Level 1:colcon.colcon_core.package_discovery:discover_packages(ignore) check parameters
[0.817s] Level 1:colcon.colcon_core.package_discovery:discover_packages(path) check parameters
[0.817s] Level 1:colcon.colcon_core.package_discovery:discover_packages(colcon_meta) discover
[0.817s] Level 1:colcon.colcon_core.package_discovery:discover_packages(recursive) discover
[0.817s] INFO:colcon.colcon_core.package_discovery:Crawling recursively for packages in '/home/hy/Mobility_Challenge/sdk/KAIST_Mobility_Challenge_SDK/examples/Driver_ROS2'
[0.818s] Level 1:colcon.colcon_core.package_identification:_identify(.) by extensions ['ignore', 'ignore_ament_install']
[0.818s] Level 1:colcon.colcon_core.package_identification:_identify(.) by extension 'ignore'
[0.818s] Level 1:colcon.colcon_core.package_identification:_identify(.) by extension 'ignore_ament_install'
[0.819s] Level 1:colcon.colcon_core.package_identification:_identify(.) by extensions ['colcon_pkg']
[0.819s] Level 1:colcon.colcon_core.package_identification:_identify(.) by extension 'colcon_pkg'
[0.819s] Level 1:colcon.colcon_core.package_identification:_identify(.) by extensions ['colcon_meta']
[0.819s] Level 1:colcon.colcon_core.package_identification:_identify(.) by extension 'colcon_meta'
[0.819s] Level 1:colcon.colcon_core.package_identification:_identify(.) by extensions ['ros']
[0.819s] Level 1:colcon.colcon_core.package_identification:_identify(.) by extension 'ros'
[0.850s] DEBUG:colcon.colcon_core.package_identification:Package '.' with type 'ros.ament_cmake' and name 'kmc_hardware_driver_node'
[0.850s] Level 1:colcon.colcon_core.package_discovery:discover_packages(recursive) using defaults
[0.850s] Level 1:colcon.colcon_core.package_discovery:discover_packages(ignore) discover
[0.850s] Level 1:colcon.colcon_core.package_discovery:discover_packages(ignore) using defaults
[0.850s] Level 1:colcon.colcon_core.package_discovery:discover_packages(path) discover
[0.850s] Level 1:colcon.colcon_core.package_discovery:discover_packages(path) using defaults
[0.891s] Level 1:colcon.colcon_core.package_discovery:discover_packages(prefix_path) check parameters
[0.891s] Level 1:colcon.colcon_core.package_discovery:discover_packages(prefix_path) discover
[0.897s] DEBUG:colcon.colcon_installed_package_information.package_discovery:Found 174 installed packages in /opt/ros/foxy
[0.899s] Level 1:colcon.colcon_core.package_discovery:discover_packages(prefix_path) using defaults
[0.978s] Level 5:colcon.colcon_core.verb:set package 'kmc_hardware_driver_node' build argument 'cmake_args' from command line to 'None'
[0.979s] Level 5:colcon.colcon_core.verb:set package 'kmc_hardware_driver_node' build argument 'cmake_target' from command line to 'None'
[0.979s] Level 5:colcon.colcon_core.verb:set package 'kmc_hardware_driver_node' build argument 'cmake_target_skip_unavailable' from command line to 'False'
[0.979s] Level 5:colcon.colcon_core.verb:set package 'kmc_hardware_driver_node' build argument 'cmake_clean_cache' from command line to 'False'
[0.979s] Level 5:colcon.colcon_core.verb:set package 'kmc_hardware_driver_node' build argument 'cmake_clean_first' from command line to 'False'
[0.979s] Level 5:colcon.colcon_core.verb:set package 'kmc_hardware_driver_node' build argument 'cmake_force_configure' from command line to 'False'
[0.979s] Level 5:colcon.colcon_core.verb:set package 'kmc_hardware_driver_node' build argument 'ament_cmake_args' from command line to 'None'
[0.979s] Level 5:colcon.colcon_core.verb:set package 'kmc_hardware_driver_node' build argument 'catkin_cmake_args' from command line to 'None'
[0.979s] Level 5:colcon.colcon_core.verb:set package 'kmc_hardware_driver_node' build argument 'catkin_skip_building_tests' from command line to 'False'
[0.979s] DEBUG:colcon.colcon_core.verb:Building package 'kmc_hardware_driver_node' with the following arguments: {'ament_cmake_args': None, 'build_base': '/home/hy/Mobility_Challenge/sdk/KAIST_Mobility_Challenge_SDK/examples/Driver_ROS2/build/kmc_hardware_driver_node', 'catkin_cmake_args': None, 'catkin_skip_building_tests': False, 'cmake_args': None, 'cmake_clean_cache': False, 'cmake_clean_first': False, 'cmake_force_configure': False, 'cmake_target': None, 'cmake_target_skip_unavailable': False, 'install_base': '/home/hy/Mobility_Challenge/sdk/KAIST_Mobility_Challenge_SDK/examples/Driver_ROS2/install/kmc_hardware_driver_node', 'merge_install': False, 'path': '/home/hy/Mobility_Challenge/sdk/KAIST_Mobility_Challenge_SDK/examples/Driver_ROS2', 'symlink_install': True, 'test_result_base': None}
[0.979s] INFO:colcon.colcon_core.executor:Executing jobs using 'parallel' executor
[0.982s] DEBUG:colcon.colcon_parallel_executor.executor.parallel:run_until_complete
[0.982s] INFO:colcon.colcon_ros.task.ament_cmake.build:Building ROS package in '/home/hy/Mobility_Challenge/sdk/KAIST_Mobility_Challenge_SDK/examples/Driver_ROS2' with build type 'ament_cmake'
[0.982s] INFO:colcon.colcon_cmake.task.cmake.build:Building CMake package in '/home/hy/Mobility_Challenge/sdk/KAIST_Mobility_Challenge_SDK/examples/Driver_ROS2'
[0.989s] INFO:colcon.colcon_core.plugin_system:Skipping extension 'colcon_core.shell.bat': Not used on non-Windows systems
[0.989s] INFO:colcon.colcon_core.shell:Skip shell extension 'powershell' for command environment: Not usable outside of PowerShell
[0.989s] DEBUG:colcon.colcon_core.shell:Skip shell extension 'dsv' for command environment
[1.006s] DEBUG:colcon.colcon_core.event_handler.log_command:Invoking command in '/home/hy/Mobility_Challenge/sdk/KAIST_Mobility_Challenge_SDK/examples/Driver_ROS2/build/kmc_hardware_driver_node': CMAKE_PREFIX_PATH=/opt/ros/foxy /usr/bin/cmake /home/hy/Mobility_Challenge/sdk/KAIST_Mobility_Challenge_SDK/examples/Driver_ROS2 -DAMENT_CMAKE_SYMLINK_INSTALL=1 -DCMAKE_INSTALL_PREFIX=/home/hy/Mobility_Challenge/sdk/KAIST_Mobility_Challenge_SDK/examples/Driver_ROS2/install/kmc_hardware_driver_node
[4.224s] DEBUG:colcon.colcon_core.event_handler.log_command:Invoked command in '/home/hy/Mobility_Challenge/sdk/KAIST_Mobility_Challenge_SDK/examples/Driver_ROS2/build/kmc_hardware_driver_node' returned '0': CMAKE_PREFIX_PATH=/opt/ros/foxy /usr/bin/cmake /home/hy/Mobility_Challenge/sdk/KAIST_Mobility_Challenge_SDK/examples/Driver_ROS2 -DAMENT_CMAKE_SYMLINK_INSTALL=1 -DCMAKE_INSTALL_PREFIX=/home/hy/Mobility_Challenge/sdk/KAIST_Mobility_Challenge_SDK/examples/Driver_ROS2/install/kmc_hardware_driver_node
[4.226s] DEBUG:colcon.colcon_core.event_handler.log_command:Invoking command in '/home/hy/Mobility_Challenge/sdk/KAIST_Mobility_Challenge_SDK/examples/Driver_ROS2/build/kmc_hardware_driver_node': CMAKE_PREFIX_PATH=/opt/ros/foxy /usr/bin/cmake --build /home/hy/Mobility_Challenge/sdk/KAIST_Mobility_Challenge_SDK/examples/Driver_ROS2/build/kmc_hardware_driver_node -- -j4 -l4
[27.924s] DEBUG:colcon.colcon_core.event_handler.log_command:Invoked command in '/home/hy/Mobility_Challenge/sdk/KAIST_Mobility_Challenge_SDK/examples/Driver_ROS2/build/kmc_hardware_driver_node' returned '0': CMAKE_PREFIX_PATH=/opt/ros/foxy /usr/bin/cmake --build /home/hy/Mobility_Challenge/sdk/KAIST_Mobility_Challenge_SDK/examples/Driver_ROS2/build/kmc_hardware_driver_node -- -j4 -l4
[27.954s] DEBUG:colcon.colcon_core.event_handler.log_command:Invoking command in '/home/hy/Mobility_Challenge/sdk/KAIST_Mobility_Challenge_SDK/examples/Driver_ROS2/build/kmc_hardware_driver_node': CMAKE_PREFIX_PATH=/opt/ros/foxy /usr/bin/cmake --install /home/hy/Mobility_Challenge/sdk/KAIST_Mobility_Challenge_SDK/examples/Driver_ROS2/build/kmc_hardware_driver_node
[28.345s] Level 1:colcon.colcon_core.environment:create_environment_scripts_only(kmc_hardware_driver_node)
[28.347s] DEBUG:colcon.colcon_core.event_handler.log_command:Invoked command in '/home/hy/Mobility_Challenge/sdk/KAIST_Mobility_Challenge_SDK/examples/Driver_ROS2/build/kmc_hardware_driver_node' returned '0': CMAKE_PREFIX_PATH=/opt/ros/foxy /usr/bin/cmake --install /home/hy/Mobility_Challenge/sdk/KAIST_Mobility_Challenge_SDK/examples/Driver_ROS2/build/kmc_hardware_driver_node
[28.355s] Level 1:colcon.colcon_core.environment:checking '/home/hy/Mobility_Challenge/sdk/KAIST_Mobility_Challenge_SDK/examples/Driver_ROS2/install/kmc_hardware_driver_node' for CMake module files
[28.360s] Level 1:colcon.colcon_core.environment:checking '/home/hy/Mobility_Challenge/sdk/KAIST_Mobility_Challenge_SDK/examples/Driver_ROS2/install/kmc_hardware_driver_node' for CMake config files
[28.361s] Level 1:colcon.colcon_core.shell:create_environment_hook('kmc_hardware_driver_node', 'cmake_prefix_path')
[28.362s] INFO:colcon.colcon_core.shell:Creating environment hook '/home/hy/Mobility_Challenge/sdk/KAIST_Mobility_Challenge_SDK/examples/Driver_ROS2/install/kmc_hardware_driver_node/share/kmc_hardware_driver_node/hook/cmake_prefix_path.ps1'
[28.364s] INFO:colcon.colcon_core.shell:Creating environment descriptor '/home/hy/Mobility_Challenge/sdk/KAIST_Mobility_Challenge_SDK/examples/Driver_ROS2/install/kmc_hardware_driver_node/share/kmc_hardware_driver_node/hook/cmake_prefix_path.dsv'
[28.366s] INFO:colcon.colcon_core.shell:Creating environment hook '/home/hy/Mobility_Challenge/sdk/KAIST_Mobility_Challenge_SDK/examples/Driver_ROS2/install/kmc_hardware_driver_node/share/kmc_hardware_driver_node/hook/cmake_prefix_path.sh'
[28.370s] Level 1:colcon.colcon_core.environment:checking '/home/hy/Mobility_Challenge/sdk/KAIST_Mobility_Challenge_SDK/examples/Driver_ROS2/install/kmc_hardware_driver_node/lib'
[28.370s] Level 1:colcon.colcon_core.environment:checking '/home/hy/Mobility_Challenge/sdk/KAIST_Mobility_Challenge_SDK/examples/Driver_ROS2/install/kmc_hardware_driver_node/bin'
[28.371s] Level 1:colcon.colcon_core.environment:checking '/home/hy/Mobility_Challenge/sdk/KAIST_Mobility_Challenge_SDK/examples/Driver_ROS2/install/kmc_hardware_driver_node/lib/pkgconfig/kmc_hardware_driver_node.pc'
[28.371s] Level 1:colcon.colcon_core.environment:checking '/home/hy/Mobility_Challenge/sdk/KAIST_Mobility_Challenge_SDK/examples/Driver_ROS2/install/kmc_hardware_driver_node/lib/python3.8/site-packages'
[28.372s] Level 1:colcon.colcon_core.environment:checking '/home/hy/Mobility_Challenge/sdk/KAIST_Mobility_Challenge_SDK/examples/Driver_ROS2/install/kmc_hardware_driver_node/bin'
[28.373s] INFO:colcon.colcon_core.shell:Creating package script '/home/hy/Mobility_Challenge/sdk/KAIST_Mobility_Challenge_SDK/examples/Driver_ROS2/install/kmc_hardware_driver_node/share/kmc_hardware_driver_node/package.ps1'
[28.376s] INFO:colcon.colcon_core.shell:Creating package descriptor '/home/hy/Mobility_Challenge/sdk/KAIST_Mobility_Challenge_SDK/examples/Driver_ROS2/install/kmc_hardware_driver_node/share/kmc_hardware_driver_node/package.dsv'
[28.377s] INFO:colcon.colcon_core.shell:Creating package script '/home/hy/Mobility_Challenge/sdk/KAIST_Mobility_Challenge_SDK/examples/Driver_ROS2/install/kmc_hardware_driver_node/share/kmc_hardware_driver_node/package.sh'
[28.379s] INFO:colcon.colcon_core.shell:Creating package script '/home/hy/Mobility_Challenge/sdk/KAIST_Mobility_Challenge_SDK/examples/Driver_ROS2/install/kmc_hardware_driver_node/share/kmc_hardware_driver_node/package.bash'
[28.382s] INFO:colcon.colcon_core.shell:Creating package script '/home/hy/Mobility_Challenge/sdk/KAIST_Mobility_Challenge_SDK/examples/Driver_ROS2/install/kmc_hardware_driver_node/share/kmc_hardware_driver_node/package.zsh'
[28.384s] Level 1:colcon.colcon_core.environment:create_file_with_runtime_dependencies(/home/hy/Mobility_Challenge/sdk/KAIST_Mobility_Challenge_SDK/examples/Driver_ROS2/install/kmc_hardware_driver_node/share/colcon-core/packages/kmc_hardware_driver_node)
[28.386s] Level 1:colcon.colcon_core.environment:create_environment_scripts_only(kmc_hardware_driver_node)
[28.386s] Level 1:colcon.colcon_core.environment:checking '/home/hy/Mobility_Challenge/sdk/KAIST_Mobility_Challenge_SDK/examples/Driver_ROS2/install/kmc_hardware_driver_node' for CMake module files
[28.388s] Level 1:colcon.colcon_core.environment:checking '/home/hy/Mobility_Challenge/sdk/KAIST_Mobility_Challenge_SDK/examples/Driver_ROS2/install/kmc_hardware_driver_node' for CMake config files
[28.389s] Level 1:colcon.colcon_core.shell:create_environment_hook('kmc_hardware_driver_node', 'cmake_prefix_path')
[28.389s] INFO:colcon.colcon_core.shell:Creating environment hook '/home/hy/Mobility_Challenge/sdk/KAIST_Mobility_Challenge_SDK/examples/Driver_ROS2/install/kmc_hardware_driver_node/share/kmc_hardware_driver_node/hook/cmake_prefix_path.ps1'
[28.391s] INFO:colcon.colcon_core.shell:Creating environment descriptor '/home/hy/Mobility_Challenge/sdk/KAIST_Mobility_Challenge_SDK/examples/Driver_ROS2/install/kmc_hardware_driver_node/share/kmc_hardware_driver_node/hook/cmake_prefix_path.dsv'
[28.391s] INFO:colcon.colcon_core.shell:Creating environment hook '/home/hy/Mobility_Challenge/sdk/KAIST_Mobility_Challenge_SDK/examples/Driver_ROS2/install/kmc_hardware_driver_node/share/kmc_hardware_driver_node/hook/cmake_prefix_path.sh'
[28.393s] Level 1:colcon.colcon_core.environment:checking '/home/hy/Mobility_Challenge/sdk/KAIST_Mobility_Challenge_SDK/examples/Driver_ROS2/install/kmc_hardware_driver_node/lib'
[28.393s] Level 1:colcon.colcon_core.environment:checking '/home/hy/Mobility_Challenge/sdk/KAIST_Mobility_Challenge_SDK/examples/Driver_ROS2/install/kmc_hardware_driver_node/bin'
[28.393s] Level 1:colcon.colcon_core.environment:checking '/home/hy/Mobility_Challenge/sdk/KAIST_Mobility_Challenge_SDK/examples/Driver_ROS2/install/kmc_hardware_driver_node/lib/pkgconfig/kmc_hardware_driver_node.pc'
[28.394s] Level 1:colcon.colcon_core.environment:checking '/home/hy/Mobility_Challenge/sdk/KAIST_Mobility_Challenge_SDK/examples/Driver_ROS2/install/kmc_hardware_driver_node/lib/python3.8/site-packages'
[28.395s] Level 1:colcon.colcon_core.environment:checking '/home/hy/Mobility_Challenge/sdk/KAIST_Mobility_Challenge_SDK/examples/Driver_ROS2/install/kmc_hardware_driver_node/bin'
[28.395s] INFO:colcon.colcon_core.shell:Creating package script '/home/hy/Mobility_Challenge/sdk/KAIST_Mobility_Challenge_SDK/examples/Driver_ROS2/install/kmc_hardware_driver_node/share/kmc_hardware_driver_node/package.ps1'
[28.396s] INFO:colcon.colcon_core.shell:Creating package descriptor '/home/hy/Mobility_Challenge/sdk/KAIST_Mobility_Challenge_SDK/examples/Driver_ROS2/install/kmc_hardware_driver_node/share/kmc_hardware_driver_node/package.dsv'
[28.398s] INFO:colcon.colcon_core.shell:Creating package script '/home/hy/Mobility_Challenge/sdk/KAIST_Mobility_Challenge_SDK/examples/Driver_ROS2/install/kmc_hardware_driver_node/share/kmc_hardware_driver_node/package.sh'
[28.399s] INFO:colcon.colcon_core.shell:Creating package script '/home/hy/Mobility_Challenge/sdk/KAIST_Mobility_Challenge_SDK/examples/Driver_ROS2/install/kmc_hardware_driver_node/share/kmc_hardware_driver_node/package.bash'
[28.399s] INFO:colcon.colcon_core.shell:Creating package script '/home/hy/Mobility_Challenge/sdk/KAIST_Mobility_Challenge_SDK/examples/Driver_ROS2/install/kmc_hardware_driver_node/share/kmc_hardware_driver_node/package.zsh'
[28.400s] Level 1:colcon.colcon_core.environment:create_file_with_runtime_dependencies(/home/hy/Mobility_Challenge/sdk/KAIST_Mobility_Challenge_SDK/examples/Driver_ROS2/install/kmc_hardware_driver_node/share/colcon-core/packages/kmc_hardware_driver_node)
[28.401s] DEBUG:colcon.colcon_parallel_executor.executor.parallel:closing loop
[28.402s] DEBUG:colcon.colcon_parallel_executor.executor.parallel:loop closed
[28.402s] DEBUG:colcon.colcon_parallel_executor.executor.parallel:run_until_complete finished with '0'
[28.402s] DEBUG:colcon.colcon_core.event_reactor:joining thread
[28.444s] INFO:colcon.colcon_core.plugin_system:Skipping extension 'colcon_notification.desktop_notification.terminal_notifier': Not used on non-Darwin systems
[28.444s] INFO:colcon.colcon_core.plugin_system:Skipping extension 'colcon_notification.desktop_notification.win32': Not used on non-Windows systems
[28.444s] INFO:colcon.colcon_notification.desktop_notification:Sending desktop notification using 'notify2'
[28.475s] DEBUG:colcon.colcon_core.event_reactor:joined thread
[28.477s] INFO:colcon.colcon_core.shell:Creating prefix script '/home/hy/Mobility_Challenge/sdk/KAIST_Mobility_Challenge_SDK/examples/Driver_ROS2/install/local_setup.ps1'
[28.479s] INFO:colcon.colcon_core.shell:Creating prefix util module '/home/hy/Mobility_Challenge/sdk/KAIST_Mobility_Challenge_SDK/examples/Driver_ROS2/install/_local_setup_util_ps1.py'
[28.482s] INFO:colcon.colcon_core.shell:Creating prefix chain script '/home/hy/Mobility_Challenge/sdk/KAIST_Mobility_Challenge_SDK/examples/Driver_ROS2/install/setup.ps1'
[28.485s] INFO:colcon.colcon_core.shell:Creating prefix script '/home/hy/Mobility_Challenge/sdk/KAIST_Mobility_Challenge_SDK/examples/Driver_ROS2/install/local_setup.sh'
[28.487s] INFO:colcon.colcon_core.shell:Creating prefix util module '/home/hy/Mobility_Challenge/sdk/KAIST_Mobility_Challenge_SDK/examples/Driver_ROS2/install/_local_setup_util_sh.py'
[28.488s] INFO:colcon.colcon_core.shell:Creating prefix chain script '/home/hy/Mobility_Challenge/sdk/KAIST_Mobility_Challenge_SDK/examples/Driver_ROS2/install/setup.sh'
[28.490s] INFO:colcon.colcon_core.shell:Creating prefix script '/home/hy/Mobility_Challenge/sdk/KAIST_Mobility_Challenge_SDK/examples/Driver_ROS2/install/local_setup.bash'
[28.492s] INFO:colcon.colcon_core.shell:Creating prefix chain script '/home/hy/Mobility_Challenge/sdk/KAIST_Mobility_Challenge_SDK/examples/Driver_ROS2/install/setup.bash'
[28.494s] INFO:colcon.colcon_core.shell:Creating prefix script '/home/hy/Mobility_Challenge/sdk/KAIST_Mobility_Challenge_SDK/examples/Driver_ROS2/install/local_setup.zsh'
[28.495s] INFO:colcon.colcon_core.shell:Creating prefix chain script '/home/hy/Mobility_Challenge/sdk/KAIST_Mobility_Challenge_SDK/examples/Driver_ROS2/install/setup.zsh'
