[0.481s] Invoking command in '/home/hy/Mobility_Challenge/ros2_ws/build/p3_cpp': CMAKE_PREFIX_PATH=/opt/ros/foxy /usr/bin/cmake --build /home/hy/Mobility_Challenge/ros2_ws/build/p3_cpp -- -j4 -l4
[0.540s] -- Found ament_cmake: 0.9.12 (/opt/ros/foxy/share/ament_cmake/cmake)
[0.590s] -- Using PYTHON_EXECUTABLE: /usr/bin/python3
[0.942s] -- Override CMake install command with custom implementation using symlinks instead of copying resources
[0.957s] -- Found rclcpp: 2.4.3 (/opt/ros/foxy/share/rclcpp/cmake)
[1.018s] -- Using all available rosidl_typesupport_c: rosidl_typesupport_fastrtps_c;rosidl_typesupport_introspection_c
[1.024s] -- Found rosidl_adapter: 1.3.1 (/opt/ros/foxy/share/rosidl_adapter/cmake)
[1.229s] -- Using all available rosidl_typesupport_cpp: rosidl_typesupport_fastrtps_cpp;rosidl_typesupport_introspection_cpp
[1.326s] -- Found rmw_implementation_cmake: 1.0.4 (/opt/ros/foxy/share/rmw_implementation_cmake/cmake)
[1.329s] -- Using RMW implementation 'rmw_fastrtps_cpp' as default
[1.605s] -- Found geometry_msgs: 2.0.5 (/opt/ros/foxy/share/geometry_msgs/cmake)
[1.673s] -- Found tf2: 0.13.14 (/opt/ros/foxy/share/tf2/cmake)
[1.696s] -- Found tf2_geometry_msgs: 0.13.14 (/opt/ros/foxy/share/tf2_geometry_msgs/cmake)
[1.712s] -- Found eigen3_cmake_module: 0.1.1 (/opt/ros/foxy/share/eigen3_cmake_module/cmake)
[1.717s] -- Found Eigen3: TRUE (found version "3.3.7") 
[2.470s] -- Found ament_lint_auto: 0.9.8 (/opt/ros/foxy/share/ament_lint_auto/cmake)
[2.612s] -- Added test 'cpplint' to check C / C++ code against the Google style
[2.612s] -- Configured cpplint exclude dirs and/or files: 
[2.613s] -- Added test 'flake8' to check Python code syntax and style conventions
[2.615s] -- Added test 'lint_cmake' to check CMake code style
[2.617s] -- Added test 'pep257' to check Python code against some of the style conventions in PEP 257
[2.624s] -- Added test 'uncrustify' to check C / C++ code style
[2.624s] -- Configured uncrustify additional arguments: 
[2.626s] -- Added test 'xmllint' to check XML markup files
[2.634s] -- Configuring done
[2.667s] -- Generating done
[2.683s] -- Build files have been written to: /home/hy/Mobility_Challenge/ros2_ws/build/p3_cpp
[2.737s] [35m[1mScanning dependencies of target main_p3[0m
[2.738s] [35m[1mScanning dependencies of target control_p3[0m
[2.774s] [ 25%] [32mBuilding CXX object CMakeFiles/control_p3.dir/src/control_p3.cpp.o[0m
[2.775s] [ 50%] [32mBuilding CXX object CMakeFiles/main_p3.dir/src/main_p3.cpp.o[0m
[6.340s] [01m[K/home/hy/Mobility_Challenge/ros2_ws/src/p3_cpp/src/main_p3.cpp:[m[K In lambda function:
[6.340s] [01m[K/home/hy/Mobility_Challenge/ros2_ws/src/p3_cpp/src/main_p3.cpp:233:55:[m[K [01;35m[Kwarning: [m[Kcomparison of integer expressions of different signedness: ‘[01m[Kstd::deque<double>::size_type[m[K’ {aka ‘[01m[Klong unsigned int[m[K’} and ‘[01m[Kconst int[m[K’ [[01;35m[K-Wsign-compare[m[K]
[6.340s]   233 |                             if ([01;35m[Khv_vel_buffer_.size() > vel_buffer_size_[m[K) {
[6.340s]       |                                 [01;35m[K~~~~~~~~~~~~~~~~~~~~~~^~~~~~~~~~~~~~~~~~[m[K
[6.419s] [01m[K/home/hy/Mobility_Challenge/ros2_ws/src/p3_cpp/src/main_p3.cpp:[m[K In member function ‘[01m[Kvoid MainTrafficController::process_roundabout_path_decision(Vehicle&, const string&, const string&)[m[K’:
[6.419s] [01m[K/home/hy/Mobility_Challenge/ros2_ws/src/p3_cpp/src/main_p3.cpp:421:79:[m[K [01;35m[Kwarning: [m[Kunused parameter ‘[01m[Kzone[m[K’ [[01;35m[K-Wunused-parameter[m[K]
[6.419s]   421 |     void process_roundabout_path_decision(Vehicle& my_cav, [01;35m[Kconst std::string& zone[m[K, const std::string& my_id) {
[6.419s]       |                                                            [01;35m[K~~~~~~~~~~~~~~~~~~~^~~~[m[K
[6.420s] [01m[K/home/hy/Mobility_Challenge/ros2_ws/src/p3_cpp/src/main_p3.cpp:421:104:[m[K [01;35m[Kwarning: [m[Kunused parameter ‘[01m[Kmy_id[m[K’ [[01;35m[K-Wunused-parameter[m[K]
[6.420s]   421 |     void process_roundabout_path_decision(Vehicle& my_cav, const std::string& zone, [01;35m[Kconst std::string& my_id[m[K) {
[6.420s]       |                                                                                     [01;35m[K~~~~~~~~~~~~~~~~~~~^~~~~[m[K
[17.320s] [ 75%] [32m[1mLinking CXX executable main_p3[0m
[17.974s] [ 75%] Built target main_p3
[21.561s] [100%] [32m[1mLinking CXX executable control_p3[0m
[22.363s] [100%] Built target control_p3
[22.386s] Invoked command in '/home/hy/Mobility_Challenge/ros2_ws/build/p3_cpp' returned '0': CMAKE_PREFIX_PATH=/opt/ros/foxy /usr/bin/cmake --build /home/hy/Mobility_Challenge/ros2_ws/build/p3_cpp -- -j4 -l4
[22.393s] Invoking command in '/home/hy/Mobility_Challenge/ros2_ws/build/p3_cpp': CMAKE_PREFIX_PATH=/opt/ros/foxy /usr/bin/cmake --install /home/hy/Mobility_Challenge/ros2_ws/build/p3_cpp
[22.410s] -- Install configuration: ""
[22.410s] -- Execute custom install script
[22.412s] -- Up-to-date symlink: /home/hy/Mobility_Challenge/ros2_ws/install/p3_cpp/lib/p3_cpp/control_p3
[22.412s] -- Up-to-date symlink: /home/hy/Mobility_Challenge/ros2_ws/install/p3_cpp/lib/p3_cpp/main_p3
[22.413s] -- Symlinking: /home/hy/Mobility_Challenge/ros2_ws/install/p3_cpp/share/p3_cpp/launch/control.launch.py
[22.431s] -- Symlinking: /home/hy/Mobility_Challenge/ros2_ws/install/p3_cpp/share/p3_cpp/launch/main.launch.py
[22.450s] -- Symlinking: /home/hy/Mobility_Challenge/ros2_ws/install/p3_cpp/share/p3_cpp/tool/Readme.md
[22.467s] -- Symlinking: /home/hy/Mobility_Challenge/ros2_ws/install/p3_cpp/share/p3_cpp/tool/cav1p1.csv
[22.484s] -- Symlinking: /home/hy/Mobility_Challenge/ros2_ws/install/p3_cpp/share/p3_cpp/tool/cav1p3.csv
[22.501s] -- Symlinking: /home/hy/Mobility_Challenge/ros2_ws/install/p3_cpp/share/p3_cpp/tool/cav1p3_inside.csv
[22.520s] -- Symlinking: /home/hy/Mobility_Challenge/ros2_ws/install/p3_cpp/share/p3_cpp/tool/cav2p3.csv
[22.538s] -- Symlinking: /home/hy/Mobility_Challenge/ros2_ws/install/p3_cpp/share/p3_cpp/tool/cav2p3_inside.csv
[22.556s] -- Symlinking: /home/hy/Mobility_Challenge/ros2_ws/install/p3_cpp/share/p3_cpp/tool/cav3p3.csv
[22.573s] -- Symlinking: /home/hy/Mobility_Challenge/ros2_ws/install/p3_cpp/share/p3_cpp/tool/cav3p3_inside.csv
[22.591s] -- Symlinking: /home/hy/Mobility_Challenge/ros2_ws/install/p3_cpp/share/p3_cpp/tool/cav4p3.csv
[22.608s] -- Symlinking: /home/hy/Mobility_Challenge/ros2_ws/install/p3_cpp/share/p3_cpp/tool/cav4p3_inside.csv
[22.626s] -- Symlinking: /home/hy/Mobility_Challenge/ros2_ws/install/p3_cpp/share/p3_cpp/tool/csv_to_json.py
[22.644s] -- Symlinking: /home/hy/Mobility_Challenge/ros2_ws/install/p3_cpp/share/p3_cpp/tool/node_info.png
[22.661s] -- Symlinking: /home/hy/Mobility_Challenge/ros2_ws/install/p3_cpp/share/p3_cpp/tool/p1_1.csv
[22.680s] -- Symlinking: /home/hy/Mobility_Challenge/ros2_ws/install/p3_cpp/share/p3_cpp/tool/p1_2.csv
[22.698s] -- Symlinking: /home/hy/Mobility_Challenge/ros2_ws/install/p3_cpp/share/p3_cpp/tool/path_generator.py
[22.717s] -- Symlinking: /home/hy/Mobility_Challenge/ros2_ws/install/p3_cpp/share/p3_cpp/tool/waypoint/10_13.csv
[22.734s] -- Symlinking: /home/hy/Mobility_Challenge/ros2_ws/install/p3_cpp/share/p3_cpp/tool/waypoint/11_16.csv
[22.752s] -- Symlinking: /home/hy/Mobility_Challenge/ros2_ws/install/p3_cpp/share/p3_cpp/tool/waypoint/12_15.csv
[22.770s] -- Symlinking: /home/hy/Mobility_Challenge/ros2_ws/install/p3_cpp/share/p3_cpp/tool/waypoint/13_14.csv
[22.788s] -- Symlinking: /home/hy/Mobility_Challenge/ros2_ws/install/p3_cpp/share/p3_cpp/tool/waypoint/14_17.csv
[22.807s] -- Symlinking: /home/hy/Mobility_Challenge/ros2_ws/install/p3_cpp/share/p3_cpp/tool/waypoint/15_18.csv
[22.825s] -- Symlinking: /home/hy/Mobility_Challenge/ros2_ws/install/p3_cpp/share/p3_cpp/tool/waypoint/15_60.csv
[22.843s] -- Symlinking: /home/hy/Mobility_Challenge/ros2_ws/install/p3_cpp/share/p3_cpp/tool/waypoint/16_19.csv
[22.860s] -- Symlinking: /home/hy/Mobility_Challenge/ros2_ws/install/p3_cpp/share/p3_cpp/tool/waypoint/16_61.csv
[22.877s] -- Symlinking: /home/hy/Mobility_Challenge/ros2_ws/install/p3_cpp/share/p3_cpp/tool/waypoint/17_20.csv
[22.896s] -- Symlinking: /home/hy/Mobility_Challenge/ros2_ws/install/p3_cpp/share/p3_cpp/tool/waypoint/18_21.csv
[22.914s] -- Symlinking: /home/hy/Mobility_Challenge/ros2_ws/install/p3_cpp/share/p3_cpp/tool/waypoint/19_22.csv
[22.932s] -- Symlinking: /home/hy/Mobility_Challenge/ros2_ws/install/p3_cpp/share/p3_cpp/tool/waypoint/1_3.csv
[22.950s] -- Symlinking: /home/hy/Mobility_Challenge/ros2_ws/install/p3_cpp/share/p3_cpp/tool/waypoint/20_23.csv
[22.967s] -- Symlinking: /home/hy/Mobility_Challenge/ros2_ws/install/p3_cpp/share/p3_cpp/tool/waypoint/21_24.csv
[22.984s] -- Symlinking: /home/hy/Mobility_Challenge/ros2_ws/install/p3_cpp/share/p3_cpp/tool/waypoint/21_51.csv
[23.002s] -- Symlinking: /home/hy/Mobility_Challenge/ros2_ws/install/p3_cpp/share/p3_cpp/tool/waypoint/22_25.csv
[23.020s] -- Symlinking: /home/hy/Mobility_Challenge/ros2_ws/install/p3_cpp/share/p3_cpp/tool/waypoint/22_50.csv
[23.037s] -- Symlinking: /home/hy/Mobility_Challenge/ros2_ws/install/p3_cpp/share/p3_cpp/tool/waypoint/23_26.csv
[23.055s] -- Symlinking: /home/hy/Mobility_Challenge/ros2_ws/install/p3_cpp/share/p3_cpp/tool/waypoint/24_27.csv
[23.072s] -- Symlinking: /home/hy/Mobility_Challenge/ros2_ws/install/p3_cpp/share/p3_cpp/tool/waypoint/24_37.csv
[23.089s] -- Symlinking: /home/hy/Mobility_Challenge/ros2_ws/install/p3_cpp/share/p3_cpp/tool/waypoint/25_28.csv
[23.108s] -- Symlinking: /home/hy/Mobility_Challenge/ros2_ws/install/p3_cpp/share/p3_cpp/tool/waypoint/25_36.csv
[23.126s] -- Symlinking: /home/hy/Mobility_Challenge/ros2_ws/install/p3_cpp/share/p3_cpp/tool/waypoint/26_29.csv
[23.143s] -- Symlinking: /home/hy/Mobility_Challenge/ros2_ws/install/p3_cpp/share/p3_cpp/tool/waypoint/27_30.csv
[23.160s] -- Symlinking: /home/hy/Mobility_Challenge/ros2_ws/install/p3_cpp/share/p3_cpp/tool/waypoint/27_31.csv
[23.177s] -- Symlinking: /home/hy/Mobility_Challenge/ros2_ws/install/p3_cpp/share/p3_cpp/tool/waypoint/28_31.csv
[23.196s] -- Symlinking: /home/hy/Mobility_Challenge/ros2_ws/install/p3_cpp/share/p3_cpp/tool/waypoint/28_32.csv
[23.214s] -- Symlinking: /home/hy/Mobility_Challenge/ros2_ws/install/p3_cpp/share/p3_cpp/tool/waypoint/29_2.csv
[23.232s] -- Symlinking: /home/hy/Mobility_Challenge/ros2_ws/install/p3_cpp/share/p3_cpp/tool/waypoint/2_4.csv
[23.249s] -- Symlinking: /home/hy/Mobility_Challenge/ros2_ws/install/p3_cpp/share/p3_cpp/tool/waypoint/30_1.csv
[23.268s] -- Symlinking: /home/hy/Mobility_Challenge/ros2_ws/install/p3_cpp/share/p3_cpp/tool/waypoint/31_1.csv
[23.286s] -- Symlinking: /home/hy/Mobility_Challenge/ros2_ws/install/p3_cpp/share/p3_cpp/tool/waypoint/32_5.csv
[23.304s] -- Symlinking: /home/hy/Mobility_Challenge/ros2_ws/install/p3_cpp/share/p3_cpp/tool/waypoint/33_31.csv
[23.322s] -- Symlinking: /home/hy/Mobility_Challenge/ros2_ws/install/p3_cpp/share/p3_cpp/tool/waypoint/34_27.csv
[23.340s] -- Symlinking: /home/hy/Mobility_Challenge/ros2_ws/install/p3_cpp/share/p3_cpp/tool/waypoint/35_28.csv
[23.357s] -- Symlinking: /home/hy/Mobility_Challenge/ros2_ws/install/p3_cpp/share/p3_cpp/tool/waypoint/36_38.csv
[23.376s] -- Symlinking: /home/hy/Mobility_Challenge/ros2_ws/install/p3_cpp/share/p3_cpp/tool/waypoint/37_38.csv
[23.394s] -- Symlinking: /home/hy/Mobility_Challenge/ros2_ws/install/p3_cpp/share/p3_cpp/tool/waypoint/37_39.csv
[23.411s] -- Symlinking: /home/hy/Mobility_Challenge/ros2_ws/install/p3_cpp/share/p3_cpp/tool/waypoint/38_41.csv
[23.429s] -- Symlinking: /home/hy/Mobility_Challenge/ros2_ws/install/p3_cpp/share/p3_cpp/tool/waypoint/38_48.csv
[23.446s] -- Symlinking: /home/hy/Mobility_Challenge/ros2_ws/install/p3_cpp/share/p3_cpp/tool/waypoint/38_49.csv
[23.464s] -- Symlinking: /home/hy/Mobility_Challenge/ros2_ws/install/p3_cpp/share/p3_cpp/tool/waypoint/39_40.csv
[23.481s] -- Symlinking: /home/hy/Mobility_Challenge/ros2_ws/install/p3_cpp/share/p3_cpp/tool/waypoint/39_49.csv
[23.499s] -- Symlinking: /home/hy/Mobility_Challenge/ros2_ws/install/p3_cpp/share/p3_cpp/tool/waypoint/3_33.csv
[23.516s] -- Symlinking: /home/hy/Mobility_Challenge/ros2_ws/install/p3_cpp/share/p3_cpp/tool/waypoint/3_6.csv
[23.533s] -- Symlinking: /home/hy/Mobility_Challenge/ros2_ws/install/p3_cpp/share/p3_cpp/tool/waypoint/3_7.csv
[23.552s] -- Symlinking: /home/hy/Mobility_Challenge/ros2_ws/install/p3_cpp/share/p3_cpp/tool/waypoint/40_43.csv
[23.570s] -- Symlinking: /home/hy/Mobility_Challenge/ros2_ws/install/p3_cpp/share/p3_cpp/tool/waypoint/40_63.csv
[23.587s] -- Symlinking: /home/hy/Mobility_Challenge/ros2_ws/install/p3_cpp/share/p3_cpp/tool/waypoint/41_42.csv
[23.604s] -- Symlinking: /home/hy/Mobility_Challenge/ros2_ws/install/p3_cpp/share/p3_cpp/tool/waypoint/41_43.csv
[23.622s] -- Symlinking: /home/hy/Mobility_Challenge/ros2_ws/install/p3_cpp/share/p3_cpp/tool/waypoint/41_62.csv
[23.640s] -- Symlinking: /home/hy/Mobility_Challenge/ros2_ws/install/p3_cpp/share/p3_cpp/tool/waypoint/42_8.csv
[23.657s] -- Symlinking: /home/hy/Mobility_Challenge/ros2_ws/install/p3_cpp/share/p3_cpp/tool/waypoint/43_9.csv
[23.675s] -- Symlinking: /home/hy/Mobility_Challenge/ros2_ws/install/p3_cpp/share/p3_cpp/tool/waypoint/44_63.csv
[23.692s] -- Symlinking: /home/hy/Mobility_Challenge/ros2_ws/install/p3_cpp/share/p3_cpp/tool/waypoint/45_62.csv
[23.710s] -- Symlinking: /home/hy/Mobility_Challenge/ros2_ws/install/p3_cpp/share/p3_cpp/tool/waypoint/46_40.csv
[23.728s] -- Symlinking: /home/hy/Mobility_Challenge/ros2_ws/install/p3_cpp/share/p3_cpp/tool/waypoint/46_41.csv
[23.746s] -- Symlinking: /home/hy/Mobility_Challenge/ros2_ws/install/p3_cpp/share/p3_cpp/tool/waypoint/47_41.csv
[23.763s] -- Symlinking: /home/hy/Mobility_Challenge/ros2_ws/install/p3_cpp/share/p3_cpp/tool/waypoint/48_53.csv
[23.781s] -- Symlinking: /home/hy/Mobility_Challenge/ros2_ws/install/p3_cpp/share/p3_cpp/tool/waypoint/48_58.csv
[23.798s] -- Symlinking: /home/hy/Mobility_Challenge/ros2_ws/install/p3_cpp/share/p3_cpp/tool/waypoint/49_55.csv
[23.816s] -- Symlinking: /home/hy/Mobility_Challenge/ros2_ws/install/p3_cpp/share/p3_cpp/tool/waypoint/49_59.csv
[23.833s] -- Symlinking: /home/hy/Mobility_Challenge/ros2_ws/install/p3_cpp/share/p3_cpp/tool/waypoint/4_7.csv
[23.851s] -- Symlinking: /home/hy/Mobility_Challenge/ros2_ws/install/p3_cpp/share/p3_cpp/tool/waypoint/50_48.csv
[23.869s] -- Symlinking: /home/hy/Mobility_Challenge/ros2_ws/install/p3_cpp/share/p3_cpp/tool/waypoint/50_54.csv
[23.888s] -- Symlinking: /home/hy/Mobility_Challenge/ros2_ws/install/p3_cpp/share/p3_cpp/tool/waypoint/51_46.csv
[23.905s] -- Symlinking: /home/hy/Mobility_Challenge/ros2_ws/install/p3_cpp/share/p3_cpp/tool/waypoint/51_55.csv
[23.923s] -- Symlinking: /home/hy/Mobility_Challenge/ros2_ws/install/p3_cpp/share/p3_cpp/tool/waypoint/52_24.csv
[23.941s] -- Symlinking: /home/hy/Mobility_Challenge/ros2_ws/install/p3_cpp/share/p3_cpp/tool/waypoint/53_25.csv
[23.959s] -- Symlinking: /home/hy/Mobility_Challenge/ros2_ws/install/p3_cpp/share/p3_cpp/tool/waypoint/54_11.csv
[23.977s] -- Symlinking: /home/hy/Mobility_Challenge/ros2_ws/install/p3_cpp/share/p3_cpp/tool/waypoint/55_12.csv
[23.996s] -- Symlinking: /home/hy/Mobility_Challenge/ros2_ws/install/p3_cpp/share/p3_cpp/tool/waypoint/56_52.csv
[24.013s] -- Symlinking: /home/hy/Mobility_Challenge/ros2_ws/install/p3_cpp/share/p3_cpp/tool/waypoint/56_59.csv
[24.031s] -- Symlinking: /home/hy/Mobility_Challenge/ros2_ws/install/p3_cpp/share/p3_cpp/tool/waypoint/57_47.csv
[24.048s] -- Symlinking: /home/hy/Mobility_Challenge/ros2_ws/install/p3_cpp/share/p3_cpp/tool/waypoint/57_53.csv
[24.066s] -- Symlinking: /home/hy/Mobility_Challenge/ros2_ws/install/p3_cpp/share/p3_cpp/tool/waypoint/58_19.csv
[24.084s] -- Symlinking: /home/hy/Mobility_Challenge/ros2_ws/install/p3_cpp/share/p3_cpp/tool/waypoint/59_18.csv
[24.102s] -- Symlinking: /home/hy/Mobility_Challenge/ros2_ws/install/p3_cpp/share/p3_cpp/tool/waypoint/5_45.csv
[24.120s] -- Symlinking: /home/hy/Mobility_Challenge/ros2_ws/install/p3_cpp/share/p3_cpp/tool/waypoint/5_8.csv
[24.138s] -- Symlinking: /home/hy/Mobility_Challenge/ros2_ws/install/p3_cpp/share/p3_cpp/tool/waypoint/60_46.csv
[24.155s] -- Symlinking: /home/hy/Mobility_Challenge/ros2_ws/install/p3_cpp/share/p3_cpp/tool/waypoint/60_52.csv
[24.173s] -- Symlinking: /home/hy/Mobility_Challenge/ros2_ws/install/p3_cpp/share/p3_cpp/tool/waypoint/61_47.csv
[24.190s] -- Symlinking: /home/hy/Mobility_Challenge/ros2_ws/install/p3_cpp/share/p3_cpp/tool/waypoint/61_54.csv
[24.208s] -- Symlinking: /home/hy/Mobility_Challenge/ros2_ws/install/p3_cpp/share/p3_cpp/tool/waypoint/62_35.csv
[24.225s] -- Symlinking: /home/hy/Mobility_Challenge/ros2_ws/install/p3_cpp/share/p3_cpp/tool/waypoint/62_38.csv
[24.244s] -- Symlinking: /home/hy/Mobility_Challenge/ros2_ws/install/p3_cpp/share/p3_cpp/tool/waypoint/63_34.csv
[24.262s] -- Symlinking: /home/hy/Mobility_Challenge/ros2_ws/install/p3_cpp/share/p3_cpp/tool/waypoint/63_39.csv
[24.279s] -- Symlinking: /home/hy/Mobility_Challenge/ros2_ws/install/p3_cpp/share/p3_cpp/tool/waypoint/6_44.csv
[24.298s] -- Symlinking: /home/hy/Mobility_Challenge/ros2_ws/install/p3_cpp/share/p3_cpp/tool/waypoint/6_9.csv
[24.316s] -- Symlinking: /home/hy/Mobility_Challenge/ros2_ws/install/p3_cpp/share/p3_cpp/tool/waypoint/7_10.csv
[24.334s] -- Symlinking: /home/hy/Mobility_Challenge/ros2_ws/install/p3_cpp/share/p3_cpp/tool/waypoint/7_9.csv
[24.352s] -- Symlinking: /home/hy/Mobility_Challenge/ros2_ws/install/p3_cpp/share/p3_cpp/tool/waypoint/8_11.csv
[24.369s] -- Symlinking: /home/hy/Mobility_Challenge/ros2_ws/install/p3_cpp/share/p3_cpp/tool/waypoint/8_57.csv
[24.388s] -- Symlinking: /home/hy/Mobility_Challenge/ros2_ws/install/p3_cpp/share/p3_cpp/tool/waypoint/9_12.csv
[24.406s] -- Symlinking: /home/hy/Mobility_Challenge/ros2_ws/install/p3_cpp/share/p3_cpp/tool/waypoint/9_56.csv
[24.424s] -- Up-to-date symlink: /home/hy/Mobility_Challenge/ros2_ws/install/p3_cpp/share/ament_index/resource_index/package_run_dependencies/p3_cpp
[24.425s] -- Up-to-date symlink: /home/hy/Mobility_Challenge/ros2_ws/install/p3_cpp/share/ament_index/resource_index/parent_prefix_path/p3_cpp
[24.426s] -- Up-to-date symlink: /home/hy/Mobility_Challenge/ros2_ws/install/p3_cpp/share/p3_cpp/environment/ament_prefix_path.sh
[24.427s] -- Up-to-date symlink: /home/hy/Mobility_Challenge/ros2_ws/install/p3_cpp/share/p3_cpp/environment/ament_prefix_path.dsv
[24.428s] -- Up-to-date symlink: /home/hy/Mobility_Challenge/ros2_ws/install/p3_cpp/share/p3_cpp/environment/path.sh
[24.429s] -- Up-to-date symlink: /home/hy/Mobility_Challenge/ros2_ws/install/p3_cpp/share/p3_cpp/environment/path.dsv
[24.430s] -- Up-to-date symlink: /home/hy/Mobility_Challenge/ros2_ws/install/p3_cpp/share/p3_cpp/local_setup.bash
[24.430s] -- Up-to-date symlink: /home/hy/Mobility_Challenge/ros2_ws/install/p3_cpp/share/p3_cpp/local_setup.sh
[24.431s] -- Up-to-date symlink: /home/hy/Mobility_Challenge/ros2_ws/install/p3_cpp/share/p3_cpp/local_setup.zsh
[24.432s] -- Up-to-date symlink: /home/hy/Mobility_Challenge/ros2_ws/install/p3_cpp/share/p3_cpp/local_setup.dsv
[24.433s] -- Symlinking: /home/hy/Mobility_Challenge/ros2_ws/install/p3_cpp/share/p3_cpp/package.dsv
[24.451s] -- Up-to-date symlink: /home/hy/Mobility_Challenge/ros2_ws/install/p3_cpp/share/ament_index/resource_index/packages/p3_cpp
[24.452s] -- Up-to-date symlink: /home/hy/Mobility_Challenge/ros2_ws/install/p3_cpp/share/p3_cpp/cmake/p3_cppConfig.cmake
[24.453s] -- Up-to-date symlink: /home/hy/Mobility_Challenge/ros2_ws/install/p3_cpp/share/p3_cpp/cmake/p3_cppConfig-version.cmake
[24.454s] -- Up-to-date symlink: /home/hy/Mobility_Challenge/ros2_ws/install/p3_cpp/share/p3_cpp/package.xml
[24.461s] Invoked command in '/home/hy/Mobility_Challenge/ros2_ws/build/p3_cpp' returned '0': CMAKE_PREFIX_PATH=/opt/ros/foxy /usr/bin/cmake --install /home/hy/Mobility_Challenge/ros2_ws/build/p3_cpp
