[0.419s] DEBUG:colcon:Command line arguments: ['/usr/bin/colcon', 'build', '--symlink-install']
[0.420s] DEBUG:colcon:Parsed command line arguments: Namespace(allow_overriding=[], ament_cmake_args=None, base_paths=['.'], build_base='build', catkin_cmake_args=None, catkin_skip_building_tests=False, cmake_args=None, cmake_clean_cache=False, cmake_clean_first=False, cmake_force_configure=False, cmake_target=None, cmake_target_skip_unavailable=False, continue_on_error=False, event_handlers=None, executor='parallel', ignore_user_meta=False, install_base='install', log_base=None, log_level=None, main=<bound method BuildVerb.main of <colcon_core.verb.build.BuildVerb object at 0xffff8b982850>>, merge_install=False, metas=['./colcon.meta'], mixin=None, mixin_files=None, mixin_verb=('build',), packages_above=None, packages_above_and_dependencies=None, packages_above_depth=None, packages_end=None, packages_ignore=None, packages_ignore_regex=None, packages_select=None, packages_select_build_failed=False, packages_select_by_dep=None, packages_select_regex=None, packages_select_test_failures=False, packages_skip=None, packages_skip_build_finished=False, packages_skip_by_dep=None, packages_skip_regex=None, packages_skip_test_passed=False, packages_skip_up_to=None, packages_start=None, packages_up_to=None, packages_up_to_regex=None, parallel_workers=4, paths=None, symlink_install=True, test_result_base=None, verb_extension=<colcon_core.verb.build.BuildVerb object at 0xffff8b982850>, verb_name='build', verb_parser=<colcon_mixin.mixin.mixin_argument.MixinArgumentDecorator object at 0xffff8b99a1c0>)
[0.751s] Level 1:colcon.colcon_core.package_discovery:discover_packages(colcon_meta) check parameters
[0.751s] Level 1:colcon.colcon_core.package_discovery:discover_packages(recursive) check parameters
[0.751s] Level 1:colcon.colcon_core.package_discovery:discover_packages(ignore) check parameters
[0.751s] Level 1:colcon.colcon_core.package_discovery:discover_packages(path) check parameters
[0.751s] Level 1:colcon.colcon_core.package_discovery:discover_packages(colcon_meta) discover
[0.751s] Level 1:colcon.colcon_core.package_discovery:discover_packages(recursive) discover
[0.752s] INFO:colcon.colcon_core.package_discovery:Crawling recursively for packages in '/home/cav-06/KAIST_Mobility_Challenge_Hardware/ros2_ws/src'
[0.752s] Level 1:colcon.colcon_core.package_identification:_identify(.) by extensions ['ignore', 'ignore_ament_install']
[0.752s] Level 1:colcon.colcon_core.package_identification:_identify(.) by extension 'ignore'
[0.752s] Level 1:colcon.colcon_core.package_identification:_identify(.) by extension 'ignore_ament_install'
[0.753s] Level 1:colcon.colcon_core.package_identification:_identify(.) by extensions ['colcon_pkg']
[0.753s] Level 1:colcon.colcon_core.package_identification:_identify(.) by extension 'colcon_pkg'
[0.753s] Level 1:colcon.colcon_core.package_identification:_identify(.) by extensions ['colcon_meta']
[0.753s] Level 1:colcon.colcon_core.package_identification:_identify(.) by extension 'colcon_meta'
[0.753s] Level 1:colcon.colcon_core.package_identification:_identify(.) by extensions ['ros']
[0.753s] Level 1:colcon.colcon_core.package_identification:_identify(.) by extension 'ros'
[0.776s] Level 1:colcon.colcon_core.package_identification:_identify(.) by extensions ['cmake', 'python']
[0.777s] Level 1:colcon.colcon_core.package_identification:_identify(.) by extension 'cmake'
[0.777s] Level 1:colcon.colcon_core.package_identification:_identify(.) by extension 'python'
[0.777s] Level 1:colcon.colcon_core.package_identification:_identify(.) by extensions ['python_setup_py']
[0.777s] Level 1:colcon.colcon_core.package_identification:_identify(.) by extension 'python_setup_py'
[0.777s] Level 1:colcon.colcon_core.package_identification:_identify(build) by extensions ['ignore', 'ignore_ament_install']
[0.778s] Level 1:colcon.colcon_core.package_identification:_identify(build) by extension 'ignore'
[0.778s] Level 1:colcon.colcon_core.package_identification:_identify(build) ignored
[0.778s] Level 1:colcon.colcon_core.package_identification:_identify(cav_controller) by extensions ['ignore', 'ignore_ament_install']
[0.778s] Level 1:colcon.colcon_core.package_identification:_identify(cav_controller) by extension 'ignore'
[0.778s] Level 1:colcon.colcon_core.package_identification:_identify(cav_controller) by extension 'ignore_ament_install'
[0.779s] Level 1:colcon.colcon_core.package_identification:_identify(cav_controller) by extensions ['colcon_pkg']
[0.779s] Level 1:colcon.colcon_core.package_identification:_identify(cav_controller) by extension 'colcon_pkg'
[0.779s] Level 1:colcon.colcon_core.package_identification:_identify(cav_controller) by extensions ['colcon_meta']
[0.779s] Level 1:colcon.colcon_core.package_identification:_identify(cav_controller) by extension 'colcon_meta'
[0.779s] Level 1:colcon.colcon_core.package_identification:_identify(cav_controller) by extensions ['ros']
[0.779s] Level 1:colcon.colcon_core.package_identification:_identify(cav_controller) by extension 'ros'
[0.784s] DEBUG:colcon.colcon_core.package_identification:Package 'cav_controller' with type 'ros.ament_python' and name 'cav_controller'
[0.785s] Level 1:colcon.colcon_core.package_identification:_identify(domain_bridge) by extensions ['ignore', 'ignore_ament_install']
[0.785s] Level 1:colcon.colcon_core.package_identification:_identify(domain_bridge) by extension 'ignore'
[0.785s] Level 1:colcon.colcon_core.package_identification:_identify(domain_bridge) by extension 'ignore_ament_install'
[0.785s] Level 1:colcon.colcon_core.package_identification:_identify(domain_bridge) by extensions ['colcon_pkg']
[0.785s] Level 1:colcon.colcon_core.package_identification:_identify(domain_bridge) by extension 'colcon_pkg'
[0.786s] Level 1:colcon.colcon_core.package_identification:_identify(domain_bridge) by extensions ['colcon_meta']
[0.786s] Level 1:colcon.colcon_core.package_identification:_identify(domain_bridge) by extension 'colcon_meta'
[0.786s] Level 1:colcon.colcon_core.package_identification:_identify(domain_bridge) by extensions ['ros']
[0.786s] Level 1:colcon.colcon_core.package_identification:_identify(domain_bridge) by extension 'ros'
[0.788s] DEBUG:colcon.colcon_core.package_identification:Package 'domain_bridge' with type 'ros.ament_cmake' and name 'domain_bridge'
[0.789s] Level 1:colcon.colcon_core.package_identification:_identify(install) by extensions ['ignore', 'ignore_ament_install']
[0.789s] Level 1:colcon.colcon_core.package_identification:_identify(install) by extension 'ignore'
[0.789s] Level 1:colcon.colcon_core.package_identification:_identify(install) ignored
[0.789s] Level 1:colcon.colcon_core.package_identification:_identify(log) by extensions ['ignore', 'ignore_ament_install']
[0.789s] Level 1:colcon.colcon_core.package_identification:_identify(log) by extension 'ignore'
[0.790s] Level 1:colcon.colcon_core.package_identification:_identify(log) ignored
[0.790s] Level 1:colcon.colcon_core.package_identification:_identify(p3_cpp) by extensions ['ignore', 'ignore_ament_install']
[0.790s] Level 1:colcon.colcon_core.package_identification:_identify(p3_cpp) by extension 'ignore'
[0.790s] Level 1:colcon.colcon_core.package_identification:_identify(p3_cpp) by extension 'ignore_ament_install'
[0.790s] Level 1:colcon.colcon_core.package_identification:_identify(p3_cpp) by extensions ['colcon_pkg']
[0.790s] Level 1:colcon.colcon_core.package_identification:_identify(p3_cpp) by extension 'colcon_pkg'
[0.790s] Level 1:colcon.colcon_core.package_identification:_identify(p3_cpp) by extensions ['colcon_meta']
[0.791s] Level 1:colcon.colcon_core.package_identification:_identify(p3_cpp) by extension 'colcon_meta'
[0.791s] Level 1:colcon.colcon_core.package_identification:_identify(p3_cpp) by extensions ['ros']
[0.791s] Level 1:colcon.colcon_core.package_identification:_identify(p3_cpp) by extension 'ros'
[0.792s] DEBUG:colcon.colcon_core.package_identification:Package 'p3_cpp' with type 'ros.ament_cmake' and name 'p3_cpp'
[0.792s] Level 1:colcon.colcon_core.package_identification:_identify(simulator_launch) by extensions ['ignore', 'ignore_ament_install']
[0.793s] Level 1:colcon.colcon_core.package_identification:_identify(simulator_launch) by extension 'ignore'
[0.793s] Level 1:colcon.colcon_core.package_identification:_identify(simulator_launch) by extension 'ignore_ament_install'
[0.793s] Level 1:colcon.colcon_core.package_identification:_identify(simulator_launch) by extensions ['colcon_pkg']
[0.793s] Level 1:colcon.colcon_core.package_identification:_identify(simulator_launch) by extension 'colcon_pkg'
[0.793s] Level 1:colcon.colcon_core.package_identification:_identify(simulator_launch) by extensions ['colcon_meta']
[0.793s] Level 1:colcon.colcon_core.package_identification:_identify(simulator_launch) by extension 'colcon_meta'
[0.793s] Level 1:colcon.colcon_core.package_identification:_identify(simulator_launch) by extensions ['ros']
[0.793s] Level 1:colcon.colcon_core.package_identification:_identify(simulator_launch) by extension 'ros'
[0.795s] DEBUG:colcon.colcon_core.package_identification:Package 'simulator_launch' with type 'ros.ament_cmake' and name 'simulator_launch'
[0.795s] Level 1:colcon.colcon_core.package_discovery:discover_packages(recursive) using defaults
[0.795s] Level 1:colcon.colcon_core.package_discovery:discover_packages(ignore) discover
[0.795s] Level 1:colcon.colcon_core.package_discovery:discover_packages(ignore) using defaults
[0.795s] Level 1:colcon.colcon_core.package_discovery:discover_packages(path) discover
[0.795s] Level 1:colcon.colcon_core.package_discovery:discover_packages(path) using defaults
[0.832s] Level 1:colcon.colcon_core.package_discovery:discover_packages(prefix_path) check parameters
[0.832s] Level 1:colcon.colcon_core.package_discovery:discover_packages(prefix_path) discover
[0.836s] DEBUG:colcon.colcon_installed_package_information.package_discovery:Found 3 installed packages in /home/cav-06/KAIST_Mobility_Challenge_hy-drive/ros2_ws/install
[0.838s] DEBUG:colcon.colcon_installed_package_information.package_discovery:Found 257 installed packages in /opt/ros/foxy
[0.868s] Level 1:colcon.colcon_core.package_discovery:discover_packages(prefix_path) using defaults
[0.994s] Level 5:colcon.colcon_core.verb:set package 'cav_controller' build argument 'cmake_args' from command line to 'None'
[0.995s] Level 5:colcon.colcon_core.verb:set package 'cav_controller' build argument 'cmake_target' from command line to 'None'
[0.995s] Level 5:colcon.colcon_core.verb:set package 'cav_controller' build argument 'cmake_target_skip_unavailable' from command line to 'False'
[0.995s] Level 5:colcon.colcon_core.verb:set package 'cav_controller' build argument 'cmake_clean_cache' from command line to 'False'
[0.995s] Level 5:colcon.colcon_core.verb:set package 'cav_controller' build argument 'cmake_clean_first' from command line to 'False'
[0.995s] Level 5:colcon.colcon_core.verb:set package 'cav_controller' build argument 'cmake_force_configure' from command line to 'False'
[0.995s] Level 5:colcon.colcon_core.verb:set package 'cav_controller' build argument 'ament_cmake_args' from command line to 'None'
[0.995s] Level 5:colcon.colcon_core.verb:set package 'cav_controller' build argument 'catkin_cmake_args' from command line to 'None'
[0.995s] Level 5:colcon.colcon_core.verb:set package 'cav_controller' build argument 'catkin_skip_building_tests' from command line to 'False'
[0.995s] DEBUG:colcon.colcon_core.verb:Building package 'cav_controller' with the following arguments: {'ament_cmake_args': None, 'build_base': '/home/cav-06/KAIST_Mobility_Challenge_Hardware/ros2_ws/src/build/cav_controller', 'catkin_cmake_args': None, 'catkin_skip_building_tests': False, 'cmake_args': None, 'cmake_clean_cache': False, 'cmake_clean_first': False, 'cmake_force_configure': False, 'cmake_target': None, 'cmake_target_skip_unavailable': False, 'install_base': '/home/cav-06/KAIST_Mobility_Challenge_Hardware/ros2_ws/src/install/cav_controller', 'merge_install': False, 'path': '/home/cav-06/KAIST_Mobility_Challenge_Hardware/ros2_ws/src/cav_controller', 'symlink_install': True, 'test_result_base': None}
[0.996s] Level 5:colcon.colcon_core.verb:set package 'domain_bridge' build argument 'cmake_args' from command line to 'None'
[0.996s] Level 5:colcon.colcon_core.verb:set package 'domain_bridge' build argument 'cmake_target' from command line to 'None'
[0.996s] Level 5:colcon.colcon_core.verb:set package 'domain_bridge' build argument 'cmake_target_skip_unavailable' from command line to 'False'
[0.996s] Level 5:colcon.colcon_core.verb:set package 'domain_bridge' build argument 'cmake_clean_cache' from command line to 'False'
[0.996s] Level 5:colcon.colcon_core.verb:set package 'domain_bridge' build argument 'cmake_clean_first' from command line to 'False'
[0.996s] Level 5:colcon.colcon_core.verb:set package 'domain_bridge' build argument 'cmake_force_configure' from command line to 'False'
[0.996s] Level 5:colcon.colcon_core.verb:set package 'domain_bridge' build argument 'ament_cmake_args' from command line to 'None'
[0.996s] Level 5:colcon.colcon_core.verb:set package 'domain_bridge' build argument 'catkin_cmake_args' from command line to 'None'
[0.997s] Level 5:colcon.colcon_core.verb:set package 'domain_bridge' build argument 'catkin_skip_building_tests' from command line to 'False'
[0.997s] DEBUG:colcon.colcon_core.verb:Building package 'domain_bridge' with the following arguments: {'ament_cmake_args': None, 'build_base': '/home/cav-06/KAIST_Mobility_Challenge_Hardware/ros2_ws/src/build/domain_bridge', 'catkin_cmake_args': None, 'catkin_skip_building_tests': False, 'cmake_args': None, 'cmake_clean_cache': False, 'cmake_clean_first': False, 'cmake_force_configure': False, 'cmake_target': None, 'cmake_target_skip_unavailable': False, 'install_base': '/home/cav-06/KAIST_Mobility_Challenge_Hardware/ros2_ws/src/install/domain_bridge', 'merge_install': False, 'path': '/home/cav-06/KAIST_Mobility_Challenge_Hardware/ros2_ws/src/domain_bridge', 'symlink_install': True, 'test_result_base': None}
[0.997s] Level 5:colcon.colcon_core.verb:set package 'p3_cpp' build argument 'cmake_args' from command line to 'None'
[0.997s] Level 5:colcon.colcon_core.verb:set package 'p3_cpp' build argument 'cmake_target' from command line to 'None'
[0.997s] Level 5:colcon.colcon_core.verb:set package 'p3_cpp' build argument 'cmake_target_skip_unavailable' from command line to 'False'
[0.997s] Level 5:colcon.colcon_core.verb:set package 'p3_cpp' build argument 'cmake_clean_cache' from command line to 'False'
[0.998s] Level 5:colcon.colcon_core.verb:set package 'p3_cpp' build argument 'cmake_clean_first' from command line to 'False'
[0.998s] Level 5:colcon.colcon_core.verb:set package 'p3_cpp' build argument 'cmake_force_configure' from command line to 'False'
[0.998s] Level 5:colcon.colcon_core.verb:set package 'p3_cpp' build argument 'ament_cmake_args' from command line to 'None'
[0.998s] Level 5:colcon.colcon_core.verb:set package 'p3_cpp' build argument 'catkin_cmake_args' from command line to 'None'
[0.998s] Level 5:colcon.colcon_core.verb:set package 'p3_cpp' build argument 'catkin_skip_building_tests' from command line to 'False'
[0.998s] DEBUG:colcon.colcon_core.verb:Building package 'p3_cpp' with the following arguments: {'ament_cmake_args': None, 'build_base': '/home/cav-06/KAIST_Mobility_Challenge_Hardware/ros2_ws/src/build/p3_cpp', 'catkin_cmake_args': None, 'catkin_skip_building_tests': False, 'cmake_args': None, 'cmake_clean_cache': False, 'cmake_clean_first': False, 'cmake_force_configure': False, 'cmake_target': None, 'cmake_target_skip_unavailable': False, 'install_base': '/home/cav-06/KAIST_Mobility_Challenge_Hardware/ros2_ws/src/install/p3_cpp', 'merge_install': False, 'path': '/home/cav-06/KAIST_Mobility_Challenge_Hardware/ros2_ws/src/p3_cpp', 'symlink_install': True, 'test_result_base': None}
[0.999s] Level 5:colcon.colcon_core.verb:set package 'simulator_launch' build argument 'cmake_args' from command line to 'None'
[0.999s] Level 5:colcon.colcon_core.verb:set package 'simulator_launch' build argument 'cmake_target' from command line to 'None'
[0.999s] Level 5:colcon.colcon_core.verb:set package 'simulator_launch' build argument 'cmake_target_skip_unavailable' from command line to 'False'
[0.999s] Level 5:colcon.colcon_core.verb:set package 'simulator_launch' build argument 'cmake_clean_cache' from command line to 'False'
[0.999s] Level 5:colcon.colcon_core.verb:set package 'simulator_launch' build argument 'cmake_clean_first' from command line to 'False'
[0.999s] Level 5:colcon.colcon_core.verb:set package 'simulator_launch' build argument 'cmake_force_configure' from command line to 'False'
[0.999s] Level 5:colcon.colcon_core.verb:set package 'simulator_launch' build argument 'ament_cmake_args' from command line to 'None'
[0.999s] Level 5:colcon.colcon_core.verb:set package 'simulator_launch' build argument 'catkin_cmake_args' from command line to 'None'
[0.999s] Level 5:colcon.colcon_core.verb:set package 'simulator_launch' build argument 'catkin_skip_building_tests' from command line to 'False'
[0.999s] DEBUG:colcon.colcon_core.verb:Building package 'simulator_launch' with the following arguments: {'ament_cmake_args': None, 'build_base': '/home/cav-06/KAIST_Mobility_Challenge_Hardware/ros2_ws/src/build/simulator_launch', 'catkin_cmake_args': None, 'catkin_skip_building_tests': False, 'cmake_args': None, 'cmake_clean_cache': False, 'cmake_clean_first': False, 'cmake_force_configure': False, 'cmake_target': None, 'cmake_target_skip_unavailable': False, 'install_base': '/home/cav-06/KAIST_Mobility_Challenge_Hardware/ros2_ws/src/install/simulator_launch', 'merge_install': False, 'path': '/home/cav-06/KAIST_Mobility_Challenge_Hardware/ros2_ws/src/simulator_launch', 'symlink_install': True, 'test_result_base': None}
[0.999s] INFO:colcon.colcon_core.executor:Executing jobs using 'parallel' executor
[1.002s] DEBUG:colcon.colcon_parallel_executor.executor.parallel:run_until_complete
[1.002s] INFO:colcon.colcon_ros.task.ament_python.build:Building ROS package in '/home/cav-06/KAIST_Mobility_Challenge_Hardware/ros2_ws/src/cav_controller' with build type 'ament_python'
[1.003s] Level 1:colcon.colcon_core.shell:create_environment_hook('cav_controller', 'ament_prefix_path')
[1.007s] INFO:colcon.colcon_core.plugin_system:Skipping extension 'colcon_core.shell.bat': Not used on non-Windows systems
[1.007s] INFO:colcon.colcon_core.shell:Creating environment hook '/home/cav-06/KAIST_Mobility_Challenge_Hardware/ros2_ws/src/install/cav_controller/share/cav_controller/hook/ament_prefix_path.ps1'
[1.010s] INFO:colcon.colcon_core.shell:Creating environment descriptor '/home/cav-06/KAIST_Mobility_Challenge_Hardware/ros2_ws/src/install/cav_controller/share/cav_controller/hook/ament_prefix_path.dsv'
[1.011s] INFO:colcon.colcon_core.shell:Creating environment hook '/home/cav-06/KAIST_Mobility_Challenge_Hardware/ros2_ws/src/install/cav_controller/share/cav_controller/hook/ament_prefix_path.sh'
[1.012s] INFO:colcon.colcon_core.shell:Skip shell extension 'powershell' for command environment: Not usable outside of PowerShell
[1.012s] DEBUG:colcon.colcon_core.shell:Skip shell extension 'dsv' for command environment
[1.023s] INFO:colcon.colcon_ros.task.ament_cmake.build:Building ROS package in '/home/cav-06/KAIST_Mobility_Challenge_Hardware/ros2_ws/src/domain_bridge' with build type 'ament_cmake'
[1.024s] INFO:colcon.colcon_cmake.task.cmake.build:Building CMake package in '/home/cav-06/KAIST_Mobility_Challenge_Hardware/ros2_ws/src/domain_bridge'
[1.025s] INFO:colcon.colcon_core.shell:Skip shell extension 'powershell' for command environment: Not usable outside of PowerShell
[1.025s] DEBUG:colcon.colcon_core.shell:Skip shell extension 'dsv' for command environment
[1.035s] INFO:colcon.colcon_ros.task.ament_cmake.build:Building ROS package in '/home/cav-06/KAIST_Mobility_Challenge_Hardware/ros2_ws/src/p3_cpp' with build type 'ament_cmake'
[1.036s] INFO:colcon.colcon_cmake.task.cmake.build:Building CMake package in '/home/cav-06/KAIST_Mobility_Challenge_Hardware/ros2_ws/src/p3_cpp'
[1.037s] INFO:colcon.colcon_core.shell:Skip shell extension 'powershell' for command environment: Not usable outside of PowerShell
[1.037s] DEBUG:colcon.colcon_core.shell:Skip shell extension 'dsv' for command environment
[1.047s] INFO:colcon.colcon_ros.task.ament_cmake.build:Building ROS package in '/home/cav-06/KAIST_Mobility_Challenge_Hardware/ros2_ws/src/simulator_launch' with build type 'ament_cmake'
[1.047s] INFO:colcon.colcon_cmake.task.cmake.build:Building CMake package in '/home/cav-06/KAIST_Mobility_Challenge_Hardware/ros2_ws/src/simulator_launch'
[1.048s] INFO:colcon.colcon_core.shell:Skip shell extension 'powershell' for command environment: Not usable outside of PowerShell
[1.048s] DEBUG:colcon.colcon_core.shell:Skip shell extension 'dsv' for command environment
[1.533s] INFO:colcon.colcon_core.task.python.build:Building Python package in '/home/cav-06/KAIST_Mobility_Challenge_Hardware/ros2_ws/src/cav_controller'
[1.535s] INFO:colcon.colcon_core.shell:Skip shell extension 'powershell' for command environment: Not usable outside of PowerShell
[1.535s] DEBUG:colcon.colcon_core.shell:Skip shell extension 'dsv' for command environment
[1.551s] DEBUG:colcon.colcon_core.event_handler.log_command:Invoking command in '/home/cav-06/KAIST_Mobility_Challenge_Hardware/ros2_ws/src/build/domain_bridge': CMAKE_PREFIX_PATH=${CMAKE_PREFIX_PATH}:/home/cav-06/KAIST_Mobility_Challenge_hy-drive/ros2_ws/install/cav_controller:/opt/ros/foxy /usr/bin/cmake /home/cav-06/KAIST_Mobility_Challenge_Hardware/ros2_ws/src/domain_bridge -DAMENT_CMAKE_SYMLINK_INSTALL=1 -DCMAKE_INSTALL_PREFIX=/home/cav-06/KAIST_Mobility_Challenge_Hardware/ros2_ws/src/install/domain_bridge
[1.565s] DEBUG:colcon.colcon_core.event_handler.log_command:Invoking command in '/home/cav-06/KAIST_Mobility_Challenge_Hardware/ros2_ws/src/build/p3_cpp': CMAKE_PREFIX_PATH=${CMAKE_PREFIX_PATH}:/home/cav-06/KAIST_Mobility_Challenge_hy-drive/ros2_ws/install/cav_controller:/opt/ros/foxy /usr/bin/cmake /home/cav-06/KAIST_Mobility_Challenge_Hardware/ros2_ws/src/p3_cpp -DAMENT_CMAKE_SYMLINK_INSTALL=1 -DCMAKE_INSTALL_PREFIX=/home/cav-06/KAIST_Mobility_Challenge_Hardware/ros2_ws/src/install/p3_cpp
[1.570s] DEBUG:colcon.colcon_core.event_handler.log_command:Invoking command in '/home/cav-06/KAIST_Mobility_Challenge_Hardware/ros2_ws/src/build/simulator_launch': CMAKE_PREFIX_PATH=${CMAKE_PREFIX_PATH}:/home/cav-06/KAIST_Mobility_Challenge_hy-drive/ros2_ws/install/cav_controller:/opt/ros/foxy /usr/bin/cmake /home/cav-06/KAIST_Mobility_Challenge_Hardware/ros2_ws/src/simulator_launch -DAMENT_CMAKE_SYMLINK_INSTALL=1 -DCMAKE_INSTALL_PREFIX=/home/cav-06/KAIST_Mobility_Challenge_Hardware/ros2_ws/src/install/simulator_launch
[2.702s] DEBUG:colcon.colcon_core.event_handler.log_command:Invoking command in '/home/cav-06/KAIST_Mobility_Challenge_Hardware/ros2_ws/src/build/cav_controller': PYTHONPATH=/home/cav-06/KAIST_Mobility_Challenge_Hardware/ros2_ws/src/build/cav_controller/prefix_override:/usr/lib/python3/dist-packages/colcon_core/task/python/colcon_distutils_commands:/home/cav-06/KAIST_Mobility_Challenge_Hardware/ros2_ws/src/install/cav_controller/lib/python3.8/site-packages:${PYTHONPATH} /usr/bin/python3 -W ignore:setup.py install is deprecated -W ignore:easy_install command is deprecated setup.py develop --editable --build-directory /home/cav-06/KAIST_Mobility_Challenge_Hardware/ros2_ws/src/build/cav_controller/build --no-deps symlink_data
[3.455s] DEBUG:colcon.colcon_core.event_handler.log_command:Invoked command in '/home/cav-06/KAIST_Mobility_Challenge_Hardware/ros2_ws/src/build/simulator_launch' returned '0': CMAKE_PREFIX_PATH=${CMAKE_PREFIX_PATH}:/home/cav-06/KAIST_Mobility_Challenge_hy-drive/ros2_ws/install/cav_controller:/opt/ros/foxy /usr/bin/cmake /home/cav-06/KAIST_Mobility_Challenge_Hardware/ros2_ws/src/simulator_launch -DAMENT_CMAKE_SYMLINK_INSTALL=1 -DCMAKE_INSTALL_PREFIX=/home/cav-06/KAIST_Mobility_Challenge_Hardware/ros2_ws/src/install/simulator_launch
[3.457s] DEBUG:colcon.colcon_core.event_handler.log_command:Invoking command in '/home/cav-06/KAIST_Mobility_Challenge_Hardware/ros2_ws/src/build/simulator_launch': CMAKE_PREFIX_PATH=${CMAKE_PREFIX_PATH}:/home/cav-06/KAIST_Mobility_Challenge_hy-drive/ros2_ws/install/cav_controller:/opt/ros/foxy /usr/bin/cmake --build /home/cav-06/KAIST_Mobility_Challenge_Hardware/ros2_ws/src/build/simulator_launch -- -j4 -l4
[3.556s] DEBUG:colcon.colcon_core.event_handler.log_command:Invoked command in '/home/cav-06/KAIST_Mobility_Challenge_Hardware/ros2_ws/src/build/simulator_launch' returned '0': CMAKE_PREFIX_PATH=${CMAKE_PREFIX_PATH}:/home/cav-06/KAIST_Mobility_Challenge_hy-drive/ros2_ws/install/cav_controller:/opt/ros/foxy /usr/bin/cmake --build /home/cav-06/KAIST_Mobility_Challenge_Hardware/ros2_ws/src/build/simulator_launch -- -j4 -l4
[3.593s] DEBUG:colcon.colcon_core.event_handler.log_command:Invoking command in '/home/cav-06/KAIST_Mobility_Challenge_Hardware/ros2_ws/src/build/simulator_launch': CMAKE_PREFIX_PATH=${CMAKE_PREFIX_PATH}:/home/cav-06/KAIST_Mobility_Challenge_hy-drive/ros2_ws/install/cav_controller:/opt/ros/foxy /usr/bin/cmake --install /home/cav-06/KAIST_Mobility_Challenge_Hardware/ros2_ws/src/build/simulator_launch
[3.835s] Level 1:colcon.colcon_core.shell:create_environment_hook('cav_controller', 'pythonpath_develop')
[3.836s] INFO:colcon.colcon_core.shell:Creating environment hook '/home/cav-06/KAIST_Mobility_Challenge_Hardware/ros2_ws/src/build/cav_controller/share/cav_controller/hook/pythonpath_develop.ps1'
[3.839s] DEBUG:colcon.colcon_core.event_handler.log_command:Invoked command in '/home/cav-06/KAIST_Mobility_Challenge_Hardware/ros2_ws/src/build/cav_controller' returned '0': PYTHONPATH=/home/cav-06/KAIST_Mobility_Challenge_Hardware/ros2_ws/src/build/cav_controller/prefix_override:/usr/lib/python3/dist-packages/colcon_core/task/python/colcon_distutils_commands:/home/cav-06/KAIST_Mobility_Challenge_Hardware/ros2_ws/src/install/cav_controller/lib/python3.8/site-packages:${PYTHONPATH} /usr/bin/python3 -W ignore:setup.py install is deprecated -W ignore:easy_install command is deprecated setup.py develop --editable --build-directory /home/cav-06/KAIST_Mobility_Challenge_Hardware/ros2_ws/src/build/cav_controller/build --no-deps symlink_data
[3.840s] INFO:colcon.colcon_core.shell:Creating environment descriptor '/home/cav-06/KAIST_Mobility_Challenge_Hardware/ros2_ws/src/build/cav_controller/share/cav_controller/hook/pythonpath_develop.dsv'
[3.841s] INFO:colcon.colcon_core.shell:Creating environment hook '/home/cav-06/KAIST_Mobility_Challenge_Hardware/ros2_ws/src/build/cav_controller/share/cav_controller/hook/pythonpath_develop.sh'
[3.848s] Level 1:colcon.colcon_core.environment:checking '/home/cav-06/KAIST_Mobility_Challenge_Hardware/ros2_ws/src/install/cav_controller' for CMake module files
[3.849s] Level 1:colcon.colcon_core.environment:checking '/home/cav-06/KAIST_Mobility_Challenge_Hardware/ros2_ws/src/install/cav_controller' for CMake config files
[3.851s] Level 1:colcon.colcon_core.environment:checking '/home/cav-06/KAIST_Mobility_Challenge_Hardware/ros2_ws/src/install/cav_controller/lib'
[3.851s] Level 1:colcon.colcon_core.environment:checking '/home/cav-06/KAIST_Mobility_Challenge_Hardware/ros2_ws/src/install/cav_controller/bin'
[3.852s] Level 1:colcon.colcon_core.environment:checking '/home/cav-06/KAIST_Mobility_Challenge_Hardware/ros2_ws/src/install/cav_controller/lib/pkgconfig/cav_controller.pc'
[3.852s] Level 1:colcon.colcon_core.environment:checking '/home/cav-06/KAIST_Mobility_Challenge_Hardware/ros2_ws/src/install/cav_controller/lib/python3.8/site-packages'
[3.852s] Level 1:colcon.colcon_core.shell:create_environment_hook('cav_controller', 'pythonpath')
[3.853s] INFO:colcon.colcon_core.shell:Creating environment hook '/home/cav-06/KAIST_Mobility_Challenge_Hardware/ros2_ws/src/install/cav_controller/share/cav_controller/hook/pythonpath.ps1'
[3.854s] INFO:colcon.colcon_core.shell:Creating environment descriptor '/home/cav-06/KAIST_Mobility_Challenge_Hardware/ros2_ws/src/install/cav_controller/share/cav_controller/hook/pythonpath.dsv'
[3.855s] INFO:colcon.colcon_core.shell:Creating environment hook '/home/cav-06/KAIST_Mobility_Challenge_Hardware/ros2_ws/src/install/cav_controller/share/cav_controller/hook/pythonpath.sh'
[3.856s] Level 1:colcon.colcon_core.environment:checking '/home/cav-06/KAIST_Mobility_Challenge_Hardware/ros2_ws/src/install/cav_controller/bin'
[3.857s] Level 1:colcon.colcon_core.environment:create_environment_scripts_only(cav_controller)
[3.857s] INFO:colcon.colcon_core.shell:Creating package script '/home/cav-06/KAIST_Mobility_Challenge_Hardware/ros2_ws/src/install/cav_controller/share/cav_controller/package.ps1'
[3.859s] INFO:colcon.colcon_core.shell:Creating package descriptor '/home/cav-06/KAIST_Mobility_Challenge_Hardware/ros2_ws/src/install/cav_controller/share/cav_controller/package.dsv'
[3.862s] INFO:colcon.colcon_core.shell:Creating package script '/home/cav-06/KAIST_Mobility_Challenge_Hardware/ros2_ws/src/install/cav_controller/share/cav_controller/package.sh'
[3.863s] INFO:colcon.colcon_core.shell:Creating package script '/home/cav-06/KAIST_Mobility_Challenge_Hardware/ros2_ws/src/install/cav_controller/share/cav_controller/package.bash'
[3.865s] INFO:colcon.colcon_core.shell:Creating package script '/home/cav-06/KAIST_Mobility_Challenge_Hardware/ros2_ws/src/install/cav_controller/share/cav_controller/package.zsh'
[3.866s] Level 1:colcon.colcon_core.environment:create_file_with_runtime_dependencies(/home/cav-06/KAIST_Mobility_Challenge_Hardware/ros2_ws/src/install/cav_controller/share/colcon-core/packages/cav_controller)
[3.968s] Level 1:colcon.colcon_core.environment:create_environment_scripts_only(simulator_launch)
[3.969s] Level 1:colcon.colcon_core.environment:checking '/home/cav-06/KAIST_Mobility_Challenge_Hardware/ros2_ws/src/install/simulator_launch' for CMake module files
[3.970s] DEBUG:colcon.colcon_core.event_handler.log_command:Invoked command in '/home/cav-06/KAIST_Mobility_Challenge_Hardware/ros2_ws/src/build/simulator_launch' returned '0': CMAKE_PREFIX_PATH=${CMAKE_PREFIX_PATH}:/home/cav-06/KAIST_Mobility_Challenge_hy-drive/ros2_ws/install/cav_controller:/opt/ros/foxy /usr/bin/cmake --install /home/cav-06/KAIST_Mobility_Challenge_Hardware/ros2_ws/src/build/simulator_launch
[3.971s] Level 1:colcon.colcon_core.environment:checking '/home/cav-06/KAIST_Mobility_Challenge_Hardware/ros2_ws/src/install/simulator_launch' for CMake config files
[3.972s] Level 1:colcon.colcon_core.shell:create_environment_hook('simulator_launch', 'cmake_prefix_path')
[3.972s] INFO:colcon.colcon_core.shell:Creating environment hook '/home/cav-06/KAIST_Mobility_Challenge_Hardware/ros2_ws/src/install/simulator_launch/share/simulator_launch/hook/cmake_prefix_path.ps1'
[3.973s] INFO:colcon.colcon_core.shell:Creating environment descriptor '/home/cav-06/KAIST_Mobility_Challenge_Hardware/ros2_ws/src/install/simulator_launch/share/simulator_launch/hook/cmake_prefix_path.dsv'
[3.974s] INFO:colcon.colcon_core.shell:Creating environment hook '/home/cav-06/KAIST_Mobility_Challenge_Hardware/ros2_ws/src/install/simulator_launch/share/simulator_launch/hook/cmake_prefix_path.sh'
[3.975s] Level 1:colcon.colcon_core.environment:checking '/home/cav-06/KAIST_Mobility_Challenge_Hardware/ros2_ws/src/install/simulator_launch/bin'
[3.976s] Level 1:colcon.colcon_core.environment:checking '/home/cav-06/KAIST_Mobility_Challenge_Hardware/ros2_ws/src/install/simulator_launch/lib/pkgconfig/simulator_launch.pc'
[3.976s] Level 1:colcon.colcon_core.environment:checking '/home/cav-06/KAIST_Mobility_Challenge_Hardware/ros2_ws/src/install/simulator_launch/lib/python3.8/site-packages'
[3.977s] Level 1:colcon.colcon_core.environment:checking '/home/cav-06/KAIST_Mobility_Challenge_Hardware/ros2_ws/src/install/simulator_launch/bin'
[3.977s] INFO:colcon.colcon_core.shell:Creating package script '/home/cav-06/KAIST_Mobility_Challenge_Hardware/ros2_ws/src/install/simulator_launch/share/simulator_launch/package.ps1'
[3.978s] INFO:colcon.colcon_core.shell:Creating package descriptor '/home/cav-06/KAIST_Mobility_Challenge_Hardware/ros2_ws/src/install/simulator_launch/share/simulator_launch/package.dsv'
[3.979s] INFO:colcon.colcon_core.shell:Creating package script '/home/cav-06/KAIST_Mobility_Challenge_Hardware/ros2_ws/src/install/simulator_launch/share/simulator_launch/package.sh'
[3.980s] INFO:colcon.colcon_core.shell:Creating package script '/home/cav-06/KAIST_Mobility_Challenge_Hardware/ros2_ws/src/install/simulator_launch/share/simulator_launch/package.bash'
[3.981s] INFO:colcon.colcon_core.shell:Creating package script '/home/cav-06/KAIST_Mobility_Challenge_Hardware/ros2_ws/src/install/simulator_launch/share/simulator_launch/package.zsh'
[3.982s] Level 1:colcon.colcon_core.environment:create_file_with_runtime_dependencies(/home/cav-06/KAIST_Mobility_Challenge_Hardware/ros2_ws/src/install/simulator_launch/share/colcon-core/packages/simulator_launch)
[3.983s] Level 1:colcon.colcon_core.environment:create_environment_scripts_only(simulator_launch)
[3.984s] Level 1:colcon.colcon_core.environment:checking '/home/cav-06/KAIST_Mobility_Challenge_Hardware/ros2_ws/src/install/simulator_launch' for CMake module files
[3.985s] Level 1:colcon.colcon_core.environment:checking '/home/cav-06/KAIST_Mobility_Challenge_Hardware/ros2_ws/src/install/simulator_launch' for CMake config files
[3.985s] Level 1:colcon.colcon_core.shell:create_environment_hook('simulator_launch', 'cmake_prefix_path')
[3.986s] INFO:colcon.colcon_core.shell:Creating environment hook '/home/cav-06/KAIST_Mobility_Challenge_Hardware/ros2_ws/src/install/simulator_launch/share/simulator_launch/hook/cmake_prefix_path.ps1'
[3.987s] INFO:colcon.colcon_core.shell:Creating environment descriptor '/home/cav-06/KAIST_Mobility_Challenge_Hardware/ros2_ws/src/install/simulator_launch/share/simulator_launch/hook/cmake_prefix_path.dsv'
[3.988s] INFO:colcon.colcon_core.shell:Creating environment hook '/home/cav-06/KAIST_Mobility_Challenge_Hardware/ros2_ws/src/install/simulator_launch/share/simulator_launch/hook/cmake_prefix_path.sh'
[3.989s] Level 1:colcon.colcon_core.environment:checking '/home/cav-06/KAIST_Mobility_Challenge_Hardware/ros2_ws/src/install/simulator_launch/bin'
[3.989s] Level 1:colcon.colcon_core.environment:checking '/home/cav-06/KAIST_Mobility_Challenge_Hardware/ros2_ws/src/install/simulator_launch/lib/pkgconfig/simulator_launch.pc'
[3.990s] Level 1:colcon.colcon_core.environment:checking '/home/cav-06/KAIST_Mobility_Challenge_Hardware/ros2_ws/src/install/simulator_launch/lib/python3.8/site-packages'
[3.990s] Level 1:colcon.colcon_core.environment:checking '/home/cav-06/KAIST_Mobility_Challenge_Hardware/ros2_ws/src/install/simulator_launch/bin'
[3.991s] INFO:colcon.colcon_core.shell:Creating package script '/home/cav-06/KAIST_Mobility_Challenge_Hardware/ros2_ws/src/install/simulator_launch/share/simulator_launch/package.ps1'
[3.992s] INFO:colcon.colcon_core.shell:Creating package descriptor '/home/cav-06/KAIST_Mobility_Challenge_Hardware/ros2_ws/src/install/simulator_launch/share/simulator_launch/package.dsv'
[3.993s] INFO:colcon.colcon_core.shell:Creating package script '/home/cav-06/KAIST_Mobility_Challenge_Hardware/ros2_ws/src/install/simulator_launch/share/simulator_launch/package.sh'
[3.994s] INFO:colcon.colcon_core.shell:Creating package script '/home/cav-06/KAIST_Mobility_Challenge_Hardware/ros2_ws/src/install/simulator_launch/share/simulator_launch/package.bash'
[3.995s] INFO:colcon.colcon_core.shell:Creating package script '/home/cav-06/KAIST_Mobility_Challenge_Hardware/ros2_ws/src/install/simulator_launch/share/simulator_launch/package.zsh'
[3.996s] Level 1:colcon.colcon_core.environment:create_file_with_runtime_dependencies(/home/cav-06/KAIST_Mobility_Challenge_Hardware/ros2_ws/src/install/simulator_launch/share/colcon-core/packages/simulator_launch)
[5.213s] DEBUG:colcon.colcon_core.event_handler.log_command:Invoked command in '/home/cav-06/KAIST_Mobility_Challenge_Hardware/ros2_ws/src/build/p3_cpp' returned '0': CMAKE_PREFIX_PATH=${CMAKE_PREFIX_PATH}:/home/cav-06/KAIST_Mobility_Challenge_hy-drive/ros2_ws/install/cav_controller:/opt/ros/foxy /usr/bin/cmake /home/cav-06/KAIST_Mobility_Challenge_Hardware/ros2_ws/src/p3_cpp -DAMENT_CMAKE_SYMLINK_INSTALL=1 -DCMAKE_INSTALL_PREFIX=/home/cav-06/KAIST_Mobility_Challenge_Hardware/ros2_ws/src/install/p3_cpp
[5.218s] DEBUG:colcon.colcon_core.event_handler.log_command:Invoking command in '/home/cav-06/KAIST_Mobility_Challenge_Hardware/ros2_ws/src/build/p3_cpp': CMAKE_PREFIX_PATH=${CMAKE_PREFIX_PATH}:/home/cav-06/KAIST_Mobility_Challenge_hy-drive/ros2_ws/install/cav_controller:/opt/ros/foxy /usr/bin/cmake --build /home/cav-06/KAIST_Mobility_Challenge_Hardware/ros2_ws/src/build/p3_cpp -- -j4 -l4
[6.913s] DEBUG:colcon.colcon_core.event_handler.log_command:Invoked command in '/home/cav-06/KAIST_Mobility_Challenge_Hardware/ros2_ws/src/build/domain_bridge' returned '0': CMAKE_PREFIX_PATH=${CMAKE_PREFIX_PATH}:/home/cav-06/KAIST_Mobility_Challenge_hy-drive/ros2_ws/install/cav_controller:/opt/ros/foxy /usr/bin/cmake /home/cav-06/KAIST_Mobility_Challenge_Hardware/ros2_ws/src/domain_bridge -DAMENT_CMAKE_SYMLINK_INSTALL=1 -DCMAKE_INSTALL_PREFIX=/home/cav-06/KAIST_Mobility_Challenge_Hardware/ros2_ws/src/install/domain_bridge
[6.920s] DEBUG:colcon.colcon_core.event_handler.log_command:Invoking command in '/home/cav-06/KAIST_Mobility_Challenge_Hardware/ros2_ws/src/build/domain_bridge': CMAKE_PREFIX_PATH=${CMAKE_PREFIX_PATH}:/home/cav-06/KAIST_Mobility_Challenge_hy-drive/ros2_ws/install/cav_controller:/opt/ros/foxy /usr/bin/cmake --build /home/cav-06/KAIST_Mobility_Challenge_Hardware/ros2_ws/src/build/domain_bridge -- -j4 -l4
[35.356s] DEBUG:colcon.colcon_core.event_handler.log_command:Invoked command in '/home/cav-06/KAIST_Mobility_Challenge_Hardware/ros2_ws/src/build/p3_cpp' returned '0': CMAKE_PREFIX_PATH=${CMAKE_PREFIX_PATH}:/home/cav-06/KAIST_Mobility_Challenge_hy-drive/ros2_ws/install/cav_controller:/opt/ros/foxy /usr/bin/cmake --build /home/cav-06/KAIST_Mobility_Challenge_Hardware/ros2_ws/src/build/p3_cpp -- -j4 -l4
[35.357s] DEBUG:colcon.colcon_core.event_handler.log_command:Invoking command in '/home/cav-06/KAIST_Mobility_Challenge_Hardware/ros2_ws/src/build/p3_cpp': CMAKE_PREFIX_PATH=${CMAKE_PREFIX_PATH}:/home/cav-06/KAIST_Mobility_Challenge_hy-drive/ros2_ws/install/cav_controller:/opt/ros/foxy /usr/bin/cmake --install /home/cav-06/KAIST_Mobility_Challenge_Hardware/ros2_ws/src/build/p3_cpp
[39.475s] Level 1:colcon.colcon_core.environment:create_environment_scripts_only(p3_cpp)
[39.477s] Level 1:colcon.colcon_core.environment:checking '/home/cav-06/KAIST_Mobility_Challenge_Hardware/ros2_ws/src/install/p3_cpp' for CMake module files
[39.478s] DEBUG:colcon.colcon_core.event_handler.log_command:Invoked command in '/home/cav-06/KAIST_Mobility_Challenge_Hardware/ros2_ws/src/build/p3_cpp' returned '0': CMAKE_PREFIX_PATH=${CMAKE_PREFIX_PATH}:/home/cav-06/KAIST_Mobility_Challenge_hy-drive/ros2_ws/install/cav_controller:/opt/ros/foxy /usr/bin/cmake --install /home/cav-06/KAIST_Mobility_Challenge_Hardware/ros2_ws/src/build/p3_cpp
[39.479s] Level 1:colcon.colcon_core.environment:checking '/home/cav-06/KAIST_Mobility_Challenge_Hardware/ros2_ws/src/install/p3_cpp' for CMake config files
[39.480s] Level 1:colcon.colcon_core.shell:create_environment_hook('p3_cpp', 'cmake_prefix_path')
[39.481s] INFO:colcon.colcon_core.shell:Creating environment hook '/home/cav-06/KAIST_Mobility_Challenge_Hardware/ros2_ws/src/install/p3_cpp/share/p3_cpp/hook/cmake_prefix_path.ps1'
[39.483s] INFO:colcon.colcon_core.shell:Creating environment descriptor '/home/cav-06/KAIST_Mobility_Challenge_Hardware/ros2_ws/src/install/p3_cpp/share/p3_cpp/hook/cmake_prefix_path.dsv'
[39.484s] INFO:colcon.colcon_core.shell:Creating environment hook '/home/cav-06/KAIST_Mobility_Challenge_Hardware/ros2_ws/src/install/p3_cpp/share/p3_cpp/hook/cmake_prefix_path.sh'
[39.485s] Level 1:colcon.colcon_core.environment:checking '/home/cav-06/KAIST_Mobility_Challenge_Hardware/ros2_ws/src/install/p3_cpp/lib'
[39.486s] Level 1:colcon.colcon_core.environment:checking '/home/cav-06/KAIST_Mobility_Challenge_Hardware/ros2_ws/src/install/p3_cpp/bin'
[39.486s] Level 1:colcon.colcon_core.environment:checking '/home/cav-06/KAIST_Mobility_Challenge_Hardware/ros2_ws/src/install/p3_cpp/lib/pkgconfig/p3_cpp.pc'
[39.487s] Level 1:colcon.colcon_core.environment:checking '/home/cav-06/KAIST_Mobility_Challenge_Hardware/ros2_ws/src/install/p3_cpp/lib/python3.8/site-packages'
[39.490s] Level 1:colcon.colcon_core.environment:checking '/home/cav-06/KAIST_Mobility_Challenge_Hardware/ros2_ws/src/install/p3_cpp/bin'
[39.494s] INFO:colcon.colcon_core.shell:Creating package script '/home/cav-06/KAIST_Mobility_Challenge_Hardware/ros2_ws/src/install/p3_cpp/share/p3_cpp/package.ps1'
[39.496s] INFO:colcon.colcon_core.shell:Creating package descriptor '/home/cav-06/KAIST_Mobility_Challenge_Hardware/ros2_ws/src/install/p3_cpp/share/p3_cpp/package.dsv'
[39.497s] INFO:colcon.colcon_core.shell:Creating package script '/home/cav-06/KAIST_Mobility_Challenge_Hardware/ros2_ws/src/install/p3_cpp/share/p3_cpp/package.sh'
[39.498s] INFO:colcon.colcon_core.shell:Creating package script '/home/cav-06/KAIST_Mobility_Challenge_Hardware/ros2_ws/src/install/p3_cpp/share/p3_cpp/package.bash'
[39.499s] INFO:colcon.colcon_core.shell:Creating package script '/home/cav-06/KAIST_Mobility_Challenge_Hardware/ros2_ws/src/install/p3_cpp/share/p3_cpp/package.zsh'
[39.500s] Level 1:colcon.colcon_core.environment:create_file_with_runtime_dependencies(/home/cav-06/KAIST_Mobility_Challenge_Hardware/ros2_ws/src/install/p3_cpp/share/colcon-core/packages/p3_cpp)
[39.515s] Level 1:colcon.colcon_core.environment:create_environment_scripts_only(p3_cpp)
[39.516s] Level 1:colcon.colcon_core.environment:checking '/home/cav-06/KAIST_Mobility_Challenge_Hardware/ros2_ws/src/install/p3_cpp' for CMake module files
[39.517s] Level 1:colcon.colcon_core.environment:checking '/home/cav-06/KAIST_Mobility_Challenge_Hardware/ros2_ws/src/install/p3_cpp' for CMake config files
[39.518s] Level 1:colcon.colcon_core.shell:create_environment_hook('p3_cpp', 'cmake_prefix_path')
[39.518s] INFO:colcon.colcon_core.shell:Creating environment hook '/home/cav-06/KAIST_Mobility_Challenge_Hardware/ros2_ws/src/install/p3_cpp/share/p3_cpp/hook/cmake_prefix_path.ps1'
[39.520s] INFO:colcon.colcon_core.shell:Creating environment descriptor '/home/cav-06/KAIST_Mobility_Challenge_Hardware/ros2_ws/src/install/p3_cpp/share/p3_cpp/hook/cmake_prefix_path.dsv'
[39.521s] INFO:colcon.colcon_core.shell:Creating environment hook '/home/cav-06/KAIST_Mobility_Challenge_Hardware/ros2_ws/src/install/p3_cpp/share/p3_cpp/hook/cmake_prefix_path.sh'
[39.522s] Level 1:colcon.colcon_core.environment:checking '/home/cav-06/KAIST_Mobility_Challenge_Hardware/ros2_ws/src/install/p3_cpp/lib'
[39.522s] Level 1:colcon.colcon_core.environment:checking '/home/cav-06/KAIST_Mobility_Challenge_Hardware/ros2_ws/src/install/p3_cpp/bin'
[39.523s] Level 1:colcon.colcon_core.environment:checking '/home/cav-06/KAIST_Mobility_Challenge_Hardware/ros2_ws/src/install/p3_cpp/lib/pkgconfig/p3_cpp.pc'
[39.523s] Level 1:colcon.colcon_core.environment:checking '/home/cav-06/KAIST_Mobility_Challenge_Hardware/ros2_ws/src/install/p3_cpp/lib/python3.8/site-packages'
[39.524s] Level 1:colcon.colcon_core.environment:checking '/home/cav-06/KAIST_Mobility_Challenge_Hardware/ros2_ws/src/install/p3_cpp/bin'
[39.524s] INFO:colcon.colcon_core.shell:Creating package script '/home/cav-06/KAIST_Mobility_Challenge_Hardware/ros2_ws/src/install/p3_cpp/share/p3_cpp/package.ps1'
[39.539s] INFO:colcon.colcon_core.shell:Creating package descriptor '/home/cav-06/KAIST_Mobility_Challenge_Hardware/ros2_ws/src/install/p3_cpp/share/p3_cpp/package.dsv'
[39.541s] INFO:colcon.colcon_core.shell:Creating package script '/home/cav-06/KAIST_Mobility_Challenge_Hardware/ros2_ws/src/install/p3_cpp/share/p3_cpp/package.sh'
[39.543s] INFO:colcon.colcon_core.shell:Creating package script '/home/cav-06/KAIST_Mobility_Challenge_Hardware/ros2_ws/src/install/p3_cpp/share/p3_cpp/package.bash'
[39.544s] INFO:colcon.colcon_core.shell:Creating package script '/home/cav-06/KAIST_Mobility_Challenge_Hardware/ros2_ws/src/install/p3_cpp/share/p3_cpp/package.zsh'
[39.545s] Level 1:colcon.colcon_core.environment:create_file_with_runtime_dependencies(/home/cav-06/KAIST_Mobility_Challenge_Hardware/ros2_ws/src/install/p3_cpp/share/colcon-core/packages/p3_cpp)
[54.857s] DEBUG:colcon.colcon_core.event_handler.log_command:Invoked command in '/home/cav-06/KAIST_Mobility_Challenge_Hardware/ros2_ws/src/build/domain_bridge' returned '0': CMAKE_PREFIX_PATH=${CMAKE_PREFIX_PATH}:/home/cav-06/KAIST_Mobility_Challenge_hy-drive/ros2_ws/install/cav_controller:/opt/ros/foxy /usr/bin/cmake --build /home/cav-06/KAIST_Mobility_Challenge_Hardware/ros2_ws/src/build/domain_bridge -- -j4 -l4
[54.865s] DEBUG:colcon.colcon_core.event_handler.log_command:Invoking command in '/home/cav-06/KAIST_Mobility_Challenge_Hardware/ros2_ws/src/build/domain_bridge': CMAKE_PREFIX_PATH=${CMAKE_PREFIX_PATH}:/home/cav-06/KAIST_Mobility_Challenge_hy-drive/ros2_ws/install/cav_controller:/opt/ros/foxy /usr/bin/cmake --install /home/cav-06/KAIST_Mobility_Challenge_Hardware/ros2_ws/src/build/domain_bridge
[56.370s] Level 1:colcon.colcon_core.environment:create_environment_scripts_only(domain_bridge)
[56.371s] Level 1:colcon.colcon_core.environment:checking '/home/cav-06/KAIST_Mobility_Challenge_Hardware/ros2_ws/src/install/domain_bridge' for CMake module files
[56.373s] DEBUG:colcon.colcon_core.event_handler.log_command:Invoked command in '/home/cav-06/KAIST_Mobility_Challenge_Hardware/ros2_ws/src/build/domain_bridge' returned '0': CMAKE_PREFIX_PATH=${CMAKE_PREFIX_PATH}:/home/cav-06/KAIST_Mobility_Challenge_hy-drive/ros2_ws/install/cav_controller:/opt/ros/foxy /usr/bin/cmake --install /home/cav-06/KAIST_Mobility_Challenge_Hardware/ros2_ws/src/build/domain_bridge
[56.375s] Level 1:colcon.colcon_core.environment:checking '/home/cav-06/KAIST_Mobility_Challenge_Hardware/ros2_ws/src/install/domain_bridge' for CMake config files
[56.378s] Level 1:colcon.colcon_core.shell:create_environment_hook('domain_bridge', 'cmake_prefix_path')
[56.379s] INFO:colcon.colcon_core.shell:Creating environment hook '/home/cav-06/KAIST_Mobility_Challenge_Hardware/ros2_ws/src/install/domain_bridge/share/domain_bridge/hook/cmake_prefix_path.ps1'
[56.381s] INFO:colcon.colcon_core.shell:Creating environment descriptor '/home/cav-06/KAIST_Mobility_Challenge_Hardware/ros2_ws/src/install/domain_bridge/share/domain_bridge/hook/cmake_prefix_path.dsv'
[56.382s] INFO:colcon.colcon_core.shell:Creating environment hook '/home/cav-06/KAIST_Mobility_Challenge_Hardware/ros2_ws/src/install/domain_bridge/share/domain_bridge/hook/cmake_prefix_path.sh'
[56.384s] Level 1:colcon.colcon_core.environment:checking '/home/cav-06/KAIST_Mobility_Challenge_Hardware/ros2_ws/src/install/domain_bridge/lib'
[56.385s] Level 1:colcon.colcon_core.shell:create_environment_hook('domain_bridge', 'ld_library_path_lib')
[56.385s] INFO:colcon.colcon_core.shell:Creating environment hook '/home/cav-06/KAIST_Mobility_Challenge_Hardware/ros2_ws/src/install/domain_bridge/share/domain_bridge/hook/ld_library_path_lib.ps1'
[56.386s] INFO:colcon.colcon_core.shell:Creating environment descriptor '/home/cav-06/KAIST_Mobility_Challenge_Hardware/ros2_ws/src/install/domain_bridge/share/domain_bridge/hook/ld_library_path_lib.dsv'
[56.387s] INFO:colcon.colcon_core.shell:Creating environment hook '/home/cav-06/KAIST_Mobility_Challenge_Hardware/ros2_ws/src/install/domain_bridge/share/domain_bridge/hook/ld_library_path_lib.sh'
[56.388s] Level 1:colcon.colcon_core.environment:checking '/home/cav-06/KAIST_Mobility_Challenge_Hardware/ros2_ws/src/install/domain_bridge/bin'
[56.388s] Level 1:colcon.colcon_core.environment:checking '/home/cav-06/KAIST_Mobility_Challenge_Hardware/ros2_ws/src/install/domain_bridge/lib/pkgconfig/domain_bridge.pc'
[56.389s] Level 1:colcon.colcon_core.environment:checking '/home/cav-06/KAIST_Mobility_Challenge_Hardware/ros2_ws/src/install/domain_bridge/lib/python3.8/site-packages'
[56.389s] Level 1:colcon.colcon_core.shell:create_environment_hook('domain_bridge', 'pythonpath')
[56.390s] INFO:colcon.colcon_core.shell:Creating environment hook '/home/cav-06/KAIST_Mobility_Challenge_Hardware/ros2_ws/src/install/domain_bridge/share/domain_bridge/hook/pythonpath.ps1'
[56.392s] INFO:colcon.colcon_core.shell:Creating environment descriptor '/home/cav-06/KAIST_Mobility_Challenge_Hardware/ros2_ws/src/install/domain_bridge/share/domain_bridge/hook/pythonpath.dsv'
[56.393s] INFO:colcon.colcon_core.shell:Creating environment hook '/home/cav-06/KAIST_Mobility_Challenge_Hardware/ros2_ws/src/install/domain_bridge/share/domain_bridge/hook/pythonpath.sh'
[56.395s] Level 1:colcon.colcon_core.environment:checking '/home/cav-06/KAIST_Mobility_Challenge_Hardware/ros2_ws/src/install/domain_bridge/bin'
[56.396s] INFO:colcon.colcon_core.shell:Creating package script '/home/cav-06/KAIST_Mobility_Challenge_Hardware/ros2_ws/src/install/domain_bridge/share/domain_bridge/package.ps1'
[56.398s] INFO:colcon.colcon_core.shell:Creating package descriptor '/home/cav-06/KAIST_Mobility_Challenge_Hardware/ros2_ws/src/install/domain_bridge/share/domain_bridge/package.dsv'
[56.400s] INFO:colcon.colcon_core.shell:Creating package script '/home/cav-06/KAIST_Mobility_Challenge_Hardware/ros2_ws/src/install/domain_bridge/share/domain_bridge/package.sh'
[56.402s] INFO:colcon.colcon_core.shell:Creating package script '/home/cav-06/KAIST_Mobility_Challenge_Hardware/ros2_ws/src/install/domain_bridge/share/domain_bridge/package.bash'
[56.403s] INFO:colcon.colcon_core.shell:Creating package script '/home/cav-06/KAIST_Mobility_Challenge_Hardware/ros2_ws/src/install/domain_bridge/share/domain_bridge/package.zsh'
[56.404s] Level 1:colcon.colcon_core.environment:create_file_with_runtime_dependencies(/home/cav-06/KAIST_Mobility_Challenge_Hardware/ros2_ws/src/install/domain_bridge/share/colcon-core/packages/domain_bridge)
[56.406s] Level 1:colcon.colcon_core.environment:create_environment_scripts_only(domain_bridge)
[56.407s] Level 1:colcon.colcon_core.environment:checking '/home/cav-06/KAIST_Mobility_Challenge_Hardware/ros2_ws/src/install/domain_bridge' for CMake module files
[56.408s] Level 1:colcon.colcon_core.environment:checking '/home/cav-06/KAIST_Mobility_Challenge_Hardware/ros2_ws/src/install/domain_bridge' for CMake config files
[56.410s] Level 1:colcon.colcon_core.shell:create_environment_hook('domain_bridge', 'cmake_prefix_path')
[56.411s] INFO:colcon.colcon_core.shell:Creating environment hook '/home/cav-06/KAIST_Mobility_Challenge_Hardware/ros2_ws/src/install/domain_bridge/share/domain_bridge/hook/cmake_prefix_path.ps1'
[56.412s] INFO:colcon.colcon_core.shell:Creating environment descriptor '/home/cav-06/KAIST_Mobility_Challenge_Hardware/ros2_ws/src/install/domain_bridge/share/domain_bridge/hook/cmake_prefix_path.dsv'
[56.412s] INFO:colcon.colcon_core.shell:Creating environment hook '/home/cav-06/KAIST_Mobility_Challenge_Hardware/ros2_ws/src/install/domain_bridge/share/domain_bridge/hook/cmake_prefix_path.sh'
[56.414s] Level 1:colcon.colcon_core.environment:checking '/home/cav-06/KAIST_Mobility_Challenge_Hardware/ros2_ws/src/install/domain_bridge/lib'
[56.414s] Level 1:colcon.colcon_core.shell:create_environment_hook('domain_bridge', 'ld_library_path_lib')
[56.415s] INFO:colcon.colcon_core.shell:Creating environment hook '/home/cav-06/KAIST_Mobility_Challenge_Hardware/ros2_ws/src/install/domain_bridge/share/domain_bridge/hook/ld_library_path_lib.ps1'
[56.416s] INFO:colcon.colcon_core.shell:Creating environment descriptor '/home/cav-06/KAIST_Mobility_Challenge_Hardware/ros2_ws/src/install/domain_bridge/share/domain_bridge/hook/ld_library_path_lib.dsv'
[56.416s] INFO:colcon.colcon_core.shell:Creating environment hook '/home/cav-06/KAIST_Mobility_Challenge_Hardware/ros2_ws/src/install/domain_bridge/share/domain_bridge/hook/ld_library_path_lib.sh'
[56.417s] Level 1:colcon.colcon_core.environment:checking '/home/cav-06/KAIST_Mobility_Challenge_Hardware/ros2_ws/src/install/domain_bridge/bin'
[56.417s] Level 1:colcon.colcon_core.environment:checking '/home/cav-06/KAIST_Mobility_Challenge_Hardware/ros2_ws/src/install/domain_bridge/lib/pkgconfig/domain_bridge.pc'
[56.418s] Level 1:colcon.colcon_core.environment:checking '/home/cav-06/KAIST_Mobility_Challenge_Hardware/ros2_ws/src/install/domain_bridge/lib/python3.8/site-packages'
[56.418s] Level 1:colcon.colcon_core.shell:create_environment_hook('domain_bridge', 'pythonpath')
[56.419s] INFO:colcon.colcon_core.shell:Creating environment hook '/home/cav-06/KAIST_Mobility_Challenge_Hardware/ros2_ws/src/install/domain_bridge/share/domain_bridge/hook/pythonpath.ps1'
[56.419s] INFO:colcon.colcon_core.shell:Creating environment descriptor '/home/cav-06/KAIST_Mobility_Challenge_Hardware/ros2_ws/src/install/domain_bridge/share/domain_bridge/hook/pythonpath.dsv'
[56.420s] INFO:colcon.colcon_core.shell:Creating environment hook '/home/cav-06/KAIST_Mobility_Challenge_Hardware/ros2_ws/src/install/domain_bridge/share/domain_bridge/hook/pythonpath.sh'
[56.422s] Level 1:colcon.colcon_core.environment:checking '/home/cav-06/KAIST_Mobility_Challenge_Hardware/ros2_ws/src/install/domain_bridge/bin'
[56.422s] INFO:colcon.colcon_core.shell:Creating package script '/home/cav-06/KAIST_Mobility_Challenge_Hardware/ros2_ws/src/install/domain_bridge/share/domain_bridge/package.ps1'
[56.424s] INFO:colcon.colcon_core.shell:Creating package descriptor '/home/cav-06/KAIST_Mobility_Challenge_Hardware/ros2_ws/src/install/domain_bridge/share/domain_bridge/package.dsv'
[56.425s] INFO:colcon.colcon_core.shell:Creating package script '/home/cav-06/KAIST_Mobility_Challenge_Hardware/ros2_ws/src/install/domain_bridge/share/domain_bridge/package.sh'
[56.426s] INFO:colcon.colcon_core.shell:Creating package script '/home/cav-06/KAIST_Mobility_Challenge_Hardware/ros2_ws/src/install/domain_bridge/share/domain_bridge/package.bash'
[56.427s] INFO:colcon.colcon_core.shell:Creating package script '/home/cav-06/KAIST_Mobility_Challenge_Hardware/ros2_ws/src/install/domain_bridge/share/domain_bridge/package.zsh'
[56.428s] Level 1:colcon.colcon_core.environment:create_file_with_runtime_dependencies(/home/cav-06/KAIST_Mobility_Challenge_Hardware/ros2_ws/src/install/domain_bridge/share/colcon-core/packages/domain_bridge)
[56.428s] DEBUG:colcon.colcon_parallel_executor.executor.parallel:closing loop
[56.429s] DEBUG:colcon.colcon_parallel_executor.executor.parallel:loop closed
[56.430s] DEBUG:colcon.colcon_parallel_executor.executor.parallel:run_until_complete finished with '0'
[56.430s] DEBUG:colcon.colcon_core.event_reactor:joining thread
[56.441s] INFO:colcon.colcon_core.plugin_system:Skipping extension 'colcon_notification.desktop_notification.terminal_notifier': Not used on non-Darwin systems
[56.442s] INFO:colcon.colcon_core.plugin_system:Skipping extension 'colcon_notification.desktop_notification.win32': Not used on non-Windows systems
[56.442s] INFO:colcon.colcon_notification.desktop_notification:Sending desktop notification using 'notify2'
[56.479s] DEBUG:colcon.colcon_core.event_reactor:joined thread
[56.481s] INFO:colcon.colcon_core.shell:Creating prefix script '/home/cav-06/KAIST_Mobility_Challenge_Hardware/ros2_ws/src/install/local_setup.ps1'
[56.483s] INFO:colcon.colcon_core.shell:Creating prefix util module '/home/cav-06/KAIST_Mobility_Challenge_Hardware/ros2_ws/src/install/_local_setup_util_ps1.py'
[56.487s] INFO:colcon.colcon_core.shell:Creating prefix chain script '/home/cav-06/KAIST_Mobility_Challenge_Hardware/ros2_ws/src/install/setup.ps1'
[56.490s] INFO:colcon.colcon_core.shell:Creating prefix script '/home/cav-06/KAIST_Mobility_Challenge_Hardware/ros2_ws/src/install/local_setup.sh'
[56.491s] INFO:colcon.colcon_core.shell:Creating prefix util module '/home/cav-06/KAIST_Mobility_Challenge_Hardware/ros2_ws/src/install/_local_setup_util_sh.py'
[56.493s] INFO:colcon.colcon_core.shell:Creating prefix chain script '/home/cav-06/KAIST_Mobility_Challenge_Hardware/ros2_ws/src/install/setup.sh'
[56.496s] INFO:colcon.colcon_core.shell:Creating prefix script '/home/cav-06/KAIST_Mobility_Challenge_Hardware/ros2_ws/src/install/local_setup.bash'
[56.497s] INFO:colcon.colcon_core.shell:Creating prefix chain script '/home/cav-06/KAIST_Mobility_Challenge_Hardware/ros2_ws/src/install/setup.bash'
[56.499s] INFO:colcon.colcon_core.shell:Creating prefix script '/home/cav-06/KAIST_Mobility_Challenge_Hardware/ros2_ws/src/install/local_setup.zsh'
[56.500s] INFO:colcon.colcon_core.shell:Creating prefix chain script '/home/cav-06/KAIST_Mobility_Challenge_Hardware/ros2_ws/src/install/setup.zsh'
