[0.359s] DEBUG:colcon:Command line arguments: ['/usr/bin/colcon', 'build', '--packages-select', 'cav_controller']
[0.359s] DEBUG:colcon:Parsed command line arguments: Namespace(allow_overriding=[], ament_cmake_args=None, base_paths=['.'], build_base='build', catkin_cmake_args=None, catkin_skip_building_tests=False, cmake_args=None, cmake_clean_cache=False, cmake_clean_first=False, cmake_force_configure=False, cmake_target=None, cmake_target_skip_unavailable=False, continue_on_error=False, event_handlers=None, executor='parallel', ignore_user_meta=False, install_base='install', log_base=None, log_level=None, main=<bound method BuildVerb.main of <colcon_core.verb.build.BuildVerb object at 0xffff85cd71f0>>, merge_install=False, metas=['./colcon.meta'], packages_above=None, packages_above_and_dependencies=None, packages_above_depth=None, packages_end=None, packages_ignore=None, packages_ignore_regex=None, packages_select=['cav_controller'], packages_select_build_failed=False, packages_select_by_dep=None, packages_select_regex=None, packages_select_test_failures=False, packages_skip=None, packages_skip_build_finished=False, packages_skip_by_dep=None, packages_skip_regex=None, packages_skip_test_passed=False, packages_skip_up_to=None, packages_start=None, packages_up_to=None, packages_up_to_regex=None, parallel_workers=4, paths=None, symlink_install=False, test_result_base=None, verb_extension=<colcon_core.verb.build.BuildVerb object at 0xffff85cd71f0>, verb_name='build', verb_parser=<colcon_defaults.argument_parser.defaults.DefaultArgumentsDecorator object at 0xffff85cd7970>)
[0.645s] Level 1:colcon.colcon_core.package_discovery:discover_packages(colcon_meta) check parameters
[0.645s] Level 1:colcon.colcon_core.package_discovery:discover_packages(recursive) check parameters
[0.645s] Level 1:colcon.colcon_core.package_discovery:discover_packages(ignore) check parameters
[0.646s] Level 1:colcon.colcon_core.package_discovery:discover_packages(path) check parameters
[0.646s] Level 1:colcon.colcon_core.package_discovery:discover_packages(colcon_meta) discover
[0.646s] Level 1:colcon.colcon_core.package_discovery:discover_packages(recursive) discover
[0.646s] INFO:colcon.colcon_core.package_discovery:Crawling recursively for packages in '/home/hy/Mobility_Challenge'
[0.646s] Level 1:colcon.colcon_core.package_identification:_identify(.) by extensions ['ignore', 'ignore_ament_install']
[0.647s] Level 1:colcon.colcon_core.package_identification:_identify(.) by extension 'ignore'
[0.647s] Level 1:colcon.colcon_core.package_identification:_identify(.) by extension 'ignore_ament_install'
[0.647s] Level 1:colcon.colcon_core.package_identification:_identify(.) by extensions ['colcon_pkg']
[0.647s] Level 1:colcon.colcon_core.package_identification:_identify(.) by extension 'colcon_pkg'
[0.647s] Level 1:colcon.colcon_core.package_identification:_identify(.) by extensions ['colcon_meta']
[0.647s] Level 1:colcon.colcon_core.package_identification:_identify(.) by extension 'colcon_meta'
[0.647s] Level 1:colcon.colcon_core.package_identification:_identify(.) by extensions ['ros']
[0.647s] Level 1:colcon.colcon_core.package_identification:_identify(.) by extension 'ros'
[0.669s] Level 1:colcon.colcon_core.package_identification:_identify(.) by extensions ['cmake', 'python']
[0.670s] Level 1:colcon.colcon_core.package_identification:_identify(.) by extension 'cmake'
[0.670s] Level 1:colcon.colcon_core.package_identification:_identify(.) by extension 'python'
[0.670s] Level 1:colcon.colcon_core.package_identification:_identify(.) by extensions ['python_setup_py']
[0.670s] Level 1:colcon.colcon_core.package_identification:_identify(.) by extension 'python_setup_py'
[0.670s] Level 1:colcon.colcon_core.package_identification:_identify(build) by extensions ['ignore', 'ignore_ament_install']
[0.671s] Level 1:colcon.colcon_core.package_identification:_identify(build) by extension 'ignore'
[0.671s] Level 1:colcon.colcon_core.package_identification:_identify(build) ignored
[0.671s] Level 1:colcon.colcon_core.package_identification:_identify(install) by extensions ['ignore', 'ignore_ament_install']
[0.671s] Level 1:colcon.colcon_core.package_identification:_identify(install) by extension 'ignore'
[0.671s] Level 1:colcon.colcon_core.package_identification:_identify(install) ignored
[0.671s] Level 1:colcon.colcon_core.package_identification:_identify(log) by extensions ['ignore', 'ignore_ament_install']
[0.672s] Level 1:colcon.colcon_core.package_identification:_identify(log) by extension 'ignore'
[0.672s] Level 1:colcon.colcon_core.package_identification:_identify(log) ignored
[0.672s] Level 1:colcon.colcon_core.package_identification:_identify(ros2_ws) by extensions ['ignore', 'ignore_ament_install']
[0.672s] Level 1:colcon.colcon_core.package_identification:_identify(ros2_ws) by extension 'ignore'
[0.672s] Level 1:colcon.colcon_core.package_identification:_identify(ros2_ws) by extension 'ignore_ament_install'
[0.672s] Level 1:colcon.colcon_core.package_identification:_identify(ros2_ws) by extensions ['colcon_pkg']
[0.672s] Level 1:colcon.colcon_core.package_identification:_identify(ros2_ws) by extension 'colcon_pkg'
[0.673s] Level 1:colcon.colcon_core.package_identification:_identify(ros2_ws) by extensions ['colcon_meta']
[0.673s] Level 1:colcon.colcon_core.package_identification:_identify(ros2_ws) by extension 'colcon_meta'
[0.673s] Level 1:colcon.colcon_core.package_identification:_identify(ros2_ws) by extensions ['ros']
[0.673s] Level 1:colcon.colcon_core.package_identification:_identify(ros2_ws) by extension 'ros'
[0.673s] Level 1:colcon.colcon_core.package_identification:_identify(ros2_ws) by extensions ['cmake', 'python']
[0.673s] Level 1:colcon.colcon_core.package_identification:_identify(ros2_ws) by extension 'cmake'
[0.673s] Level 1:colcon.colcon_core.package_identification:_identify(ros2_ws) by extension 'python'
[0.673s] Level 1:colcon.colcon_core.package_identification:_identify(ros2_ws) by extensions ['python_setup_py']
[0.673s] Level 1:colcon.colcon_core.package_identification:_identify(ros2_ws) by extension 'python_setup_py'
[0.674s] Level 1:colcon.colcon_core.package_identification:_identify(ros2_ws/build) by extensions ['ignore', 'ignore_ament_install']
[0.674s] Level 1:colcon.colcon_core.package_identification:_identify(ros2_ws/build) by extension 'ignore'
[0.674s] Level 1:colcon.colcon_core.package_identification:_identify(ros2_ws/build) ignored
[0.674s] Level 1:colcon.colcon_core.package_identification:_identify(ros2_ws/install) by extensions ['ignore', 'ignore_ament_install']
[0.674s] Level 1:colcon.colcon_core.package_identification:_identify(ros2_ws/install) by extension 'ignore'
[0.674s] Level 1:colcon.colcon_core.package_identification:_identify(ros2_ws/install) ignored
[0.675s] Level 1:colcon.colcon_core.package_identification:_identify(ros2_ws/log) by extensions ['ignore', 'ignore_ament_install']
[0.675s] Level 1:colcon.colcon_core.package_identification:_identify(ros2_ws/log) by extension 'ignore'
[0.675s] Level 1:colcon.colcon_core.package_identification:_identify(ros2_ws/log) ignored
[0.675s] Level 1:colcon.colcon_core.package_identification:_identify(ros2_ws/src) by extensions ['ignore', 'ignore_ament_install']
[0.675s] Level 1:colcon.colcon_core.package_identification:_identify(ros2_ws/src) by extension 'ignore'
[0.675s] Level 1:colcon.colcon_core.package_identification:_identify(ros2_ws/src) by extension 'ignore_ament_install'
[0.675s] Level 1:colcon.colcon_core.package_identification:_identify(ros2_ws/src) by extensions ['colcon_pkg']
[0.676s] Level 1:colcon.colcon_core.package_identification:_identify(ros2_ws/src) by extension 'colcon_pkg'
[0.676s] Level 1:colcon.colcon_core.package_identification:_identify(ros2_ws/src) by extensions ['colcon_meta']
[0.676s] Level 1:colcon.colcon_core.package_identification:_identify(ros2_ws/src) by extension 'colcon_meta'
[0.676s] Level 1:colcon.colcon_core.package_identification:_identify(ros2_ws/src) by extensions ['ros']
[0.676s] Level 1:colcon.colcon_core.package_identification:_identify(ros2_ws/src) by extension 'ros'
[0.676s] Level 1:colcon.colcon_core.package_identification:_identify(ros2_ws/src) by extensions ['cmake', 'python']
[0.676s] Level 1:colcon.colcon_core.package_identification:_identify(ros2_ws/src) by extension 'cmake'
[0.676s] Level 1:colcon.colcon_core.package_identification:_identify(ros2_ws/src) by extension 'python'
[0.676s] Level 1:colcon.colcon_core.package_identification:_identify(ros2_ws/src) by extensions ['python_setup_py']
[0.676s] Level 1:colcon.colcon_core.package_identification:_identify(ros2_ws/src) by extension 'python_setup_py'
[0.677s] Level 1:colcon.colcon_core.package_identification:_identify(ros2_ws/src/cav_controller) by extensions ['ignore', 'ignore_ament_install']
[0.677s] Level 1:colcon.colcon_core.package_identification:_identify(ros2_ws/src/cav_controller) by extension 'ignore'
[0.677s] Level 1:colcon.colcon_core.package_identification:_identify(ros2_ws/src/cav_controller) by extension 'ignore_ament_install'
[0.677s] Level 1:colcon.colcon_core.package_identification:_identify(ros2_ws/src/cav_controller) by extensions ['colcon_pkg']
[0.677s] Level 1:colcon.colcon_core.package_identification:_identify(ros2_ws/src/cav_controller) by extension 'colcon_pkg'
[0.677s] Level 1:colcon.colcon_core.package_identification:_identify(ros2_ws/src/cav_controller) by extensions ['colcon_meta']
[0.677s] Level 1:colcon.colcon_core.package_identification:_identify(ros2_ws/src/cav_controller) by extension 'colcon_meta'
[0.677s] Level 1:colcon.colcon_core.package_identification:_identify(ros2_ws/src/cav_controller) by extensions ['ros']
[0.677s] Level 1:colcon.colcon_core.package_identification:_identify(ros2_ws/src/cav_controller) by extension 'ros'
[0.683s] DEBUG:colcon.colcon_core.package_identification:Package 'ros2_ws/src/cav_controller' with type 'ros.ament_python' and name 'cav_controller'
[0.683s] Level 1:colcon.colcon_core.package_identification:_identify(ros2_ws/src/simulator_launch) by extensions ['ignore', 'ignore_ament_install']
[0.683s] Level 1:colcon.colcon_core.package_identification:_identify(ros2_ws/src/simulator_launch) by extension 'ignore'
[0.684s] Level 1:colcon.colcon_core.package_identification:_identify(ros2_ws/src/simulator_launch) by extension 'ignore_ament_install'
[0.684s] Level 1:colcon.colcon_core.package_identification:_identify(ros2_ws/src/simulator_launch) by extensions ['colcon_pkg']
[0.684s] Level 1:colcon.colcon_core.package_identification:_identify(ros2_ws/src/simulator_launch) by extension 'colcon_pkg'
[0.684s] Level 1:colcon.colcon_core.package_identification:_identify(ros2_ws/src/simulator_launch) by extensions ['colcon_meta']
[0.684s] Level 1:colcon.colcon_core.package_identification:_identify(ros2_ws/src/simulator_launch) by extension 'colcon_meta'
[0.684s] Level 1:colcon.colcon_core.package_identification:_identify(ros2_ws/src/simulator_launch) by extensions ['ros']
[0.684s] Level 1:colcon.colcon_core.package_identification:_identify(ros2_ws/src/simulator_launch) by extension 'ros'
[0.685s] DEBUG:colcon.colcon_core.package_identification:Package 'ros2_ws/src/simulator_launch' with type 'ros.ament_cmake' and name 'simulator_launch'
[0.685s] Level 1:colcon.colcon_core.package_identification:_identify(sdk) by extensions ['ignore', 'ignore_ament_install']
[0.686s] Level 1:colcon.colcon_core.package_identification:_identify(sdk) by extension 'ignore'
[0.686s] Level 1:colcon.colcon_core.package_identification:_identify(sdk) by extension 'ignore_ament_install'
[0.686s] Level 1:colcon.colcon_core.package_identification:_identify(sdk) by extensions ['colcon_pkg']
[0.686s] Level 1:colcon.colcon_core.package_identification:_identify(sdk) by extension 'colcon_pkg'
[0.686s] Level 1:colcon.colcon_core.package_identification:_identify(sdk) by extensions ['colcon_meta']
[0.686s] Level 1:colcon.colcon_core.package_identification:_identify(sdk) by extension 'colcon_meta'
[0.686s] Level 1:colcon.colcon_core.package_identification:_identify(sdk) by extensions ['ros']
[0.686s] Level 1:colcon.colcon_core.package_identification:_identify(sdk) by extension 'ros'
[0.687s] Level 1:colcon.colcon_core.package_identification:_identify(sdk) by extensions ['cmake', 'python']
[0.687s] Level 1:colcon.colcon_core.package_identification:_identify(sdk) by extension 'cmake'
[0.687s] Level 1:colcon.colcon_core.package_identification:_identify(sdk) by extension 'python'
[0.687s] Level 1:colcon.colcon_core.package_identification:_identify(sdk) by extensions ['python_setup_py']
[0.687s] Level 1:colcon.colcon_core.package_identification:_identify(sdk) by extension 'python_setup_py'
[0.687s] Level 1:colcon.colcon_core.package_identification:_identify(sdk/KAIST_Mobility_Challenge_SDK) by extensions ['ignore', 'ignore_ament_install']
[0.687s] Level 1:colcon.colcon_core.package_identification:_identify(sdk/KAIST_Mobility_Challenge_SDK) by extension 'ignore'
[0.687s] Level 1:colcon.colcon_core.package_identification:_identify(sdk/KAIST_Mobility_Challenge_SDK) by extension 'ignore_ament_install'
[0.688s] Level 1:colcon.colcon_core.package_identification:_identify(sdk/KAIST_Mobility_Challenge_SDK) by extensions ['colcon_pkg']
[0.688s] Level 1:colcon.colcon_core.package_identification:_identify(sdk/KAIST_Mobility_Challenge_SDK) by extension 'colcon_pkg'
[0.688s] Level 1:colcon.colcon_core.package_identification:_identify(sdk/KAIST_Mobility_Challenge_SDK) by extensions ['colcon_meta']
[0.688s] Level 1:colcon.colcon_core.package_identification:_identify(sdk/KAIST_Mobility_Challenge_SDK) by extension 'colcon_meta'
[0.688s] Level 1:colcon.colcon_core.package_identification:_identify(sdk/KAIST_Mobility_Challenge_SDK) by extensions ['ros']
[0.688s] Level 1:colcon.colcon_core.package_identification:_identify(sdk/KAIST_Mobility_Challenge_SDK) by extension 'ros'
[0.688s] Level 1:colcon.colcon_core.package_identification:_identify(sdk/KAIST_Mobility_Challenge_SDK) by extensions ['cmake', 'python']
[0.688s] Level 1:colcon.colcon_core.package_identification:_identify(sdk/KAIST_Mobility_Challenge_SDK) by extension 'cmake'
[0.720s] Level 1:colcon.colcon_core.package_identification:_identify(sdk/KAIST_Mobility_Challenge_SDK) by extension 'python'
[0.720s] DEBUG:colcon.colcon_core.package_identification:Package 'sdk/KAIST_Mobility_Challenge_SDK' with type 'cmake' and name 'KMC_HARDWARE_uart_sdk'
[0.720s] Level 1:colcon.colcon_core.package_identification:_identify(tool) by extensions ['ignore', 'ignore_ament_install']
[0.721s] Level 1:colcon.colcon_core.package_identification:_identify(tool) by extension 'ignore'
[0.721s] Level 1:colcon.colcon_core.package_identification:_identify(tool) by extension 'ignore_ament_install'
[0.721s] Level 1:colcon.colcon_core.package_identification:_identify(tool) by extensions ['colcon_pkg']
[0.721s] Level 1:colcon.colcon_core.package_identification:_identify(tool) by extension 'colcon_pkg'
[0.721s] Level 1:colcon.colcon_core.package_identification:_identify(tool) by extensions ['colcon_meta']
[0.721s] Level 1:colcon.colcon_core.package_identification:_identify(tool) by extension 'colcon_meta'
[0.721s] Level 1:colcon.colcon_core.package_identification:_identify(tool) by extensions ['ros']
[0.721s] Level 1:colcon.colcon_core.package_identification:_identify(tool) by extension 'ros'
[0.721s] Level 1:colcon.colcon_core.package_identification:_identify(tool) by extensions ['cmake', 'python']
[0.721s] Level 1:colcon.colcon_core.package_identification:_identify(tool) by extension 'cmake'
[0.722s] Level 1:colcon.colcon_core.package_identification:_identify(tool) by extension 'python'
[0.722s] Level 1:colcon.colcon_core.package_identification:_identify(tool) by extensions ['python_setup_py']
[0.722s] Level 1:colcon.colcon_core.package_identification:_identify(tool) by extension 'python_setup_py'
[0.722s] Level 1:colcon.colcon_core.package_identification:_identify(tool/waypoint) by extensions ['ignore', 'ignore_ament_install']
[0.722s] Level 1:colcon.colcon_core.package_identification:_identify(tool/waypoint) by extension 'ignore'
[0.722s] Level 1:colcon.colcon_core.package_identification:_identify(tool/waypoint) by extension 'ignore_ament_install'
[0.723s] Level 1:colcon.colcon_core.package_identification:_identify(tool/waypoint) by extensions ['colcon_pkg']
[0.723s] Level 1:colcon.colcon_core.package_identification:_identify(tool/waypoint) by extension 'colcon_pkg'
[0.723s] Level 1:colcon.colcon_core.package_identification:_identify(tool/waypoint) by extensions ['colcon_meta']
[0.723s] Level 1:colcon.colcon_core.package_identification:_identify(tool/waypoint) by extension 'colcon_meta'
[0.723s] Level 1:colcon.colcon_core.package_identification:_identify(tool/waypoint) by extensions ['ros']
[0.723s] Level 1:colcon.colcon_core.package_identification:_identify(tool/waypoint) by extension 'ros'
[0.723s] Level 1:colcon.colcon_core.package_identification:_identify(tool/waypoint) by extensions ['cmake', 'python']
[0.723s] Level 1:colcon.colcon_core.package_identification:_identify(tool/waypoint) by extension 'cmake'
[0.723s] Level 1:colcon.colcon_core.package_identification:_identify(tool/waypoint) by extension 'python'
[0.723s] Level 1:colcon.colcon_core.package_identification:_identify(tool/waypoint) by extensions ['python_setup_py']
[0.723s] Level 1:colcon.colcon_core.package_identification:_identify(tool/waypoint) by extension 'python_setup_py'
[0.724s] Level 1:colcon.colcon_core.package_discovery:discover_packages(recursive) using defaults
[0.724s] Level 1:colcon.colcon_core.package_discovery:discover_packages(ignore) discover
[0.724s] Level 1:colcon.colcon_core.package_discovery:discover_packages(ignore) using defaults
[0.724s] Level 1:colcon.colcon_core.package_discovery:discover_packages(path) discover
[0.724s] Level 1:colcon.colcon_core.package_discovery:discover_packages(path) using defaults
[0.759s] INFO:colcon.colcon_core.package_selection:Skipping not selected package 'KMC_HARDWARE_uart_sdk' in 'sdk/KAIST_Mobility_Challenge_SDK'
[0.759s] INFO:colcon.colcon_core.package_selection:Skipping not selected package 'simulator_launch' in 'ros2_ws/src/simulator_launch'
[0.760s] Level 1:colcon.colcon_core.package_discovery:discover_packages(prefix_path) check parameters
[0.760s] Level 1:colcon.colcon_core.package_discovery:discover_packages(prefix_path) discover
[0.762s] WARNING:colcon.colcon_ros.prefix_path.ament:The path '/home/hy/Mobility_Challenge/install/cav_controller' in the environment variable AMENT_PREFIX_PATH doesn't exist
[0.763s] DEBUG:colcon.colcon_installed_package_information.package_discovery:Found 0 installed packages in /home/hy/Mobility_Challenge/install
[0.765s] DEBUG:colcon.colcon_installed_package_information.package_discovery:Found 174 installed packages in /opt/ros/foxy
[0.767s] Level 1:colcon.colcon_core.package_discovery:discover_packages(prefix_path) using defaults
[0.842s] Level 5:colcon.colcon_core.verb:set package 'cav_controller' build argument 'cmake_args' from command line to 'None'
[0.842s] Level 5:colcon.colcon_core.verb:set package 'cav_controller' build argument 'cmake_target' from command line to 'None'
[0.842s] Level 5:colcon.colcon_core.verb:set package 'cav_controller' build argument 'cmake_target_skip_unavailable' from command line to 'False'
[0.842s] Level 5:colcon.colcon_core.verb:set package 'cav_controller' build argument 'cmake_clean_cache' from command line to 'False'
[0.842s] Level 5:colcon.colcon_core.verb:set package 'cav_controller' build argument 'cmake_clean_first' from command line to 'False'
[0.842s] Level 5:colcon.colcon_core.verb:set package 'cav_controller' build argument 'cmake_force_configure' from command line to 'False'
[0.842s] Level 5:colcon.colcon_core.verb:set package 'cav_controller' build argument 'ament_cmake_args' from command line to 'None'
[0.842s] Level 5:colcon.colcon_core.verb:set package 'cav_controller' build argument 'catkin_cmake_args' from command line to 'None'
[0.843s] Level 5:colcon.colcon_core.verb:set package 'cav_controller' build argument 'catkin_skip_building_tests' from command line to 'False'
[0.843s] DEBUG:colcon.colcon_core.verb:Building package 'cav_controller' with the following arguments: {'ament_cmake_args': None, 'build_base': '/home/hy/Mobility_Challenge/build/cav_controller', 'catkin_cmake_args': None, 'catkin_skip_building_tests': False, 'cmake_args': None, 'cmake_clean_cache': False, 'cmake_clean_first': False, 'cmake_force_configure': False, 'cmake_target': None, 'cmake_target_skip_unavailable': False, 'install_base': '/home/hy/Mobility_Challenge/install/cav_controller', 'merge_install': False, 'path': '/home/hy/Mobility_Challenge/ros2_ws/src/cav_controller', 'symlink_install': False, 'test_result_base': None}
[0.843s] INFO:colcon.colcon_core.executor:Executing jobs using 'parallel' executor
[0.845s] DEBUG:colcon.colcon_parallel_executor.executor.parallel:run_until_complete
[0.846s] INFO:colcon.colcon_ros.task.ament_python.build:Building ROS package in '/home/hy/Mobility_Challenge/ros2_ws/src/cav_controller' with build type 'ament_python'
[0.846s] Level 1:colcon.colcon_core.shell:create_environment_hook('cav_controller', 'ament_prefix_path')
[0.850s] INFO:colcon.colcon_core.plugin_system:Skipping extension 'colcon_core.shell.bat': Not used on non-Windows systems
[0.851s] INFO:colcon.colcon_core.shell:Creating environment hook '/home/hy/Mobility_Challenge/install/cav_controller/share/cav_controller/hook/ament_prefix_path.ps1'
[0.852s] INFO:colcon.colcon_core.shell:Creating environment descriptor '/home/hy/Mobility_Challenge/install/cav_controller/share/cav_controller/hook/ament_prefix_path.dsv'
[0.853s] INFO:colcon.colcon_core.shell:Creating environment hook '/home/hy/Mobility_Challenge/install/cav_controller/share/cav_controller/hook/ament_prefix_path.sh'
[0.855s] INFO:colcon.colcon_core.shell:Skip shell extension 'powershell' for command environment: Not usable outside of PowerShell
[0.855s] DEBUG:colcon.colcon_core.shell:Skip shell extension 'dsv' for command environment
[1.369s] INFO:colcon.colcon_core.task.python.build:Building Python package in '/home/hy/Mobility_Challenge/ros2_ws/src/cav_controller'
[1.371s] INFO:colcon.colcon_core.shell:Skip shell extension 'powershell' for command environment: Not usable outside of PowerShell
[1.371s] DEBUG:colcon.colcon_core.shell:Skip shell extension 'dsv' for command environment
[2.187s] DEBUG:colcon.colcon_core.event_handler.log_command:Invoking command in '/home/hy/Mobility_Challenge/ros2_ws/src/cav_controller': PYTHONPATH=/home/hy/Mobility_Challenge/build/cav_controller/prefix_override:/usr/lib/python3/dist-packages/colcon_core/task/python/colcon_distutils_commands:/home/hy/Mobility_Challenge/install/cav_controller/lib/python3.8/site-packages:${PYTHONPATH} /usr/bin/python3 -W ignore:setup.py install is deprecated -W ignore:easy_install command is deprecated setup.py egg_info --egg-base ../../../build/cav_controller build --build-base /home/hy/Mobility_Challenge/build/cav_controller/build install --record /home/hy/Mobility_Challenge/build/cav_controller/install.log --install-scripts $base/lib/cav_controller --single-version-externally-managed install_data
[2.803s] DEBUG:colcon.colcon_core.event_handler.log_command:Invoked command in '/home/hy/Mobility_Challenge/ros2_ws/src/cav_controller' returned '0': PYTHONPATH=/home/hy/Mobility_Challenge/build/cav_controller/prefix_override:/usr/lib/python3/dist-packages/colcon_core/task/python/colcon_distutils_commands:/home/hy/Mobility_Challenge/install/cav_controller/lib/python3.8/site-packages:${PYTHONPATH} /usr/bin/python3 -W ignore:setup.py install is deprecated -W ignore:easy_install command is deprecated setup.py egg_info --egg-base ../../../build/cav_controller build --build-base /home/hy/Mobility_Challenge/build/cav_controller/build install --record /home/hy/Mobility_Challenge/build/cav_controller/install.log --install-scripts $base/lib/cav_controller --single-version-externally-managed install_data
[2.807s] Level 1:colcon.colcon_core.environment:checking '/home/hy/Mobility_Challenge/install/cav_controller' for CMake module files
[2.808s] Level 1:colcon.colcon_core.environment:checking '/home/hy/Mobility_Challenge/install/cav_controller' for CMake config files
[2.819s] Level 1:colcon.colcon_core.environment:checking '/home/hy/Mobility_Challenge/install/cav_controller/lib'
[2.820s] Level 1:colcon.colcon_core.environment:checking '/home/hy/Mobility_Challenge/install/cav_controller/bin'
[2.820s] Level 1:colcon.colcon_core.environment:checking '/home/hy/Mobility_Challenge/install/cav_controller/lib/pkgconfig/cav_controller.pc'
[2.821s] Level 1:colcon.colcon_core.environment:checking '/home/hy/Mobility_Challenge/install/cav_controller/lib/python3.8/site-packages'
[2.821s] Level 1:colcon.colcon_core.shell:create_environment_hook('cav_controller', 'pythonpath')
[2.822s] INFO:colcon.colcon_core.shell:Creating environment hook '/home/hy/Mobility_Challenge/install/cav_controller/share/cav_controller/hook/pythonpath.ps1'
[2.823s] INFO:colcon.colcon_core.shell:Creating environment descriptor '/home/hy/Mobility_Challenge/install/cav_controller/share/cav_controller/hook/pythonpath.dsv'
[2.824s] INFO:colcon.colcon_core.shell:Creating environment hook '/home/hy/Mobility_Challenge/install/cav_controller/share/cav_controller/hook/pythonpath.sh'
[2.826s] Level 1:colcon.colcon_core.environment:checking '/home/hy/Mobility_Challenge/install/cav_controller/bin'
[2.826s] Level 1:colcon.colcon_core.environment:create_environment_scripts_only(cav_controller)
[2.827s] INFO:colcon.colcon_core.shell:Creating package script '/home/hy/Mobility_Challenge/install/cav_controller/share/cav_controller/package.ps1'
[2.831s] INFO:colcon.colcon_core.shell:Creating package descriptor '/home/hy/Mobility_Challenge/install/cav_controller/share/cav_controller/package.dsv'
[2.834s] INFO:colcon.colcon_core.shell:Creating package script '/home/hy/Mobility_Challenge/install/cav_controller/share/cav_controller/package.sh'
[2.836s] INFO:colcon.colcon_core.shell:Creating package script '/home/hy/Mobility_Challenge/install/cav_controller/share/cav_controller/package.bash'
[2.838s] INFO:colcon.colcon_core.shell:Creating package script '/home/hy/Mobility_Challenge/install/cav_controller/share/cav_controller/package.zsh'
[2.840s] Level 1:colcon.colcon_core.environment:create_file_with_runtime_dependencies(/home/hy/Mobility_Challenge/install/cav_controller/share/colcon-core/packages/cav_controller)
[2.842s] DEBUG:colcon.colcon_parallel_executor.executor.parallel:closing loop
[2.843s] DEBUG:colcon.colcon_parallel_executor.executor.parallel:loop closed
[2.843s] DEBUG:colcon.colcon_parallel_executor.executor.parallel:run_until_complete finished with '0'
[2.843s] DEBUG:colcon.colcon_core.event_reactor:joining thread
[2.856s] INFO:colcon.colcon_core.plugin_system:Skipping extension 'colcon_notification.desktop_notification.terminal_notifier': Not used on non-Darwin systems
[2.856s] INFO:colcon.colcon_core.plugin_system:Skipping extension 'colcon_notification.desktop_notification.win32': Not used on non-Windows systems
[2.856s] INFO:colcon.colcon_notification.desktop_notification:Sending desktop notification using 'notify2'
[2.910s] DEBUG:colcon.colcon_core.event_reactor:joined thread
[2.911s] INFO:colcon.colcon_core.shell:Creating prefix script '/home/hy/Mobility_Challenge/install/local_setup.ps1'
[2.914s] INFO:colcon.colcon_core.shell:Creating prefix util module '/home/hy/Mobility_Challenge/install/_local_setup_util_ps1.py'
[2.918s] INFO:colcon.colcon_core.shell:Creating prefix chain script '/home/hy/Mobility_Challenge/install/setup.ps1'
[2.923s] INFO:colcon.colcon_core.shell:Creating prefix script '/home/hy/Mobility_Challenge/install/local_setup.sh'
[2.925s] INFO:colcon.colcon_core.shell:Creating prefix util module '/home/hy/Mobility_Challenge/install/_local_setup_util_sh.py'
[2.927s] INFO:colcon.colcon_core.shell:Creating prefix chain script '/home/hy/Mobility_Challenge/install/setup.sh'
[2.931s] INFO:colcon.colcon_core.shell:Creating prefix script '/home/hy/Mobility_Challenge/install/local_setup.bash'
[2.932s] INFO:colcon.colcon_core.shell:Creating prefix chain script '/home/hy/Mobility_Challenge/install/setup.bash'
[2.935s] INFO:colcon.colcon_core.shell:Creating prefix script '/home/hy/Mobility_Challenge/install/local_setup.zsh'
[2.936s] INFO:colcon.colcon_core.shell:Creating prefix chain script '/home/hy/Mobility_Challenge/install/setup.zsh'
