[0.399s] DEBUG:colcon:Command line arguments: ['/usr/bin/colcon', 'build', '--symlink-install']
[0.400s] DEBUG:colcon:Parsed command line arguments: Namespace(allow_overriding=[], ament_cmake_args=None, base_paths=['.'], build_base='build', catkin_cmake_args=None, catkin_skip_building_tests=False, cmake_args=None, cmake_clean_cache=False, cmake_clean_first=False, cmake_force_configure=False, cmake_target=None, cmake_target_skip_unavailable=False, continue_on_error=False, event_handlers=None, executor='parallel', ignore_user_meta=False, install_base='install', log_base=None, log_level=None, main=<bound method BuildVerb.main of <colcon_core.verb.build.BuildVerb object at 0xffffb06d0190>>, merge_install=False, metas=['./colcon.meta'], packages_above=None, packages_above_and_dependencies=None, packages_above_depth=None, packages_end=None, packages_ignore=None, packages_ignore_regex=None, packages_select=None, packages_select_build_failed=False, packages_select_by_dep=None, packages_select_regex=None, packages_select_test_failures=False, packages_skip=None, packages_skip_build_finished=False, packages_skip_by_dep=None, packages_skip_regex=None, packages_skip_test_passed=False, packages_skip_up_to=None, packages_start=None, packages_up_to=None, packages_up_to_regex=None, parallel_workers=4, paths=None, symlink_install=True, test_result_base=None, verb_extension=<colcon_core.verb.build.BuildVerb object at 0xffffb06d0190>, verb_name='build', verb_parser=<colcon_defaults.argument_parser.defaults.DefaultArgumentsDecorator object at 0xffffb06d0910>)
[0.719s] Level 1:colcon.colcon_core.package_discovery:discover_packages(colcon_meta) check parameters
[0.719s] Level 1:colcon.colcon_core.package_discovery:discover_packages(recursive) check parameters
[0.719s] Level 1:colcon.colcon_core.package_discovery:discover_packages(ignore) check parameters
[0.719s] Level 1:colcon.colcon_core.package_discovery:discover_packages(path) check parameters
[0.720s] Level 1:colcon.colcon_core.package_discovery:discover_packages(colcon_meta) discover
[0.720s] Level 1:colcon.colcon_core.package_discovery:discover_packages(recursive) discover
[0.720s] INFO:colcon.colcon_core.package_discovery:Crawling recursively for packages in '/home/hy/Mobility_Challenge/sdk/KAIST_Mobility_Challenge_SDK'
[0.720s] Level 1:colcon.colcon_core.package_identification:_identify(.) by extensions ['ignore', 'ignore_ament_install']
[0.721s] Level 1:colcon.colcon_core.package_identification:_identify(.) by extension 'ignore'
[0.721s] Level 1:colcon.colcon_core.package_identification:_identify(.) by extension 'ignore_ament_install'
[0.721s] Level 1:colcon.colcon_core.package_identification:_identify(.) by extensions ['colcon_pkg']
[0.721s] Level 1:colcon.colcon_core.package_identification:_identify(.) by extension 'colcon_pkg'
[0.721s] Level 1:colcon.colcon_core.package_identification:_identify(.) by extensions ['colcon_meta']
[0.721s] Level 1:colcon.colcon_core.package_identification:_identify(.) by extension 'colcon_meta'
[0.721s] Level 1:colcon.colcon_core.package_identification:_identify(.) by extensions ['ros']
[0.721s] Level 1:colcon.colcon_core.package_identification:_identify(.) by extension 'ros'
[0.745s] Level 1:colcon.colcon_core.package_identification:_identify(.) by extensions ['cmake', 'python']
[0.746s] Level 1:colcon.colcon_core.package_identification:_identify(.) by extension 'cmake'
[0.780s] Level 1:colcon.colcon_core.package_identification:_identify(.) by extension 'python'
[0.780s] DEBUG:colcon.colcon_core.package_identification:Package '.' with type 'cmake' and name 'KMC_HARDWARE_uart_sdk'
[0.781s] Level 1:colcon.colcon_core.package_discovery:discover_packages(recursive) using defaults
[0.781s] Level 1:colcon.colcon_core.package_discovery:discover_packages(ignore) discover
[0.781s] Level 1:colcon.colcon_core.package_discovery:discover_packages(ignore) using defaults
[0.781s] Level 1:colcon.colcon_core.package_discovery:discover_packages(path) discover
[0.781s] Level 1:colcon.colcon_core.package_discovery:discover_packages(path) using defaults
[0.819s] Level 1:colcon.colcon_core.package_discovery:discover_packages(prefix_path) check parameters
[0.819s] Level 1:colcon.colcon_core.package_discovery:discover_packages(prefix_path) discover
[0.823s] DEBUG:colcon.colcon_installed_package_information.package_discovery:Found 1 installed packages in /home/hy/Mobility_Challenge/sdk/KAIST_Mobility_Challenge_SDK/examples/Driver_ROS2/install
[0.825s] DEBUG:colcon.colcon_installed_package_information.package_discovery:Found 174 installed packages in /opt/ros/foxy
[0.827s] Level 1:colcon.colcon_core.package_discovery:discover_packages(prefix_path) using defaults
[0.909s] Level 5:colcon.colcon_core.verb:set package 'KMC_HARDWARE_uart_sdk' build argument 'cmake_args' from command line to 'None'
[0.909s] Level 5:colcon.colcon_core.verb:set package 'KMC_HARDWARE_uart_sdk' build argument 'cmake_target' from command line to 'None'
[0.909s] Level 5:colcon.colcon_core.verb:set package 'KMC_HARDWARE_uart_sdk' build argument 'cmake_target_skip_unavailable' from command line to 'False'
[0.910s] Level 5:colcon.colcon_core.verb:set package 'KMC_HARDWARE_uart_sdk' build argument 'cmake_clean_cache' from command line to 'False'
[0.910s] Level 5:colcon.colcon_core.verb:set package 'KMC_HARDWARE_uart_sdk' build argument 'cmake_clean_first' from command line to 'False'
[0.910s] Level 5:colcon.colcon_core.verb:set package 'KMC_HARDWARE_uart_sdk' build argument 'cmake_force_configure' from command line to 'False'
[0.910s] Level 5:colcon.colcon_core.verb:set package 'KMC_HARDWARE_uart_sdk' build argument 'ament_cmake_args' from command line to 'None'
[0.910s] Level 5:colcon.colcon_core.verb:set package 'KMC_HARDWARE_uart_sdk' build argument 'catkin_cmake_args' from command line to 'None'
[0.910s] Level 5:colcon.colcon_core.verb:set package 'KMC_HARDWARE_uart_sdk' build argument 'catkin_skip_building_tests' from command line to 'False'
[0.910s] DEBUG:colcon.colcon_core.verb:Building package 'KMC_HARDWARE_uart_sdk' with the following arguments: {'ament_cmake_args': None, 'build_base': '/home/hy/Mobility_Challenge/sdk/KAIST_Mobility_Challenge_SDK/build/KMC_HARDWARE_uart_sdk', 'catkin_cmake_args': None, 'catkin_skip_building_tests': False, 'cmake_args': None, 'cmake_clean_cache': False, 'cmake_clean_first': False, 'cmake_force_configure': False, 'cmake_target': None, 'cmake_target_skip_unavailable': False, 'install_base': '/home/hy/Mobility_Challenge/sdk/KAIST_Mobility_Challenge_SDK/install/KMC_HARDWARE_uart_sdk', 'merge_install': False, 'path': '/home/hy/Mobility_Challenge/sdk/KAIST_Mobility_Challenge_SDK', 'symlink_install': True, 'test_result_base': None}
[0.910s] INFO:colcon.colcon_core.executor:Executing jobs using 'parallel' executor
[0.913s] DEBUG:colcon.colcon_parallel_executor.executor.parallel:run_until_complete
[0.913s] INFO:colcon.colcon_cmake.task.cmake.build:Building CMake package in '/home/hy/Mobility_Challenge/sdk/KAIST_Mobility_Challenge_SDK'
[0.918s] INFO:colcon.colcon_core.plugin_system:Skipping extension 'colcon_core.shell.bat': Not used on non-Windows systems
[0.918s] INFO:colcon.colcon_core.shell:Skip shell extension 'powershell' for command environment: Not usable outside of PowerShell
[0.918s] DEBUG:colcon.colcon_core.shell:Skip shell extension 'dsv' for command environment
[0.937s] DEBUG:colcon.colcon_core.event_handler.log_command:Invoking command in '/home/hy/Mobility_Challenge/sdk/KAIST_Mobility_Challenge_SDK/build/KMC_HARDWARE_uart_sdk': /usr/bin/cmake /home/hy/Mobility_Challenge/sdk/KAIST_Mobility_Challenge_SDK -DCMAKE_INSTALL_PREFIX=/home/hy/Mobility_Challenge/sdk/KAIST_Mobility_Challenge_SDK/install/KMC_HARDWARE_uart_sdk
[2.198s] DEBUG:colcon.colcon_core.event_handler.log_command:Invoked command in '/home/hy/Mobility_Challenge/sdk/KAIST_Mobility_Challenge_SDK/build/KMC_HARDWARE_uart_sdk' returned '0': /usr/bin/cmake /home/hy/Mobility_Challenge/sdk/KAIST_Mobility_Challenge_SDK -DCMAKE_INSTALL_PREFIX=/home/hy/Mobility_Challenge/sdk/KAIST_Mobility_Challenge_SDK/install/KMC_HARDWARE_uart_sdk
[2.201s] DEBUG:colcon.colcon_core.event_handler.log_command:Invoking command in '/home/hy/Mobility_Challenge/sdk/KAIST_Mobility_Challenge_SDK/build/KMC_HARDWARE_uart_sdk': /usr/bin/cmake --build /home/hy/Mobility_Challenge/sdk/KAIST_Mobility_Challenge_SDK/build/KMC_HARDWARE_uart_sdk -- -j4 -l4
[8.747s] DEBUG:colcon.colcon_core.event_handler.log_command:Invoked command in '/home/hy/Mobility_Challenge/sdk/KAIST_Mobility_Challenge_SDK/build/KMC_HARDWARE_uart_sdk' returned '0': /usr/bin/cmake --build /home/hy/Mobility_Challenge/sdk/KAIST_Mobility_Challenge_SDK/build/KMC_HARDWARE_uart_sdk -- -j4 -l4
[8.748s] WARNING:colcon.colcon_cmake.task.cmake.build:Could not run installation step for package 'KMC_HARDWARE_uart_sdk' because it has no 'install' target
[8.748s] Level 1:colcon.colcon_core.environment:create_environment_scripts_only(KMC_HARDWARE_uart_sdk)
[8.755s] Level 1:colcon.colcon_core.environment:checking '/home/hy/Mobility_Challenge/sdk/KAIST_Mobility_Challenge_SDK/install/KMC_HARDWARE_uart_sdk' for CMake module files
[8.756s] Level 1:colcon.colcon_core.environment:checking '/home/hy/Mobility_Challenge/sdk/KAIST_Mobility_Challenge_SDK/install/KMC_HARDWARE_uart_sdk' for CMake config files
[8.758s] Level 1:colcon.colcon_core.environment:checking '/home/hy/Mobility_Challenge/sdk/KAIST_Mobility_Challenge_SDK/install/KMC_HARDWARE_uart_sdk/bin'
[8.759s] Level 1:colcon.colcon_core.environment:checking '/home/hy/Mobility_Challenge/sdk/KAIST_Mobility_Challenge_SDK/install/KMC_HARDWARE_uart_sdk/lib/pkgconfig/KMC_HARDWARE_uart_sdk.pc'
[8.759s] Level 1:colcon.colcon_core.environment:checking '/home/hy/Mobility_Challenge/sdk/KAIST_Mobility_Challenge_SDK/install/KMC_HARDWARE_uart_sdk/lib/python3.8/site-packages'
[8.760s] Level 1:colcon.colcon_core.environment:checking '/home/hy/Mobility_Challenge/sdk/KAIST_Mobility_Challenge_SDK/install/KMC_HARDWARE_uart_sdk/bin'
[8.761s] INFO:colcon.colcon_core.shell:Creating package script '/home/hy/Mobility_Challenge/sdk/KAIST_Mobility_Challenge_SDK/install/KMC_HARDWARE_uart_sdk/share/KMC_HARDWARE_uart_sdk/package.ps1'
[8.764s] INFO:colcon.colcon_core.shell:Creating package descriptor '/home/hy/Mobility_Challenge/sdk/KAIST_Mobility_Challenge_SDK/install/KMC_HARDWARE_uart_sdk/share/KMC_HARDWARE_uart_sdk/package.dsv'
[8.765s] INFO:colcon.colcon_core.shell:Creating package script '/home/hy/Mobility_Challenge/sdk/KAIST_Mobility_Challenge_SDK/install/KMC_HARDWARE_uart_sdk/share/KMC_HARDWARE_uart_sdk/package.sh'
[8.767s] INFO:colcon.colcon_core.shell:Creating package script '/home/hy/Mobility_Challenge/sdk/KAIST_Mobility_Challenge_SDK/install/KMC_HARDWARE_uart_sdk/share/KMC_HARDWARE_uart_sdk/package.bash'
[8.768s] INFO:colcon.colcon_core.shell:Creating package script '/home/hy/Mobility_Challenge/sdk/KAIST_Mobility_Challenge_SDK/install/KMC_HARDWARE_uart_sdk/share/KMC_HARDWARE_uart_sdk/package.zsh'
[8.770s] Level 1:colcon.colcon_core.environment:create_file_with_runtime_dependencies(/home/hy/Mobility_Challenge/sdk/KAIST_Mobility_Challenge_SDK/install/KMC_HARDWARE_uart_sdk/share/colcon-core/packages/KMC_HARDWARE_uart_sdk)
[8.771s] DEBUG:colcon.colcon_parallel_executor.executor.parallel:closing loop
[8.771s] DEBUG:colcon.colcon_parallel_executor.executor.parallel:loop closed
[8.772s] DEBUG:colcon.colcon_parallel_executor.executor.parallel:run_until_complete finished with '0'
[8.772s] DEBUG:colcon.colcon_core.event_reactor:joining thread
[8.815s] INFO:colcon.colcon_core.plugin_system:Skipping extension 'colcon_notification.desktop_notification.terminal_notifier': Not used on non-Darwin systems
[8.815s] INFO:colcon.colcon_core.plugin_system:Skipping extension 'colcon_notification.desktop_notification.win32': Not used on non-Windows systems
[8.815s] INFO:colcon.colcon_notification.desktop_notification:Sending desktop notification using 'notify2'
[8.850s] DEBUG:colcon.colcon_core.event_reactor:joined thread
[8.852s] INFO:colcon.colcon_core.shell:Creating prefix script '/home/hy/Mobility_Challenge/sdk/KAIST_Mobility_Challenge_SDK/install/local_setup.ps1'
[8.854s] INFO:colcon.colcon_core.shell:Creating prefix util module '/home/hy/Mobility_Challenge/sdk/KAIST_Mobility_Challenge_SDK/install/_local_setup_util_ps1.py'
[8.857s] INFO:colcon.colcon_core.shell:Creating prefix chain script '/home/hy/Mobility_Challenge/sdk/KAIST_Mobility_Challenge_SDK/install/setup.ps1'
[8.860s] INFO:colcon.colcon_core.shell:Creating prefix script '/home/hy/Mobility_Challenge/sdk/KAIST_Mobility_Challenge_SDK/install/local_setup.sh'
[8.861s] INFO:colcon.colcon_core.shell:Creating prefix util module '/home/hy/Mobility_Challenge/sdk/KAIST_Mobility_Challenge_SDK/install/_local_setup_util_sh.py'
[8.863s] INFO:colcon.colcon_core.shell:Creating prefix chain script '/home/hy/Mobility_Challenge/sdk/KAIST_Mobility_Challenge_SDK/install/setup.sh'
[8.865s] INFO:colcon.colcon_core.shell:Creating prefix script '/home/hy/Mobility_Challenge/sdk/KAIST_Mobility_Challenge_SDK/install/local_setup.bash'
[8.866s] INFO:colcon.colcon_core.shell:Creating prefix chain script '/home/hy/Mobility_Challenge/sdk/KAIST_Mobility_Challenge_SDK/install/setup.bash'
[8.868s] INFO:colcon.colcon_core.shell:Creating prefix script '/home/hy/Mobility_Challenge/sdk/KAIST_Mobility_Challenge_SDK/install/local_setup.zsh'
[8.869s] INFO:colcon.colcon_core.shell:Creating prefix chain script '/home/hy/Mobility_Challenge/sdk/KAIST_Mobility_Challenge_SDK/install/setup.zsh'
