[0.021s] Invoking command in '/home/hy/Mobility_Challenge/ros2_ws/build/p3_cpp': CMAKE_PREFIX_PATH=/home/hy/Mobility_Challenge/ros2_ws/install/domain_bridge:/home/hy/Mobility_Challenge/sdk/KAIST_Mobility_Challenge_SDK/examples/Driver_ROS2/install/kmc_hardware_driver_node:/home/hy/Mobility_Challenge/ros2_ws/install/simulator_launch:/home/hy/Mobility_Challenge/ros2_ws/install/p3_cpp:/home/hy/Mobility_Challenge/ros2_ws/install/cav_controller:/opt/ros/foxy /usr/bin/cmake /home/hy/Mobility_Challenge/ros2_ws/src/p3_cpp -DAMENT_CMAKE_SYMLINK_INSTALL=1 -DCMAKE_INSTALL_PREFIX=/home/hy/Mobility_Challenge/ros2_ws/install/p3_cpp
[0.123s] -- The C compiler identification is GNU 9.4.0
[0.222s] -- The CXX compiler identification is GNU 9.4.0
[0.231s] -- Check for working C compiler: /usr/bin/cc
[0.360s] -- Check for working C compiler: /usr/bin/cc -- works
[0.363s] -- Detecting C compiler ABI info
[0.498s] -- Detecting C compiler ABI info - done
[0.528s] -- Detecting C compile features
[0.528s] -- Detecting C compile features - done
[0.533s] -- Check for working CXX compiler: /usr/bin/c++
[0.678s] -- Check for working CXX compiler: /usr/bin/c++ -- works
[0.681s] -- Detecting CXX compiler ABI info
[0.837s] -- Detecting CXX compiler ABI info - done
[0.871s] -- Detecting CXX compile features
[0.872s] -- Detecting CXX compile features - done
[0.877s] -- Found ament_cmake: 0.9.12 (/opt/ros/foxy/share/ament_cmake/cmake)
[0.935s] -- Found PythonInterp: /usr/bin/python3 (found suitable version "3.8.10", minimum required is "3") 
[0.935s] -- Using PYTHON_EXECUTABLE: /usr/bin/python3
[1.285s] -- Override CMake install command with custom implementation using symlinks instead of copying resources
[1.335s] -- Found rclcpp: 2.4.3 (/opt/ros/foxy/share/rclcpp/cmake)
[1.416s] -- Using all available rosidl_typesupport_c: rosidl_typesupport_fastrtps_c;rosidl_typesupport_introspection_c
[1.427s] -- Found rosidl_adapter: 1.3.1 (/opt/ros/foxy/share/rosidl_adapter/cmake)
[1.553s] -- Found OpenSSL: /usr/lib/aarch64-linux-gnu/libcrypto.so (found version "1.1.1f")  
[1.597s] -- Found FastRTPS: /opt/ros/foxy/include  
[1.730s] -- Using all available rosidl_typesupport_cpp: rosidl_typesupport_fastrtps_cpp;rosidl_typesupport_introspection_cpp
[1.838s] -- Found rmw_implementation_cmake: 1.0.4 (/opt/ros/foxy/share/rmw_implementation_cmake/cmake)
[1.841s] -- Using RMW implementation 'rmw_fastrtps_cpp' as default
[1.843s] -- Looking for pthread.h
[1.982s] -- Looking for pthread.h - found
[1.983s] -- Performing Test CMAKE_HAVE_LIBC_PTHREAD
[2.121s] -- Performing Test CMAKE_HAVE_LIBC_PTHREAD - Failed
[2.121s] -- Looking for pthread_create in pthreads
[2.243s] -- Looking for pthread_create in pthreads - not found
[2.244s] -- Looking for pthread_create in pthread
[2.384s] -- Looking for pthread_create in pthread - found
[2.387s] -- Found Threads: TRUE  
[2.687s] -- Found geometry_msgs: 2.0.5 (/opt/ros/foxy/share/geometry_msgs/cmake)
[2.758s] -- Found tf2: 0.13.14 (/opt/ros/foxy/share/tf2/cmake)
[2.780s] -- Found tf2_geometry_msgs: 0.13.14 (/opt/ros/foxy/share/tf2_geometry_msgs/cmake)
[2.797s] -- Found eigen3_cmake_module: 0.1.1 (/opt/ros/foxy/share/eigen3_cmake_module/cmake)
[2.802s] -- Found Eigen3: TRUE (found version "3.3.7") 
[3.557s] -- Found ament_lint_auto: 0.9.8 (/opt/ros/foxy/share/ament_lint_auto/cmake)
[3.722s] -- Added test 'cpplint' to check C / C++ code against the Google style
[3.722s] -- Configured cpplint exclude dirs and/or files: 
[3.723s] -- Added test 'flake8' to check Python code syntax and style conventions
[3.726s] -- Added test 'lint_cmake' to check CMake code style
[3.728s] -- Added test 'pep257' to check Python code against some of the style conventions in PEP 257
[3.736s] -- Added test 'uncrustify' to check C / C++ code style
[3.736s] -- Configured uncrustify additional arguments: 
[3.737s] -- Added test 'xmllint' to check XML markup files
[3.747s] -- Configuring done
[3.779s] -- Generating done
[3.794s] -- Build files have been written to: /home/hy/Mobility_Challenge/ros2_ws/build/p3_cpp
[3.815s] Invoked command in '/home/hy/Mobility_Challenge/ros2_ws/build/p3_cpp' returned '0': CMAKE_PREFIX_PATH=/home/hy/Mobility_Challenge/ros2_ws/install/domain_bridge:/home/hy/Mobility_Challenge/sdk/KAIST_Mobility_Challenge_SDK/examples/Driver_ROS2/install/kmc_hardware_driver_node:/home/hy/Mobility_Challenge/ros2_ws/install/simulator_launch:/home/hy/Mobility_Challenge/ros2_ws/install/p3_cpp:/home/hy/Mobility_Challenge/ros2_ws/install/cav_controller:/opt/ros/foxy /usr/bin/cmake /home/hy/Mobility_Challenge/ros2_ws/src/p3_cpp -DAMENT_CMAKE_SYMLINK_INSTALL=1 -DCMAKE_INSTALL_PREFIX=/home/hy/Mobility_Challenge/ros2_ws/install/p3_cpp
[3.820s] Invoking command in '/home/hy/Mobility_Challenge/ros2_ws/build/p3_cpp': CMAKE_PREFIX_PATH=/home/hy/Mobility_Challenge/ros2_ws/install/domain_bridge:/home/hy/Mobility_Challenge/sdk/KAIST_Mobility_Challenge_SDK/examples/Driver_ROS2/install/kmc_hardware_driver_node:/home/hy/Mobility_Challenge/ros2_ws/install/simulator_launch:/home/hy/Mobility_Challenge/ros2_ws/install/p3_cpp:/home/hy/Mobility_Challenge/ros2_ws/install/cav_controller:/opt/ros/foxy /usr/bin/cmake --build /home/hy/Mobility_Challenge/ros2_ws/build/p3_cpp -- -j4 -l4
[3.900s] [35m[1mScanning dependencies of target main_p3[0m
[3.900s] [35m[1mScanning dependencies of target control_p3[0m
[3.976s] [ 25%] [32mBuilding CXX object CMakeFiles/control_p3.dir/src/control_p3.cpp.o[0m
[3.979s] [ 50%] [32mBuilding CXX object CMakeFiles/main_p3.dir/src/main_p3.cpp.o[0m
[7.526s] [01m[K/home/hy/Mobility_Challenge/ros2_ws/src/p3_cpp/src/main_p3.cpp:[m[K In lambda function:
[7.527s] [01m[K/home/hy/Mobility_Challenge/ros2_ws/src/p3_cpp/src/main_p3.cpp:219:55:[m[K [01;35m[Kwarning: [m[Kcomparison of integer expressions of different signedness: ‘[01m[Kstd::deque<double>::size_type[m[K’ {aka ‘[01m[Klong unsigned int[m[K’} and ‘[01m[Kconst int[m[K’ [[01;35m[K-Wsign-compare[m[K]
[7.527s]   219 |                             if ([01;35m[Khv_vel_buffer_.size() > vel_buffer_size_[m[K) {
[7.527s]       |                                 [01;35m[K~~~~~~~~~~~~~~~~~~~~~~^~~~~~~~~~~~~~~~~~[m[K
[7.611s] [01m[K/home/hy/Mobility_Challenge/ros2_ws/src/p3_cpp/src/main_p3.cpp:[m[K In member function ‘[01m[Kvoid MainTrafficController::process_roundabout_path_decision(Vehicle&, const string&, const string&)[m[K’:
[7.611s] [01m[K/home/hy/Mobility_Challenge/ros2_ws/src/p3_cpp/src/main_p3.cpp:449:79:[m[K [01;35m[Kwarning: [m[Kunused parameter ‘[01m[Kzone[m[K’ [[01;35m[K-Wunused-parameter[m[K]
[7.611s]   449 |     void process_roundabout_path_decision(Vehicle& my_cav, [01;35m[Kconst std::string& zone[m[K, const std::string& my_id) {
[7.611s]       |                                                            [01;35m[K~~~~~~~~~~~~~~~~~~~^~~~[m[K
[7.611s] [01m[K/home/hy/Mobility_Challenge/ros2_ws/src/p3_cpp/src/main_p3.cpp:449:104:[m[K [01;35m[Kwarning: [m[Kunused parameter ‘[01m[Kmy_id[m[K’ [[01;35m[K-Wunused-parameter[m[K]
[7.612s]   449 |     void process_roundabout_path_decision(Vehicle& my_cav, const std::string& zone, [01;35m[Kconst std::string& my_id[m[K) {
[7.612s]       |                                                                                     [01;35m[K~~~~~~~~~~~~~~~~~~~^~~~~[m[K
[18.394s] [ 75%] [32m[1mLinking CXX executable main_p3[0m
[19.035s] [ 75%] Built target main_p3
[22.772s] [100%] [32m[1mLinking CXX executable control_p3[0m
[23.585s] [100%] Built target control_p3
[23.608s] Invoked command in '/home/hy/Mobility_Challenge/ros2_ws/build/p3_cpp' returned '0': CMAKE_PREFIX_PATH=/home/hy/Mobility_Challenge/ros2_ws/install/domain_bridge:/home/hy/Mobility_Challenge/sdk/KAIST_Mobility_Challenge_SDK/examples/Driver_ROS2/install/kmc_hardware_driver_node:/home/hy/Mobility_Challenge/ros2_ws/install/simulator_launch:/home/hy/Mobility_Challenge/ros2_ws/install/p3_cpp:/home/hy/Mobility_Challenge/ros2_ws/install/cav_controller:/opt/ros/foxy /usr/bin/cmake --build /home/hy/Mobility_Challenge/ros2_ws/build/p3_cpp -- -j4 -l4
[23.614s] Invoking command in '/home/hy/Mobility_Challenge/ros2_ws/build/p3_cpp': CMAKE_PREFIX_PATH=/home/hy/Mobility_Challenge/ros2_ws/install/domain_bridge:/home/hy/Mobility_Challenge/sdk/KAIST_Mobility_Challenge_SDK/examples/Driver_ROS2/install/kmc_hardware_driver_node:/home/hy/Mobility_Challenge/ros2_ws/install/simulator_launch:/home/hy/Mobility_Challenge/ros2_ws/install/p3_cpp:/home/hy/Mobility_Challenge/ros2_ws/install/cav_controller:/opt/ros/foxy /usr/bin/cmake --install /home/hy/Mobility_Challenge/ros2_ws/build/p3_cpp
[23.632s] -- Install configuration: ""
[23.632s] -- Execute custom install script
[23.634s] -- Symlinking: /home/hy/Mobility_Challenge/ros2_ws/install/p3_cpp/lib/p3_cpp/control_p3
[23.651s] -- Symlinking: /home/hy/Mobility_Challenge/ros2_ws/install/p3_cpp/lib/p3_cpp/main_p3
[23.669s] -- Symlinking: /home/hy/Mobility_Challenge/ros2_ws/install/p3_cpp/share/p3_cpp/launch/control.launch.py
[23.686s] -- Symlinking: /home/hy/Mobility_Challenge/ros2_ws/install/p3_cpp/share/p3_cpp/launch/main.launch.py
[23.706s] -- Symlinking: /home/hy/Mobility_Challenge/ros2_ws/install/p3_cpp/share/p3_cpp/tool/Readme.md
[23.724s] -- Symlinking: /home/hy/Mobility_Challenge/ros2_ws/install/p3_cpp/share/p3_cpp/tool/cav1p1.csv
[23.741s] -- Symlinking: /home/hy/Mobility_Challenge/ros2_ws/install/p3_cpp/share/p3_cpp/tool/cav1p3.csv
[23.759s] -- Symlinking: /home/hy/Mobility_Challenge/ros2_ws/install/p3_cpp/share/p3_cpp/tool/cav1p3_inside.csv
[23.777s] -- Symlinking: /home/hy/Mobility_Challenge/ros2_ws/install/p3_cpp/share/p3_cpp/tool/cav2p3.csv
[23.795s] -- Symlinking: /home/hy/Mobility_Challenge/ros2_ws/install/p3_cpp/share/p3_cpp/tool/cav2p3_inside.csv
[23.813s] -- Symlinking: /home/hy/Mobility_Challenge/ros2_ws/install/p3_cpp/share/p3_cpp/tool/cav3p3.csv
[23.831s] -- Symlinking: /home/hy/Mobility_Challenge/ros2_ws/install/p3_cpp/share/p3_cpp/tool/cav3p3_inside.csv
[23.849s] -- Symlinking: /home/hy/Mobility_Challenge/ros2_ws/install/p3_cpp/share/p3_cpp/tool/cav4p3.csv
[23.866s] -- Symlinking: /home/hy/Mobility_Challenge/ros2_ws/install/p3_cpp/share/p3_cpp/tool/cav4p3_inside.csv
[23.884s] -- Symlinking: /home/hy/Mobility_Challenge/ros2_ws/install/p3_cpp/share/p3_cpp/tool/csv_to_json.py
[23.902s] -- Symlinking: /home/hy/Mobility_Challenge/ros2_ws/install/p3_cpp/share/p3_cpp/tool/node_info.png
[23.920s] -- Symlinking: /home/hy/Mobility_Challenge/ros2_ws/install/p3_cpp/share/p3_cpp/tool/p1_1.csv
[23.937s] -- Symlinking: /home/hy/Mobility_Challenge/ros2_ws/install/p3_cpp/share/p3_cpp/tool/p1_2.csv
[23.956s] -- Symlinking: /home/hy/Mobility_Challenge/ros2_ws/install/p3_cpp/share/p3_cpp/tool/path_generator.py
[23.973s] -- Symlinking: /home/hy/Mobility_Challenge/ros2_ws/install/p3_cpp/share/p3_cpp/tool/waypoint/10_13.csv
[23.990s] -- Symlinking: /home/hy/Mobility_Challenge/ros2_ws/install/p3_cpp/share/p3_cpp/tool/waypoint/11_16.csv
[24.009s] -- Symlinking: /home/hy/Mobility_Challenge/ros2_ws/install/p3_cpp/share/p3_cpp/tool/waypoint/12_15.csv
[24.027s] -- Symlinking: /home/hy/Mobility_Challenge/ros2_ws/install/p3_cpp/share/p3_cpp/tool/waypoint/13_14.csv
[24.046s] -- Symlinking: /home/hy/Mobility_Challenge/ros2_ws/install/p3_cpp/share/p3_cpp/tool/waypoint/14_17.csv
[24.064s] -- Symlinking: /home/hy/Mobility_Challenge/ros2_ws/install/p3_cpp/share/p3_cpp/tool/waypoint/15_18.csv
[24.081s] -- Symlinking: /home/hy/Mobility_Challenge/ros2_ws/install/p3_cpp/share/p3_cpp/tool/waypoint/15_60.csv
[24.100s] -- Symlinking: /home/hy/Mobility_Challenge/ros2_ws/install/p3_cpp/share/p3_cpp/tool/waypoint/16_19.csv
[24.118s] -- Symlinking: /home/hy/Mobility_Challenge/ros2_ws/install/p3_cpp/share/p3_cpp/tool/waypoint/16_61.csv
[24.136s] -- Symlinking: /home/hy/Mobility_Challenge/ros2_ws/install/p3_cpp/share/p3_cpp/tool/waypoint/17_20.csv
[24.155s] -- Symlinking: /home/hy/Mobility_Challenge/ros2_ws/install/p3_cpp/share/p3_cpp/tool/waypoint/18_21.csv
[24.174s] -- Symlinking: /home/hy/Mobility_Challenge/ros2_ws/install/p3_cpp/share/p3_cpp/tool/waypoint/19_22.csv
[24.191s] -- Symlinking: /home/hy/Mobility_Challenge/ros2_ws/install/p3_cpp/share/p3_cpp/tool/waypoint/1_3.csv
[24.209s] -- Symlinking: /home/hy/Mobility_Challenge/ros2_ws/install/p3_cpp/share/p3_cpp/tool/waypoint/20_23.csv
[24.227s] -- Symlinking: /home/hy/Mobility_Challenge/ros2_ws/install/p3_cpp/share/p3_cpp/tool/waypoint/21_24.csv
[24.245s] -- Symlinking: /home/hy/Mobility_Challenge/ros2_ws/install/p3_cpp/share/p3_cpp/tool/waypoint/21_51.csv
[24.263s] -- Symlinking: /home/hy/Mobility_Challenge/ros2_ws/install/p3_cpp/share/p3_cpp/tool/waypoint/22_25.csv
[24.281s] -- Symlinking: /home/hy/Mobility_Challenge/ros2_ws/install/p3_cpp/share/p3_cpp/tool/waypoint/22_50.csv
[24.300s] -- Symlinking: /home/hy/Mobility_Challenge/ros2_ws/install/p3_cpp/share/p3_cpp/tool/waypoint/23_26.csv
[24.317s] -- Symlinking: /home/hy/Mobility_Challenge/ros2_ws/install/p3_cpp/share/p3_cpp/tool/waypoint/24_27.csv
[24.336s] -- Symlinking: /home/hy/Mobility_Challenge/ros2_ws/install/p3_cpp/share/p3_cpp/tool/waypoint/24_37.csv
[24.355s] -- Symlinking: /home/hy/Mobility_Challenge/ros2_ws/install/p3_cpp/share/p3_cpp/tool/waypoint/25_28.csv
[24.373s] -- Symlinking: /home/hy/Mobility_Challenge/ros2_ws/install/p3_cpp/share/p3_cpp/tool/waypoint/25_36.csv
[24.392s] -- Symlinking: /home/hy/Mobility_Challenge/ros2_ws/install/p3_cpp/share/p3_cpp/tool/waypoint/26_29.csv
[24.410s] -- Symlinking: /home/hy/Mobility_Challenge/ros2_ws/install/p3_cpp/share/p3_cpp/tool/waypoint/27_30.csv
[24.428s] -- Symlinking: /home/hy/Mobility_Challenge/ros2_ws/install/p3_cpp/share/p3_cpp/tool/waypoint/27_31.csv
[24.446s] -- Symlinking: /home/hy/Mobility_Challenge/ros2_ws/install/p3_cpp/share/p3_cpp/tool/waypoint/28_31.csv
[24.464s] -- Symlinking: /home/hy/Mobility_Challenge/ros2_ws/install/p3_cpp/share/p3_cpp/tool/waypoint/28_32.csv
[24.482s] -- Symlinking: /home/hy/Mobility_Challenge/ros2_ws/install/p3_cpp/share/p3_cpp/tool/waypoint/29_2.csv
[24.500s] -- Symlinking: /home/hy/Mobility_Challenge/ros2_ws/install/p3_cpp/share/p3_cpp/tool/waypoint/2_4.csv
[24.518s] -- Symlinking: /home/hy/Mobility_Challenge/ros2_ws/install/p3_cpp/share/p3_cpp/tool/waypoint/30_1.csv
[24.537s] -- Symlinking: /home/hy/Mobility_Challenge/ros2_ws/install/p3_cpp/share/p3_cpp/tool/waypoint/31_1.csv
[24.555s] -- Symlinking: /home/hy/Mobility_Challenge/ros2_ws/install/p3_cpp/share/p3_cpp/tool/waypoint/32_5.csv
[24.573s] -- Symlinking: /home/hy/Mobility_Challenge/ros2_ws/install/p3_cpp/share/p3_cpp/tool/waypoint/33_31.csv
[24.591s] -- Symlinking: /home/hy/Mobility_Challenge/ros2_ws/install/p3_cpp/share/p3_cpp/tool/waypoint/34_27.csv
[24.610s] -- Symlinking: /home/hy/Mobility_Challenge/ros2_ws/install/p3_cpp/share/p3_cpp/tool/waypoint/35_28.csv
[24.629s] -- Symlinking: /home/hy/Mobility_Challenge/ros2_ws/install/p3_cpp/share/p3_cpp/tool/waypoint/36_38.csv
[24.648s] -- Symlinking: /home/hy/Mobility_Challenge/ros2_ws/install/p3_cpp/share/p3_cpp/tool/waypoint/37_38.csv
[24.667s] -- Symlinking: /home/hy/Mobility_Challenge/ros2_ws/install/p3_cpp/share/p3_cpp/tool/waypoint/37_39.csv
[24.685s] -- Symlinking: /home/hy/Mobility_Challenge/ros2_ws/install/p3_cpp/share/p3_cpp/tool/waypoint/38_41.csv
[24.703s] -- Symlinking: /home/hy/Mobility_Challenge/ros2_ws/install/p3_cpp/share/p3_cpp/tool/waypoint/38_48.csv
[24.721s] -- Symlinking: /home/hy/Mobility_Challenge/ros2_ws/install/p3_cpp/share/p3_cpp/tool/waypoint/38_49.csv
[24.739s] -- Symlinking: /home/hy/Mobility_Challenge/ros2_ws/install/p3_cpp/share/p3_cpp/tool/waypoint/39_40.csv
[24.757s] -- Symlinking: /home/hy/Mobility_Challenge/ros2_ws/install/p3_cpp/share/p3_cpp/tool/waypoint/39_49.csv
[24.776s] -- Symlinking: /home/hy/Mobility_Challenge/ros2_ws/install/p3_cpp/share/p3_cpp/tool/waypoint/3_33.csv
[24.795s] -- Symlinking: /home/hy/Mobility_Challenge/ros2_ws/install/p3_cpp/share/p3_cpp/tool/waypoint/3_6.csv
[24.813s] -- Symlinking: /home/hy/Mobility_Challenge/ros2_ws/install/p3_cpp/share/p3_cpp/tool/waypoint/3_7.csv
[24.830s] -- Symlinking: /home/hy/Mobility_Challenge/ros2_ws/install/p3_cpp/share/p3_cpp/tool/waypoint/40_43.csv
[24.848s] -- Symlinking: /home/hy/Mobility_Challenge/ros2_ws/install/p3_cpp/share/p3_cpp/tool/waypoint/40_63.csv
[24.868s] -- Symlinking: /home/hy/Mobility_Challenge/ros2_ws/install/p3_cpp/share/p3_cpp/tool/waypoint/41_42.csv
[24.885s] -- Symlinking: /home/hy/Mobility_Challenge/ros2_ws/install/p3_cpp/share/p3_cpp/tool/waypoint/41_43.csv
[24.903s] -- Symlinking: /home/hy/Mobility_Challenge/ros2_ws/install/p3_cpp/share/p3_cpp/tool/waypoint/41_62.csv
[24.921s] -- Symlinking: /home/hy/Mobility_Challenge/ros2_ws/install/p3_cpp/share/p3_cpp/tool/waypoint/42_8.csv
[24.939s] -- Symlinking: /home/hy/Mobility_Challenge/ros2_ws/install/p3_cpp/share/p3_cpp/tool/waypoint/43_9.csv
[24.957s] -- Symlinking: /home/hy/Mobility_Challenge/ros2_ws/install/p3_cpp/share/p3_cpp/tool/waypoint/44_63.csv
[24.976s] -- Symlinking: /home/hy/Mobility_Challenge/ros2_ws/install/p3_cpp/share/p3_cpp/tool/waypoint/45_62.csv
[24.993s] -- Symlinking: /home/hy/Mobility_Challenge/ros2_ws/install/p3_cpp/share/p3_cpp/tool/waypoint/46_40.csv
[25.011s] -- Symlinking: /home/hy/Mobility_Challenge/ros2_ws/install/p3_cpp/share/p3_cpp/tool/waypoint/46_41.csv
[25.029s] -- Symlinking: /home/hy/Mobility_Challenge/ros2_ws/install/p3_cpp/share/p3_cpp/tool/waypoint/47_41.csv
[25.047s] -- Symlinking: /home/hy/Mobility_Challenge/ros2_ws/install/p3_cpp/share/p3_cpp/tool/waypoint/48_53.csv
[25.065s] -- Symlinking: /home/hy/Mobility_Challenge/ros2_ws/install/p3_cpp/share/p3_cpp/tool/waypoint/48_58.csv
[25.083s] -- Symlinking: /home/hy/Mobility_Challenge/ros2_ws/install/p3_cpp/share/p3_cpp/tool/waypoint/49_55.csv
[25.101s] -- Symlinking: /home/hy/Mobility_Challenge/ros2_ws/install/p3_cpp/share/p3_cpp/tool/waypoint/49_59.csv
[25.120s] -- Symlinking: /home/hy/Mobility_Challenge/ros2_ws/install/p3_cpp/share/p3_cpp/tool/waypoint/4_7.csv
[25.138s] -- Symlinking: /home/hy/Mobility_Challenge/ros2_ws/install/p3_cpp/share/p3_cpp/tool/waypoint/50_48.csv
[25.156s] -- Symlinking: /home/hy/Mobility_Challenge/ros2_ws/install/p3_cpp/share/p3_cpp/tool/waypoint/50_54.csv
[25.173s] -- Symlinking: /home/hy/Mobility_Challenge/ros2_ws/install/p3_cpp/share/p3_cpp/tool/waypoint/51_46.csv
[25.191s] -- Symlinking: /home/hy/Mobility_Challenge/ros2_ws/install/p3_cpp/share/p3_cpp/tool/waypoint/51_55.csv
[25.209s] -- Symlinking: /home/hy/Mobility_Challenge/ros2_ws/install/p3_cpp/share/p3_cpp/tool/waypoint/52_24.csv
[25.227s] -- Symlinking: /home/hy/Mobility_Challenge/ros2_ws/install/p3_cpp/share/p3_cpp/tool/waypoint/53_25.csv
[25.245s] -- Symlinking: /home/hy/Mobility_Challenge/ros2_ws/install/p3_cpp/share/p3_cpp/tool/waypoint/54_11.csv
[25.263s] -- Symlinking: /home/hy/Mobility_Challenge/ros2_ws/install/p3_cpp/share/p3_cpp/tool/waypoint/55_12.csv
[25.280s] -- Symlinking: /home/hy/Mobility_Challenge/ros2_ws/install/p3_cpp/share/p3_cpp/tool/waypoint/56_52.csv
[25.298s] -- Symlinking: /home/hy/Mobility_Challenge/ros2_ws/install/p3_cpp/share/p3_cpp/tool/waypoint/56_59.csv
[25.316s] -- Symlinking: /home/hy/Mobility_Challenge/ros2_ws/install/p3_cpp/share/p3_cpp/tool/waypoint/57_47.csv
[25.333s] -- Symlinking: /home/hy/Mobility_Challenge/ros2_ws/install/p3_cpp/share/p3_cpp/tool/waypoint/57_53.csv
[25.352s] -- Symlinking: /home/hy/Mobility_Challenge/ros2_ws/install/p3_cpp/share/p3_cpp/tool/waypoint/58_19.csv
[25.371s] -- Symlinking: /home/hy/Mobility_Challenge/ros2_ws/install/p3_cpp/share/p3_cpp/tool/waypoint/59_18.csv
[25.389s] -- Symlinking: /home/hy/Mobility_Challenge/ros2_ws/install/p3_cpp/share/p3_cpp/tool/waypoint/5_45.csv
[25.407s] -- Symlinking: /home/hy/Mobility_Challenge/ros2_ws/install/p3_cpp/share/p3_cpp/tool/waypoint/5_8.csv
[25.425s] -- Symlinking: /home/hy/Mobility_Challenge/ros2_ws/install/p3_cpp/share/p3_cpp/tool/waypoint/60_46.csv
[25.442s] -- Symlinking: /home/hy/Mobility_Challenge/ros2_ws/install/p3_cpp/share/p3_cpp/tool/waypoint/60_52.csv
[25.460s] -- Symlinking: /home/hy/Mobility_Challenge/ros2_ws/install/p3_cpp/share/p3_cpp/tool/waypoint/61_47.csv
[25.477s] -- Symlinking: /home/hy/Mobility_Challenge/ros2_ws/install/p3_cpp/share/p3_cpp/tool/waypoint/61_54.csv
[25.495s] -- Symlinking: /home/hy/Mobility_Challenge/ros2_ws/install/p3_cpp/share/p3_cpp/tool/waypoint/62_35.csv
[25.513s] -- Symlinking: /home/hy/Mobility_Challenge/ros2_ws/install/p3_cpp/share/p3_cpp/tool/waypoint/62_38.csv
[25.531s] -- Symlinking: /home/hy/Mobility_Challenge/ros2_ws/install/p3_cpp/share/p3_cpp/tool/waypoint/63_34.csv
[25.549s] -- Symlinking: /home/hy/Mobility_Challenge/ros2_ws/install/p3_cpp/share/p3_cpp/tool/waypoint/63_39.csv
[25.567s] -- Symlinking: /home/hy/Mobility_Challenge/ros2_ws/install/p3_cpp/share/p3_cpp/tool/waypoint/6_44.csv
[25.585s] -- Symlinking: /home/hy/Mobility_Challenge/ros2_ws/install/p3_cpp/share/p3_cpp/tool/waypoint/6_9.csv
[25.602s] -- Symlinking: /home/hy/Mobility_Challenge/ros2_ws/install/p3_cpp/share/p3_cpp/tool/waypoint/7_10.csv
[25.620s] -- Symlinking: /home/hy/Mobility_Challenge/ros2_ws/install/p3_cpp/share/p3_cpp/tool/waypoint/7_9.csv
[25.638s] -- Symlinking: /home/hy/Mobility_Challenge/ros2_ws/install/p3_cpp/share/p3_cpp/tool/waypoint/8_11.csv
[25.656s] -- Symlinking: /home/hy/Mobility_Challenge/ros2_ws/install/p3_cpp/share/p3_cpp/tool/waypoint/8_57.csv
[25.673s] -- Symlinking: /home/hy/Mobility_Challenge/ros2_ws/install/p3_cpp/share/p3_cpp/tool/waypoint/9_12.csv
[25.691s] -- Symlinking: /home/hy/Mobility_Challenge/ros2_ws/install/p3_cpp/share/p3_cpp/tool/waypoint/9_56.csv
[25.710s] -- Symlinking: /home/hy/Mobility_Challenge/ros2_ws/install/p3_cpp/share/p3_cpp/config/domain_1.yaml
[25.727s] -- Symlinking: /home/hy/Mobility_Challenge/ros2_ws/install/p3_cpp/share/p3_cpp/config/domain_2.yaml
[25.745s] -- Symlinking: /home/hy/Mobility_Challenge/ros2_ws/install/p3_cpp/share/p3_cpp/config/domain_3.yaml
[25.762s] -- Symlinking: /home/hy/Mobility_Challenge/ros2_ws/install/p3_cpp/share/p3_cpp/config/domain_4.yaml
[25.780s] -- Symlinking: /home/hy/Mobility_Challenge/ros2_ws/install/p3_cpp/share/ament_index/resource_index/package_run_dependencies/p3_cpp
[25.800s] -- Symlinking: /home/hy/Mobility_Challenge/ros2_ws/install/p3_cpp/share/ament_index/resource_index/parent_prefix_path/p3_cpp
[25.818s] -- Symlinking: /home/hy/Mobility_Challenge/ros2_ws/install/p3_cpp/share/p3_cpp/environment/ament_prefix_path.sh
[25.836s] -- Symlinking: /home/hy/Mobility_Challenge/ros2_ws/install/p3_cpp/share/p3_cpp/environment/ament_prefix_path.dsv
[25.854s] -- Symlinking: /home/hy/Mobility_Challenge/ros2_ws/install/p3_cpp/share/p3_cpp/environment/path.sh
[25.872s] -- Symlinking: /home/hy/Mobility_Challenge/ros2_ws/install/p3_cpp/share/p3_cpp/environment/path.dsv
[25.889s] -- Symlinking: /home/hy/Mobility_Challenge/ros2_ws/install/p3_cpp/share/p3_cpp/local_setup.bash
[25.908s] -- Symlinking: /home/hy/Mobility_Challenge/ros2_ws/install/p3_cpp/share/p3_cpp/local_setup.sh
[25.925s] -- Symlinking: /home/hy/Mobility_Challenge/ros2_ws/install/p3_cpp/share/p3_cpp/local_setup.zsh
[25.943s] -- Symlinking: /home/hy/Mobility_Challenge/ros2_ws/install/p3_cpp/share/p3_cpp/local_setup.dsv
[25.960s] -- Symlinking: /home/hy/Mobility_Challenge/ros2_ws/install/p3_cpp/share/p3_cpp/package.dsv
[25.978s] -- Symlinking: /home/hy/Mobility_Challenge/ros2_ws/install/p3_cpp/share/ament_index/resource_index/packages/p3_cpp
[25.996s] -- Symlinking: /home/hy/Mobility_Challenge/ros2_ws/install/p3_cpp/share/p3_cpp/cmake/p3_cppConfig.cmake
[26.014s] -- Symlinking: /home/hy/Mobility_Challenge/ros2_ws/install/p3_cpp/share/p3_cpp/cmake/p3_cppConfig-version.cmake
[26.032s] -- Symlinking: /home/hy/Mobility_Challenge/ros2_ws/install/p3_cpp/share/p3_cpp/package.xml
[26.058s] Invoked command in '/home/hy/Mobility_Challenge/ros2_ws/build/p3_cpp' returned '0': CMAKE_PREFIX_PATH=/home/hy/Mobility_Challenge/ros2_ws/install/domain_bridge:/home/hy/Mobility_Challenge/sdk/KAIST_Mobility_Challenge_SDK/examples/Driver_ROS2/install/kmc_hardware_driver_node:/home/hy/Mobility_Challenge/ros2_ws/install/simulator_launch:/home/hy/Mobility_Challenge/ros2_ws/install/p3_cpp:/home/hy/Mobility_Challenge/ros2_ws/install/cav_controller:/opt/ros/foxy /usr/bin/cmake --install /home/hy/Mobility_Challenge/ros2_ws/build/p3_cpp
