[0.024s] Invoking command in '/home/cav-06/KAIST_Mobility_Challenge_Hardware/build/p3_cpp': CMAKE_PREFIX_PATH=${CMAKE_PREFIX_PATH}:/home/cav-06/KAIST_Mobility_Challenge_Hardware/install/cav_controller:/opt/ros/foxy /usr/bin/cmake /home/cav-06/KAIST_Mobility_Challenge_Hardware/ros2_ws/src/p3_cpp -DCMAKE_INSTALL_PREFIX=/home/cav-06/KAIST_Mobility_Challenge_Hardware/install/p3_cpp
[0.060s] -- Found ament_cmake: 0.9.12 (/opt/ros/foxy/share/ament_cmake/cmake)
[0.115s] -- Using PYTHON_EXECUTABLE: /usr/bin/python3
[0.528s] -- Override CMake install command with custom implementation using symlinks instead of copying resources
[0.543s] -- Found rclcpp: 2.4.3 (/opt/ros/foxy/share/rclcpp/cmake)
[0.608s] -- Using all available rosidl_typesupport_c: rosidl_typesupport_fastrtps_c;rosidl_typesupport_introspection_c
[0.614s] -- Found rosidl_adapter: 1.3.1 (/opt/ros/foxy/share/rosidl_adapter/cmake)
[0.853s] -- Using all available rosidl_typesupport_cpp: rosidl_typesupport_fastrtps_cpp;rosidl_typesupport_introspection_cpp
[0.948s] -- Found rmw_implementation_cmake: 1.0.4 (/opt/ros/foxy/share/rmw_implementation_cmake/cmake)
[0.951s] -- Using RMW implementation 'rmw_fastrtps_cpp' as default
[1.224s] -- Found geometry_msgs: 2.0.5 (/opt/ros/foxy/share/geometry_msgs/cmake)
[1.292s] -- Found ament_lint_auto: 0.9.8 (/opt/ros/foxy/share/ament_lint_auto/cmake)
[1.437s] -- Added test 'copyright' to check source files copyright and LICENSE
[1.446s] -- Added test 'cppcheck' to perform static code analysis on C / C++ code
[1.446s] -- Configured cppcheck include dirs: 
[1.446s] -- Configured cppcheck exclude dirs and/or files: 
[1.454s] -- Added test 'cpplint' to check C / C++ code against the Google style
[1.454s] -- Configured cpplint exclude dirs and/or files: 
[1.455s] -- Added test 'flake8' to check Python code syntax and style conventions
[1.458s] -- Added test 'lint_cmake' to check CMake code style
[1.459s] -- Added test 'pep257' to check Python code against some of the style conventions in PEP 257
[1.467s] -- Added test 'uncrustify' to check C / C++ code style
[1.467s] -- Configured uncrustify additional arguments: 
[1.468s] -- Added test 'xmllint' to check XML markup files
[1.475s] -- Configuring done
[1.498s] -- Generating done
[1.509s] -- Build files have been written to: /home/cav-06/KAIST_Mobility_Challenge_Hardware/build/p3_cpp
[1.527s] Invoked command in '/home/cav-06/KAIST_Mobility_Challenge_Hardware/build/p3_cpp' returned '0': CMAKE_PREFIX_PATH=${CMAKE_PREFIX_PATH}:/home/cav-06/KAIST_Mobility_Challenge_Hardware/install/cav_controller:/opt/ros/foxy /usr/bin/cmake /home/cav-06/KAIST_Mobility_Challenge_Hardware/ros2_ws/src/p3_cpp -DCMAKE_INSTALL_PREFIX=/home/cav-06/KAIST_Mobility_Challenge_Hardware/install/p3_cpp
[1.535s] Invoking command in '/home/cav-06/KAIST_Mobility_Challenge_Hardware/build/p3_cpp': CMAKE_PREFIX_PATH=${CMAKE_PREFIX_PATH}:/home/cav-06/KAIST_Mobility_Challenge_Hardware/install/cav_controller:/opt/ros/foxy /usr/bin/cmake --build /home/cav-06/KAIST_Mobility_Challenge_Hardware/build/p3_cpp -- -j4 -l4
[1.660s] [100%] Built target control_p3
[1.661s] [100%] Built target main_p3
[1.688s] Invoked command in '/home/cav-06/KAIST_Mobility_Challenge_Hardware/build/p3_cpp' returned '0': CMAKE_PREFIX_PATH=${CMAKE_PREFIX_PATH}:/home/cav-06/KAIST_Mobility_Challenge_Hardware/install/cav_controller:/opt/ros/foxy /usr/bin/cmake --build /home/cav-06/KAIST_Mobility_Challenge_Hardware/build/p3_cpp -- -j4 -l4
[1.724s] Invoking command in '/home/cav-06/KAIST_Mobility_Challenge_Hardware/build/p3_cpp': CMAKE_PREFIX_PATH=${CMAKE_PREFIX_PATH}:/home/cav-06/KAIST_Mobility_Challenge_Hardware/install/cav_controller:/opt/ros/foxy /usr/bin/cmake --install /home/cav-06/KAIST_Mobility_Challenge_Hardware/build/p3_cpp
[1.743s] -- Install configuration: ""
[1.744s] -- Execute custom install script
[1.745s] -- Up-to-date symlink: /home/cav-06/KAIST_Mobility_Challenge_Hardware/install/p3_cpp/lib/p3_cpp/control_p3
[1.745s] -- Up-to-date symlink: /home/cav-06/KAIST_Mobility_Challenge_Hardware/install/p3_cpp/lib/p3_cpp/main_p3
[1.746s] -- Up-to-date symlink: /home/cav-06/KAIST_Mobility_Challenge_Hardware/install/p3_cpp/share/p3_cpp/launch/cav_launch.py
[1.747s] -- Up-to-date symlink: /home/cav-06/KAIST_Mobility_Challenge_Hardware/install/p3_cpp/share/p3_cpp/launch/server_launch.py
[1.749s] -- Up-to-date symlink: /home/cav-06/KAIST_Mobility_Challenge_Hardware/install/p3_cpp/share/p3_cpp/tool/Readme.md
[1.749s] -- Up-to-date symlink: /home/cav-06/KAIST_Mobility_Challenge_Hardware/install/p3_cpp/share/p3_cpp/tool/cav01p3.csv
[1.750s] -- Up-to-date symlink: /home/cav-06/KAIST_Mobility_Challenge_Hardware/install/p3_cpp/share/p3_cpp/tool/cav01p3_inside.csv
[1.750s] -- Up-to-date symlink: /home/cav-06/KAIST_Mobility_Challenge_Hardware/install/p3_cpp/share/p3_cpp/tool/cav04p3.csv
[1.750s] -- Up-to-date symlink: /home/cav-06/KAIST_Mobility_Challenge_Hardware/install/p3_cpp/share/p3_cpp/tool/cav04p3_inside.csv
[1.751s] -- Up-to-date symlink: /home/cav-06/KAIST_Mobility_Challenge_Hardware/install/p3_cpp/share/p3_cpp/tool/cav06p3.csv
[1.751s] -- Up-to-date symlink: /home/cav-06/KAIST_Mobility_Challenge_Hardware/install/p3_cpp/share/p3_cpp/tool/cav06p3_inside.csv
[1.751s] -- Up-to-date symlink: /home/cav-06/KAIST_Mobility_Challenge_Hardware/install/p3_cpp/share/p3_cpp/tool/cav07p3.csv
[1.752s] -- Up-to-date symlink: /home/cav-06/KAIST_Mobility_Challenge_Hardware/install/p3_cpp/share/p3_cpp/tool/cav07p3_inside.csv
[1.752s] -- Up-to-date symlink: /home/cav-06/KAIST_Mobility_Challenge_Hardware/install/p3_cpp/share/p3_cpp/tool/cav1p1.csv
[1.752s] -- Up-to-date symlink: /home/cav-06/KAIST_Mobility_Challenge_Hardware/install/p3_cpp/share/p3_cpp/tool/csv_to_json.py
[1.752s] -- Up-to-date symlink: /home/cav-06/KAIST_Mobility_Challenge_Hardware/install/p3_cpp/share/p3_cpp/tool/node_info.png
[1.753s] -- Up-to-date symlink: /home/cav-06/KAIST_Mobility_Challenge_Hardware/install/p3_cpp/share/p3_cpp/tool/p1_1.csv
[1.753s] -- Up-to-date symlink: /home/cav-06/KAIST_Mobility_Challenge_Hardware/install/p3_cpp/share/p3_cpp/tool/p1_2.csv
[1.753s] -- Up-to-date symlink: /home/cav-06/KAIST_Mobility_Challenge_Hardware/install/p3_cpp/share/p3_cpp/tool/path_generator.py
[1.754s] -- Up-to-date symlink: /home/cav-06/KAIST_Mobility_Challenge_Hardware/install/p3_cpp/share/p3_cpp/tool/waypoint/10_13.csv
[1.754s] -- Up-to-date symlink: /home/cav-06/KAIST_Mobility_Challenge_Hardware/install/p3_cpp/share/p3_cpp/tool/waypoint/11_16.csv
[1.755s] -- Up-to-date symlink: /home/cav-06/KAIST_Mobility_Challenge_Hardware/install/p3_cpp/share/p3_cpp/tool/waypoint/12_15.csv
[1.755s] -- Up-to-date symlink: /home/cav-06/KAIST_Mobility_Challenge_Hardware/install/p3_cpp/share/p3_cpp/tool/waypoint/13_14.csv
[1.755s] -- Up-to-date symlink: /home/cav-06/KAIST_Mobility_Challenge_Hardware/install/p3_cpp/share/p3_cpp/tool/waypoint/14_17.csv
[1.755s] -- Up-to-date symlink: /home/cav-06/KAIST_Mobility_Challenge_Hardware/install/p3_cpp/share/p3_cpp/tool/waypoint/15_18.csv
[1.756s] -- Up-to-date symlink: /home/cav-06/KAIST_Mobility_Challenge_Hardware/install/p3_cpp/share/p3_cpp/tool/waypoint/15_60.csv
[1.756s] -- Up-to-date symlink: /home/cav-06/KAIST_Mobility_Challenge_Hardware/install/p3_cpp/share/p3_cpp/tool/waypoint/16_19.csv
[1.756s] -- Up-to-date symlink: /home/cav-06/KAIST_Mobility_Challenge_Hardware/install/p3_cpp/share/p3_cpp/tool/waypoint/16_61.csv
[1.757s] -- Up-to-date symlink: /home/cav-06/KAIST_Mobility_Challenge_Hardware/install/p3_cpp/share/p3_cpp/tool/waypoint/17_20.csv
[1.757s] -- Up-to-date symlink: /home/cav-06/KAIST_Mobility_Challenge_Hardware/install/p3_cpp/share/p3_cpp/tool/waypoint/18_21.csv
[1.758s] -- Up-to-date symlink: /home/cav-06/KAIST_Mobility_Challenge_Hardware/install/p3_cpp/share/p3_cpp/tool/waypoint/19_22.csv
[1.758s] -- Up-to-date symlink: /home/cav-06/KAIST_Mobility_Challenge_Hardware/install/p3_cpp/share/p3_cpp/tool/waypoint/1_3.csv
[1.758s] -- Up-to-date symlink: /home/cav-06/KAIST_Mobility_Challenge_Hardware/install/p3_cpp/share/p3_cpp/tool/waypoint/20_23.csv
[1.759s] -- Up-to-date symlink: /home/cav-06/KAIST_Mobility_Challenge_Hardware/install/p3_cpp/share/p3_cpp/tool/waypoint/21_24.csv
[1.759s] -- Up-to-date symlink: /home/cav-06/KAIST_Mobility_Challenge_Hardware/install/p3_cpp/share/p3_cpp/tool/waypoint/21_51.csv
[1.759s] -- Up-to-date symlink: /home/cav-06/KAIST_Mobility_Challenge_Hardware/install/p3_cpp/share/p3_cpp/tool/waypoint/22_25.csv
[1.760s] -- Up-to-date symlink: /home/cav-06/KAIST_Mobility_Challenge_Hardware/install/p3_cpp/share/p3_cpp/tool/waypoint/22_50.csv
[1.760s] -- Up-to-date symlink: /home/cav-06/KAIST_Mobility_Challenge_Hardware/install/p3_cpp/share/p3_cpp/tool/waypoint/23_26.csv
[1.760s] -- Up-to-date symlink: /home/cav-06/KAIST_Mobility_Challenge_Hardware/install/p3_cpp/share/p3_cpp/tool/waypoint/24_27.csv
[1.761s] -- Up-to-date symlink: /home/cav-06/KAIST_Mobility_Challenge_Hardware/install/p3_cpp/share/p3_cpp/tool/waypoint/24_37.csv
[1.761s] -- Up-to-date symlink: /home/cav-06/KAIST_Mobility_Challenge_Hardware/install/p3_cpp/share/p3_cpp/tool/waypoint/25_28.csv
[1.761s] -- Up-to-date symlink: /home/cav-06/KAIST_Mobility_Challenge_Hardware/install/p3_cpp/share/p3_cpp/tool/waypoint/25_36.csv
[1.762s] -- Up-to-date symlink: /home/cav-06/KAIST_Mobility_Challenge_Hardware/install/p3_cpp/share/p3_cpp/tool/waypoint/26_29.csv
[1.762s] -- Up-to-date symlink: /home/cav-06/KAIST_Mobility_Challenge_Hardware/install/p3_cpp/share/p3_cpp/tool/waypoint/27_30.csv
[1.762s] -- Up-to-date symlink: /home/cav-06/KAIST_Mobility_Challenge_Hardware/install/p3_cpp/share/p3_cpp/tool/waypoint/27_31.csv
[1.763s] -- Up-to-date symlink: /home/cav-06/KAIST_Mobility_Challenge_Hardware/install/p3_cpp/share/p3_cpp/tool/waypoint/28_31.csv
[1.763s] -- Up-to-date symlink: /home/cav-06/KAIST_Mobility_Challenge_Hardware/install/p3_cpp/share/p3_cpp/tool/waypoint/28_32.csv
[1.763s] -- Up-to-date symlink: /home/cav-06/KAIST_Mobility_Challenge_Hardware/install/p3_cpp/share/p3_cpp/tool/waypoint/29_2.csv
[1.763s] -- Up-to-date symlink: /home/cav-06/KAIST_Mobility_Challenge_Hardware/install/p3_cpp/share/p3_cpp/tool/waypoint/2_4.csv
[1.764s] -- Up-to-date symlink: /home/cav-06/KAIST_Mobility_Challenge_Hardware/install/p3_cpp/share/p3_cpp/tool/waypoint/30_1.csv
[1.764s] -- Up-to-date symlink: /home/cav-06/KAIST_Mobility_Challenge_Hardware/install/p3_cpp/share/p3_cpp/tool/waypoint/31_1.csv
[1.764s] -- Up-to-date symlink: /home/cav-06/KAIST_Mobility_Challenge_Hardware/install/p3_cpp/share/p3_cpp/tool/waypoint/32_5.csv
[1.765s] -- Up-to-date symlink: /home/cav-06/KAIST_Mobility_Challenge_Hardware/install/p3_cpp/share/p3_cpp/tool/waypoint/33_31.csv
[1.765s] -- Up-to-date symlink: /home/cav-06/KAIST_Mobility_Challenge_Hardware/install/p3_cpp/share/p3_cpp/tool/waypoint/34_27.csv
[1.766s] -- Up-to-date symlink: /home/cav-06/KAIST_Mobility_Challenge_Hardware/install/p3_cpp/share/p3_cpp/tool/waypoint/35_28.csv
[1.766s] -- Up-to-date symlink: /home/cav-06/KAIST_Mobility_Challenge_Hardware/install/p3_cpp/share/p3_cpp/tool/waypoint/36_38.csv
[1.766s] -- Up-to-date symlink: /home/cav-06/KAIST_Mobility_Challenge_Hardware/install/p3_cpp/share/p3_cpp/tool/waypoint/37_38.csv
[1.766s] -- Up-to-date symlink: /home/cav-06/KAIST_Mobility_Challenge_Hardware/install/p3_cpp/share/p3_cpp/tool/waypoint/37_39.csv
[1.767s] -- Up-to-date symlink: /home/cav-06/KAIST_Mobility_Challenge_Hardware/install/p3_cpp/share/p3_cpp/tool/waypoint/38_41.csv
[1.767s] -- Up-to-date symlink: /home/cav-06/KAIST_Mobility_Challenge_Hardware/install/p3_cpp/share/p3_cpp/tool/waypoint/38_48.csv
[1.767s] -- Up-to-date symlink: /home/cav-06/KAIST_Mobility_Challenge_Hardware/install/p3_cpp/share/p3_cpp/tool/waypoint/38_49.csv
[1.768s] -- Up-to-date symlink: /home/cav-06/KAIST_Mobility_Challenge_Hardware/install/p3_cpp/share/p3_cpp/tool/waypoint/39_40.csv
[1.768s] -- Up-to-date symlink: /home/cav-06/KAIST_Mobility_Challenge_Hardware/install/p3_cpp/share/p3_cpp/tool/waypoint/39_49.csv
[1.768s] -- Up-to-date symlink: /home/cav-06/KAIST_Mobility_Challenge_Hardware/install/p3_cpp/share/p3_cpp/tool/waypoint/3_33.csv
[1.769s] -- Up-to-date symlink: /home/cav-06/KAIST_Mobility_Challenge_Hardware/install/p3_cpp/share/p3_cpp/tool/waypoint/3_6.csv
[1.769s] -- Up-to-date symlink: /home/cav-06/KAIST_Mobility_Challenge_Hardware/install/p3_cpp/share/p3_cpp/tool/waypoint/3_7.csv
[1.770s] -- Up-to-date symlink: /home/cav-06/KAIST_Mobility_Challenge_Hardware/install/p3_cpp/share/p3_cpp/tool/waypoint/40_43.csv
[1.770s] -- Up-to-date symlink: /home/cav-06/KAIST_Mobility_Challenge_Hardware/install/p3_cpp/share/p3_cpp/tool/waypoint/40_63.csv
[1.770s] -- Up-to-date symlink: /home/cav-06/KAIST_Mobility_Challenge_Hardware/install/p3_cpp/share/p3_cpp/tool/waypoint/41_42.csv
[1.771s] -- Up-to-date symlink: /home/cav-06/KAIST_Mobility_Challenge_Hardware/install/p3_cpp/share/p3_cpp/tool/waypoint/41_43.csv
[1.771s] -- Up-to-date symlink: /home/cav-06/KAIST_Mobility_Challenge_Hardware/install/p3_cpp/share/p3_cpp/tool/waypoint/41_62.csv
[1.771s] -- Up-to-date symlink: /home/cav-06/KAIST_Mobility_Challenge_Hardware/install/p3_cpp/share/p3_cpp/tool/waypoint/42_8.csv
[1.771s] -- Up-to-date symlink: /home/cav-06/KAIST_Mobility_Challenge_Hardware/install/p3_cpp/share/p3_cpp/tool/waypoint/43_9.csv
[1.772s] -- Up-to-date symlink: /home/cav-06/KAIST_Mobility_Challenge_Hardware/install/p3_cpp/share/p3_cpp/tool/waypoint/44_63.csv
[1.772s] -- Up-to-date symlink: /home/cav-06/KAIST_Mobility_Challenge_Hardware/install/p3_cpp/share/p3_cpp/tool/waypoint/45_62.csv
[1.772s] -- Up-to-date symlink: /home/cav-06/KAIST_Mobility_Challenge_Hardware/install/p3_cpp/share/p3_cpp/tool/waypoint/46_40.csv
[1.773s] -- Up-to-date symlink: /home/cav-06/KAIST_Mobility_Challenge_Hardware/install/p3_cpp/share/p3_cpp/tool/waypoint/46_41.csv
[1.773s] -- Up-to-date symlink: /home/cav-06/KAIST_Mobility_Challenge_Hardware/install/p3_cpp/share/p3_cpp/tool/waypoint/47_41.csv
[1.773s] -- Up-to-date symlink: /home/cav-06/KAIST_Mobility_Challenge_Hardware/install/p3_cpp/share/p3_cpp/tool/waypoint/48_53.csv
[1.774s] -- Up-to-date symlink: /home/cav-06/KAIST_Mobility_Challenge_Hardware/install/p3_cpp/share/p3_cpp/tool/waypoint/48_58.csv
[1.774s] -- Up-to-date symlink: /home/cav-06/KAIST_Mobility_Challenge_Hardware/install/p3_cpp/share/p3_cpp/tool/waypoint/49_55.csv
[1.774s] -- Up-to-date symlink: /home/cav-06/KAIST_Mobility_Challenge_Hardware/install/p3_cpp/share/p3_cpp/tool/waypoint/49_59.csv
[1.775s] -- Up-to-date symlink: /home/cav-06/KAIST_Mobility_Challenge_Hardware/install/p3_cpp/share/p3_cpp/tool/waypoint/4_7.csv
[1.775s] -- Up-to-date symlink: /home/cav-06/KAIST_Mobility_Challenge_Hardware/install/p3_cpp/share/p3_cpp/tool/waypoint/50_48.csv
[1.776s] -- Up-to-date symlink: /home/cav-06/KAIST_Mobility_Challenge_Hardware/install/p3_cpp/share/p3_cpp/tool/waypoint/50_54.csv
[1.776s] -- Up-to-date symlink: /home/cav-06/KAIST_Mobility_Challenge_Hardware/install/p3_cpp/share/p3_cpp/tool/waypoint/51_46.csv
[1.776s] -- Up-to-date symlink: /home/cav-06/KAIST_Mobility_Challenge_Hardware/install/p3_cpp/share/p3_cpp/tool/waypoint/51_55.csv
[1.776s] -- Up-to-date symlink: /home/cav-06/KAIST_Mobility_Challenge_Hardware/install/p3_cpp/share/p3_cpp/tool/waypoint/52_24.csv
[1.777s] -- Up-to-date symlink: /home/cav-06/KAIST_Mobility_Challenge_Hardware/install/p3_cpp/share/p3_cpp/tool/waypoint/53_25.csv
[1.777s] -- Up-to-date symlink: /home/cav-06/KAIST_Mobility_Challenge_Hardware/install/p3_cpp/share/p3_cpp/tool/waypoint/54_11.csv
[1.778s] -- Up-to-date symlink: /home/cav-06/KAIST_Mobility_Challenge_Hardware/install/p3_cpp/share/p3_cpp/tool/waypoint/55_12.csv
[1.778s] -- Up-to-date symlink: /home/cav-06/KAIST_Mobility_Challenge_Hardware/install/p3_cpp/share/p3_cpp/tool/waypoint/56_52.csv
[1.778s] -- Up-to-date symlink: /home/cav-06/KAIST_Mobility_Challenge_Hardware/install/p3_cpp/share/p3_cpp/tool/waypoint/56_59.csv
[1.779s] -- Up-to-date symlink: /home/cav-06/KAIST_Mobility_Challenge_Hardware/install/p3_cpp/share/p3_cpp/tool/waypoint/57_47.csv
[1.779s] -- Up-to-date symlink: /home/cav-06/KAIST_Mobility_Challenge_Hardware/install/p3_cpp/share/p3_cpp/tool/waypoint/57_53.csv
[1.779s] -- Up-to-date symlink: /home/cav-06/KAIST_Mobility_Challenge_Hardware/install/p3_cpp/share/p3_cpp/tool/waypoint/58_19.csv
[1.780s] -- Up-to-date symlink: /home/cav-06/KAIST_Mobility_Challenge_Hardware/install/p3_cpp/share/p3_cpp/tool/waypoint/59_18.csv
[1.780s] -- Up-to-date symlink: /home/cav-06/KAIST_Mobility_Challenge_Hardware/install/p3_cpp/share/p3_cpp/tool/waypoint/5_45.csv
[1.780s] -- Up-to-date symlink: /home/cav-06/KAIST_Mobility_Challenge_Hardware/install/p3_cpp/share/p3_cpp/tool/waypoint/5_8.csv
[1.780s] -- Up-to-date symlink: /home/cav-06/KAIST_Mobility_Challenge_Hardware/install/p3_cpp/share/p3_cpp/tool/waypoint/60_46.csv
[1.781s] -- Up-to-date symlink: /home/cav-06/KAIST_Mobility_Challenge_Hardware/install/p3_cpp/share/p3_cpp/tool/waypoint/60_52.csv
[1.781s] -- Up-to-date symlink: /home/cav-06/KAIST_Mobility_Challenge_Hardware/install/p3_cpp/share/p3_cpp/tool/waypoint/61_47.csv
[1.782s] -- Up-to-date symlink: /home/cav-06/KAIST_Mobility_Challenge_Hardware/install/p3_cpp/share/p3_cpp/tool/waypoint/61_54.csv
[1.782s] -- Up-to-date symlink: /home/cav-06/KAIST_Mobility_Challenge_Hardware/install/p3_cpp/share/p3_cpp/tool/waypoint/62_35.csv
[1.782s] -- Up-to-date symlink: /home/cav-06/KAIST_Mobility_Challenge_Hardware/install/p3_cpp/share/p3_cpp/tool/waypoint/62_38.csv
[1.783s] -- Up-to-date symlink: /home/cav-06/KAIST_Mobility_Challenge_Hardware/install/p3_cpp/share/p3_cpp/tool/waypoint/63_34.csv
[1.783s] -- Up-to-date symlink: /home/cav-06/KAIST_Mobility_Challenge_Hardware/install/p3_cpp/share/p3_cpp/tool/waypoint/63_39.csv
[1.783s] -- Up-to-date symlink: /home/cav-06/KAIST_Mobility_Challenge_Hardware/install/p3_cpp/share/p3_cpp/tool/waypoint/6_44.csv
[1.784s] -- Up-to-date symlink: /home/cav-06/KAIST_Mobility_Challenge_Hardware/install/p3_cpp/share/p3_cpp/tool/waypoint/6_9.csv
[1.784s] -- Up-to-date symlink: /home/cav-06/KAIST_Mobility_Challenge_Hardware/install/p3_cpp/share/p3_cpp/tool/waypoint/7_10.csv
[1.785s] -- Up-to-date symlink: /home/cav-06/KAIST_Mobility_Challenge_Hardware/install/p3_cpp/share/p3_cpp/tool/waypoint/7_9.csv
[1.785s] -- Up-to-date symlink: /home/cav-06/KAIST_Mobility_Challenge_Hardware/install/p3_cpp/share/p3_cpp/tool/waypoint/8_11.csv
[1.785s] -- Up-to-date symlink: /home/cav-06/KAIST_Mobility_Challenge_Hardware/install/p3_cpp/share/p3_cpp/tool/waypoint/8_57.csv
[1.785s] -- Up-to-date symlink: /home/cav-06/KAIST_Mobility_Challenge_Hardware/install/p3_cpp/share/p3_cpp/tool/waypoint/9_12.csv
[1.785s] -- Up-to-date symlink: /home/cav-06/KAIST_Mobility_Challenge_Hardware/install/p3_cpp/share/p3_cpp/tool/waypoint/9_56.csv
[1.786s] -- Up-to-date symlink: /home/cav-06/KAIST_Mobility_Challenge_Hardware/install/p3_cpp/share/p3_cpp/config/bridge01.yaml
[1.787s] -- Up-to-date symlink: /home/cav-06/KAIST_Mobility_Challenge_Hardware/install/p3_cpp/share/p3_cpp/config/bridge04.yaml
[1.787s] -- Up-to-date symlink: /home/cav-06/KAIST_Mobility_Challenge_Hardware/install/p3_cpp/share/p3_cpp/config/bridge07.yaml
[1.787s] -- Up-to-date symlink: /home/cav-06/KAIST_Mobility_Challenge_Hardware/install/p3_cpp/share/p3_cpp/config/bridge_06.yaml
[1.788s] -- Up-to-date symlink: /home/cav-06/KAIST_Mobility_Challenge_Hardware/install/p3_cpp/share/ament_index/resource_index/package_run_dependencies/p3_cpp
[1.788s] -- Up-to-date symlink: /home/cav-06/KAIST_Mobility_Challenge_Hardware/install/p3_cpp/share/ament_index/resource_index/parent_prefix_path/p3_cpp
[1.789s] -- Up-to-date symlink: /home/cav-06/KAIST_Mobility_Challenge_Hardware/install/p3_cpp/share/p3_cpp/environment/ament_prefix_path.sh
[1.789s] -- Up-to-date symlink: /home/cav-06/KAIST_Mobility_Challenge_Hardware/install/p3_cpp/share/p3_cpp/environment/ament_prefix_path.dsv
[1.790s] -- Up-to-date symlink: /home/cav-06/KAIST_Mobility_Challenge_Hardware/install/p3_cpp/share/p3_cpp/environment/path.sh
[1.790s] -- Up-to-date symlink: /home/cav-06/KAIST_Mobility_Challenge_Hardware/install/p3_cpp/share/p3_cpp/environment/path.dsv
[1.791s] -- Up-to-date symlink: /home/cav-06/KAIST_Mobility_Challenge_Hardware/install/p3_cpp/share/p3_cpp/local_setup.bash
[1.791s] -- Up-to-date symlink: /home/cav-06/KAIST_Mobility_Challenge_Hardware/install/p3_cpp/share/p3_cpp/local_setup.sh
[1.792s] -- Up-to-date symlink: /home/cav-06/KAIST_Mobility_Challenge_Hardware/install/p3_cpp/share/p3_cpp/local_setup.zsh
[1.792s] -- Up-to-date symlink: /home/cav-06/KAIST_Mobility_Challenge_Hardware/install/p3_cpp/share/p3_cpp/local_setup.dsv
[1.793s] -- Symlinking: /home/cav-06/KAIST_Mobility_Challenge_Hardware/install/p3_cpp/share/p3_cpp/package.dsv
[1.813s] -- Up-to-date symlink: /home/cav-06/KAIST_Mobility_Challenge_Hardware/install/p3_cpp/share/ament_index/resource_index/packages/p3_cpp
[1.814s] -- Up-to-date symlink: /home/cav-06/KAIST_Mobility_Challenge_Hardware/install/p3_cpp/share/p3_cpp/cmake/p3_cppConfig.cmake
[1.814s] -- Up-to-date symlink: /home/cav-06/KAIST_Mobility_Challenge_Hardware/install/p3_cpp/share/p3_cpp/cmake/p3_cppConfig-version.cmake
[1.814s] -- Up-to-date symlink: /home/cav-06/KAIST_Mobility_Challenge_Hardware/install/p3_cpp/share/p3_cpp/package.xml
[1.819s] Invoked command in '/home/cav-06/KAIST_Mobility_Challenge_Hardware/build/p3_cpp' returned '0': CMAKE_PREFIX_PATH=${CMAKE_PREFIX_PATH}:/home/cav-06/KAIST_Mobility_Challenge_Hardware/install/cav_controller:/opt/ros/foxy /usr/bin/cmake --install /home/cav-06/KAIST_Mobility_Challenge_Hardware/build/p3_cpp
