[0.364s] DEBUG:colcon:Command line arguments: ['/usr/bin/colcon', 'build', '--symlink-install']
[0.365s] DEBUG:colcon:Parsed command line arguments: Namespace(allow_overriding=[], ament_cmake_args=None, base_paths=['.'], build_base='build', catkin_cmake_args=None, catkin_skip_building_tests=False, cmake_args=None, cmake_clean_cache=False, cmake_clean_first=False, cmake_force_configure=False, cmake_target=None, cmake_target_skip_unavailable=False, continue_on_error=False, event_handlers=None, executor='parallel', ignore_user_meta=False, install_base='install', log_base=None, log_level=None, main=<bound method BuildVerb.main of <colcon_core.verb.build.BuildVerb object at 0xffffac022f70>>, merge_install=False, metas=['./colcon.meta'], packages_above=None, packages_above_and_dependencies=None, packages_above_depth=None, packages_end=None, packages_ignore=None, packages_ignore_regex=None, packages_select=None, packages_select_build_failed=False, packages_select_by_dep=None, packages_select_regex=None, packages_select_test_failures=False, packages_skip=None, packages_skip_build_finished=False, packages_skip_by_dep=None, packages_skip_regex=None, packages_skip_test_passed=False, packages_skip_up_to=None, packages_start=None, packages_up_to=None, packages_up_to_regex=None, parallel_workers=4, paths=None, symlink_install=True, test_result_base=None, verb_extension=<colcon_core.verb.build.BuildVerb object at 0xffffac022f70>, verb_name='build', verb_parser=<colcon_defaults.argument_parser.defaults.DefaultArgumentsDecorator object at 0xffffabfaf6d0>)
[0.650s] Level 1:colcon.colcon_core.package_discovery:discover_packages(colcon_meta) check parameters
[0.650s] Level 1:colcon.colcon_core.package_discovery:discover_packages(recursive) check parameters
[0.650s] Level 1:colcon.colcon_core.package_discovery:discover_packages(ignore) check parameters
[0.650s] Level 1:colcon.colcon_core.package_discovery:discover_packages(path) check parameters
[0.650s] Level 1:colcon.colcon_core.package_discovery:discover_packages(colcon_meta) discover
[0.651s] Level 1:colcon.colcon_core.package_discovery:discover_packages(recursive) discover
[0.651s] INFO:colcon.colcon_core.package_discovery:Crawling recursively for packages in '/home/hy/Mobility_Challenge/ros2_ws'
[0.651s] Level 1:colcon.colcon_core.package_identification:_identify(.) by extensions ['ignore', 'ignore_ament_install']
[0.651s] Level 1:colcon.colcon_core.package_identification:_identify(.) by extension 'ignore'
[0.651s] Level 1:colcon.colcon_core.package_identification:_identify(.) by extension 'ignore_ament_install'
[0.651s] Level 1:colcon.colcon_core.package_identification:_identify(.) by extensions ['colcon_pkg']
[0.652s] Level 1:colcon.colcon_core.package_identification:_identify(.) by extension 'colcon_pkg'
[0.652s] Level 1:colcon.colcon_core.package_identification:_identify(.) by extensions ['colcon_meta']
[0.652s] Level 1:colcon.colcon_core.package_identification:_identify(.) by extension 'colcon_meta'
[0.652s] Level 1:colcon.colcon_core.package_identification:_identify(.) by extensions ['ros']
[0.652s] Level 1:colcon.colcon_core.package_identification:_identify(.) by extension 'ros'
[0.674s] Level 1:colcon.colcon_core.package_identification:_identify(.) by extensions ['cmake', 'python']
[0.674s] Level 1:colcon.colcon_core.package_identification:_identify(.) by extension 'cmake'
[0.674s] Level 1:colcon.colcon_core.package_identification:_identify(.) by extension 'python'
[0.674s] Level 1:colcon.colcon_core.package_identification:_identify(.) by extensions ['python_setup_py']
[0.675s] Level 1:colcon.colcon_core.package_identification:_identify(.) by extension 'python_setup_py'
[0.675s] Level 1:colcon.colcon_core.package_identification:_identify(build) by extensions ['ignore', 'ignore_ament_install']
[0.675s] Level 1:colcon.colcon_core.package_identification:_identify(build) by extension 'ignore'
[0.675s] Level 1:colcon.colcon_core.package_identification:_identify(build) ignored
[0.676s] Level 1:colcon.colcon_core.package_identification:_identify(install) by extensions ['ignore', 'ignore_ament_install']
[0.676s] Level 1:colcon.colcon_core.package_identification:_identify(install) by extension 'ignore'
[0.676s] Level 1:colcon.colcon_core.package_identification:_identify(install) ignored
[0.676s] Level 1:colcon.colcon_core.package_identification:_identify(log) by extensions ['ignore', 'ignore_ament_install']
[0.676s] Level 1:colcon.colcon_core.package_identification:_identify(log) by extension 'ignore'
[0.676s] Level 1:colcon.colcon_core.package_identification:_identify(log) ignored
[0.677s] Level 1:colcon.colcon_core.package_identification:_identify(src) by extensions ['ignore', 'ignore_ament_install']
[0.677s] Level 1:colcon.colcon_core.package_identification:_identify(src) by extension 'ignore'
[0.677s] Level 1:colcon.colcon_core.package_identification:_identify(src) by extension 'ignore_ament_install'
[0.677s] Level 1:colcon.colcon_core.package_identification:_identify(src) by extensions ['colcon_pkg']
[0.677s] Level 1:colcon.colcon_core.package_identification:_identify(src) by extension 'colcon_pkg'
[0.677s] Level 1:colcon.colcon_core.package_identification:_identify(src) by extensions ['colcon_meta']
[0.677s] Level 1:colcon.colcon_core.package_identification:_identify(src) by extension 'colcon_meta'
[0.677s] Level 1:colcon.colcon_core.package_identification:_identify(src) by extensions ['ros']
[0.677s] Level 1:colcon.colcon_core.package_identification:_identify(src) by extension 'ros'
[0.678s] Level 1:colcon.colcon_core.package_identification:_identify(src) by extensions ['cmake', 'python']
[0.678s] Level 1:colcon.colcon_core.package_identification:_identify(src) by extension 'cmake'
[0.678s] Level 1:colcon.colcon_core.package_identification:_identify(src) by extension 'python'
[0.678s] Level 1:colcon.colcon_core.package_identification:_identify(src) by extensions ['python_setup_py']
[0.678s] Level 1:colcon.colcon_core.package_identification:_identify(src) by extension 'python_setup_py'
[0.678s] Level 1:colcon.colcon_core.package_identification:_identify(src/cav_controller) by extensions ['ignore', 'ignore_ament_install']
[0.678s] Level 1:colcon.colcon_core.package_identification:_identify(src/cav_controller) by extension 'ignore'
[0.679s] Level 1:colcon.colcon_core.package_identification:_identify(src/cav_controller) by extension 'ignore_ament_install'
[0.679s] Level 1:colcon.colcon_core.package_identification:_identify(src/cav_controller) by extensions ['colcon_pkg']
[0.679s] Level 1:colcon.colcon_core.package_identification:_identify(src/cav_controller) by extension 'colcon_pkg'
[0.679s] Level 1:colcon.colcon_core.package_identification:_identify(src/cav_controller) by extensions ['colcon_meta']
[0.679s] Level 1:colcon.colcon_core.package_identification:_identify(src/cav_controller) by extension 'colcon_meta'
[0.679s] Level 1:colcon.colcon_core.package_identification:_identify(src/cav_controller) by extensions ['ros']
[0.679s] Level 1:colcon.colcon_core.package_identification:_identify(src/cav_controller) by extension 'ros'
[0.685s] DEBUG:colcon.colcon_core.package_identification:Package 'src/cav_controller' with type 'ros.ament_python' and name 'cav_controller'
[0.685s] Level 1:colcon.colcon_core.package_identification:_identify(src/p3_cpp) by extensions ['ignore', 'ignore_ament_install']
[0.685s] Level 1:colcon.colcon_core.package_identification:_identify(src/p3_cpp) by extension 'ignore'
[0.685s] Level 1:colcon.colcon_core.package_identification:_identify(src/p3_cpp) by extension 'ignore_ament_install'
[0.685s] Level 1:colcon.colcon_core.package_identification:_identify(src/p3_cpp) by extensions ['colcon_pkg']
[0.685s] Level 1:colcon.colcon_core.package_identification:_identify(src/p3_cpp) by extension 'colcon_pkg'
[0.686s] Level 1:colcon.colcon_core.package_identification:_identify(src/p3_cpp) by extensions ['colcon_meta']
[0.686s] Level 1:colcon.colcon_core.package_identification:_identify(src/p3_cpp) by extension 'colcon_meta'
[0.686s] Level 1:colcon.colcon_core.package_identification:_identify(src/p3_cpp) by extensions ['ros']
[0.686s] Level 1:colcon.colcon_core.package_identification:_identify(src/p3_cpp) by extension 'ros'
[0.687s] DEBUG:colcon.colcon_core.package_identification:Package 'src/p3_cpp' with type 'ros.ament_cmake' and name 'p3_cpp'
[0.688s] Level 1:colcon.colcon_core.package_identification:_identify(src/simulator_launch) by extensions ['ignore', 'ignore_ament_install']
[0.688s] Level 1:colcon.colcon_core.package_identification:_identify(src/simulator_launch) by extension 'ignore'
[0.688s] Level 1:colcon.colcon_core.package_identification:_identify(src/simulator_launch) by extension 'ignore_ament_install'
[0.688s] Level 1:colcon.colcon_core.package_identification:_identify(src/simulator_launch) by extensions ['colcon_pkg']
[0.688s] Level 1:colcon.colcon_core.package_identification:_identify(src/simulator_launch) by extension 'colcon_pkg'
[0.688s] Level 1:colcon.colcon_core.package_identification:_identify(src/simulator_launch) by extensions ['colcon_meta']
[0.688s] Level 1:colcon.colcon_core.package_identification:_identify(src/simulator_launch) by extension 'colcon_meta'
[0.688s] Level 1:colcon.colcon_core.package_identification:_identify(src/simulator_launch) by extensions ['ros']
[0.688s] Level 1:colcon.colcon_core.package_identification:_identify(src/simulator_launch) by extension 'ros'
[0.689s] DEBUG:colcon.colcon_core.package_identification:Package 'src/simulator_launch' with type 'ros.ament_cmake' and name 'simulator_launch'
[0.690s] Level 1:colcon.colcon_core.package_identification:_identify(tool) by extensions ['ignore', 'ignore_ament_install']
[0.690s] Level 1:colcon.colcon_core.package_identification:_identify(tool) by extension 'ignore'
[0.690s] Level 1:colcon.colcon_core.package_identification:_identify(tool) by extension 'ignore_ament_install'
[0.690s] Level 1:colcon.colcon_core.package_identification:_identify(tool) by extensions ['colcon_pkg']
[0.690s] Level 1:colcon.colcon_core.package_identification:_identify(tool) by extension 'colcon_pkg'
[0.690s] Level 1:colcon.colcon_core.package_identification:_identify(tool) by extensions ['colcon_meta']
[0.690s] Level 1:colcon.colcon_core.package_identification:_identify(tool) by extension 'colcon_meta'
[0.691s] Level 1:colcon.colcon_core.package_identification:_identify(tool) by extensions ['ros']
[0.691s] Level 1:colcon.colcon_core.package_identification:_identify(tool) by extension 'ros'
[0.691s] Level 1:colcon.colcon_core.package_identification:_identify(tool) by extensions ['cmake', 'python']
[0.691s] Level 1:colcon.colcon_core.package_identification:_identify(tool) by extension 'cmake'
[0.691s] Level 1:colcon.colcon_core.package_identification:_identify(tool) by extension 'python'
[0.691s] Level 1:colcon.colcon_core.package_identification:_identify(tool) by extensions ['python_setup_py']
[0.691s] Level 1:colcon.colcon_core.package_identification:_identify(tool) by extension 'python_setup_py'
[0.691s] Level 1:colcon.colcon_core.package_identification:_identify(tool/waypoint) by extensions ['ignore', 'ignore_ament_install']
[0.692s] Level 1:colcon.colcon_core.package_identification:_identify(tool/waypoint) by extension 'ignore'
[0.692s] Level 1:colcon.colcon_core.package_identification:_identify(tool/waypoint) by extension 'ignore_ament_install'
[0.692s] Level 1:colcon.colcon_core.package_identification:_identify(tool/waypoint) by extensions ['colcon_pkg']
[0.692s] Level 1:colcon.colcon_core.package_identification:_identify(tool/waypoint) by extension 'colcon_pkg'
[0.692s] Level 1:colcon.colcon_core.package_identification:_identify(tool/waypoint) by extensions ['colcon_meta']
[0.692s] Level 1:colcon.colcon_core.package_identification:_identify(tool/waypoint) by extension 'colcon_meta'
[0.692s] Level 1:colcon.colcon_core.package_identification:_identify(tool/waypoint) by extensions ['ros']
[0.692s] Level 1:colcon.colcon_core.package_identification:_identify(tool/waypoint) by extension 'ros'
[0.692s] Level 1:colcon.colcon_core.package_identification:_identify(tool/waypoint) by extensions ['cmake', 'python']
[0.693s] Level 1:colcon.colcon_core.package_identification:_identify(tool/waypoint) by extension 'cmake'
[0.693s] Level 1:colcon.colcon_core.package_identification:_identify(tool/waypoint) by extension 'python'
[0.693s] Level 1:colcon.colcon_core.package_identification:_identify(tool/waypoint) by extensions ['python_setup_py']
[0.693s] Level 1:colcon.colcon_core.package_identification:_identify(tool/waypoint) by extension 'python_setup_py'
[0.693s] Level 1:colcon.colcon_core.package_discovery:discover_packages(recursive) using defaults
[0.693s] Level 1:colcon.colcon_core.package_discovery:discover_packages(ignore) discover
[0.693s] Level 1:colcon.colcon_core.package_discovery:discover_packages(ignore) using defaults
[0.693s] Level 1:colcon.colcon_core.package_discovery:discover_packages(path) discover
[0.693s] Level 1:colcon.colcon_core.package_discovery:discover_packages(path) using defaults
[0.729s] Level 1:colcon.colcon_core.package_discovery:discover_packages(prefix_path) check parameters
[0.729s] Level 1:colcon.colcon_core.package_discovery:discover_packages(prefix_path) discover
[0.734s] DEBUG:colcon.colcon_installed_package_information.package_discovery:Found 3 installed packages in /home/hy/Mobility_Challenge/ros2_ws/install
[0.735s] DEBUG:colcon.colcon_installed_package_information.package_discovery:Found 3 installed packages in /home/hy/Mobility_Challenge/install
[0.736s] DEBUG:colcon.colcon_installed_package_information.package_discovery:Found 1 installed packages in /home/hy/Mobility_Challenge/sdk/KAIST_Mobility_Challenge_SDK/examples/Driver_ROS2/install
[0.738s] DEBUG:colcon.colcon_installed_package_information.package_discovery:Found 174 installed packages in /opt/ros/foxy
[0.740s] Level 1:colcon.colcon_core.package_discovery:discover_packages(prefix_path) using defaults
[0.815s] Level 5:colcon.colcon_core.verb:set package 'cav_controller' build argument 'cmake_args' from command line to 'None'
[0.815s] Level 5:colcon.colcon_core.verb:set package 'cav_controller' build argument 'cmake_target' from command line to 'None'
[0.815s] Level 5:colcon.colcon_core.verb:set package 'cav_controller' build argument 'cmake_target_skip_unavailable' from command line to 'False'
[0.815s] Level 5:colcon.colcon_core.verb:set package 'cav_controller' build argument 'cmake_clean_cache' from command line to 'False'
[0.815s] Level 5:colcon.colcon_core.verb:set package 'cav_controller' build argument 'cmake_clean_first' from command line to 'False'
[0.815s] Level 5:colcon.colcon_core.verb:set package 'cav_controller' build argument 'cmake_force_configure' from command line to 'False'
[0.815s] Level 5:colcon.colcon_core.verb:set package 'cav_controller' build argument 'ament_cmake_args' from command line to 'None'
[0.815s] Level 5:colcon.colcon_core.verb:set package 'cav_controller' build argument 'catkin_cmake_args' from command line to 'None'
[0.815s] Level 5:colcon.colcon_core.verb:set package 'cav_controller' build argument 'catkin_skip_building_tests' from command line to 'False'
[0.816s] DEBUG:colcon.colcon_core.verb:Building package 'cav_controller' with the following arguments: {'ament_cmake_args': None, 'build_base': '/home/hy/Mobility_Challenge/ros2_ws/build/cav_controller', 'catkin_cmake_args': None, 'catkin_skip_building_tests': False, 'cmake_args': None, 'cmake_clean_cache': False, 'cmake_clean_first': False, 'cmake_force_configure': False, 'cmake_target': None, 'cmake_target_skip_unavailable': False, 'install_base': '/home/hy/Mobility_Challenge/ros2_ws/install/cav_controller', 'merge_install': False, 'path': '/home/hy/Mobility_Challenge/ros2_ws/src/cav_controller', 'symlink_install': True, 'test_result_base': None}
[0.816s] Level 5:colcon.colcon_core.verb:set package 'p3_cpp' build argument 'cmake_args' from command line to 'None'
[0.817s] Level 5:colcon.colcon_core.verb:set package 'p3_cpp' build argument 'cmake_target' from command line to 'None'
[0.817s] Level 5:colcon.colcon_core.verb:set package 'p3_cpp' build argument 'cmake_target_skip_unavailable' from command line to 'False'
[0.817s] Level 5:colcon.colcon_core.verb:set package 'p3_cpp' build argument 'cmake_clean_cache' from command line to 'False'
[0.817s] Level 5:colcon.colcon_core.verb:set package 'p3_cpp' build argument 'cmake_clean_first' from command line to 'False'
[0.817s] Level 5:colcon.colcon_core.verb:set package 'p3_cpp' build argument 'cmake_force_configure' from command line to 'False'
[0.817s] Level 5:colcon.colcon_core.verb:set package 'p3_cpp' build argument 'ament_cmake_args' from command line to 'None'
[0.817s] Level 5:colcon.colcon_core.verb:set package 'p3_cpp' build argument 'catkin_cmake_args' from command line to 'None'
[0.817s] Level 5:colcon.colcon_core.verb:set package 'p3_cpp' build argument 'catkin_skip_building_tests' from command line to 'False'
[0.817s] DEBUG:colcon.colcon_core.verb:Building package 'p3_cpp' with the following arguments: {'ament_cmake_args': None, 'build_base': '/home/hy/Mobility_Challenge/ros2_ws/build/p3_cpp', 'catkin_cmake_args': None, 'catkin_skip_building_tests': False, 'cmake_args': None, 'cmake_clean_cache': False, 'cmake_clean_first': False, 'cmake_force_configure': False, 'cmake_target': None, 'cmake_target_skip_unavailable': False, 'install_base': '/home/hy/Mobility_Challenge/ros2_ws/install/p3_cpp', 'merge_install': False, 'path': '/home/hy/Mobility_Challenge/ros2_ws/src/p3_cpp', 'symlink_install': True, 'test_result_base': None}
[0.818s] Level 5:colcon.colcon_core.verb:set package 'simulator_launch' build argument 'cmake_args' from command line to 'None'
[0.818s] Level 5:colcon.colcon_core.verb:set package 'simulator_launch' build argument 'cmake_target' from command line to 'None'
[0.818s] Level 5:colcon.colcon_core.verb:set package 'simulator_launch' build argument 'cmake_target_skip_unavailable' from command line to 'False'
[0.818s] Level 5:colcon.colcon_core.verb:set package 'simulator_launch' build argument 'cmake_clean_cache' from command line to 'False'
[0.818s] Level 5:colcon.colcon_core.verb:set package 'simulator_launch' build argument 'cmake_clean_first' from command line to 'False'
[0.818s] Level 5:colcon.colcon_core.verb:set package 'simulator_launch' build argument 'cmake_force_configure' from command line to 'False'
[0.818s] Level 5:colcon.colcon_core.verb:set package 'simulator_launch' build argument 'ament_cmake_args' from command line to 'None'
[0.818s] Level 5:colcon.colcon_core.verb:set package 'simulator_launch' build argument 'catkin_cmake_args' from command line to 'None'
[0.818s] Level 5:colcon.colcon_core.verb:set package 'simulator_launch' build argument 'catkin_skip_building_tests' from command line to 'False'
[0.818s] DEBUG:colcon.colcon_core.verb:Building package 'simulator_launch' with the following arguments: {'ament_cmake_args': None, 'build_base': '/home/hy/Mobility_Challenge/ros2_ws/build/simulator_launch', 'catkin_cmake_args': None, 'catkin_skip_building_tests': False, 'cmake_args': None, 'cmake_clean_cache': False, 'cmake_clean_first': False, 'cmake_force_configure': False, 'cmake_target': None, 'cmake_target_skip_unavailable': False, 'install_base': '/home/hy/Mobility_Challenge/ros2_ws/install/simulator_launch', 'merge_install': False, 'path': '/home/hy/Mobility_Challenge/ros2_ws/src/simulator_launch', 'symlink_install': True, 'test_result_base': None}
[0.819s] INFO:colcon.colcon_core.executor:Executing jobs using 'parallel' executor
[0.821s] DEBUG:colcon.colcon_parallel_executor.executor.parallel:run_until_complete
[0.822s] INFO:colcon.colcon_ros.task.ament_python.build:Building ROS package in '/home/hy/Mobility_Challenge/ros2_ws/src/cav_controller' with build type 'ament_python'
[0.822s] Level 1:colcon.colcon_core.shell:create_environment_hook('cav_controller', 'ament_prefix_path')
[0.827s] INFO:colcon.colcon_core.plugin_system:Skipping extension 'colcon_core.shell.bat': Not used on non-Windows systems
[0.827s] INFO:colcon.colcon_core.shell:Creating environment hook '/home/hy/Mobility_Challenge/ros2_ws/install/cav_controller/share/cav_controller/hook/ament_prefix_path.ps1'
[0.829s] INFO:colcon.colcon_core.shell:Creating environment descriptor '/home/hy/Mobility_Challenge/ros2_ws/install/cav_controller/share/cav_controller/hook/ament_prefix_path.dsv'
[0.831s] INFO:colcon.colcon_core.shell:Creating environment hook '/home/hy/Mobility_Challenge/ros2_ws/install/cav_controller/share/cav_controller/hook/ament_prefix_path.sh'
[0.833s] INFO:colcon.colcon_core.shell:Skip shell extension 'powershell' for command environment: Not usable outside of PowerShell
[0.833s] DEBUG:colcon.colcon_core.shell:Skip shell extension 'dsv' for command environment
[0.845s] INFO:colcon.colcon_ros.task.ament_cmake.build:Building ROS package in '/home/hy/Mobility_Challenge/ros2_ws/src/p3_cpp' with build type 'ament_cmake'
[0.846s] INFO:colcon.colcon_cmake.task.cmake.build:Building CMake package in '/home/hy/Mobility_Challenge/ros2_ws/src/p3_cpp'
[0.847s] INFO:colcon.colcon_core.shell:Skip shell extension 'powershell' for command environment: Not usable outside of PowerShell
[0.847s] DEBUG:colcon.colcon_core.shell:Skip shell extension 'dsv' for command environment
[0.860s] INFO:colcon.colcon_ros.task.ament_cmake.build:Building ROS package in '/home/hy/Mobility_Challenge/ros2_ws/src/simulator_launch' with build type 'ament_cmake'
[0.860s] INFO:colcon.colcon_cmake.task.cmake.build:Building CMake package in '/home/hy/Mobility_Challenge/ros2_ws/src/simulator_launch'
[0.861s] INFO:colcon.colcon_core.shell:Skip shell extension 'powershell' for command environment: Not usable outside of PowerShell
[0.862s] DEBUG:colcon.colcon_core.shell:Skip shell extension 'dsv' for command environment
[1.335s] INFO:colcon.colcon_core.task.python.build:Building Python package in '/home/hy/Mobility_Challenge/ros2_ws/src/cav_controller'
[1.336s] INFO:colcon.colcon_core.shell:Skip shell extension 'powershell' for command environment: Not usable outside of PowerShell
[1.336s] DEBUG:colcon.colcon_core.shell:Skip shell extension 'dsv' for command environment
[1.356s] DEBUG:colcon.colcon_core.event_handler.log_command:Invoking command in '/home/hy/Mobility_Challenge/ros2_ws/build/p3_cpp': CMAKE_PREFIX_PATH=${CMAKE_PREFIX_PATH}:/home/hy/Mobility_Challenge/ros2_ws/install/cav_controller:/home/hy/Mobility_Challenge/install/cav_controller:/opt/ros/foxy /usr/bin/cmake --build /home/hy/Mobility_Challenge/ros2_ws/build/p3_cpp -- -j4 -l4
[1.370s] DEBUG:colcon.colcon_core.event_handler.log_command:Invoking command in '/home/hy/Mobility_Challenge/ros2_ws/build/simulator_launch': CMAKE_PREFIX_PATH=${CMAKE_PREFIX_PATH}:/home/hy/Mobility_Challenge/ros2_ws/install/cav_controller:/home/hy/Mobility_Challenge/install/cav_controller:/opt/ros/foxy /usr/bin/cmake --build /home/hy/Mobility_Challenge/ros2_ws/build/simulator_launch -- -j4 -l4
[1.457s] DEBUG:colcon.colcon_core.event_handler.log_command:Invoked command in '/home/hy/Mobility_Challenge/ros2_ws/build/simulator_launch' returned '0': CMAKE_PREFIX_PATH=${CMAKE_PREFIX_PATH}:/home/hy/Mobility_Challenge/ros2_ws/install/cav_controller:/home/hy/Mobility_Challenge/install/cav_controller:/opt/ros/foxy /usr/bin/cmake --build /home/hy/Mobility_Challenge/ros2_ws/build/simulator_launch -- -j4 -l4
[1.489s] DEBUG:colcon.colcon_core.event_handler.log_command:Invoking command in '/home/hy/Mobility_Challenge/ros2_ws/build/simulator_launch': CMAKE_PREFIX_PATH=${CMAKE_PREFIX_PATH}:/home/hy/Mobility_Challenge/ros2_ws/install/cav_controller:/home/hy/Mobility_Challenge/install/cav_controller:/opt/ros/foxy /usr/bin/cmake --install /home/hy/Mobility_Challenge/ros2_ws/build/simulator_launch
[1.510s] DEBUG:colcon.colcon_core.event_handler.log_command:Invoked command in '/home/hy/Mobility_Challenge/ros2_ws/build/p3_cpp' returned '0': CMAKE_PREFIX_PATH=${CMAKE_PREFIX_PATH}:/home/hy/Mobility_Challenge/ros2_ws/install/cav_controller:/home/hy/Mobility_Challenge/install/cav_controller:/opt/ros/foxy /usr/bin/cmake --build /home/hy/Mobility_Challenge/ros2_ws/build/p3_cpp -- -j4 -l4
[1.518s] DEBUG:colcon.colcon_core.event_handler.log_command:Invoking command in '/home/hy/Mobility_Challenge/ros2_ws/build/p3_cpp': CMAKE_PREFIX_PATH=${CMAKE_PREFIX_PATH}:/home/hy/Mobility_Challenge/ros2_ws/install/cav_controller:/home/hy/Mobility_Challenge/install/cav_controller:/opt/ros/foxy /usr/bin/cmake --install /home/hy/Mobility_Challenge/ros2_ws/build/p3_cpp
[1.544s] Level 1:colcon.colcon_core.environment:create_environment_scripts_only(simulator_launch)
[1.550s] Level 1:colcon.colcon_core.environment:checking '/home/hy/Mobility_Challenge/ros2_ws/install/simulator_launch' for CMake module files
[1.552s] DEBUG:colcon.colcon_core.event_handler.log_command:Invoked command in '/home/hy/Mobility_Challenge/ros2_ws/build/simulator_launch' returned '0': CMAKE_PREFIX_PATH=${CMAKE_PREFIX_PATH}:/home/hy/Mobility_Challenge/ros2_ws/install/cav_controller:/home/hy/Mobility_Challenge/install/cav_controller:/opt/ros/foxy /usr/bin/cmake --install /home/hy/Mobility_Challenge/ros2_ws/build/simulator_launch
[1.553s] Level 1:colcon.colcon_core.environment:checking '/home/hy/Mobility_Challenge/ros2_ws/install/simulator_launch' for CMake config files
[1.554s] Level 1:colcon.colcon_core.shell:create_environment_hook('simulator_launch', 'cmake_prefix_path')
[1.554s] INFO:colcon.colcon_core.shell:Creating environment hook '/home/hy/Mobility_Challenge/ros2_ws/install/simulator_launch/share/simulator_launch/hook/cmake_prefix_path.ps1'
[1.556s] INFO:colcon.colcon_core.shell:Creating environment descriptor '/home/hy/Mobility_Challenge/ros2_ws/install/simulator_launch/share/simulator_launch/hook/cmake_prefix_path.dsv'
[1.557s] INFO:colcon.colcon_core.shell:Creating environment hook '/home/hy/Mobility_Challenge/ros2_ws/install/simulator_launch/share/simulator_launch/hook/cmake_prefix_path.sh'
[1.559s] Level 1:colcon.colcon_core.environment:checking '/home/hy/Mobility_Challenge/ros2_ws/install/simulator_launch/bin'
[1.559s] Level 1:colcon.colcon_core.environment:checking '/home/hy/Mobility_Challenge/ros2_ws/install/simulator_launch/lib/pkgconfig/simulator_launch.pc'
[1.559s] Level 1:colcon.colcon_core.environment:checking '/home/hy/Mobility_Challenge/ros2_ws/install/simulator_launch/lib/python3.8/site-packages'
[1.560s] Level 1:colcon.colcon_core.environment:checking '/home/hy/Mobility_Challenge/ros2_ws/install/simulator_launch/bin'
[1.561s] INFO:colcon.colcon_core.shell:Creating package script '/home/hy/Mobility_Challenge/ros2_ws/install/simulator_launch/share/simulator_launch/package.ps1'
[1.563s] INFO:colcon.colcon_core.shell:Creating package descriptor '/home/hy/Mobility_Challenge/ros2_ws/install/simulator_launch/share/simulator_launch/package.dsv'
[1.566s] INFO:colcon.colcon_core.shell:Creating package script '/home/hy/Mobility_Challenge/ros2_ws/install/simulator_launch/share/simulator_launch/package.sh'
[1.567s] INFO:colcon.colcon_core.shell:Creating package script '/home/hy/Mobility_Challenge/ros2_ws/install/simulator_launch/share/simulator_launch/package.bash'
[1.569s] INFO:colcon.colcon_core.shell:Creating package script '/home/hy/Mobility_Challenge/ros2_ws/install/simulator_launch/share/simulator_launch/package.zsh'
[1.571s] Level 1:colcon.colcon_core.environment:create_file_with_runtime_dependencies(/home/hy/Mobility_Challenge/ros2_ws/install/simulator_launch/share/colcon-core/packages/simulator_launch)
[1.573s] Level 1:colcon.colcon_core.environment:create_environment_scripts_only(simulator_launch)
[1.573s] Level 1:colcon.colcon_core.environment:checking '/home/hy/Mobility_Challenge/ros2_ws/install/simulator_launch' for CMake module files
[1.574s] Level 1:colcon.colcon_core.environment:checking '/home/hy/Mobility_Challenge/ros2_ws/install/simulator_launch' for CMake config files
[1.575s] Level 1:colcon.colcon_core.shell:create_environment_hook('simulator_launch', 'cmake_prefix_path')
[1.575s] INFO:colcon.colcon_core.shell:Creating environment hook '/home/hy/Mobility_Challenge/ros2_ws/install/simulator_launch/share/simulator_launch/hook/cmake_prefix_path.ps1'
[1.576s] INFO:colcon.colcon_core.shell:Creating environment descriptor '/home/hy/Mobility_Challenge/ros2_ws/install/simulator_launch/share/simulator_launch/hook/cmake_prefix_path.dsv'
[1.577s] INFO:colcon.colcon_core.shell:Creating environment hook '/home/hy/Mobility_Challenge/ros2_ws/install/simulator_launch/share/simulator_launch/hook/cmake_prefix_path.sh'
[1.578s] Level 1:colcon.colcon_core.environment:checking '/home/hy/Mobility_Challenge/ros2_ws/install/simulator_launch/bin'
[1.578s] Level 1:colcon.colcon_core.environment:checking '/home/hy/Mobility_Challenge/ros2_ws/install/simulator_launch/lib/pkgconfig/simulator_launch.pc'
[1.579s] Level 1:colcon.colcon_core.environment:checking '/home/hy/Mobility_Challenge/ros2_ws/install/simulator_launch/lib/python3.8/site-packages'
[1.579s] Level 1:colcon.colcon_core.environment:checking '/home/hy/Mobility_Challenge/ros2_ws/install/simulator_launch/bin'
[1.580s] INFO:colcon.colcon_core.shell:Creating package script '/home/hy/Mobility_Challenge/ros2_ws/install/simulator_launch/share/simulator_launch/package.ps1'
[1.581s] INFO:colcon.colcon_core.shell:Creating package descriptor '/home/hy/Mobility_Challenge/ros2_ws/install/simulator_launch/share/simulator_launch/package.dsv'
[1.582s] INFO:colcon.colcon_core.shell:Creating package script '/home/hy/Mobility_Challenge/ros2_ws/install/simulator_launch/share/simulator_launch/package.sh'
[1.583s] INFO:colcon.colcon_core.shell:Creating package script '/home/hy/Mobility_Challenge/ros2_ws/install/simulator_launch/share/simulator_launch/package.bash'
[1.584s] INFO:colcon.colcon_core.shell:Creating package script '/home/hy/Mobility_Challenge/ros2_ws/install/simulator_launch/share/simulator_launch/package.zsh'
[1.585s] Level 1:colcon.colcon_core.environment:create_file_with_runtime_dependencies(/home/hy/Mobility_Challenge/ros2_ws/install/simulator_launch/share/colcon-core/packages/simulator_launch)
[1.588s] Level 1:colcon.colcon_core.environment:create_environment_scripts_only(p3_cpp)
[1.589s] Level 1:colcon.colcon_core.environment:checking '/home/hy/Mobility_Challenge/ros2_ws/install/p3_cpp' for CMake module files
[1.590s] DEBUG:colcon.colcon_core.event_handler.log_command:Invoked command in '/home/hy/Mobility_Challenge/ros2_ws/build/p3_cpp' returned '0': CMAKE_PREFIX_PATH=${CMAKE_PREFIX_PATH}:/home/hy/Mobility_Challenge/ros2_ws/install/cav_controller:/home/hy/Mobility_Challenge/install/cav_controller:/opt/ros/foxy /usr/bin/cmake --install /home/hy/Mobility_Challenge/ros2_ws/build/p3_cpp
[1.591s] Level 1:colcon.colcon_core.environment:checking '/home/hy/Mobility_Challenge/ros2_ws/install/p3_cpp' for CMake config files
[1.591s] Level 1:colcon.colcon_core.shell:create_environment_hook('p3_cpp', 'cmake_prefix_path')
[1.592s] INFO:colcon.colcon_core.shell:Creating environment hook '/home/hy/Mobility_Challenge/ros2_ws/install/p3_cpp/share/p3_cpp/hook/cmake_prefix_path.ps1'
[1.593s] INFO:colcon.colcon_core.shell:Creating environment descriptor '/home/hy/Mobility_Challenge/ros2_ws/install/p3_cpp/share/p3_cpp/hook/cmake_prefix_path.dsv'
[1.594s] INFO:colcon.colcon_core.shell:Creating environment hook '/home/hy/Mobility_Challenge/ros2_ws/install/p3_cpp/share/p3_cpp/hook/cmake_prefix_path.sh'
[1.595s] Level 1:colcon.colcon_core.environment:checking '/home/hy/Mobility_Challenge/ros2_ws/install/p3_cpp/lib'
[1.596s] Level 1:colcon.colcon_core.environment:checking '/home/hy/Mobility_Challenge/ros2_ws/install/p3_cpp/bin'
[1.596s] Level 1:colcon.colcon_core.environment:checking '/home/hy/Mobility_Challenge/ros2_ws/install/p3_cpp/lib/pkgconfig/p3_cpp.pc'
[1.596s] Level 1:colcon.colcon_core.environment:checking '/home/hy/Mobility_Challenge/ros2_ws/install/p3_cpp/lib/python3.8/site-packages'
[1.597s] Level 1:colcon.colcon_core.environment:checking '/home/hy/Mobility_Challenge/ros2_ws/install/p3_cpp/bin'
[1.598s] INFO:colcon.colcon_core.shell:Creating package script '/home/hy/Mobility_Challenge/ros2_ws/install/p3_cpp/share/p3_cpp/package.ps1'
[1.599s] INFO:colcon.colcon_core.shell:Creating package descriptor '/home/hy/Mobility_Challenge/ros2_ws/install/p3_cpp/share/p3_cpp/package.dsv'
[1.600s] INFO:colcon.colcon_core.shell:Creating package script '/home/hy/Mobility_Challenge/ros2_ws/install/p3_cpp/share/p3_cpp/package.sh'
[1.601s] INFO:colcon.colcon_core.shell:Creating package script '/home/hy/Mobility_Challenge/ros2_ws/install/p3_cpp/share/p3_cpp/package.bash'
[1.602s] INFO:colcon.colcon_core.shell:Creating package script '/home/hy/Mobility_Challenge/ros2_ws/install/p3_cpp/share/p3_cpp/package.zsh'
[1.603s] Level 1:colcon.colcon_core.environment:create_file_with_runtime_dependencies(/home/hy/Mobility_Challenge/ros2_ws/install/p3_cpp/share/colcon-core/packages/p3_cpp)
[1.604s] Level 1:colcon.colcon_core.environment:create_environment_scripts_only(p3_cpp)
[1.604s] Level 1:colcon.colcon_core.environment:checking '/home/hy/Mobility_Challenge/ros2_ws/install/p3_cpp' for CMake module files
[1.606s] Level 1:colcon.colcon_core.environment:checking '/home/hy/Mobility_Challenge/ros2_ws/install/p3_cpp' for CMake config files
[1.606s] Level 1:colcon.colcon_core.shell:create_environment_hook('p3_cpp', 'cmake_prefix_path')
[1.607s] INFO:colcon.colcon_core.shell:Creating environment hook '/home/hy/Mobility_Challenge/ros2_ws/install/p3_cpp/share/p3_cpp/hook/cmake_prefix_path.ps1'
[1.608s] INFO:colcon.colcon_core.shell:Creating environment descriptor '/home/hy/Mobility_Challenge/ros2_ws/install/p3_cpp/share/p3_cpp/hook/cmake_prefix_path.dsv'
[1.609s] INFO:colcon.colcon_core.shell:Creating environment hook '/home/hy/Mobility_Challenge/ros2_ws/install/p3_cpp/share/p3_cpp/hook/cmake_prefix_path.sh'
[1.610s] Level 1:colcon.colcon_core.environment:checking '/home/hy/Mobility_Challenge/ros2_ws/install/p3_cpp/lib'
[1.610s] Level 1:colcon.colcon_core.environment:checking '/home/hy/Mobility_Challenge/ros2_ws/install/p3_cpp/bin'
[1.610s] Level 1:colcon.colcon_core.environment:checking '/home/hy/Mobility_Challenge/ros2_ws/install/p3_cpp/lib/pkgconfig/p3_cpp.pc'
[1.611s] Level 1:colcon.colcon_core.environment:checking '/home/hy/Mobility_Challenge/ros2_ws/install/p3_cpp/lib/python3.8/site-packages'
[1.611s] Level 1:colcon.colcon_core.environment:checking '/home/hy/Mobility_Challenge/ros2_ws/install/p3_cpp/bin'
[1.612s] INFO:colcon.colcon_core.shell:Creating package script '/home/hy/Mobility_Challenge/ros2_ws/install/p3_cpp/share/p3_cpp/package.ps1'
[1.613s] INFO:colcon.colcon_core.shell:Creating package descriptor '/home/hy/Mobility_Challenge/ros2_ws/install/p3_cpp/share/p3_cpp/package.dsv'
[1.614s] INFO:colcon.colcon_core.shell:Creating package script '/home/hy/Mobility_Challenge/ros2_ws/install/p3_cpp/share/p3_cpp/package.sh'
[1.615s] INFO:colcon.colcon_core.shell:Creating package script '/home/hy/Mobility_Challenge/ros2_ws/install/p3_cpp/share/p3_cpp/package.bash'
[1.616s] INFO:colcon.colcon_core.shell:Creating package script '/home/hy/Mobility_Challenge/ros2_ws/install/p3_cpp/share/p3_cpp/package.zsh'
[1.617s] Level 1:colcon.colcon_core.environment:create_file_with_runtime_dependencies(/home/hy/Mobility_Challenge/ros2_ws/install/p3_cpp/share/colcon-core/packages/p3_cpp)
[2.103s] DEBUG:colcon.colcon_core.event_handler.log_command:Invoking command in '/home/hy/Mobility_Challenge/ros2_ws/build/cav_controller': PYTHONPATH=/home/hy/Mobility_Challenge/ros2_ws/build/cav_controller/prefix_override:/usr/lib/python3/dist-packages/colcon_core/task/python/colcon_distutils_commands:/home/hy/Mobility_Challenge/ros2_ws/install/cav_controller/lib/python3.8/site-packages:${PYTHONPATH} /usr/bin/python3 -W ignore:setup.py install is deprecated -W ignore:easy_install command is deprecated setup.py develop --editable --build-directory /home/hy/Mobility_Challenge/ros2_ws/build/cav_controller/build --no-deps symlink_data
[2.912s] Level 1:colcon.colcon_core.shell:create_environment_hook('cav_controller', 'pythonpath_develop')
[2.913s] INFO:colcon.colcon_core.shell:Creating environment hook '/home/hy/Mobility_Challenge/ros2_ws/build/cav_controller/share/cav_controller/hook/pythonpath_develop.ps1'
[2.914s] DEBUG:colcon.colcon_core.event_handler.log_command:Invoked command in '/home/hy/Mobility_Challenge/ros2_ws/build/cav_controller' returned '0': PYTHONPATH=/home/hy/Mobility_Challenge/ros2_ws/build/cav_controller/prefix_override:/usr/lib/python3/dist-packages/colcon_core/task/python/colcon_distutils_commands:/home/hy/Mobility_Challenge/ros2_ws/install/cav_controller/lib/python3.8/site-packages:${PYTHONPATH} /usr/bin/python3 -W ignore:setup.py install is deprecated -W ignore:easy_install command is deprecated setup.py develop --editable --build-directory /home/hy/Mobility_Challenge/ros2_ws/build/cav_controller/build --no-deps symlink_data
[2.916s] INFO:colcon.colcon_core.shell:Creating environment descriptor '/home/hy/Mobility_Challenge/ros2_ws/build/cav_controller/share/cav_controller/hook/pythonpath_develop.dsv'
[2.917s] INFO:colcon.colcon_core.shell:Creating environment hook '/home/hy/Mobility_Challenge/ros2_ws/build/cav_controller/share/cav_controller/hook/pythonpath_develop.sh'
[2.920s] Level 1:colcon.colcon_core.environment:checking '/home/hy/Mobility_Challenge/ros2_ws/install/cav_controller' for CMake module files
[2.921s] Level 1:colcon.colcon_core.environment:checking '/home/hy/Mobility_Challenge/ros2_ws/install/cav_controller' for CMake config files
[2.922s] Level 1:colcon.colcon_core.environment:checking '/home/hy/Mobility_Challenge/ros2_ws/install/cav_controller/lib'
[2.922s] Level 1:colcon.colcon_core.environment:checking '/home/hy/Mobility_Challenge/ros2_ws/install/cav_controller/bin'
[2.923s] Level 1:colcon.colcon_core.environment:checking '/home/hy/Mobility_Challenge/ros2_ws/install/cav_controller/lib/pkgconfig/cav_controller.pc'
[2.924s] Level 1:colcon.colcon_core.environment:checking '/home/hy/Mobility_Challenge/ros2_ws/install/cav_controller/lib/python3.8/site-packages'
[2.924s] Level 1:colcon.colcon_core.shell:create_environment_hook('cav_controller', 'pythonpath')
[2.925s] INFO:colcon.colcon_core.shell:Creating environment hook '/home/hy/Mobility_Challenge/ros2_ws/install/cav_controller/share/cav_controller/hook/pythonpath.ps1'
[2.926s] INFO:colcon.colcon_core.shell:Creating environment descriptor '/home/hy/Mobility_Challenge/ros2_ws/install/cav_controller/share/cav_controller/hook/pythonpath.dsv'
[2.928s] INFO:colcon.colcon_core.shell:Creating environment hook '/home/hy/Mobility_Challenge/ros2_ws/install/cav_controller/share/cav_controller/hook/pythonpath.sh'
[2.930s] Level 1:colcon.colcon_core.environment:checking '/home/hy/Mobility_Challenge/ros2_ws/install/cav_controller/bin'
[2.930s] Level 1:colcon.colcon_core.environment:create_environment_scripts_only(cav_controller)
[2.931s] INFO:colcon.colcon_core.shell:Creating package script '/home/hy/Mobility_Challenge/ros2_ws/install/cav_controller/share/cav_controller/package.ps1'
[2.933s] INFO:colcon.colcon_core.shell:Creating package descriptor '/home/hy/Mobility_Challenge/ros2_ws/install/cav_controller/share/cav_controller/package.dsv'
[2.934s] INFO:colcon.colcon_core.shell:Creating package script '/home/hy/Mobility_Challenge/ros2_ws/install/cav_controller/share/cav_controller/package.sh'
[2.935s] INFO:colcon.colcon_core.shell:Creating package script '/home/hy/Mobility_Challenge/ros2_ws/install/cav_controller/share/cav_controller/package.bash'
[2.936s] INFO:colcon.colcon_core.shell:Creating package script '/home/hy/Mobility_Challenge/ros2_ws/install/cav_controller/share/cav_controller/package.zsh'
[2.937s] Level 1:colcon.colcon_core.environment:create_file_with_runtime_dependencies(/home/hy/Mobility_Challenge/ros2_ws/install/cav_controller/share/colcon-core/packages/cav_controller)
[2.938s] DEBUG:colcon.colcon_parallel_executor.executor.parallel:closing loop
[2.939s] DEBUG:colcon.colcon_parallel_executor.executor.parallel:loop closed
[2.940s] DEBUG:colcon.colcon_parallel_executor.executor.parallel:run_until_complete finished with '0'
[2.940s] DEBUG:colcon.colcon_core.event_reactor:joining thread
[2.958s] INFO:colcon.colcon_core.plugin_system:Skipping extension 'colcon_notification.desktop_notification.terminal_notifier': Not used on non-Darwin systems
[2.958s] INFO:colcon.colcon_core.plugin_system:Skipping extension 'colcon_notification.desktop_notification.win32': Not used on non-Windows systems
[2.958s] INFO:colcon.colcon_notification.desktop_notification:Sending desktop notification using 'notify2'
[3.005s] DEBUG:colcon.colcon_core.event_reactor:joined thread
[3.006s] INFO:colcon.colcon_core.shell:Creating prefix script '/home/hy/Mobility_Challenge/ros2_ws/install/local_setup.ps1'
[3.009s] INFO:colcon.colcon_core.shell:Creating prefix util module '/home/hy/Mobility_Challenge/ros2_ws/install/_local_setup_util_ps1.py'
[3.012s] INFO:colcon.colcon_core.shell:Creating prefix chain script '/home/hy/Mobility_Challenge/ros2_ws/install/setup.ps1'
[3.015s] INFO:colcon.colcon_core.shell:Creating prefix script '/home/hy/Mobility_Challenge/ros2_ws/install/local_setup.sh'
[3.016s] INFO:colcon.colcon_core.shell:Creating prefix util module '/home/hy/Mobility_Challenge/ros2_ws/install/_local_setup_util_sh.py'
[3.018s] INFO:colcon.colcon_core.shell:Creating prefix chain script '/home/hy/Mobility_Challenge/ros2_ws/install/setup.sh'
[3.020s] INFO:colcon.colcon_core.shell:Creating prefix script '/home/hy/Mobility_Challenge/ros2_ws/install/local_setup.bash'
[3.021s] INFO:colcon.colcon_core.shell:Creating prefix chain script '/home/hy/Mobility_Challenge/ros2_ws/install/setup.bash'
[3.024s] INFO:colcon.colcon_core.shell:Creating prefix script '/home/hy/Mobility_Challenge/ros2_ws/install/local_setup.zsh'
[3.025s] INFO:colcon.colcon_core.shell:Creating prefix chain script '/home/hy/Mobility_Challenge/ros2_ws/install/setup.zsh'
