[0.030s] Invoking command in '/home/cav-06/KAIST_Mobility_Challenge_Hardware/ros2_ws/build/p3_cpp': CMAKE_PREFIX_PATH=/opt/ros/foxy /usr/bin/cmake --build /home/cav-06/KAIST_Mobility_Challenge_Hardware/ros2_ws/build/p3_cpp -- -j4 -l4
[0.117s] [35m[1mScanning dependencies of target main_p3[0m
[0.172s] [ 50%] Built target control_p3
[0.183s] [ 75%] [32mBuilding CXX object CMakeFiles/main_p3.dir/src/main_p3.cpp.o[0m
[3.643s] [01m[K/home/cav-06/KAIST_Mobility_Challenge_Hardware/ros2_ws/src/p3_cpp/src/main_p3.cpp:[m[K In lambda function:
[3.643s] [01m[K/home/cav-06/KAIST_Mobility_Challenge_Hardware/ros2_ws/src/p3_cpp/src/main_p3.cpp:225:55:[m[K [01;35m[Kwarning: [m[Kcomparison of integer expressions of different signedness: ‘[01m[Kstd::deque<double>::size_type[m[K’ {aka ‘[01m[Klong unsigned int[m[K’} and ‘[01m[Kconst int[m[K’ [[01;35m[K-Wsign-compare[m[K]
[3.643s]   225 |                             if ([01;35m[Khv_vel_buffer_.size() > vel_buffer_size_[m[K) {
[3.644s]       |                                 [01;35m[K~~~~~~~~~~~~~~~~~~~~~~^~~~~~~~~~~~~~~~~~[m[K
[3.728s] [01m[K/home/cav-06/KAIST_Mobility_Challenge_Hardware/ros2_ws/src/p3_cpp/src/main_p3.cpp:[m[K In member function ‘[01m[Kvoid MainTrafficController::process_roundabout_path_decision(Vehicle&, const string&, const string&)[m[K’:
[3.728s] [01m[K/home/cav-06/KAIST_Mobility_Challenge_Hardware/ros2_ws/src/p3_cpp/src/main_p3.cpp:451:79:[m[K [01;35m[Kwarning: [m[Kunused parameter ‘[01m[Kzone[m[K’ [[01;35m[K-Wunused-parameter[m[K]
[3.729s]   451 |     void process_roundabout_path_decision(Vehicle& my_cav, [01;35m[Kconst std::string& zone[m[K, const std::string& my_id) {
[3.729s]       |                                                            [01;35m[K~~~~~~~~~~~~~~~~~~~^~~~[m[K
[3.730s] [01m[K/home/cav-06/KAIST_Mobility_Challenge_Hardware/ros2_ws/src/p3_cpp/src/main_p3.cpp:451:104:[m[K [01;35m[Kwarning: [m[Kunused parameter ‘[01m[Kmy_id[m[K’ [[01;35m[K-Wunused-parameter[m[K]
[3.730s]   451 | ess_roundabout_path_decision(Vehicle& my_cav, const std::string& zone, [01;35m[Kconst std::string& my_id[m[K) {
[3.730s]       |                                                                        [01;35m[K~~~~~~~~~~~~~~~~~~~^~~~~[m[K
[3.730s] 
[14.482s] [100%] [32m[1mLinking CXX executable main_p3[0m
[15.042s] [100%] Built target main_p3
[15.066s] Invoked command in '/home/cav-06/KAIST_Mobility_Challenge_Hardware/ros2_ws/build/p3_cpp' returned '0': CMAKE_PREFIX_PATH=/opt/ros/foxy /usr/bin/cmake --build /home/cav-06/KAIST_Mobility_Challenge_Hardware/ros2_ws/build/p3_cpp -- -j4 -l4
[15.095s] Invoking command in '/home/cav-06/KAIST_Mobility_Challenge_Hardware/ros2_ws/build/p3_cpp': CMAKE_PREFIX_PATH=/opt/ros/foxy /usr/bin/cmake --install /home/cav-06/KAIST_Mobility_Challenge_Hardware/ros2_ws/build/p3_cpp
[15.114s] -- Install configuration: ""
[15.115s] -- Up-to-date: /home/cav-06/KAIST_Mobility_Challenge_Hardware/ros2_ws/install/p3_cpp/lib/p3_cpp/control_p3
[15.115s] -- Installing: /home/cav-06/KAIST_Mobility_Challenge_Hardware/ros2_ws/install/p3_cpp/lib/p3_cpp/main_p3
[15.122s] -- Set runtime path of "/home/cav-06/KAIST_Mobility_Challenge_Hardware/ros2_ws/install/p3_cpp/lib/p3_cpp/main_p3" to ""
[15.123s] -- Up-to-date: /home/cav-06/KAIST_Mobility_Challenge_Hardware/ros2_ws/install/p3_cpp/share/p3_cpp/launch
[15.124s] -- Installing: /home/cav-06/KAIST_Mobility_Challenge_Hardware/ros2_ws/install/p3_cpp/share/p3_cpp/launch/server_launch.py
[15.125s] -- Up-to-date: /home/cav-06/KAIST_Mobility_Challenge_Hardware/ros2_ws/install/p3_cpp/share/p3_cpp/launch/cav_launch.py
[15.127s] -- Up-to-date: /home/cav-06/KAIST_Mobility_Challenge_Hardware/ros2_ws/install/p3_cpp/share/p3_cpp/tool
[15.128s] -- Up-to-date: /home/cav-06/KAIST_Mobility_Challenge_Hardware/ros2_ws/install/p3_cpp/share/p3_cpp/tool/cav04p3_inside.csv
[15.128s] -- Up-to-date: /home/cav-06/KAIST_Mobility_Challenge_Hardware/ros2_ws/install/p3_cpp/share/p3_cpp/tool/csv_to_json.py
[15.128s] -- Up-to-date: /home/cav-06/KAIST_Mobility_Challenge_Hardware/ros2_ws/install/p3_cpp/share/p3_cpp/tool/cav06p3.csv
[15.128s] -- Up-to-date: /home/cav-06/KAIST_Mobility_Challenge_Hardware/ros2_ws/install/p3_cpp/share/p3_cpp/tool/cav07p3.csv
[15.129s] -- Up-to-date: /home/cav-06/KAIST_Mobility_Challenge_Hardware/ros2_ws/install/p3_cpp/share/p3_cpp/tool/Readme.md
[15.129s] -- Up-to-date: /home/cav-06/KAIST_Mobility_Challenge_Hardware/ros2_ws/install/p3_cpp/share/p3_cpp/tool/cav01p3_inside.csv
[15.129s] -- Up-to-date: /home/cav-06/KAIST_Mobility_Challenge_Hardware/ros2_ws/install/p3_cpp/share/p3_cpp/tool/cav06p3_inside.csv
[15.129s] -- Up-to-date: /home/cav-06/KAIST_Mobility_Challenge_Hardware/ros2_ws/install/p3_cpp/share/p3_cpp/tool/cav07p3_inside.csv
[15.129s] -- Up-to-date: /home/cav-06/KAIST_Mobility_Challenge_Hardware/ros2_ws/install/p3_cpp/share/p3_cpp/tool/cav01p3.csv
[15.129s] -- Up-to-date: /home/cav-06/KAIST_Mobility_Challenge_Hardware/ros2_ws/install/p3_cpp/share/p3_cpp/tool/cav1p1.csv
[15.130s] -- Up-to-date: /home/cav-06/KAIST_Mobility_Challenge_Hardware/ros2_ws/install/p3_cpp/share/p3_cpp/tool/node_info.png
[15.130s] -- Up-to-date: /home/cav-06/KAIST_Mobility_Challenge_Hardware/ros2_ws/install/p3_cpp/share/p3_cpp/tool/p1_2.csv
[15.130s] -- Up-to-date: /home/cav-06/KAIST_Mobility_Challenge_Hardware/ros2_ws/install/p3_cpp/share/p3_cpp/tool/waypoint
[15.130s] -- Up-to-date: /home/cav-06/KAIST_Mobility_Challenge_Hardware/ros2_ws/install/p3_cpp/share/p3_cpp/tool/waypoint/42_8.csv
[15.130s] -- Up-to-date: /home/cav-06/KAIST_Mobility_Challenge_Hardware/ros2_ws/install/p3_cpp/share/p3_cpp/tool/waypoint/60_46.csv
[15.130s] -- Up-to-date: /home/cav-06/KAIST_Mobility_Challenge_Hardware/ros2_ws/install/p3_cpp/share/p3_cpp/tool/waypoint/49_55.csv
[15.131s] -- Up-to-date: /home/cav-06/KAIST_Mobility_Challenge_Hardware/ros2_ws/install/p3_cpp/share/p3_cpp/tool/waypoint/50_54.csv
[15.131s] -- Up-to-date: /home/cav-06/KAIST_Mobility_Challenge_Hardware/ros2_ws/install/p3_cpp/share/p3_cpp/tool/waypoint/38_48.csv
[15.141s] -- Up-to-date: /home/cav-06/KAIST_Mobility_Challenge_Hardware/ros2_ws/install/p3_cpp/share/p3_cpp/tool/waypoint/16_61.csv
[15.143s] -- Up-to-date: /home/cav-06/KAIST_Mobility_Challenge_Hardware/ros2_ws/install/p3_cpp/share/p3_cpp/tool/waypoint/63_39.csv
[15.143s] -- Up-to-date: /home/cav-06/KAIST_Mobility_Challenge_Hardware/ros2_ws/install/p3_cpp/share/p3_cpp/tool/waypoint/2_4.csv
[15.143s] -- Up-to-date: /home/cav-06/KAIST_Mobility_Challenge_Hardware/ros2_ws/install/p3_cpp/share/p3_cpp/tool/waypoint/25_36.csv
[15.143s] -- Up-to-date: /home/cav-06/KAIST_Mobility_Challenge_Hardware/ros2_ws/install/p3_cpp/share/p3_cpp/tool/waypoint/5_8.csv
[15.143s] -- Up-to-date: /home/cav-06/KAIST_Mobility_Challenge_Hardware/ros2_ws/install/p3_cpp/share/p3_cpp/tool/waypoint/41_43.csv
[15.143s] -- Up-to-date: /home/cav-06/KAIST_Mobility_Challenge_Hardware/ros2_ws/install/p3_cpp/share/p3_cpp/tool/waypoint/28_31.csv
[15.144s] -- Up-to-date: /home/cav-06/KAIST_Mobility_Challenge_Hardware/ros2_ws/install/p3_cpp/share/p3_cpp/tool/waypoint/46_40.csv
[15.144s] -- Up-to-date: /home/cav-06/KAIST_Mobility_Challenge_Hardware/ros2_ws/install/p3_cpp/share/p3_cpp/tool/waypoint/6_44.csv
[15.144s] -- Up-to-date: /home/cav-06/KAIST_Mobility_Challenge_Hardware/ros2_ws/install/p3_cpp/share/p3_cpp/tool/waypoint/39_40.csv
[15.144s] -- Up-to-date: /home/cav-06/KAIST_Mobility_Challenge_Hardware/ros2_ws/install/p3_cpp/share/p3_cpp/tool/waypoint/5_45.csv
[15.144s] -- Up-to-date: /home/cav-06/KAIST_Mobility_Challenge_Hardware/ros2_ws/install/p3_cpp/share/p3_cpp/tool/waypoint/37_38.csv
[15.144s] -- Up-to-date: /home/cav-06/KAIST_Mobility_Challenge_Hardware/ros2_ws/install/p3_cpp/share/p3_cpp/tool/waypoint/56_59.csv
[15.144s] -- Up-to-date: /home/cav-06/KAIST_Mobility_Challenge_Hardware/ros2_ws/install/p3_cpp/share/p3_cpp/tool/waypoint/41_42.csv
[15.144s] -- Up-to-date: /home/cav-06/KAIST_Mobility_Challenge_Hardware/ros2_ws/install/p3_cpp/share/p3_cpp/tool/waypoint/43_9.csv
[15.145s] -- Up-to-date: /home/cav-06/KAIST_Mobility_Challenge_Hardware/ros2_ws/install/p3_cpp/share/p3_cpp/tool/waypoint/27_30.csv
[15.145s] -- Up-to-date: /home/cav-06/KAIST_Mobility_Challenge_Hardware/ros2_ws/install/p3_cpp/share/p3_cpp/tool/waypoint/24_37.csv
[15.145s] -- Up-to-date: /home/cav-06/KAIST_Mobility_Challenge_Hardware/ros2_ws/install/p3_cpp/share/p3_cpp/tool/waypoint/29_2.csv
[15.145s] -- Up-to-date: /home/cav-06/KAIST_Mobility_Challenge_Hardware/ros2_ws/install/p3_cpp/share/p3_cpp/tool/waypoint/6_9.csv
[15.145s] -- Up-to-date: /home/cav-06/KAIST_Mobility_Challenge_Hardware/ros2_ws/install/p3_cpp/share/p3_cpp/tool/waypoint/18_21.csv
[15.145s] -- Up-to-date: /home/cav-06/KAIST_Mobility_Challenge_Hardware/ros2_ws/install/p3_cpp/share/p3_cpp/tool/waypoint/13_14.csv
[15.145s] -- Up-to-date: /home/cav-06/KAIST_Mobility_Challenge_Hardware/ros2_ws/install/p3_cpp/share/p3_cpp/tool/waypoint/22_25.csv
[15.146s] -- Up-to-date: /home/cav-06/KAIST_Mobility_Challenge_Hardware/ros2_ws/install/p3_cpp/share/p3_cpp/tool/waypoint/25_28.csv
[15.146s] -- Up-to-date: /home/cav-06/KAIST_Mobility_Challenge_Hardware/ros2_ws/install/p3_cpp/share/p3_cpp/tool/waypoint/16_19.csv
[15.146s] -- Up-to-date: /home/cav-06/KAIST_Mobility_Challenge_Hardware/ros2_ws/install/p3_cpp/share/p3_cpp/tool/waypoint/62_35.csv
[15.146s] -- Up-to-date: /home/cav-06/KAIST_Mobility_Challenge_Hardware/ros2_ws/install/p3_cpp/share/p3_cpp/tool/waypoint/8_57.csv
[15.146s] -- Up-to-date: /home/cav-06/KAIST_Mobility_Challenge_Hardware/ros2_ws/install/p3_cpp/share/p3_cpp/tool/waypoint/47_41.csv
[15.146s] -- Up-to-date: /home/cav-06/KAIST_Mobility_Challenge_Hardware/ros2_ws/install/p3_cpp/share/p3_cpp/tool/waypoint/51_46.csv
[15.146s] -- Up-to-date: /home/cav-06/KAIST_Mobility_Challenge_Hardware/ros2_ws/install/p3_cpp/share/p3_cpp/tool/waypoint/27_31.csv
[15.147s] -- Up-to-date: /home/cav-06/KAIST_Mobility_Challenge_Hardware/ros2_ws/install/p3_cpp/share/p3_cpp/tool/waypoint/56_52.csv
[15.147s] -- Up-to-date: /home/cav-06/KAIST_Mobility_Challenge_Hardware/ros2_ws/install/p3_cpp/share/p3_cpp/tool/waypoint/19_22.csv
[15.147s] -- Up-to-date: /home/cav-06/KAIST_Mobility_Challenge_Hardware/ros2_ws/install/p3_cpp/share/p3_cpp/tool/waypoint/63_34.csv
[15.147s] -- Up-to-date: /home/cav-06/KAIST_Mobility_Challenge_Hardware/ros2_ws/install/p3_cpp/share/p3_cpp/tool/waypoint/58_19.csv
[15.147s] -- Up-to-date: /home/cav-06/KAIST_Mobility_Challenge_Hardware/ros2_ws/install/p3_cpp/share/p3_cpp/tool/waypoint/62_38.csv
[15.147s] -- Up-to-date: /home/cav-06/KAIST_Mobility_Challenge_Hardware/ros2_ws/install/p3_cpp/share/p3_cpp/tool/waypoint/28_32.csv
[15.147s] -- Up-to-date: /home/cav-06/KAIST_Mobility_Challenge_Hardware/ros2_ws/install/p3_cpp/share/p3_cpp/tool/waypoint/59_18.csv
[15.147s] -- Up-to-date: /home/cav-06/KAIST_Mobility_Challenge_Hardware/ros2_ws/install/p3_cpp/share/p3_cpp/tool/waypoint/38_41.csv
[15.148s] -- Up-to-date: /home/cav-06/KAIST_Mobility_Challenge_Hardware/ros2_ws/install/p3_cpp/share/p3_cpp/tool/waypoint/31_1.csv
[15.148s] -- Up-to-date: /home/cav-06/KAIST_Mobility_Challenge_Hardware/ros2_ws/install/p3_cpp/share/p3_cpp/tool/waypoint/22_50.csv
[15.148s] -- Up-to-date: /home/cav-06/KAIST_Mobility_Challenge_Hardware/ros2_ws/install/p3_cpp/share/p3_cpp/tool/waypoint/61_47.csv
[15.148s] -- Up-to-date: /home/cav-06/KAIST_Mobility_Challenge_Hardware/ros2_ws/install/p3_cpp/share/p3_cpp/tool/waypoint/60_52.csv
[15.148s] -- Up-to-date: /home/cav-06/KAIST_Mobility_Challenge_Hardware/ros2_ws/install/p3_cpp/share/p3_cpp/tool/waypoint/24_27.csv
[15.148s] -- Up-to-date: /home/cav-06/KAIST_Mobility_Challenge_Hardware/ros2_ws/install/p3_cpp/share/p3_cpp/tool/waypoint/3_33.csv
[15.148s] -- Up-to-date: /home/cav-06/KAIST_Mobility_Challenge_Hardware/ros2_ws/install/p3_cpp/share/p3_cpp/tool/waypoint/12_15.csv
[15.149s] -- Up-to-date: /home/cav-06/KAIST_Mobility_Challenge_Hardware/ros2_ws/install/p3_cpp/share/p3_cpp/tool/waypoint/53_25.csv
[15.149s] -- Up-to-date: /home/cav-06/KAIST_Mobility_Challenge_Hardware/ros2_ws/install/p3_cpp/share/p3_cpp/tool/waypoint/3_6.csv
[15.149s] -- Up-to-date: /home/cav-06/KAIST_Mobility_Challenge_Hardware/ros2_ws/install/p3_cpp/share/p3_cpp/tool/waypoint/44_63.csv
[15.149s] -- Up-to-date: /home/cav-06/KAIST_Mobility_Challenge_Hardware/ros2_ws/install/p3_cpp/share/p3_cpp/tool/waypoint/32_5.csv
[15.149s] -- Up-to-date: /home/cav-06/KAIST_Mobility_Challenge_Hardware/ros2_ws/install/p3_cpp/share/p3_cpp/tool/waypoint/48_53.csv
[15.149s] -- Up-to-date: /home/cav-06/KAIST_Mobility_Challenge_Hardware/ros2_ws/install/p3_cpp/share/p3_cpp/tool/waypoint/37_39.csv
[15.150s] -- Up-to-date: /home/cav-06/KAIST_Mobility_Challenge_Hardware/ros2_ws/install/p3_cpp/share/p3_cpp/tool/waypoint/4_7.csv
[15.150s] -- Up-to-date: /home/cav-06/KAIST_Mobility_Challenge_Hardware/ros2_ws/install/p3_cpp/share/p3_cpp/tool/waypoint/38_49.csv
[15.150s] -- Up-to-date: /home/cav-06/KAIST_Mobility_Challenge_Hardware/ros2_ws/install/p3_cpp/share/p3_cpp/tool/waypoint/50_48.csv
[15.150s] -- Up-to-date: /home/cav-06/KAIST_Mobility_Challenge_Hardware/ros2_ws/install/p3_cpp/share/p3_cpp/tool/waypoint/57_47.csv
[15.150s] -- Up-to-date: /home/cav-06/KAIST_Mobility_Challenge_Hardware/ros2_ws/install/p3_cpp/share/p3_cpp/tool/waypoint/51_55.csv
[15.150s] -- Up-to-date: /home/cav-06/KAIST_Mobility_Challenge_Hardware/ros2_ws/install/p3_cpp/share/p3_cpp/tool/waypoint/35_28.csv
[15.150s] -- Up-to-date: /home/cav-06/KAIST_Mobility_Challenge_Hardware/ros2_ws/install/p3_cpp/share/p3_cpp/tool/waypoint/8_11.csv
[15.150s] -- Up-to-date: /home/cav-06/KAIST_Mobility_Challenge_Hardware/ros2_ws/install/p3_cpp/share/p3_cpp/tool/waypoint/49_59.csv
[15.151s] -- Up-to-date: /home/cav-06/KAIST_Mobility_Challenge_Hardware/ros2_ws/install/p3_cpp/share/p3_cpp/tool/waypoint/1_3.csv
[15.151s] -- Up-to-date: /home/cav-06/KAIST_Mobility_Challenge_Hardware/ros2_ws/install/p3_cpp/share/p3_cpp/tool/waypoint/26_29.csv
[15.151s] -- Up-to-date: /home/cav-06/KAIST_Mobility_Challenge_Hardware/ros2_ws/install/p3_cpp/share/p3_cpp/tool/waypoint/21_51.csv
[15.151s] -- Up-to-date: /home/cav-06/KAIST_Mobility_Challenge_Hardware/ros2_ws/install/p3_cpp/share/p3_cpp/tool/waypoint/36_38.csv
[15.151s] -- Up-to-date: /home/cav-06/KAIST_Mobility_Challenge_Hardware/ros2_ws/install/p3_cpp/share/p3_cpp/tool/waypoint/3_7.csv
[15.151s] -- Up-to-date: /home/cav-06/KAIST_Mobility_Challenge_Hardware/ros2_ws/install/p3_cpp/share/p3_cpp/tool/waypoint/30_1.csv
[15.151s] -- Up-to-date: /home/cav-06/KAIST_Mobility_Challenge_Hardware/ros2_ws/install/p3_cpp/share/p3_cpp/tool/waypoint/15_18.csv
[15.152s] -- Up-to-date: /home/cav-06/KAIST_Mobility_Challenge_Hardware/ros2_ws/install/p3_cpp/share/p3_cpp/tool/waypoint/10_13.csv
[15.152s] -- Up-to-date: /home/cav-06/KAIST_Mobility_Challenge_Hardware/ros2_ws/install/p3_cpp/share/p3_cpp/tool/waypoint/52_24.csv
[15.152s] -- Up-to-date: /home/cav-06/KAIST_Mobility_Challenge_Hardware/ros2_ws/install/p3_cpp/share/p3_cpp/tool/waypoint/39_49.csv
[15.152s] -- Up-to-date: /home/cav-06/KAIST_Mobility_Challenge_Hardware/ros2_ws/install/p3_cpp/share/p3_cpp/tool/waypoint/40_63.csv
[15.152s] -- Up-to-date: /home/cav-06/KAIST_Mobility_Challenge_Hardware/ros2_ws/install/p3_cpp/share/p3_cpp/tool/waypoint/20_23.csv
[15.152s] -- Up-to-date: /home/cav-06/KAIST_Mobility_Challenge_Hardware/ros2_ws/install/p3_cpp/share/p3_cpp/tool/waypoint/21_24.csv
[15.152s] -- Up-to-date: /home/cav-06/KAIST_Mobility_Challenge_Hardware/ros2_ws/install/p3_cpp/share/p3_cpp/tool/waypoint/7_10.csv
[15.153s] -- Up-to-date: /home/cav-06/KAIST_Mobility_Challenge_Hardware/ros2_ws/install/p3_cpp/share/p3_cpp/tool/waypoint/41_62.csv
[15.153s] -- Up-to-date: /home/cav-06/KAIST_Mobility_Challenge_Hardware/ros2_ws/install/p3_cpp/share/p3_cpp/tool/waypoint/57_53.csv
[15.153s] -- Up-to-date: /home/cav-06/KAIST_Mobility_Challenge_Hardware/ros2_ws/install/p3_cpp/share/p3_cpp/tool/waypoint/48_58.csv
[15.153s] -- Up-to-date: /home/cav-06/KAIST_Mobility_Challenge_Hardware/ros2_ws/install/p3_cpp/share/p3_cpp/tool/waypoint/46_41.csv
[15.153s] -- Up-to-date: /home/cav-06/KAIST_Mobility_Challenge_Hardware/ros2_ws/install/p3_cpp/share/p3_cpp/tool/waypoint/54_11.csv
[15.154s] -- Up-to-date: /home/cav-06/KAIST_Mobility_Challenge_Hardware/ros2_ws/install/p3_cpp/share/p3_cpp/tool/waypoint/33_31.csv
[15.154s] -- Up-to-date: /home/cav-06/KAIST_Mobility_Challenge_Hardware/ros2_ws/install/p3_cpp/share/p3_cpp/tool/waypoint/11_16.csv
[15.154s] -- Up-to-date: /home/cav-06/KAIST_Mobility_Challenge_Hardware/ros2_ws/install/p3_cpp/share/p3_cpp/tool/waypoint/7_9.csv
[15.154s] -- Up-to-date: /home/cav-06/KAIST_Mobility_Challenge_Hardware/ros2_ws/install/p3_cpp/share/p3_cpp/tool/waypoint/40_43.csv
[15.154s] -- Up-to-date: /home/cav-06/KAIST_Mobility_Challenge_Hardware/ros2_ws/install/p3_cpp/share/p3_cpp/tool/waypoint/23_26.csv
[15.154s] -- Up-to-date: /home/cav-06/KAIST_Mobility_Challenge_Hardware/ros2_ws/install/p3_cpp/share/p3_cpp/tool/waypoint/55_12.csv
[15.154s] -- Up-to-date: /home/cav-06/KAIST_Mobility_Challenge_Hardware/ros2_ws/install/p3_cpp/share/p3_cpp/tool/waypoint/15_60.csv
[15.155s] -- Up-to-date: /home/cav-06/KAIST_Mobility_Challenge_Hardware/ros2_ws/install/p3_cpp/share/p3_cpp/tool/waypoint/9_12.csv
[15.155s] -- Up-to-date: /home/cav-06/KAIST_Mobility_Challenge_Hardware/ros2_ws/install/p3_cpp/share/p3_cpp/tool/waypoint/14_17.csv
[15.155s] -- Up-to-date: /home/cav-06/KAIST_Mobility_Challenge_Hardware/ros2_ws/install/p3_cpp/share/p3_cpp/tool/waypoint/61_54.csv
[15.155s] -- Up-to-date: /home/cav-06/KAIST_Mobility_Challenge_Hardware/ros2_ws/install/p3_cpp/share/p3_cpp/tool/waypoint/9_56.csv
[15.155s] -- Up-to-date: /home/cav-06/KAIST_Mobility_Challenge_Hardware/ros2_ws/install/p3_cpp/share/p3_cpp/tool/waypoint/45_62.csv
[15.155s] -- Up-to-date: /home/cav-06/KAIST_Mobility_Challenge_Hardware/ros2_ws/install/p3_cpp/share/p3_cpp/tool/waypoint/34_27.csv
[15.155s] -- Up-to-date: /home/cav-06/KAIST_Mobility_Challenge_Hardware/ros2_ws/install/p3_cpp/share/p3_cpp/tool/waypoint/17_20.csv
[15.155s] -- Up-to-date: /home/cav-06/KAIST_Mobility_Challenge_Hardware/ros2_ws/install/p3_cpp/share/p3_cpp/tool/cav04p3.csv
[15.156s] -- Up-to-date: /home/cav-06/KAIST_Mobility_Challenge_Hardware/ros2_ws/install/p3_cpp/share/p3_cpp/tool/p1_1.csv
[15.156s] -- Up-to-date: /home/cav-06/KAIST_Mobility_Challenge_Hardware/ros2_ws/install/p3_cpp/share/p3_cpp/tool/path_generator.py
[15.156s] -- Up-to-date: /home/cav-06/KAIST_Mobility_Challenge_Hardware/ros2_ws/install/p3_cpp/share/p3_cpp/config
[15.156s] -- Up-to-date: /home/cav-06/KAIST_Mobility_Challenge_Hardware/ros2_ws/install/p3_cpp/share/p3_cpp/config/bridge_04.yaml
[15.156s] -- Up-to-date: /home/cav-06/KAIST_Mobility_Challenge_Hardware/ros2_ws/install/p3_cpp/share/p3_cpp/config/bridge_07.yaml
[15.156s] -- Up-to-date: /home/cav-06/KAIST_Mobility_Challenge_Hardware/ros2_ws/install/p3_cpp/share/p3_cpp/config/bridge_06.yaml
[15.156s] -- Up-to-date: /home/cav-06/KAIST_Mobility_Challenge_Hardware/ros2_ws/install/p3_cpp/share/p3_cpp/config/bridge_01.yaml
[15.157s] -- Up-to-date: /home/cav-06/KAIST_Mobility_Challenge_Hardware/ros2_ws/install/p3_cpp/share/ament_index/resource_index/package_run_dependencies/p3_cpp
[15.157s] -- Up-to-date: /home/cav-06/KAIST_Mobility_Challenge_Hardware/ros2_ws/install/p3_cpp/share/ament_index/resource_index/parent_prefix_path/p3_cpp
[15.157s] -- Up-to-date: /home/cav-06/KAIST_Mobility_Challenge_Hardware/ros2_ws/install/p3_cpp/share/p3_cpp/environment/ament_prefix_path.sh
[15.157s] -- Up-to-date: /home/cav-06/KAIST_Mobility_Challenge_Hardware/ros2_ws/install/p3_cpp/share/p3_cpp/environment/ament_prefix_path.dsv
[15.158s] -- Up-to-date: /home/cav-06/KAIST_Mobility_Challenge_Hardware/ros2_ws/install/p3_cpp/share/p3_cpp/environment/path.sh
[15.158s] -- Up-to-date: /home/cav-06/KAIST_Mobility_Challenge_Hardware/ros2_ws/install/p3_cpp/share/p3_cpp/environment/path.dsv
[15.158s] -- Up-to-date: /home/cav-06/KAIST_Mobility_Challenge_Hardware/ros2_ws/install/p3_cpp/share/p3_cpp/local_setup.bash
[15.158s] -- Up-to-date: /home/cav-06/KAIST_Mobility_Challenge_Hardware/ros2_ws/install/p3_cpp/share/p3_cpp/local_setup.sh
[15.158s] -- Up-to-date: /home/cav-06/KAIST_Mobility_Challenge_Hardware/ros2_ws/install/p3_cpp/share/p3_cpp/local_setup.zsh
[15.158s] -- Up-to-date: /home/cav-06/KAIST_Mobility_Challenge_Hardware/ros2_ws/install/p3_cpp/share/p3_cpp/local_setup.dsv
[15.158s] -- Installing: /home/cav-06/KAIST_Mobility_Challenge_Hardware/ros2_ws/install/p3_cpp/share/p3_cpp/package.dsv
[15.159s] -- Up-to-date: /home/cav-06/KAIST_Mobility_Challenge_Hardware/ros2_ws/install/p3_cpp/share/ament_index/resource_index/packages/p3_cpp
[15.159s] -- Up-to-date: /home/cav-06/KAIST_Mobility_Challenge_Hardware/ros2_ws/install/p3_cpp/share/p3_cpp/cmake/p3_cppConfig.cmake
[15.159s] -- Up-to-date: /home/cav-06/KAIST_Mobility_Challenge_Hardware/ros2_ws/install/p3_cpp/share/p3_cpp/cmake/p3_cppConfig-version.cmake
[15.159s] -- Up-to-date: /home/cav-06/KAIST_Mobility_Challenge_Hardware/ros2_ws/install/p3_cpp/share/p3_cpp/package.xml
[15.159s] Invoked command in '/home/cav-06/KAIST_Mobility_Challenge_Hardware/ros2_ws/build/p3_cpp' returned '0': CMAKE_PREFIX_PATH=/opt/ros/foxy /usr/bin/cmake --install /home/cav-06/KAIST_Mobility_Challenge_Hardware/ros2_ws/build/p3_cpp
