-- The C compiler identification is GNU 9.4.0
-- The CXX compiler identification is GNU 9.4.0
-- Check for working C compiler: /usr/bin/cc
-- Check for working C compiler: /usr/bin/cc -- works
-- Detecting C compiler ABI info
-- Detecting C compiler ABI info - done
-- Detecting C compile features
-- Detecting C compile features - done
-- Check for working CXX compiler: /usr/bin/c++
-- Check for working CXX compiler: /usr/bin/c++ -- works
-- Detecting CXX compiler ABI info
-- Detecting CXX compiler ABI info - done
-- Detecting CXX compile features
-- Detecting CXX compile features - done
-- Found ament_cmake: 0.9.12 (/opt/ros/foxy/share/ament_cmake/cmake)
-- Found PythonInterp: /usr/bin/python3 (found suitable version "3.8.10", minimum required is "3") 
-- Using PYTHON_EXECUTABLE: /usr/bin/python3
-- Override CMake install command with custom implementation using symlinks instead of copying resources
-- Found rcl: 1.1.14 (/opt/ros/foxy/share/rcl/cmake)
-- Using all available rosidl_typesupport_c: rosidl_typesupport_fastrtps_c;rosidl_typesupport_introspection_c
-- Found rosidl_adapter: 1.3.1 (/opt/ros/foxy/share/rosidl_adapter/cmake)
-- Found OpenSSL: /usr/lib/x86_64-linux-gnu/libcrypto.so (found version "1.1.1f")  
-- Found FastRTPS: /opt/ros/foxy/include  
-- Using all available rosidl_typesupport_cpp: rosidl_typesupport_fastrtps_cpp;rosidl_typesupport_introspection_cpp
-- Found rmw_implementation_cmake: 1.0.4 (/opt/ros/foxy/share/rmw_implementation_cmake/cmake)
-- Using RMW implementation 'rmw_fastrtps_cpp' as default
-- Looking for pthread.h
-- Looking for pthread.h - found
-- Performing Test CMAKE_HAVE_LIBC_PTHREAD
-- Performing Test CMAKE_HAVE_LIBC_PTHREAD - Failed
-- Looking for pthread_create in pthreads
-- Looking for pthread_create in pthreads - not found
-- Looking for pthread_create in pthread
-- Looking for pthread_create in pthread - found
-- Found Threads: TRUE  
-- Found rclcpp: 2.4.3 (/opt/ros/foxy/share/rclcpp/cmake)
-- Found rosbag2_cpp: 0.3.11 (/opt/ros/foxy/share/rosbag2_cpp/cmake)
-- Setting yaml-cpp_DIR to: '/opt/ros/foxy/share/yaml_cpp_vendor/cmake/../../../opt/yaml_cpp_vendor/lib/cmake/yaml-cpp'
-- Found rosidl_default_generators: 1.0.1 (/opt/ros/foxy/share/rosidl_default_generators/cmake)
-- Found zstd_vendor: 0.3.11 (/opt/ros/foxy/share/zstd_vendor/cmake)
-- Found zstd: /opt/ros/foxy/lib/libzstd.so  
-- Found PythonInterp: /usr/bin/python3 (found version "3.8.10") 
-- Found ament_cmake_ros: 0.9.2 (/opt/ros/foxy/share/ament_cmake_ros/cmake)
-- Using all available rosidl_typesupport_c: rosidl_typesupport_fastrtps_c;rosidl_typesupport_introspection_c
-- Using all available rosidl_typesupport_cpp: rosidl_typesupport_fastrtps_cpp;rosidl_typesupport_introspection_cpp
-- Found PythonInterp: /usr/bin/python3 (found suitable version "3.8.10", minimum required is "3.5") 
-- Found python_cmake_module: 0.8.1 (/opt/ros/foxy/share/python_cmake_module/cmake)
-- Found PythonLibs: /usr/lib/x86_64-linux-gnu/libpython3.8.so (found suitable version "3.8.10", minimum required is "3.5") 
-- Using PYTHON_EXECUTABLE: /usr/bin/python3
-- Using PYTHON_INCLUDE_DIRS: /usr/include/python3.8
-- Using PYTHON_LIBRARIES: /usr/lib/x86_64-linux-gnu/libpython3.8.so
-- Found PythonExtra: .so  
-- Found ament_lint_auto: 0.9.8 (/opt/ros/foxy/share/ament_lint_auto/cmake)
-- Using PYTHON_EXECUTABLE: /usr/bin/python3
-- Using PYTHON_INCLUDE_DIRS: /usr/include/python3.8
-- Using PYTHON_LIBRARIES: /usr/lib/x86_64-linux-gnu/libpython3.8.so
-- Found gmock sources under '/opt/ros/foxy/src/gmock_vendor': C++ tests using 'Google Mock' will be built
-- Found gtest sources under '/opt/ros/foxy/src/gtest_vendor': C++ tests using 'Google Test' will be built
-- Added test 'copyright' to check source files copyright and LICENSE
-- Added test 'cppcheck' to perform static code analysis on C / C++ code
-- Configured cppcheck include dirs: $<BUILD_INTERFACE:/home/chan/KAIST_Mobility_Challenge_Hardware/ros2_ws/src/domain_bridge/include>
-- Configured cppcheck exclude dirs and/or files: 
-- Added test 'cpplint' to check C / C++ code against the Google style
-- Configured cpplint exclude dirs and/or files: 
-- Added test 'flake8' to check Python code syntax and style conventions
-- Added test 'lint_cmake' to check CMake code style
-- Added test 'pep257' to check Python code against some of the style conventions in PEP 257
-- Added test 'uncrustify' to check C / C++ code style
-- Configured uncrustify additional arguments: 
-- Added test 'xmllint' to check XML markup files
-- Configuring done
-- Generating done
-- Build files have been written to: /home/chan/KAIST_Mobility_Challenge_Hardware/build/domain_bridge
[  1%] [34m[1mGenerating C code for ROS interfaces[0m
[35m[1mScanning dependencies of target domain_bridge__cpp[0m
[35m[1mScanning dependencies of target gmock[0m
[35m[1mScanning dependencies of target gmock_main[0m
[  3%] [34m[1mGenerating C++ code for ROS interfaces[0m
[  5%] [32mBuilding CXX object gmock/CMakeFiles/gmock_main.dir/src/gmock_main.cc.o[0m
[  8%] [32mBuilding CXX object gmock/CMakeFiles/gmock.dir/opt/ros/foxy/src/gtest_vendor/src/gtest-all.cc.o[0m
[  8%] [32mBuilding CXX object gmock/CMakeFiles/gmock.dir/src/gmock-all.cc.o[0m
[  8%] Built target domain_bridge__cpp
[35m[1mScanning dependencies of target domain_bridge__rosidl_generator_c[0m
[ 10%] [34m[1mGenerating C++ type support dispatch for ROS interfaces[0m
[ 11%] [34m[1mGenerating C++ introspection for ROS interfaces[0m
[ 13%] [34m[1mGenerating C++ type support for eProsima Fast-RTPS[0m
[ 15%] [32mBuilding C object CMakeFiles/domain_bridge__rosidl_generator_c.dir/rosidl_generator_c/domain_bridge/msg/detail/compressed_msg__functions.c.o[0m
[ 16%] [32m[1mLinking C shared library libdomain_bridge__rosidl_generator_c.so[0m
[35m[1mScanning dependencies of target domain_bridge__rosidl_typesupport_cpp[0m
[35m[1mScanning dependencies of target domain_bridge__rosidl_typesupport_fastrtps_cpp[0m
[ 18%] [32mBuilding CXX object CMakeFiles/domain_bridge__rosidl_typesupport_cpp.dir/rosidl_typesupport_cpp/domain_bridge/msg/compressed_msg__type_support.cpp.o[0m
[ 20%] [32mBuilding CXX object CMakeFiles/domain_bridge__rosidl_typesupport_fastrtps_cpp.dir/rosidl_typesupport_fastrtps_cpp/domain_bridge/msg/detail/dds_fastrtps/compressed_msg__type_support.cpp.o[0m
[35m[1mScanning dependencies of target domain_bridge__rosidl_typesupport_introspection_cpp[0m
[ 22%] [32mBuilding CXX object CMakeFiles/domain_bridge__rosidl_typesupport_introspection_cpp.dir/rosidl_typesupport_introspection_cpp/domain_bridge/msg/detail/compressed_msg__type_support.cpp.o[0m
[ 22%] Built target domain_bridge__rosidl_generator_c
[ 23%] [34m[1mGenerating C introspection for ROS interfaces[0m
[ 25%] [34m[1mGenerating C type support dispatch for ROS interfaces[0m
[ 27%] [32m[1mLinking CXX shared library libdomain_bridge__rosidl_typesupport_cpp.so[0m
[ 28%] [32m[1mLinking CXX shared library libdomain_bridge__rosidl_typesupport_introspection_cpp.so[0m
[35m[1mScanning dependencies of target domain_bridge__rosidl_typesupport_c[0m
[ 30%] [32mBuilding CXX object CMakeFiles/domain_bridge__rosidl_typesupport_c.dir/rosidl_typesupport_c/domain_bridge/msg/compressed_msg__type_support.cpp.o[0m
[35m[1mScanning dependencies of target domain_bridge__rosidl_typesupport_introspection_c[0m
[ 32%] [32m[1mLinking CXX shared library libdomain_bridge__rosidl_typesupport_c.so[0m
[ 33%] [32mBuilding C object CMakeFiles/domain_bridge__rosidl_typesupport_introspection_c.dir/rosidl_typesupport_introspection_c/domain_bridge/msg/detail/compressed_msg__type_support.c.o[0m
[ 35%] [32m[1mLinking CXX shared library libdomain_bridge__rosidl_typesupport_fastrtps_cpp.so[0m
[ 37%] [32m[1mLinking C shared library libdomain_bridge__rosidl_typesupport_introspection_c.so[0m
[ 37%] Built target domain_bridge__rosidl_typesupport_cpp
[ 37%] Built target domain_bridge__rosidl_typesupport_introspection_cpp
[ 37%] Built target domain_bridge__rosidl_typesupport_introspection_c
[ 37%] Built target domain_bridge__rosidl_typesupport_c
[ 37%] Built target domain_bridge__rosidl_typesupport_fastrtps_cpp
[ 38%] [34m[1mGenerating C type support for eProsima Fast-RTPS[0m
[35m[1mScanning dependencies of target domain_bridge__rosidl_typesupport_fastrtps_c[0m
[ 40%] [32mBuilding CXX object CMakeFiles/domain_bridge__rosidl_typesupport_fastrtps_c.dir/rosidl_typesupport_fastrtps_c/domain_bridge/msg/detail/compressed_msg__type_support_c.cpp.o[0m
[ 42%] [32m[1mLinking CXX static library libgmock_main.a[0m
[ 42%] Built target gmock_main
[ 44%] [32m[1mLinking CXX shared library libdomain_bridge__rosidl_typesupport_fastrtps_c.so[0m
[ 44%] Built target domain_bridge__rosidl_typesupport_fastrtps_c
[35m[1mScanning dependencies of target domain_bridge[0m
[ 44%] Built target domain_bridge
[35m[1mScanning dependencies of target domain_bridge_lib[0m
[35m[1mScanning dependencies of target domain_bridge__py[0m
[ 45%] [34m[1mGenerating Python code for ROS interfaces[0m
[ 47%] [32mBuilding CXX object CMakeFiles/domain_bridge_lib.dir/src/domain_bridge/compress_messages.cpp.o[0m
[ 49%] [32mBuilding CXX object CMakeFiles/domain_bridge_lib.dir/src/domain_bridge/generic_publisher.cpp.o[0m
[ 50%] [32mBuilding CXX object CMakeFiles/domain_bridge_lib.dir/src/domain_bridge/generic_subscription.cpp.o[0m
[ 54%] [32mBuilding CXX object CMakeFiles/domain_bridge_lib.dir/src/domain_bridge/domain_bridge_options.cpp.o[0m
[ 54%] [32mBuilding CXX object CMakeFiles/domain_bridge_lib.dir/src/domain_bridge/domain_bridge.cpp.o[0m
[ 55%] [32mBuilding CXX object CMakeFiles/domain_bridge_lib.dir/src/domain_bridge/parse_domain_bridge_yaml_config.cpp.o[0m
[ 57%] [32mBuilding CXX object CMakeFiles/domain_bridge_lib.dir/src/domain_bridge/service_bridge_options.cpp.o[0m
[ 59%] [32mBuilding CXX object CMakeFiles/domain_bridge_lib.dir/src/domain_bridge/topic_bridge_options.cpp.o[0m
[ 61%] [32mBuilding CXX object CMakeFiles/domain_bridge_lib.dir/src/domain_bridge/qos_options.cpp.o[0m
[ 62%] [32mBuilding CXX object CMakeFiles/domain_bridge_lib.dir/src/domain_bridge/utils.cpp.o[0m
[ 62%] Built target domain_bridge__py
[35m[1mScanning dependencies of target domain_bridge__python[0m
[ 64%] [32mBuilding C object CMakeFiles/domain_bridge__python.dir/rosidl_generator_py/domain_bridge/msg/_compressed_msg_s.c.o[0m
[ 66%] [32m[1mLinking C shared library rosidl_generator_py/domain_bridge/libdomain_bridge__python.so[0m
[ 66%] Built target domain_bridge__python
[35m[1mScanning dependencies of target domain_bridge__rosidl_typesupport_introspection_c__pyext[0m
[35m[1mScanning dependencies of target domain_bridge__rosidl_typesupport_c__pyext[0m
[35m[1mScanning dependencies of target domain_bridge__rosidl_typesupport_fastrtps_c__pyext[0m
[ 67%] [32mBuilding C object CMakeFiles/domain_bridge__rosidl_typesupport_introspection_c__pyext.dir/rosidl_generator_py/domain_bridge/_domain_bridge_s.ep.rosidl_typesupport_introspection_c.c.o[0m
[ 69%] [32mBuilding C object CMakeFiles/domain_bridge__rosidl_typesupport_c__pyext.dir/rosidl_generator_py/domain_bridge/_domain_bridge_s.ep.rosidl_typesupport_c.c.o[0m
[ 71%] [32mBuilding C object CMakeFiles/domain_bridge__rosidl_typesupport_fastrtps_c__pyext.dir/rosidl_generator_py/domain_bridge/_domain_bridge_s.ep.rosidl_typesupport_fastrtps_c.c.o[0m
[ 72%] [32m[1mLinking CXX shared library rosidl_generator_py/domain_bridge/domain_bridge_s__rosidl_typesupport_fastrtps_c.cpython-38-x86_64-linux-gnu.so[0m
[ 74%] [32m[1mLinking C shared library rosidl_generator_py/domain_bridge/domain_bridge_s__rosidl_typesupport_introspection_c.cpython-38-x86_64-linux-gnu.so[0m
[ 76%] [32m[1mLinking C shared library rosidl_generator_py/domain_bridge/domain_bridge_s__rosidl_typesupport_c.cpython-38-x86_64-linux-gnu.so[0m
[ 76%] Built target domain_bridge__rosidl_typesupport_introspection_c__pyext
[ 76%] Built target domain_bridge__rosidl_typesupport_fastrtps_c__pyext
[ 76%] Built target domain_bridge__rosidl_typesupport_c__pyext
[ 77%] [32m[1mLinking CXX static library libgmock.a[0m
[ 77%] Built target gmock
[ 79%] [32m[1mLinking CXX shared library libdomain_bridge.so[0m
[ 79%] Built target domain_bridge_lib
[35m[1mScanning dependencies of target domain_bridge_exec[0m
[35m[1mScanning dependencies of target test_qos_matching__rmw_fastrtps_cpp[0m
[35m[1mScanning dependencies of target test_parse_domain_bridge_yaml_config[0m
[35m[1mScanning dependencies of target test_domain_bridge_end_to_end__rmw_fastrtps_cpp[0m
[35m[1mScanning dependencies of target test_domain_bridge_services__rmw_fastrtps_cpp[0m
[35m[1mScanning dependencies of target test_domain_bridge[0m
[ 81%] [32mBuilding CXX object test/CMakeFiles/test_parse_domain_bridge_yaml_config.dir/domain_bridge/test_parse_domain_bridge_yaml_config.cpp.o[0m
[ 83%] [32mBuilding CXX object CMakeFiles/domain_bridge_exec.dir/src/domain_bridge.cpp.o[0m
[ 84%] [32mBuilding CXX object test/CMakeFiles/test_domain_bridge.dir/domain_bridge/test_domain_bridge.cpp.o[0m
[ 86%] [32mBuilding CXX object test/CMakeFiles/test_domain_bridge_end_to_end__rmw_fastrtps_cpp.dir/domain_bridge/test_domain_bridge_end_to_end.cpp.o[0m
[ 88%] [32mBuilding CXX object test/CMakeFiles/test_domain_bridge_services__rmw_fastrtps_cpp.dir/domain_bridge/test_domain_bridge_services.cpp.o[0m
[ 89%] [32mBuilding CXX object test/CMakeFiles/test_qos_matching__rmw_fastrtps_cpp.dir/domain_bridge/test_qos_matching.cpp.o[0m
[ 91%] [32m[1mLinking CXX executable domain_bridge[0m
[ 91%] Built target domain_bridge_exec
[ 93%] [32m[1mLinking CXX executable test_parse_domain_bridge_yaml_config[0m
[ 93%] Built target test_parse_domain_bridge_yaml_config
[ 94%] [32m[1mLinking CXX executable test_domain_bridge[0m
[ 94%] Built target test_domain_bridge
[ 96%] [32m[1mLinking CXX executable test_domain_bridge_services__rmw_fastrtps_cpp[0m
[ 98%] [32m[1mLinking CXX executable test_qos_matching__rmw_fastrtps_cpp[0m
[ 98%] Built target test_domain_bridge_services__rmw_fastrtps_cpp
[ 98%] Built target test_qos_matching__rmw_fastrtps_cpp
[100%] [32m[1mLinking CXX executable test_domain_bridge_end_to_end__rmw_fastrtps_cpp[0m
[100%] Built target test_domain_bridge_end_to_end__rmw_fastrtps_cpp
-- Install configuration: ""
-- Execute custom install script
-- Symlinking: /home/chan/KAIST_Mobility_Challenge_Hardware/install/domain_bridge/share/ament_index/resource_index/rosidl_interfaces/domain_bridge
-- Symlinking: /home/chan/KAIST_Mobility_Challenge_Hardware/install/domain_bridge/include/domain_bridge/msg/compressed_msg.h
-- Symlinking: /home/chan/KAIST_Mobility_Challenge_Hardware/install/domain_bridge/include/domain_bridge/msg/detail/compressed_msg__functions.h
-- Symlinking: /home/chan/KAIST_Mobility_Challenge_Hardware/install/domain_bridge/include/domain_bridge/msg/detail/compressed_msg__struct.h
-- Symlinking: /home/chan/KAIST_Mobility_Challenge_Hardware/install/domain_bridge/include/domain_bridge/msg/detail/compressed_msg__type_support.h
-- Symlinking: /home/chan/KAIST_Mobility_Challenge_Hardware/install/domain_bridge/include/domain_bridge/msg/rosidl_generator_c__visibility_control.h
-- Symlinking: /home/chan/KAIST_Mobility_Challenge_Hardware/install/domain_bridge/share/domain_bridge/environment/library_path.sh
-- Symlinking: /home/chan/KAIST_Mobility_Challenge_Hardware/install/domain_bridge/share/domain_bridge/environment/library_path.dsv
-- Symlinking: /home/chan/KAIST_Mobility_Challenge_Hardware/install/domain_bridge/include/domain_bridge/msg/detail/compressed_msg__rosidl_typesupport_fastrtps_c.h
-- Symlinking: /home/chan/KAIST_Mobility_Challenge_Hardware/install/domain_bridge/include/domain_bridge/msg/rosidl_typesupport_fastrtps_c__visibility_control.h
-- Symlinking: /home/chan/KAIST_Mobility_Challenge_Hardware/install/domain_bridge/lib/libdomain_bridge__rosidl_typesupport_fastrtps_c.so
-- Symlinking: /home/chan/KAIST_Mobility_Challenge_Hardware/install/domain_bridge/include/domain_bridge/msg/detail/compressed_msg__rosidl_typesupport_fastrtps_cpp.hpp
-- Symlinking: /home/chan/KAIST_Mobility_Challenge_Hardware/install/domain_bridge/include/domain_bridge/msg/rosidl_typesupport_fastrtps_cpp__visibility_control.h
-- Symlinking: /home/chan/KAIST_Mobility_Challenge_Hardware/install/domain_bridge/lib/libdomain_bridge__rosidl_typesupport_fastrtps_cpp.so
-- Symlinking: /home/chan/KAIST_Mobility_Challenge_Hardware/install/domain_bridge/include/domain_bridge/msg/detail/compressed_msg__rosidl_typesupport_introspection_c.h
-- Symlinking: /home/chan/KAIST_Mobility_Challenge_Hardware/install/domain_bridge/include/domain_bridge/msg/rosidl_typesupport_introspection_c__visibility_control.h
-- Symlinking: /home/chan/KAIST_Mobility_Challenge_Hardware/install/domain_bridge/include/domain_bridge/msg/compressed_msg.hpp
-- Symlinking: /home/chan/KAIST_Mobility_Challenge_Hardware/install/domain_bridge/include/domain_bridge/msg/detail/compressed_msg__builder.hpp
-- Symlinking: /home/chan/KAIST_Mobility_Challenge_Hardware/install/domain_bridge/include/domain_bridge/msg/detail/compressed_msg__struct.hpp
-- Symlinking: /home/chan/KAIST_Mobility_Challenge_Hardware/install/domain_bridge/include/domain_bridge/msg/detail/compressed_msg__traits.hpp
-- Symlinking: /home/chan/KAIST_Mobility_Challenge_Hardware/install/domain_bridge/include/domain_bridge/msg/detail/compressed_msg__type_support.hpp
-- Symlinking: /home/chan/KAIST_Mobility_Challenge_Hardware/install/domain_bridge/include/domain_bridge/msg/rosidl_generator_cpp__visibility_control.hpp
-- Symlinking: /home/chan/KAIST_Mobility_Challenge_Hardware/install/domain_bridge/include/domain_bridge/msg/detail/compressed_msg__rosidl_typesupport_introspection_cpp.hpp
-- Symlinking: /home/chan/KAIST_Mobility_Challenge_Hardware/install/domain_bridge/share/domain_bridge/environment/pythonpath.sh
-- Symlinking: /home/chan/KAIST_Mobility_Challenge_Hardware/install/domain_bridge/share/domain_bridge/environment/pythonpath.dsv
-- Symlinking: /home/chan/KAIST_Mobility_Challenge_Hardware/install/domain_bridge/lib/python3.8/site-packages/domain_bridge/__init__.py
-- Symlinking: /home/chan/KAIST_Mobility_Challenge_Hardware/install/domain_bridge/lib/python3.8/site-packages/domain_bridge/msg/__init__.py
-- Symlinking: /home/chan/KAIST_Mobility_Challenge_Hardware/install/domain_bridge/lib/python3.8/site-packages/domain_bridge/msg/_compressed_msg.py
-- Symlinking: /home/chan/KAIST_Mobility_Challenge_Hardware/install/domain_bridge/lib/python3.8/site-packages/domain_bridge/domain_bridge_s__rosidl_typesupport_fastrtps_c.cpython-38-x86_64-linux-gnu.so
-- Symlinking: /home/chan/KAIST_Mobility_Challenge_Hardware/install/domain_bridge/lib/python3.8/site-packages/domain_bridge/domain_bridge_s__rosidl_typesupport_introspection_c.cpython-38-x86_64-linux-gnu.so
-- Symlinking: /home/chan/KAIST_Mobility_Challenge_Hardware/install/domain_bridge/lib/python3.8/site-packages/domain_bridge/domain_bridge_s__rosidl_typesupport_c.cpython-38-x86_64-linux-gnu.so
-- Symlinking: /home/chan/KAIST_Mobility_Challenge_Hardware/install/domain_bridge/lib/libdomain_bridge__python.so
-- Symlinking: /home/chan/KAIST_Mobility_Challenge_Hardware/install/domain_bridge/share/domain_bridge/msg/CompressedMsg.idl
-- Symlinking: /home/chan/KAIST_Mobility_Challenge_Hardware/install/domain_bridge/share/domain_bridge/msg/CompressedMsg.msg
-- Symlinking: /home/chan/KAIST_Mobility_Challenge_Hardware/install/domain_bridge/include/domain_bridge/compress_messages.hpp
-- Symlinking: /home/chan/KAIST_Mobility_Challenge_Hardware/install/domain_bridge/include/domain_bridge/domain_bridge.hpp
-- Symlinking: /home/chan/KAIST_Mobility_Challenge_Hardware/install/domain_bridge/include/domain_bridge/domain_bridge_config.hpp
-- Symlinking: /home/chan/KAIST_Mobility_Challenge_Hardware/install/domain_bridge/include/domain_bridge/domain_bridge_options.hpp
-- Symlinking: /home/chan/KAIST_Mobility_Challenge_Hardware/install/domain_bridge/include/domain_bridge/parse_domain_bridge_yaml_config.hpp
-- Symlinking: /home/chan/KAIST_Mobility_Challenge_Hardware/install/domain_bridge/include/domain_bridge/process_cmd_line_arguments.hpp
-- Symlinking: /home/chan/KAIST_Mobility_Challenge_Hardware/install/domain_bridge/include/domain_bridge/qos_options.hpp
-- Symlinking: /home/chan/KAIST_Mobility_Challenge_Hardware/install/domain_bridge/include/domain_bridge/service_bridge_impl.inc
-- Symlinking: /home/chan/KAIST_Mobility_Challenge_Hardware/install/domain_bridge/include/domain_bridge/service_bridge_options.hpp
-- Symlinking: /home/chan/KAIST_Mobility_Challenge_Hardware/install/domain_bridge/include/domain_bridge/topic_bridge.hpp
-- Symlinking: /home/chan/KAIST_Mobility_Challenge_Hardware/install/domain_bridge/include/domain_bridge/topic_bridge_options.hpp
-- Symlinking: /home/chan/KAIST_Mobility_Challenge_Hardware/install/domain_bridge/include/domain_bridge/utils.hpp
-- Symlinking: /home/chan/KAIST_Mobility_Challenge_Hardware/install/domain_bridge/include/domain_bridge/visibility_control.hpp
-- Symlinking: /home/chan/KAIST_Mobility_Challenge_Hardware/install/domain_bridge/lib/domain_bridge/domain_bridge
-- Symlinking: /home/chan/KAIST_Mobility_Challenge_Hardware/install/domain_bridge/share/domain_bridge/examples/example_bridge_config.yaml
-- Symlinking: /home/chan/KAIST_Mobility_Challenge_Hardware/install/domain_bridge/share/domain_bridge/launch/domain_bridge.launch.xml
-- Symlinking: /home/chan/KAIST_Mobility_Challenge_Hardware/install/domain_bridge/share/ament_index/resource_index/package_run_dependencies/domain_bridge
-- Symlinking: /home/chan/KAIST_Mobility_Challenge_Hardware/install/domain_bridge/share/ament_index/resource_index/parent_prefix_path/domain_bridge
-- Symlinking: /home/chan/KAIST_Mobility_Challenge_Hardware/install/domain_bridge/share/domain_bridge/environment/ament_prefix_path.sh
-- Symlinking: /home/chan/KAIST_Mobility_Challenge_Hardware/install/domain_bridge/share/domain_bridge/environment/ament_prefix_path.dsv
-- Symlinking: /home/chan/KAIST_Mobility_Challenge_Hardware/install/domain_bridge/share/domain_bridge/environment/path.sh
-- Symlinking: /home/chan/KAIST_Mobility_Challenge_Hardware/install/domain_bridge/share/domain_bridge/environment/path.dsv
-- Symlinking: /home/chan/KAIST_Mobility_Challenge_Hardware/install/domain_bridge/share/domain_bridge/local_setup.bash
-- Symlinking: /home/chan/KAIST_Mobility_Challenge_Hardware/install/domain_bridge/share/domain_bridge/local_setup.sh
-- Symlinking: /home/chan/KAIST_Mobility_Challenge_Hardware/install/domain_bridge/share/domain_bridge/local_setup.zsh
-- Symlinking: /home/chan/KAIST_Mobility_Challenge_Hardware/install/domain_bridge/share/domain_bridge/local_setup.dsv
-- Symlinking: /home/chan/KAIST_Mobility_Challenge_Hardware/install/domain_bridge/share/domain_bridge/package.dsv
-- Symlinking: /home/chan/KAIST_Mobility_Challenge_Hardware/install/domain_bridge/share/ament_index/resource_index/packages/domain_bridge
-- Symlinking: /home/chan/KAIST_Mobility_Challenge_Hardware/install/domain_bridge/share/domain_bridge/cmake/rosidl_cmake-extras.cmake
-- Symlinking: /home/chan/KAIST_Mobility_Challenge_Hardware/install/domain_bridge/share/domain_bridge/cmake/ament_cmake_export_dependencies-extras.cmake
-- Symlinking: /home/chan/KAIST_Mobility_Challenge_Hardware/install/domain_bridge/share/domain_bridge/cmake/ament_cmake_export_libraries-extras.cmake
-- Symlinking: /home/chan/KAIST_Mobility_Challenge_Hardware/install/domain_bridge/share/domain_bridge/cmake/ament_cmake_export_targets-extras.cmake
-- Symlinking: /home/chan/KAIST_Mobility_Challenge_Hardware/install/domain_bridge/share/domain_bridge/cmake/ament_cmake_export_include_directories-extras.cmake
-- Symlinking: /home/chan/KAIST_Mobility_Challenge_Hardware/install/domain_bridge/share/domain_bridge/cmake/rosidl_cmake_export_typesupport_libraries-extras.cmake
-- Symlinking: /home/chan/KAIST_Mobility_Challenge_Hardware/install/domain_bridge/share/domain_bridge/cmake/rosidl_cmake_export_typesupport_targets-extras.cmake
-- Symlinking: /home/chan/KAIST_Mobility_Challenge_Hardware/install/domain_bridge/share/domain_bridge/cmake/domain_bridgeConfig.cmake
-- Symlinking: /home/chan/KAIST_Mobility_Challenge_Hardware/install/domain_bridge/share/domain_bridge/cmake/domain_bridgeConfig-version.cmake
-- Symlinking: /home/chan/KAIST_Mobility_Challenge_Hardware/install/domain_bridge/share/domain_bridge/package.xml
-- Installing: /home/chan/KAIST_Mobility_Challenge_Hardware/install/domain_bridge/lib/libdomain_bridge__rosidl_generator_c.so
-- Set runtime path of "/home/chan/KAIST_Mobility_Challenge_Hardware/install/domain_bridge/lib/libdomain_bridge__rosidl_generator_c.so" to ""
-- Installing: /home/chan/KAIST_Mobility_Challenge_Hardware/install/domain_bridge/lib/libdomain_bridge__rosidl_typesupport_introspection_c.so
-- Set runtime path of "/home/chan/KAIST_Mobility_Challenge_Hardware/install/domain_bridge/lib/libdomain_bridge__rosidl_typesupport_introspection_c.so" to ""
-- Installing: /home/chan/KAIST_Mobility_Challenge_Hardware/install/domain_bridge/lib/libdomain_bridge__rosidl_typesupport_c.so
-- Set runtime path of "/home/chan/KAIST_Mobility_Challenge_Hardware/install/domain_bridge/lib/libdomain_bridge__rosidl_typesupport_c.so" to ""
-- Installing: /home/chan/KAIST_Mobility_Challenge_Hardware/install/domain_bridge/lib/libdomain_bridge__rosidl_typesupport_introspection_cpp.so
-- Set runtime path of "/home/chan/KAIST_Mobility_Challenge_Hardware/install/domain_bridge/lib/libdomain_bridge__rosidl_typesupport_introspection_cpp.so" to ""
-- Installing: /home/chan/KAIST_Mobility_Challenge_Hardware/install/domain_bridge/lib/libdomain_bridge__rosidl_typesupport_cpp.so
-- Set runtime path of "/home/chan/KAIST_Mobility_Challenge_Hardware/install/domain_bridge/lib/libdomain_bridge__rosidl_typesupport_cpp.so" to ""
Compiling '/home/chan/KAIST_Mobility_Challenge_Hardware/install/domain_bridge/lib/python3.8/site-packages/domain_bridge/__init__.py'...
-- Installing: /home/chan/KAIST_Mobility_Challenge_Hardware/install/domain_bridge/lib/libdomain_bridge.so
-- Set runtime path of "/home/chan/KAIST_Mobility_Challenge_Hardware/install/domain_bridge/lib/libdomain_bridge.so" to ""
-- Installing: /home/chan/KAIST_Mobility_Challenge_Hardware/install/domain_bridge/share/domain_bridge/cmake/domain_bridge__rosidl_generator_cExport.cmake
-- Installing: /home/chan/KAIST_Mobility_Challenge_Hardware/install/domain_bridge/share/domain_bridge/cmake/domain_bridge__rosidl_generator_cExport-noconfig.cmake
-- Installing: /home/chan/KAIST_Mobility_Challenge_Hardware/install/domain_bridge/share/domain_bridge/cmake/domain_bridge__rosidl_typesupport_introspection_cExport.cmake
-- Installing: /home/chan/KAIST_Mobility_Challenge_Hardware/install/domain_bridge/share/domain_bridge/cmake/domain_bridge__rosidl_typesupport_introspection_cExport-noconfig.cmake
-- Installing: /home/chan/KAIST_Mobility_Challenge_Hardware/install/domain_bridge/share/domain_bridge/cmake/domain_bridge__rosidl_typesupport_cExport.cmake
-- Installing: /home/chan/KAIST_Mobility_Challenge_Hardware/install/domain_bridge/share/domain_bridge/cmake/domain_bridge__rosidl_typesupport_cExport-noconfig.cmake
-- Installing: /home/chan/KAIST_Mobility_Challenge_Hardware/install/domain_bridge/share/domain_bridge/cmake/domain_bridge__rosidl_generator_cppExport.cmake
-- Installing: /home/chan/KAIST_Mobility_Challenge_Hardware/install/domain_bridge/share/domain_bridge/cmake/domain_bridge__rosidl_typesupport_introspection_cppExport.cmake
-- Installing: /home/chan/KAIST_Mobility_Challenge_Hardware/install/domain_bridge/share/domain_bridge/cmake/domain_bridge__rosidl_typesupport_introspection_cppExport-noconfig.cmake
-- Installing: /home/chan/KAIST_Mobility_Challenge_Hardware/install/domain_bridge/share/domain_bridge/cmake/domain_bridge__rosidl_typesupport_cppExport.cmake
-- Installing: /home/chan/KAIST_Mobility_Challenge_Hardware/install/domain_bridge/share/domain_bridge/cmake/domain_bridge__rosidl_typesupport_cppExport-noconfig.cmake
-- Installing: /home/chan/KAIST_Mobility_Challenge_Hardware/install/domain_bridge/share/domain_bridge/cmake/export_domain_bridgeExport.cmake
-- Installing: /home/chan/KAIST_Mobility_Challenge_Hardware/install/domain_bridge/share/domain_bridge/cmake/export_domain_bridgeExport-noconfig.cmake
