[0.529s] Invoking command in '/home/cav-06/KAIST_Mobility_Challenge_Hardware/ros2_ws/src/build/p3_cpp': CMAKE_PREFIX_PATH=${CMAKE_PREFIX_PATH}:/home/cav-06/KAIST_Mobility_Challenge_hy-drive/ros2_ws/install/cav_controller:/opt/ros/foxy /usr/bin/cmake /home/cav-06/KAIST_Mobility_Challenge_Hardware/ros2_ws/src/p3_cpp -DAMENT_CMAKE_SYMLINK_INSTALL=1 -DCMAKE_INSTALL_PREFIX=/home/cav-06/KAIST_Mobility_Challenge_Hardware/ros2_ws/src/install/p3_cpp
[0.654s] -- The C compiler identification is GNU 9.4.0
[0.780s] -- The CXX compiler identification is GNU 9.4.0
[0.790s] -- Check for working C compiler: /usr/bin/cc
[0.949s] -- Check for working C compiler: /usr/bin/cc -- works
[0.951s] -- Detecting C compiler ABI info
[1.125s] -- Detecting C compiler ABI info - done
[1.146s] -- Detecting C compile features
[1.147s] -- Detecting C compile features - done
[1.154s] -- Check for working CXX compiler: /usr/bin/c++
[1.369s] -- Check for working CXX compiler: /usr/bin/c++ -- works
[1.375s] -- Detecting CXX compiler ABI info
[1.569s] -- Detecting CXX compiler ABI info - done
[1.613s] -- Detecting CXX compile features
[1.613s] -- Detecting CXX compile features - done
[1.624s] -- Found ament_cmake: 0.9.12 (/opt/ros/foxy/share/ament_cmake/cmake)
[1.695s] -- Found PythonInterp: /usr/bin/python3 (found suitable version "3.8.10", minimum required is "3") 
[1.695s] -- Using PYTHON_EXECUTABLE: /usr/bin/python3
[2.151s] -- Override CMake install command with custom implementation using symlinks instead of copying resources
[2.235s] -- Found rclcpp: 2.4.3 (/opt/ros/foxy/share/rclcpp/cmake)
[2.327s] -- Using all available rosidl_typesupport_c: rosidl_typesupport_fastrtps_c;rosidl_typesupport_introspection_c
[2.343s] -- Found rosidl_adapter: 1.3.1 (/opt/ros/foxy/share/rosidl_adapter/cmake)
[2.567s] -- Found OpenSSL: /usr/lib/aarch64-linux-gnu/libcrypto.so (found version "1.1.1f")  
[2.661s] -- Found FastRTPS: /opt/ros/foxy/include  
[2.847s] -- Using all available rosidl_typesupport_cpp: rosidl_typesupport_fastrtps_cpp;rosidl_typesupport_introspection_cpp
[2.964s] -- Found rmw_implementation_cmake: 1.0.4 (/opt/ros/foxy/share/rmw_implementation_cmake/cmake)
[2.967s] -- Using RMW implementation 'rmw_fastrtps_cpp' as default
[2.969s] -- Looking for pthread.h
[3.118s] -- Looking for pthread.h - found
[3.119s] -- Performing Test CMAKE_HAVE_LIBC_PTHREAD
[3.267s] -- Performing Test CMAKE_HAVE_LIBC_PTHREAD - Failed
[3.268s] -- Looking for pthread_create in pthreads
[3.394s] -- Looking for pthread_create in pthreads - not found
[3.396s] -- Looking for pthread_create in pthread
[3.534s] -- Looking for pthread_create in pthread - found
[3.536s] -- Found Threads: TRUE  
[3.833s] -- Found geometry_msgs: 2.0.5 (/opt/ros/foxy/share/geometry_msgs/cmake)
[3.907s] -- Found ament_lint_auto: 0.9.8 (/opt/ros/foxy/share/ament_lint_auto/cmake)
[4.073s] -- Added test 'copyright' to check source files copyright and LICENSE
[4.082s] -- Added test 'cppcheck' to perform static code analysis on C / C++ code
[4.082s] -- Configured cppcheck include dirs: 
[4.082s] -- Configured cppcheck exclude dirs and/or files: 
[4.090s] -- Added test 'cpplint' to check C / C++ code against the Google style
[4.090s] -- Configured cpplint exclude dirs and/or files: 
[4.092s] -- Added test 'flake8' to check Python code syntax and style conventions
[4.095s] -- Added test 'lint_cmake' to check CMake code style
[4.097s] -- Added test 'pep257' to check Python code against some of the style conventions in PEP 257
[4.105s] -- Added test 'uncrustify' to check C / C++ code style
[4.105s] -- Configured uncrustify additional arguments: 
[4.107s] -- Added test 'xmllint' to check XML markup files
[4.115s] -- Configuring done
[4.139s] -- Generating done
[4.151s] -- Build files have been written to: /home/cav-06/KAIST_Mobility_Challenge_Hardware/ros2_ws/src/build/p3_cpp
[4.176s] Invoked command in '/home/cav-06/KAIST_Mobility_Challenge_Hardware/ros2_ws/src/build/p3_cpp' returned '0': CMAKE_PREFIX_PATH=${CMAKE_PREFIX_PATH}:/home/cav-06/KAIST_Mobility_Challenge_hy-drive/ros2_ws/install/cav_controller:/opt/ros/foxy /usr/bin/cmake /home/cav-06/KAIST_Mobility_Challenge_Hardware/ros2_ws/src/p3_cpp -DAMENT_CMAKE_SYMLINK_INSTALL=1 -DCMAKE_INSTALL_PREFIX=/home/cav-06/KAIST_Mobility_Challenge_Hardware/ros2_ws/src/install/p3_cpp
[4.179s] Invoking command in '/home/cav-06/KAIST_Mobility_Challenge_Hardware/ros2_ws/src/build/p3_cpp': CMAKE_PREFIX_PATH=${CMAKE_PREFIX_PATH}:/home/cav-06/KAIST_Mobility_Challenge_hy-drive/ros2_ws/install/cav_controller:/opt/ros/foxy /usr/bin/cmake --build /home/cav-06/KAIST_Mobility_Challenge_Hardware/ros2_ws/src/build/p3_cpp -- -j4 -l4
[4.268s] [35m[1mScanning dependencies of target main_p3[0m
[4.268s] [35m[1mScanning dependencies of target control_p3[0m
[4.369s] [ 25%] [32mBuilding CXX object CMakeFiles/control_p3.dir/src/control_p3.cpp.o[0m
[4.380s] [ 50%] [32mBuilding CXX object CMakeFiles/main_p3.dir/src/main_p3.cpp.o[0m
[8.549s] [01m[K/home/cav-06/KAIST_Mobility_Challenge_Hardware/ros2_ws/src/p3_cpp/src/main_p3.cpp:[m[K In lambda function:
[8.550s] [01m[K/home/cav-06/KAIST_Mobility_Challenge_Hardware/ros2_ws/src/p3_cpp/src/main_p3.cpp:233:55:[m[K [01;35m[Kwarning: [m[Kcomparison of integer expressions of different signedness: ‘[01m[Kstd::deque<double>::size_type[m[K’ {aka ‘[01m[Klong unsigned int[m[K’} and ‘[01m[Kconst int[m[K’ [[01;35m[K-Wsign-compare[m[K]
[8.550s]   233 |                             if ([01;35m[Khv_vel_buffer_.size() > vel_buffer_size_[m[K) {
[8.551s]       |                                 [01;35m[K~~~~~~~~~~~~~~~~~~~~~~^~~~~~~~~~~~~~~~~~[m[K
[8.643s] [01m[K/home/cav-06/KAIST_Mobility_Challenge_Hardware/ros2_ws/src/p3_cpp/src/main_p3.cpp:[m[K In member function ‘[01m[Kvoid MainTrafficController::process_roundabout_path_decision(Vehicle&, const string&, const string&)[m[K’:
[8.643s] [01m[K/home/cav-06/KAIST_Mobility_Challenge_Hardware/ros2_ws/src/p3_cpp/src/main_p3.cpp:421:79:[m[K [01;35m[Kwarning: [m[Kunused parameter ‘[01m[Kzone[m[K’ [[01;35m[K-Wunused-parameter[m[K]
[8.644s]   421 |     void process_roundabout_path_decision(Vehicle& my_cav, [01;35m[Kconst std::string& zone[m[K, const std::string& my_id) {
[8.644s]       |                                                            [01;35m[K~~~~~~~~~~~~~~~~~~~^~~~[m[K
[8.645s] [01m[K/home/cav-06/KAIST_Mobility_Challenge_Hardware/ros2_ws/src/p3_cpp/src/main_p3.cpp:421:104:[m[K [01;35m[Kwarning: [m[Kunused parameter ‘[01m[Kmy_id[m[K’ [[01;35m[K-Wunused-parameter[m[K]
[8.645s]   421 |     void process_roundabout_path_decision(Vehicle& my_cav, const std::string& zone, [01;35m[Kconst std::string& my_id[m[K) {
[8.645s]       |                                                                                     [01;35m[K~~~~~~~~~~~~~~~~~~~^~~~~[m[K
[28.421s] [ 75%] [32m[1mLinking CXX executable main_p3[0m
[29.602s] [ 75%] Built target main_p3
[32.982s] [100%] [32m[1mLinking CXX executable control_p3[0m
[34.252s] [100%] Built target control_p3
[34.319s] Invoked command in '/home/cav-06/KAIST_Mobility_Challenge_Hardware/ros2_ws/src/build/p3_cpp' returned '0': CMAKE_PREFIX_PATH=${CMAKE_PREFIX_PATH}:/home/cav-06/KAIST_Mobility_Challenge_hy-drive/ros2_ws/install/cav_controller:/opt/ros/foxy /usr/bin/cmake --build /home/cav-06/KAIST_Mobility_Challenge_Hardware/ros2_ws/src/build/p3_cpp -- -j4 -l4
[34.321s] Invoking command in '/home/cav-06/KAIST_Mobility_Challenge_Hardware/ros2_ws/src/build/p3_cpp': CMAKE_PREFIX_PATH=${CMAKE_PREFIX_PATH}:/home/cav-06/KAIST_Mobility_Challenge_hy-drive/ros2_ws/install/cav_controller:/opt/ros/foxy /usr/bin/cmake --install /home/cav-06/KAIST_Mobility_Challenge_Hardware/ros2_ws/src/build/p3_cpp
[34.362s] -- Install configuration: ""
[34.376s] -- Execute custom install script
[34.378s] -- Symlinking: /home/cav-06/KAIST_Mobility_Challenge_Hardware/ros2_ws/src/install/p3_cpp/lib/p3_cpp/control_p3
[34.431s] -- Symlinking: /home/cav-06/KAIST_Mobility_Challenge_Hardware/ros2_ws/src/install/p3_cpp/lib/p3_cpp/main_p3
[34.486s] -- Symlinking: /home/cav-06/KAIST_Mobility_Challenge_Hardware/ros2_ws/src/install/p3_cpp/share/p3_cpp/launch/cav_launch.py
[34.545s] -- Symlinking: /home/cav-06/KAIST_Mobility_Challenge_Hardware/ros2_ws/src/install/p3_cpp/share/p3_cpp/launch/driver_launch.py
[34.592s] -- Symlinking: /home/cav-06/KAIST_Mobility_Challenge_Hardware/ros2_ws/src/install/p3_cpp/share/p3_cpp/launch/server_launch.py
[34.646s] -- Symlinking: /home/cav-06/KAIST_Mobility_Challenge_Hardware/ros2_ws/src/install/p3_cpp/share/p3_cpp/tool/Readme.md
[34.699s] -- Symlinking: /home/cav-06/KAIST_Mobility_Challenge_Hardware/ros2_ws/src/install/p3_cpp/share/p3_cpp/tool/cav01p3.csv
[34.739s] -- Symlinking: /home/cav-06/KAIST_Mobility_Challenge_Hardware/ros2_ws/src/install/p3_cpp/share/p3_cpp/tool/cav01p3_inside.csv
[34.790s] -- Symlinking: /home/cav-06/KAIST_Mobility_Challenge_Hardware/ros2_ws/src/install/p3_cpp/share/p3_cpp/tool/cav02p3.csv
[34.853s] -- Symlinking: /home/cav-06/KAIST_Mobility_Challenge_Hardware/ros2_ws/src/install/p3_cpp/share/p3_cpp/tool/cav02p3_inside.csv
[34.903s] -- Symlinking: /home/cav-06/KAIST_Mobility_Challenge_Hardware/ros2_ws/src/install/p3_cpp/share/p3_cpp/tool/cav03p3.csv
[34.938s] -- Symlinking: /home/cav-06/KAIST_Mobility_Challenge_Hardware/ros2_ws/src/install/p3_cpp/share/p3_cpp/tool/cav03p3_inside.csv
[34.964s] -- Symlinking: /home/cav-06/KAIST_Mobility_Challenge_Hardware/ros2_ws/src/install/p3_cpp/share/p3_cpp/tool/cav04p3.csv
[34.989s] -- Symlinking: /home/cav-06/KAIST_Mobility_Challenge_Hardware/ros2_ws/src/install/p3_cpp/share/p3_cpp/tool/cav04p3_inside.csv
[35.015s] -- Symlinking: /home/cav-06/KAIST_Mobility_Challenge_Hardware/ros2_ws/src/install/p3_cpp/share/p3_cpp/tool/cav1p1.csv
[35.041s] -- Symlinking: /home/cav-06/KAIST_Mobility_Challenge_Hardware/ros2_ws/src/install/p3_cpp/share/p3_cpp/tool/csv_to_json.py
[35.069s] -- Symlinking: /home/cav-06/KAIST_Mobility_Challenge_Hardware/ros2_ws/src/install/p3_cpp/share/p3_cpp/tool/node_info.png
[35.096s] -- Symlinking: /home/cav-06/KAIST_Mobility_Challenge_Hardware/ros2_ws/src/install/p3_cpp/share/p3_cpp/tool/p1_1.csv
[35.121s] -- Symlinking: /home/cav-06/KAIST_Mobility_Challenge_Hardware/ros2_ws/src/install/p3_cpp/share/p3_cpp/tool/p1_2.csv
[35.152s] -- Symlinking: /home/cav-06/KAIST_Mobility_Challenge_Hardware/ros2_ws/src/install/p3_cpp/share/p3_cpp/tool/path_generator.py
[35.180s] -- Symlinking: /home/cav-06/KAIST_Mobility_Challenge_Hardware/ros2_ws/src/install/p3_cpp/share/p3_cpp/tool/waypoint/10_13.csv
[35.210s] -- Symlinking: /home/cav-06/KAIST_Mobility_Challenge_Hardware/ros2_ws/src/install/p3_cpp/share/p3_cpp/tool/waypoint/11_16.csv
[35.245s] -- Symlinking: /home/cav-06/KAIST_Mobility_Challenge_Hardware/ros2_ws/src/install/p3_cpp/share/p3_cpp/tool/waypoint/12_15.csv
[35.273s] -- Symlinking: /home/cav-06/KAIST_Mobility_Challenge_Hardware/ros2_ws/src/install/p3_cpp/share/p3_cpp/tool/waypoint/13_14.csv
[35.310s] -- Symlinking: /home/cav-06/KAIST_Mobility_Challenge_Hardware/ros2_ws/src/install/p3_cpp/share/p3_cpp/tool/waypoint/14_17.csv
[35.343s] -- Symlinking: /home/cav-06/KAIST_Mobility_Challenge_Hardware/ros2_ws/src/install/p3_cpp/share/p3_cpp/tool/waypoint/15_18.csv
[35.373s] -- Symlinking: /home/cav-06/KAIST_Mobility_Challenge_Hardware/ros2_ws/src/install/p3_cpp/share/p3_cpp/tool/waypoint/15_60.csv
[35.406s] -- Symlinking: /home/cav-06/KAIST_Mobility_Challenge_Hardware/ros2_ws/src/install/p3_cpp/share/p3_cpp/tool/waypoint/16_19.csv
[35.440s] -- Symlinking: /home/cav-06/KAIST_Mobility_Challenge_Hardware/ros2_ws/src/install/p3_cpp/share/p3_cpp/tool/waypoint/16_61.csv
[35.475s] -- Symlinking: /home/cav-06/KAIST_Mobility_Challenge_Hardware/ros2_ws/src/install/p3_cpp/share/p3_cpp/tool/waypoint/17_20.csv
[35.503s] -- Symlinking: /home/cav-06/KAIST_Mobility_Challenge_Hardware/ros2_ws/src/install/p3_cpp/share/p3_cpp/tool/waypoint/18_21.csv
[35.533s] -- Symlinking: /home/cav-06/KAIST_Mobility_Challenge_Hardware/ros2_ws/src/install/p3_cpp/share/p3_cpp/tool/waypoint/19_22.csv
[35.560s] -- Symlinking: /home/cav-06/KAIST_Mobility_Challenge_Hardware/ros2_ws/src/install/p3_cpp/share/p3_cpp/tool/waypoint/1_3.csv
[35.587s] -- Symlinking: /home/cav-06/KAIST_Mobility_Challenge_Hardware/ros2_ws/src/install/p3_cpp/share/p3_cpp/tool/waypoint/20_23.csv
[35.616s] -- Symlinking: /home/cav-06/KAIST_Mobility_Challenge_Hardware/ros2_ws/src/install/p3_cpp/share/p3_cpp/tool/waypoint/21_24.csv
[35.649s] -- Symlinking: /home/cav-06/KAIST_Mobility_Challenge_Hardware/ros2_ws/src/install/p3_cpp/share/p3_cpp/tool/waypoint/21_51.csv
[35.683s] -- Symlinking: /home/cav-06/KAIST_Mobility_Challenge_Hardware/ros2_ws/src/install/p3_cpp/share/p3_cpp/tool/waypoint/22_25.csv
[35.713s] -- Symlinking: /home/cav-06/KAIST_Mobility_Challenge_Hardware/ros2_ws/src/install/p3_cpp/share/p3_cpp/tool/waypoint/22_50.csv
[35.743s] -- Symlinking: /home/cav-06/KAIST_Mobility_Challenge_Hardware/ros2_ws/src/install/p3_cpp/share/p3_cpp/tool/waypoint/23_26.csv
[35.776s] -- Symlinking: /home/cav-06/KAIST_Mobility_Challenge_Hardware/ros2_ws/src/install/p3_cpp/share/p3_cpp/tool/waypoint/24_27.csv
[35.803s] -- Symlinking: /home/cav-06/KAIST_Mobility_Challenge_Hardware/ros2_ws/src/install/p3_cpp/share/p3_cpp/tool/waypoint/24_37.csv
[35.838s] -- Symlinking: /home/cav-06/KAIST_Mobility_Challenge_Hardware/ros2_ws/src/install/p3_cpp/share/p3_cpp/tool/waypoint/25_28.csv
[35.875s] -- Symlinking: /home/cav-06/KAIST_Mobility_Challenge_Hardware/ros2_ws/src/install/p3_cpp/share/p3_cpp/tool/waypoint/25_36.csv
[35.913s] -- Symlinking: /home/cav-06/KAIST_Mobility_Challenge_Hardware/ros2_ws/src/install/p3_cpp/share/p3_cpp/tool/waypoint/26_29.csv
[35.948s] -- Symlinking: /home/cav-06/KAIST_Mobility_Challenge_Hardware/ros2_ws/src/install/p3_cpp/share/p3_cpp/tool/waypoint/27_30.csv
[35.979s] -- Symlinking: /home/cav-06/KAIST_Mobility_Challenge_Hardware/ros2_ws/src/install/p3_cpp/share/p3_cpp/tool/waypoint/27_31.csv
[36.017s] -- Symlinking: /home/cav-06/KAIST_Mobility_Challenge_Hardware/ros2_ws/src/install/p3_cpp/share/p3_cpp/tool/waypoint/28_31.csv
[36.043s] -- Symlinking: /home/cav-06/KAIST_Mobility_Challenge_Hardware/ros2_ws/src/install/p3_cpp/share/p3_cpp/tool/waypoint/28_32.csv
[36.068s] -- Symlinking: /home/cav-06/KAIST_Mobility_Challenge_Hardware/ros2_ws/src/install/p3_cpp/share/p3_cpp/tool/waypoint/29_2.csv
[36.094s] -- Symlinking: /home/cav-06/KAIST_Mobility_Challenge_Hardware/ros2_ws/src/install/p3_cpp/share/p3_cpp/tool/waypoint/2_4.csv
[36.118s] -- Symlinking: /home/cav-06/KAIST_Mobility_Challenge_Hardware/ros2_ws/src/install/p3_cpp/share/p3_cpp/tool/waypoint/30_1.csv
[36.145s] -- Symlinking: /home/cav-06/KAIST_Mobility_Challenge_Hardware/ros2_ws/src/install/p3_cpp/share/p3_cpp/tool/waypoint/31_1.csv
[36.169s] -- Symlinking: /home/cav-06/KAIST_Mobility_Challenge_Hardware/ros2_ws/src/install/p3_cpp/share/p3_cpp/tool/waypoint/32_5.csv
[36.194s] -- Symlinking: /home/cav-06/KAIST_Mobility_Challenge_Hardware/ros2_ws/src/install/p3_cpp/share/p3_cpp/tool/waypoint/33_31.csv
[36.218s] -- Symlinking: /home/cav-06/KAIST_Mobility_Challenge_Hardware/ros2_ws/src/install/p3_cpp/share/p3_cpp/tool/waypoint/34_27.csv
[36.241s] -- Symlinking: /home/cav-06/KAIST_Mobility_Challenge_Hardware/ros2_ws/src/install/p3_cpp/share/p3_cpp/tool/waypoint/35_28.csv
[36.264s] -- Symlinking: /home/cav-06/KAIST_Mobility_Challenge_Hardware/ros2_ws/src/install/p3_cpp/share/p3_cpp/tool/waypoint/36_38.csv
[36.288s] -- Symlinking: /home/cav-06/KAIST_Mobility_Challenge_Hardware/ros2_ws/src/install/p3_cpp/share/p3_cpp/tool/waypoint/37_38.csv
[36.312s] -- Symlinking: /home/cav-06/KAIST_Mobility_Challenge_Hardware/ros2_ws/src/install/p3_cpp/share/p3_cpp/tool/waypoint/37_39.csv
[36.336s] -- Symlinking: /home/cav-06/KAIST_Mobility_Challenge_Hardware/ros2_ws/src/install/p3_cpp/share/p3_cpp/tool/waypoint/38_41.csv
[36.361s] -- Symlinking: /home/cav-06/KAIST_Mobility_Challenge_Hardware/ros2_ws/src/install/p3_cpp/share/p3_cpp/tool/waypoint/38_48.csv
[36.386s] -- Symlinking: /home/cav-06/KAIST_Mobility_Challenge_Hardware/ros2_ws/src/install/p3_cpp/share/p3_cpp/tool/waypoint/38_49.csv
[36.410s] -- Symlinking: /home/cav-06/KAIST_Mobility_Challenge_Hardware/ros2_ws/src/install/p3_cpp/share/p3_cpp/tool/waypoint/39_40.csv
[36.435s] -- Symlinking: /home/cav-06/KAIST_Mobility_Challenge_Hardware/ros2_ws/src/install/p3_cpp/share/p3_cpp/tool/waypoint/39_49.csv
[36.461s] -- Symlinking: /home/cav-06/KAIST_Mobility_Challenge_Hardware/ros2_ws/src/install/p3_cpp/share/p3_cpp/tool/waypoint/3_33.csv
[36.488s] -- Symlinking: /home/cav-06/KAIST_Mobility_Challenge_Hardware/ros2_ws/src/install/p3_cpp/share/p3_cpp/tool/waypoint/3_6.csv
[36.513s] -- Symlinking: /home/cav-06/KAIST_Mobility_Challenge_Hardware/ros2_ws/src/install/p3_cpp/share/p3_cpp/tool/waypoint/3_7.csv
[36.538s] -- Symlinking: /home/cav-06/KAIST_Mobility_Challenge_Hardware/ros2_ws/src/install/p3_cpp/share/p3_cpp/tool/waypoint/40_43.csv
[36.568s] -- Symlinking: /home/cav-06/KAIST_Mobility_Challenge_Hardware/ros2_ws/src/install/p3_cpp/share/p3_cpp/tool/waypoint/40_63.csv
[36.593s] -- Symlinking: /home/cav-06/KAIST_Mobility_Challenge_Hardware/ros2_ws/src/install/p3_cpp/share/p3_cpp/tool/waypoint/41_42.csv
[36.619s] -- Symlinking: /home/cav-06/KAIST_Mobility_Challenge_Hardware/ros2_ws/src/install/p3_cpp/share/p3_cpp/tool/waypoint/41_43.csv
[36.647s] -- Symlinking: /home/cav-06/KAIST_Mobility_Challenge_Hardware/ros2_ws/src/install/p3_cpp/share/p3_cpp/tool/waypoint/41_62.csv
[36.676s] -- Symlinking: /home/cav-06/KAIST_Mobility_Challenge_Hardware/ros2_ws/src/install/p3_cpp/share/p3_cpp/tool/waypoint/42_8.csv
[36.701s] -- Symlinking: /home/cav-06/KAIST_Mobility_Challenge_Hardware/ros2_ws/src/install/p3_cpp/share/p3_cpp/tool/waypoint/43_9.csv
[36.727s] -- Symlinking: /home/cav-06/KAIST_Mobility_Challenge_Hardware/ros2_ws/src/install/p3_cpp/share/p3_cpp/tool/waypoint/44_63.csv
[36.756s] -- Symlinking: /home/cav-06/KAIST_Mobility_Challenge_Hardware/ros2_ws/src/install/p3_cpp/share/p3_cpp/tool/waypoint/45_62.csv
[36.782s] -- Symlinking: /home/cav-06/KAIST_Mobility_Challenge_Hardware/ros2_ws/src/install/p3_cpp/share/p3_cpp/tool/waypoint/46_40.csv
[36.807s] -- Symlinking: /home/cav-06/KAIST_Mobility_Challenge_Hardware/ros2_ws/src/install/p3_cpp/share/p3_cpp/tool/waypoint/46_41.csv
[36.840s] -- Symlinking: /home/cav-06/KAIST_Mobility_Challenge_Hardware/ros2_ws/src/install/p3_cpp/share/p3_cpp/tool/waypoint/47_41.csv
[36.870s] -- Symlinking: /home/cav-06/KAIST_Mobility_Challenge_Hardware/ros2_ws/src/install/p3_cpp/share/p3_cpp/tool/waypoint/48_53.csv
[36.896s] -- Symlinking: /home/cav-06/KAIST_Mobility_Challenge_Hardware/ros2_ws/src/install/p3_cpp/share/p3_cpp/tool/waypoint/48_58.csv
[36.925s] -- Symlinking: /home/cav-06/KAIST_Mobility_Challenge_Hardware/ros2_ws/src/install/p3_cpp/share/p3_cpp/tool/waypoint/49_55.csv
[36.954s] -- Symlinking: /home/cav-06/KAIST_Mobility_Challenge_Hardware/ros2_ws/src/install/p3_cpp/share/p3_cpp/tool/waypoint/49_59.csv
[36.982s] -- Symlinking: /home/cav-06/KAIST_Mobility_Challenge_Hardware/ros2_ws/src/install/p3_cpp/share/p3_cpp/tool/waypoint/4_7.csv
[37.007s] -- Symlinking: /home/cav-06/KAIST_Mobility_Challenge_Hardware/ros2_ws/src/install/p3_cpp/share/p3_cpp/tool/waypoint/50_48.csv
[37.038s] -- Symlinking: /home/cav-06/KAIST_Mobility_Challenge_Hardware/ros2_ws/src/install/p3_cpp/share/p3_cpp/tool/waypoint/50_54.csv
[37.066s] -- Symlinking: /home/cav-06/KAIST_Mobility_Challenge_Hardware/ros2_ws/src/install/p3_cpp/share/p3_cpp/tool/waypoint/51_46.csv
[37.093s] -- Symlinking: /home/cav-06/KAIST_Mobility_Challenge_Hardware/ros2_ws/src/install/p3_cpp/share/p3_cpp/tool/waypoint/51_55.csv
[37.118s] -- Symlinking: /home/cav-06/KAIST_Mobility_Challenge_Hardware/ros2_ws/src/install/p3_cpp/share/p3_cpp/tool/waypoint/52_24.csv
[37.144s] -- Symlinking: /home/cav-06/KAIST_Mobility_Challenge_Hardware/ros2_ws/src/install/p3_cpp/share/p3_cpp/tool/waypoint/53_25.csv
[37.172s] -- Symlinking: /home/cav-06/KAIST_Mobility_Challenge_Hardware/ros2_ws/src/install/p3_cpp/share/p3_cpp/tool/waypoint/54_11.csv
[37.195s] -- Symlinking: /home/cav-06/KAIST_Mobility_Challenge_Hardware/ros2_ws/src/install/p3_cpp/share/p3_cpp/tool/waypoint/55_12.csv
[37.221s] -- Symlinking: /home/cav-06/KAIST_Mobility_Challenge_Hardware/ros2_ws/src/install/p3_cpp/share/p3_cpp/tool/waypoint/56_52.csv
[37.248s] -- Symlinking: /home/cav-06/KAIST_Mobility_Challenge_Hardware/ros2_ws/src/install/p3_cpp/share/p3_cpp/tool/waypoint/56_59.csv
[37.273s] -- Symlinking: /home/cav-06/KAIST_Mobility_Challenge_Hardware/ros2_ws/src/install/p3_cpp/share/p3_cpp/tool/waypoint/57_47.csv
[37.298s] -- Symlinking: /home/cav-06/KAIST_Mobility_Challenge_Hardware/ros2_ws/src/install/p3_cpp/share/p3_cpp/tool/waypoint/57_53.csv
[37.323s] -- Symlinking: /home/cav-06/KAIST_Mobility_Challenge_Hardware/ros2_ws/src/install/p3_cpp/share/p3_cpp/tool/waypoint/58_19.csv
[37.347s] -- Symlinking: /home/cav-06/KAIST_Mobility_Challenge_Hardware/ros2_ws/src/install/p3_cpp/share/p3_cpp/tool/waypoint/59_18.csv
[37.375s] -- Symlinking: /home/cav-06/KAIST_Mobility_Challenge_Hardware/ros2_ws/src/install/p3_cpp/share/p3_cpp/tool/waypoint/5_45.csv
[37.400s] -- Symlinking: /home/cav-06/KAIST_Mobility_Challenge_Hardware/ros2_ws/src/install/p3_cpp/share/p3_cpp/tool/waypoint/5_8.csv
[37.423s] -- Symlinking: /home/cav-06/KAIST_Mobility_Challenge_Hardware/ros2_ws/src/install/p3_cpp/share/p3_cpp/tool/waypoint/60_46.csv
[37.451s] -- Symlinking: /home/cav-06/KAIST_Mobility_Challenge_Hardware/ros2_ws/src/install/p3_cpp/share/p3_cpp/tool/waypoint/60_52.csv
[37.478s] -- Symlinking: /home/cav-06/KAIST_Mobility_Challenge_Hardware/ros2_ws/src/install/p3_cpp/share/p3_cpp/tool/waypoint/61_47.csv
[37.503s] -- Symlinking: /home/cav-06/KAIST_Mobility_Challenge_Hardware/ros2_ws/src/install/p3_cpp/share/p3_cpp/tool/waypoint/61_54.csv
[37.532s] -- Symlinking: /home/cav-06/KAIST_Mobility_Challenge_Hardware/ros2_ws/src/install/p3_cpp/share/p3_cpp/tool/waypoint/62_35.csv
[37.561s] -- Symlinking: /home/cav-06/KAIST_Mobility_Challenge_Hardware/ros2_ws/src/install/p3_cpp/share/p3_cpp/tool/waypoint/62_38.csv
[37.585s] -- Symlinking: /home/cav-06/KAIST_Mobility_Challenge_Hardware/ros2_ws/src/install/p3_cpp/share/p3_cpp/tool/waypoint/63_34.csv
[37.608s] -- Symlinking: /home/cav-06/KAIST_Mobility_Challenge_Hardware/ros2_ws/src/install/p3_cpp/share/p3_cpp/tool/waypoint/63_39.csv
[37.632s] -- Symlinking: /home/cav-06/KAIST_Mobility_Challenge_Hardware/ros2_ws/src/install/p3_cpp/share/p3_cpp/tool/waypoint/6_44.csv
[37.658s] -- Symlinking: /home/cav-06/KAIST_Mobility_Challenge_Hardware/ros2_ws/src/install/p3_cpp/share/p3_cpp/tool/waypoint/6_9.csv
[37.683s] -- Symlinking: /home/cav-06/KAIST_Mobility_Challenge_Hardware/ros2_ws/src/install/p3_cpp/share/p3_cpp/tool/waypoint/7_10.csv
[37.708s] -- Symlinking: /home/cav-06/KAIST_Mobility_Challenge_Hardware/ros2_ws/src/install/p3_cpp/share/p3_cpp/tool/waypoint/7_9.csv
[37.732s] -- Symlinking: /home/cav-06/KAIST_Mobility_Challenge_Hardware/ros2_ws/src/install/p3_cpp/share/p3_cpp/tool/waypoint/8_11.csv
[37.760s] -- Symlinking: /home/cav-06/KAIST_Mobility_Challenge_Hardware/ros2_ws/src/install/p3_cpp/share/p3_cpp/tool/waypoint/8_57.csv
[37.785s] -- Symlinking: /home/cav-06/KAIST_Mobility_Challenge_Hardware/ros2_ws/src/install/p3_cpp/share/p3_cpp/tool/waypoint/9_12.csv
[37.808s] -- Symlinking: /home/cav-06/KAIST_Mobility_Challenge_Hardware/ros2_ws/src/install/p3_cpp/share/p3_cpp/tool/waypoint/9_56.csv
[37.832s] -- Symlinking: /home/cav-06/KAIST_Mobility_Challenge_Hardware/ros2_ws/src/install/p3_cpp/share/ament_index/resource_index/package_run_dependencies/p3_cpp
[37.860s] -- Symlinking: /home/cav-06/KAIST_Mobility_Challenge_Hardware/ros2_ws/src/install/p3_cpp/share/ament_index/resource_index/parent_prefix_path/p3_cpp
[37.884s] -- Symlinking: /home/cav-06/KAIST_Mobility_Challenge_Hardware/ros2_ws/src/install/p3_cpp/share/p3_cpp/environment/ament_prefix_path.sh
[37.909s] -- Symlinking: /home/cav-06/KAIST_Mobility_Challenge_Hardware/ros2_ws/src/install/p3_cpp/share/p3_cpp/environment/ament_prefix_path.dsv
[37.934s] -- Symlinking: /home/cav-06/KAIST_Mobility_Challenge_Hardware/ros2_ws/src/install/p3_cpp/share/p3_cpp/environment/path.sh
[38.000s] -- Symlinking: /home/cav-06/KAIST_Mobility_Challenge_Hardware/ros2_ws/src/install/p3_cpp/share/p3_cpp/environment/path.dsv
[38.068s] -- Symlinking: /home/cav-06/KAIST_Mobility_Challenge_Hardware/ros2_ws/src/install/p3_cpp/share/p3_cpp/local_setup.bash
[38.117s] -- Symlinking: /home/cav-06/KAIST_Mobility_Challenge_Hardware/ros2_ws/src/install/p3_cpp/share/p3_cpp/local_setup.sh
[38.168s] -- Symlinking: /home/cav-06/KAIST_Mobility_Challenge_Hardware/ros2_ws/src/install/p3_cpp/share/p3_cpp/local_setup.zsh
[38.225s] -- Symlinking: /home/cav-06/KAIST_Mobility_Challenge_Hardware/ros2_ws/src/install/p3_cpp/share/p3_cpp/local_setup.dsv
[38.276s] -- Symlinking: /home/cav-06/KAIST_Mobility_Challenge_Hardware/ros2_ws/src/install/p3_cpp/share/p3_cpp/package.dsv
[38.334s] -- Symlinking: /home/cav-06/KAIST_Mobility_Challenge_Hardware/ros2_ws/src/install/p3_cpp/share/ament_index/resource_index/packages/p3_cpp
[38.359s] -- Symlinking: /home/cav-06/KAIST_Mobility_Challenge_Hardware/ros2_ws/src/install/p3_cpp/share/p3_cpp/cmake/p3_cppConfig.cmake
[38.388s] -- Symlinking: /home/cav-06/KAIST_Mobility_Challenge_Hardware/ros2_ws/src/install/p3_cpp/share/p3_cpp/cmake/p3_cppConfig-version.cmake
[38.411s] -- Symlinking: /home/cav-06/KAIST_Mobility_Challenge_Hardware/ros2_ws/src/install/p3_cpp/share/p3_cpp/package.xml
[38.442s] Invoked command in '/home/cav-06/KAIST_Mobility_Challenge_Hardware/ros2_ws/src/build/p3_cpp' returned '0': CMAKE_PREFIX_PATH=${CMAKE_PREFIX_PATH}:/home/cav-06/KAIST_Mobility_Challenge_hy-drive/ros2_ws/install/cav_controller:/opt/ros/foxy /usr/bin/cmake --install /home/cav-06/KAIST_Mobility_Challenge_Hardware/ros2_ws/src/build/p3_cpp
