Performing C++ SOURCE FILE Test CMAKE_HAVE_LIBC_PTHREAD failed with the following output:
Change Dir: /home/cav-06/KAIST_Mobility_Challenge_Hardware/build/KMC_HARDWARE_uart_sdk/CMakeFiles/CMakeTmp

Run Build Command(s):/usr/bin/make cmTC_76907/fast && /usr/bin/make -f CMakeFiles/cmTC_76907.dir/build.make CMakeFiles/cmTC_76907.dir/build
make[1]: Entering directory '/home/cav-06/KAIST_Mobility_Challenge_Hardware/build/KMC_HARDWARE_uart_sdk/CMakeFiles/CMakeTmp'
Building CXX object CMakeFiles/cmTC_76907.dir/src.cxx.o
/usr/bin/c++    -DCMAKE_HAVE_LIBC_PTHREAD   -o CMakeFiles/cmTC_76907.dir/src.cxx.o -c /home/cav-06/KAIST_Mobility_Challenge_Hardware/build/KMC_HARDWARE_uart_sdk/CMakeFiles/CMakeTmp/src.cxx
Linking CXX executable cmTC_76907
/usr/bin/cmake -E cmake_link_script CMakeFiles/cmTC_76907.dir/link.txt --verbose=1
/usr/bin/c++   -DCMAKE_HAVE_LIBC_PTHREAD    CMakeFiles/cmTC_76907.dir/src.cxx.o  -o cmTC_76907 
/usr/bin/ld: CMakeFiles/cmTC_76907.dir/src.cxx.o: in function `main':
src.cxx:(.text+0x48): undefined reference to `pthread_create'
/usr/bin/ld: src.cxx:(.text+0x50): undefined reference to `pthread_detach'
/usr/bin/ld: src.cxx:(.text+0x5c): undefined reference to `pthread_join'
collect2: error: ld returned 1 exit status
make[1]: *** [CMakeFiles/cmTC_76907.dir/build.make:87: cmTC_76907] Error 1
make[1]: Leaving directory '/home/cav-06/KAIST_Mobility_Challenge_Hardware/build/KMC_HARDWARE_uart_sdk/CMakeFiles/CMakeTmp'
make: *** [Makefile:121: cmTC_76907/fast] Error 2


Source file was:
#include <pthread.h>

void* test_func(void* data)
{
  return data;
}

int main(void)
{
  pthread_t thread;
  pthread_create(&thread, NULL, test_func, NULL);
  pthread_detach(thread);
  pthread_join(thread, NULL);
  pthread_atfork(NULL, NULL, NULL);
  pthread_exit(NULL);

  return 0;
}

Determining if the function pthread_create exists in the pthreads failed with the following output:
Change Dir: /home/cav-06/KAIST_Mobility_Challenge_Hardware/build/KMC_HARDWARE_uart_sdk/CMakeFiles/CMakeTmp

Run Build Command(s):/usr/bin/make cmTC_9c10c/fast && /usr/bin/make -f CMakeFiles/cmTC_9c10c.dir/build.make CMakeFiles/cmTC_9c10c.dir/build
make[1]: Entering directory '/home/cav-06/KAIST_Mobility_Challenge_Hardware/build/KMC_HARDWARE_uart_sdk/CMakeFiles/CMakeTmp'
Building CXX object CMakeFiles/cmTC_9c10c.dir/CheckFunctionExists.cxx.o
/usr/bin/c++    -DCHECK_FUNCTION_EXISTS=pthread_create   -o CMakeFiles/cmTC_9c10c.dir/CheckFunctionExists.cxx.o -c /home/cav-06/KAIST_Mobility_Challenge_Hardware/build/KMC_HARDWARE_uart_sdk/CMakeFiles/CheckLibraryExists/CheckFunctionExists.cxx
Linking CXX executable cmTC_9c10c
/usr/bin/cmake -E cmake_link_script CMakeFiles/cmTC_9c10c.dir/link.txt --verbose=1
/usr/bin/c++   -DCHECK_FUNCTION_EXISTS=pthread_create    CMakeFiles/cmTC_9c10c.dir/CheckFunctionExists.cxx.o  -o cmTC_9c10c  -lpthreads 
/usr/bin/ld: cannot find -lpthreads
collect2: error: ld returned 1 exit status
make[1]: *** [CMakeFiles/cmTC_9c10c.dir/build.make:87: cmTC_9c10c] Error 1
make[1]: Leaving directory '/home/cav-06/KAIST_Mobility_Challenge_Hardware/build/KMC_HARDWARE_uart_sdk/CMakeFiles/CMakeTmp'
make: *** [Makefile:121: cmTC_9c10c/fast] Error 2



