[0.363s] DEBUG:colcon:Command line arguments: ['/usr/bin/colcon', 'build', '--symlink-install']
[0.363s] DEBUG:colcon:Parsed command line arguments: Namespace(allow_overriding=[], ament_cmake_args=None, base_paths=['.'], build_base='build', catkin_cmake_args=None, catkin_skip_building_tests=False, cmake_args=None, cmake_clean_cache=False, cmake_clean_first=False, cmake_force_configure=False, cmake_target=None, cmake_target_skip_unavailable=False, continue_on_error=False, event_handlers=None, executor='parallel', ignore_user_meta=False, install_base='install', log_base=None, log_level=None, main=<bound method BuildVerb.main of <colcon_core.verb.build.BuildVerb object at 0xffffa7944910>>, merge_install=False, metas=['./colcon.meta'], packages_above=None, packages_above_and_dependencies=None, packages_above_depth=None, packages_end=None, packages_ignore=None, packages_ignore_regex=None, packages_select=None, packages_select_build_failed=False, packages_select_by_dep=None, packages_select_regex=None, packages_select_test_failures=False, packages_skip=None, packages_skip_build_finished=False, packages_skip_by_dep=None, packages_skip_regex=None, packages_skip_test_passed=False, packages_skip_up_to=None, packages_start=None, packages_up_to=None, packages_up_to_regex=None, parallel_workers=4, paths=None, symlink_install=True, test_result_base=None, verb_extension=<colcon_core.verb.build.BuildVerb object at 0xffffa7944910>, verb_name='build', verb_parser=<colcon_defaults.argument_parser.defaults.DefaultArgumentsDecorator object at 0xffffa78d20a0>)
[0.649s] Level 1:colcon.colcon_core.package_discovery:discover_packages(colcon_meta) check parameters
[0.649s] Level 1:colcon.colcon_core.package_discovery:discover_packages(recursive) check parameters
[0.649s] Level 1:colcon.colcon_core.package_discovery:discover_packages(ignore) check parameters
[0.649s] Level 1:colcon.colcon_core.package_discovery:discover_packages(path) check parameters
[0.649s] Level 1:colcon.colcon_core.package_discovery:discover_packages(colcon_meta) discover
[0.650s] Level 1:colcon.colcon_core.package_discovery:discover_packages(recursive) discover
[0.650s] INFO:colcon.colcon_core.package_discovery:Crawling recursively for packages in '/home/hy/Mobility_Challenge/ros2_ws'
[0.650s] Level 1:colcon.colcon_core.package_identification:_identify(.) by extensions ['ignore', 'ignore_ament_install']
[0.650s] Level 1:colcon.colcon_core.package_identification:_identify(.) by extension 'ignore'
[0.650s] Level 1:colcon.colcon_core.package_identification:_identify(.) by extension 'ignore_ament_install'
[0.651s] Level 1:colcon.colcon_core.package_identification:_identify(.) by extensions ['colcon_pkg']
[0.651s] Level 1:colcon.colcon_core.package_identification:_identify(.) by extension 'colcon_pkg'
[0.651s] Level 1:colcon.colcon_core.package_identification:_identify(.) by extensions ['colcon_meta']
[0.651s] Level 1:colcon.colcon_core.package_identification:_identify(.) by extension 'colcon_meta'
[0.651s] Level 1:colcon.colcon_core.package_identification:_identify(.) by extensions ['ros']
[0.651s] Level 1:colcon.colcon_core.package_identification:_identify(.) by extension 'ros'
[0.673s] Level 1:colcon.colcon_core.package_identification:_identify(.) by extensions ['cmake', 'python']
[0.673s] Level 1:colcon.colcon_core.package_identification:_identify(.) by extension 'cmake'
[0.673s] Level 1:colcon.colcon_core.package_identification:_identify(.) by extension 'python'
[0.673s] Level 1:colcon.colcon_core.package_identification:_identify(.) by extensions ['python_setup_py']
[0.673s] Level 1:colcon.colcon_core.package_identification:_identify(.) by extension 'python_setup_py'
[0.674s] Level 1:colcon.colcon_core.package_identification:_identify(build) by extensions ['ignore', 'ignore_ament_install']
[0.674s] Level 1:colcon.colcon_core.package_identification:_identify(build) by extension 'ignore'
[0.674s] Level 1:colcon.colcon_core.package_identification:_identify(build) ignored
[0.674s] Level 1:colcon.colcon_core.package_identification:_identify(install) by extensions ['ignore', 'ignore_ament_install']
[0.675s] Level 1:colcon.colcon_core.package_identification:_identify(install) by extension 'ignore'
[0.675s] Level 1:colcon.colcon_core.package_identification:_identify(install) ignored
[0.675s] Level 1:colcon.colcon_core.package_identification:_identify(log) by extensions ['ignore', 'ignore_ament_install']
[0.675s] Level 1:colcon.colcon_core.package_identification:_identify(log) by extension 'ignore'
[0.675s] Level 1:colcon.colcon_core.package_identification:_identify(log) ignored
[0.676s] Level 1:colcon.colcon_core.package_identification:_identify(src) by extensions ['ignore', 'ignore_ament_install']
[0.676s] Level 1:colcon.colcon_core.package_identification:_identify(src) by extension 'ignore'
[0.676s] Level 1:colcon.colcon_core.package_identification:_identify(src) by extension 'ignore_ament_install'
[0.676s] Level 1:colcon.colcon_core.package_identification:_identify(src) by extensions ['colcon_pkg']
[0.676s] Level 1:colcon.colcon_core.package_identification:_identify(src) by extension 'colcon_pkg'
[0.676s] Level 1:colcon.colcon_core.package_identification:_identify(src) by extensions ['colcon_meta']
[0.676s] Level 1:colcon.colcon_core.package_identification:_identify(src) by extension 'colcon_meta'
[0.676s] Level 1:colcon.colcon_core.package_identification:_identify(src) by extensions ['ros']
[0.677s] Level 1:colcon.colcon_core.package_identification:_identify(src) by extension 'ros'
[0.677s] Level 1:colcon.colcon_core.package_identification:_identify(src) by extensions ['cmake', 'python']
[0.677s] Level 1:colcon.colcon_core.package_identification:_identify(src) by extension 'cmake'
[0.677s] Level 1:colcon.colcon_core.package_identification:_identify(src) by extension 'python'
[0.677s] Level 1:colcon.colcon_core.package_identification:_identify(src) by extensions ['python_setup_py']
[0.677s] Level 1:colcon.colcon_core.package_identification:_identify(src) by extension 'python_setup_py'
[0.677s] Level 1:colcon.colcon_core.package_identification:_identify(src/cav_controller) by extensions ['ignore', 'ignore_ament_install']
[0.678s] Level 1:colcon.colcon_core.package_identification:_identify(src/cav_controller) by extension 'ignore'
[0.678s] Level 1:colcon.colcon_core.package_identification:_identify(src/cav_controller) by extension 'ignore_ament_install'
[0.678s] Level 1:colcon.colcon_core.package_identification:_identify(src/cav_controller) by extensions ['colcon_pkg']
[0.678s] Level 1:colcon.colcon_core.package_identification:_identify(src/cav_controller) by extension 'colcon_pkg'
[0.678s] Level 1:colcon.colcon_core.package_identification:_identify(src/cav_controller) by extensions ['colcon_meta']
[0.678s] Level 1:colcon.colcon_core.package_identification:_identify(src/cav_controller) by extension 'colcon_meta'
[0.678s] Level 1:colcon.colcon_core.package_identification:_identify(src/cav_controller) by extensions ['ros']
[0.678s] Level 1:colcon.colcon_core.package_identification:_identify(src/cav_controller) by extension 'ros'
[0.684s] DEBUG:colcon.colcon_core.package_identification:Package 'src/cav_controller' with type 'ros.ament_python' and name 'cav_controller'
[0.684s] Level 1:colcon.colcon_core.package_identification:_identify(src/p3_cpp) by extensions ['ignore', 'ignore_ament_install']
[0.684s] Level 1:colcon.colcon_core.package_identification:_identify(src/p3_cpp) by extension 'ignore'
[0.684s] Level 1:colcon.colcon_core.package_identification:_identify(src/p3_cpp) by extension 'ignore_ament_install'
[0.685s] Level 1:colcon.colcon_core.package_identification:_identify(src/p3_cpp) by extensions ['colcon_pkg']
[0.685s] Level 1:colcon.colcon_core.package_identification:_identify(src/p3_cpp) by extension 'colcon_pkg'
[0.685s] Level 1:colcon.colcon_core.package_identification:_identify(src/p3_cpp) by extensions ['colcon_meta']
[0.685s] Level 1:colcon.colcon_core.package_identification:_identify(src/p3_cpp) by extension 'colcon_meta'
[0.685s] Level 1:colcon.colcon_core.package_identification:_identify(src/p3_cpp) by extensions ['ros']
[0.685s] Level 1:colcon.colcon_core.package_identification:_identify(src/p3_cpp) by extension 'ros'
[0.687s] DEBUG:colcon.colcon_core.package_identification:Package 'src/p3_cpp' with type 'ros.ament_cmake' and name 'p3_cpp'
[0.687s] Level 1:colcon.colcon_core.package_identification:_identify(src/simulator_launch) by extensions ['ignore', 'ignore_ament_install']
[0.687s] Level 1:colcon.colcon_core.package_identification:_identify(src/simulator_launch) by extension 'ignore'
[0.687s] Level 1:colcon.colcon_core.package_identification:_identify(src/simulator_launch) by extension 'ignore_ament_install'
[0.687s] Level 1:colcon.colcon_core.package_identification:_identify(src/simulator_launch) by extensions ['colcon_pkg']
[0.687s] Level 1:colcon.colcon_core.package_identification:_identify(src/simulator_launch) by extension 'colcon_pkg'
[0.688s] Level 1:colcon.colcon_core.package_identification:_identify(src/simulator_launch) by extensions ['colcon_meta']
[0.688s] Level 1:colcon.colcon_core.package_identification:_identify(src/simulator_launch) by extension 'colcon_meta'
[0.688s] Level 1:colcon.colcon_core.package_identification:_identify(src/simulator_launch) by extensions ['ros']
[0.688s] Level 1:colcon.colcon_core.package_identification:_identify(src/simulator_launch) by extension 'ros'
[0.689s] DEBUG:colcon.colcon_core.package_identification:Package 'src/simulator_launch' with type 'ros.ament_cmake' and name 'simulator_launch'
[0.689s] Level 1:colcon.colcon_core.package_identification:_identify(tool) by extensions ['ignore', 'ignore_ament_install']
[0.689s] Level 1:colcon.colcon_core.package_identification:_identify(tool) by extension 'ignore'
[0.689s] Level 1:colcon.colcon_core.package_identification:_identify(tool) by extension 'ignore_ament_install'
[0.690s] Level 1:colcon.colcon_core.package_identification:_identify(tool) by extensions ['colcon_pkg']
[0.690s] Level 1:colcon.colcon_core.package_identification:_identify(tool) by extension 'colcon_pkg'
[0.690s] Level 1:colcon.colcon_core.package_identification:_identify(tool) by extensions ['colcon_meta']
[0.690s] Level 1:colcon.colcon_core.package_identification:_identify(tool) by extension 'colcon_meta'
[0.690s] Level 1:colcon.colcon_core.package_identification:_identify(tool) by extensions ['ros']
[0.690s] Level 1:colcon.colcon_core.package_identification:_identify(tool) by extension 'ros'
[0.690s] Level 1:colcon.colcon_core.package_identification:_identify(tool) by extensions ['cmake', 'python']
[0.690s] Level 1:colcon.colcon_core.package_identification:_identify(tool) by extension 'cmake'
[0.690s] Level 1:colcon.colcon_core.package_identification:_identify(tool) by extension 'python'
[0.690s] Level 1:colcon.colcon_core.package_identification:_identify(tool) by extensions ['python_setup_py']
[0.691s] Level 1:colcon.colcon_core.package_identification:_identify(tool) by extension 'python_setup_py'
[0.691s] Level 1:colcon.colcon_core.package_identification:_identify(tool/waypoint) by extensions ['ignore', 'ignore_ament_install']
[0.691s] Level 1:colcon.colcon_core.package_identification:_identify(tool/waypoint) by extension 'ignore'
[0.691s] Level 1:colcon.colcon_core.package_identification:_identify(tool/waypoint) by extension 'ignore_ament_install'
[0.691s] Level 1:colcon.colcon_core.package_identification:_identify(tool/waypoint) by extensions ['colcon_pkg']
[0.691s] Level 1:colcon.colcon_core.package_identification:_identify(tool/waypoint) by extension 'colcon_pkg'
[0.692s] Level 1:colcon.colcon_core.package_identification:_identify(tool/waypoint) by extensions ['colcon_meta']
[0.692s] Level 1:colcon.colcon_core.package_identification:_identify(tool/waypoint) by extension 'colcon_meta'
[0.692s] Level 1:colcon.colcon_core.package_identification:_identify(tool/waypoint) by extensions ['ros']
[0.692s] Level 1:colcon.colcon_core.package_identification:_identify(tool/waypoint) by extension 'ros'
[0.692s] Level 1:colcon.colcon_core.package_identification:_identify(tool/waypoint) by extensions ['cmake', 'python']
[0.692s] Level 1:colcon.colcon_core.package_identification:_identify(tool/waypoint) by extension 'cmake'
[0.692s] Level 1:colcon.colcon_core.package_identification:_identify(tool/waypoint) by extension 'python'
[0.692s] Level 1:colcon.colcon_core.package_identification:_identify(tool/waypoint) by extensions ['python_setup_py']
[0.692s] Level 1:colcon.colcon_core.package_identification:_identify(tool/waypoint) by extension 'python_setup_py'
[0.693s] Level 1:colcon.colcon_core.package_discovery:discover_packages(recursive) using defaults
[0.693s] Level 1:colcon.colcon_core.package_discovery:discover_packages(ignore) discover
[0.693s] Level 1:colcon.colcon_core.package_discovery:discover_packages(ignore) using defaults
[0.693s] Level 1:colcon.colcon_core.package_discovery:discover_packages(path) discover
[0.693s] Level 1:colcon.colcon_core.package_discovery:discover_packages(path) using defaults
[0.728s] Level 1:colcon.colcon_core.package_discovery:discover_packages(prefix_path) check parameters
[0.729s] Level 1:colcon.colcon_core.package_discovery:discover_packages(prefix_path) discover
[0.733s] DEBUG:colcon.colcon_installed_package_information.package_discovery:Found 3 installed packages in /home/hy/Mobility_Challenge/ros2_ws/install
[0.734s] DEBUG:colcon.colcon_installed_package_information.package_discovery:Found 1 installed packages in /home/hy/Mobility_Challenge/sdk/KAIST_Mobility_Challenge_SDK/examples/Driver_ROS2/install
[0.736s] DEBUG:colcon.colcon_installed_package_information.package_discovery:Found 174 installed packages in /opt/ros/foxy
[0.737s] Level 1:colcon.colcon_core.package_discovery:discover_packages(prefix_path) using defaults
[0.811s] Level 5:colcon.colcon_core.verb:set package 'cav_controller' build argument 'cmake_args' from command line to 'None'
[0.811s] Level 5:colcon.colcon_core.verb:set package 'cav_controller' build argument 'cmake_target' from command line to 'None'
[0.811s] Level 5:colcon.colcon_core.verb:set package 'cav_controller' build argument 'cmake_target_skip_unavailable' from command line to 'False'
[0.812s] Level 5:colcon.colcon_core.verb:set package 'cav_controller' build argument 'cmake_clean_cache' from command line to 'False'
[0.812s] Level 5:colcon.colcon_core.verb:set package 'cav_controller' build argument 'cmake_clean_first' from command line to 'False'
[0.812s] Level 5:colcon.colcon_core.verb:set package 'cav_controller' build argument 'cmake_force_configure' from command line to 'False'
[0.812s] Level 5:colcon.colcon_core.verb:set package 'cav_controller' build argument 'ament_cmake_args' from command line to 'None'
[0.812s] Level 5:colcon.colcon_core.verb:set package 'cav_controller' build argument 'catkin_cmake_args' from command line to 'None'
[0.812s] Level 5:colcon.colcon_core.verb:set package 'cav_controller' build argument 'catkin_skip_building_tests' from command line to 'False'
[0.812s] DEBUG:colcon.colcon_core.verb:Building package 'cav_controller' with the following arguments: {'ament_cmake_args': None, 'build_base': '/home/hy/Mobility_Challenge/ros2_ws/build/cav_controller', 'catkin_cmake_args': None, 'catkin_skip_building_tests': False, 'cmake_args': None, 'cmake_clean_cache': False, 'cmake_clean_first': False, 'cmake_force_configure': False, 'cmake_target': None, 'cmake_target_skip_unavailable': False, 'install_base': '/home/hy/Mobility_Challenge/ros2_ws/install/cav_controller', 'merge_install': False, 'path': '/home/hy/Mobility_Challenge/ros2_ws/src/cav_controller', 'symlink_install': True, 'test_result_base': None}
[0.813s] Level 5:colcon.colcon_core.verb:set package 'p3_cpp' build argument 'cmake_args' from command line to 'None'
[0.813s] Level 5:colcon.colcon_core.verb:set package 'p3_cpp' build argument 'cmake_target' from command line to 'None'
[0.813s] Level 5:colcon.colcon_core.verb:set package 'p3_cpp' build argument 'cmake_target_skip_unavailable' from command line to 'False'
[0.813s] Level 5:colcon.colcon_core.verb:set package 'p3_cpp' build argument 'cmake_clean_cache' from command line to 'False'
[0.813s] Level 5:colcon.colcon_core.verb:set package 'p3_cpp' build argument 'cmake_clean_first' from command line to 'False'
[0.813s] Level 5:colcon.colcon_core.verb:set package 'p3_cpp' build argument 'cmake_force_configure' from command line to 'False'
[0.813s] Level 5:colcon.colcon_core.verb:set package 'p3_cpp' build argument 'ament_cmake_args' from command line to 'None'
[0.813s] Level 5:colcon.colcon_core.verb:set package 'p3_cpp' build argument 'catkin_cmake_args' from command line to 'None'
[0.813s] Level 5:colcon.colcon_core.verb:set package 'p3_cpp' build argument 'catkin_skip_building_tests' from command line to 'False'
[0.813s] DEBUG:colcon.colcon_core.verb:Building package 'p3_cpp' with the following arguments: {'ament_cmake_args': None, 'build_base': '/home/hy/Mobility_Challenge/ros2_ws/build/p3_cpp', 'catkin_cmake_args': None, 'catkin_skip_building_tests': False, 'cmake_args': None, 'cmake_clean_cache': False, 'cmake_clean_first': False, 'cmake_force_configure': False, 'cmake_target': None, 'cmake_target_skip_unavailable': False, 'install_base': '/home/hy/Mobility_Challenge/ros2_ws/install/p3_cpp', 'merge_install': False, 'path': '/home/hy/Mobility_Challenge/ros2_ws/src/p3_cpp', 'symlink_install': True, 'test_result_base': None}
[0.814s] Level 5:colcon.colcon_core.verb:set package 'simulator_launch' build argument 'cmake_args' from command line to 'None'
[0.814s] Level 5:colcon.colcon_core.verb:set package 'simulator_launch' build argument 'cmake_target' from command line to 'None'
[0.814s] Level 5:colcon.colcon_core.verb:set package 'simulator_launch' build argument 'cmake_target_skip_unavailable' from command line to 'False'
[0.814s] Level 5:colcon.colcon_core.verb:set package 'simulator_launch' build argument 'cmake_clean_cache' from command line to 'False'
[0.814s] Level 5:colcon.colcon_core.verb:set package 'simulator_launch' build argument 'cmake_clean_first' from command line to 'False'
[0.814s] Level 5:colcon.colcon_core.verb:set package 'simulator_launch' build argument 'cmake_force_configure' from command line to 'False'
[0.814s] Level 5:colcon.colcon_core.verb:set package 'simulator_launch' build argument 'ament_cmake_args' from command line to 'None'
[0.814s] Level 5:colcon.colcon_core.verb:set package 'simulator_launch' build argument 'catkin_cmake_args' from command line to 'None'
[0.814s] Level 5:colcon.colcon_core.verb:set package 'simulator_launch' build argument 'catkin_skip_building_tests' from command line to 'False'
[0.815s] DEBUG:colcon.colcon_core.verb:Building package 'simulator_launch' with the following arguments: {'ament_cmake_args': None, 'build_base': '/home/hy/Mobility_Challenge/ros2_ws/build/simulator_launch', 'catkin_cmake_args': None, 'catkin_skip_building_tests': False, 'cmake_args': None, 'cmake_clean_cache': False, 'cmake_clean_first': False, 'cmake_force_configure': False, 'cmake_target': None, 'cmake_target_skip_unavailable': False, 'install_base': '/home/hy/Mobility_Challenge/ros2_ws/install/simulator_launch', 'merge_install': False, 'path': '/home/hy/Mobility_Challenge/ros2_ws/src/simulator_launch', 'symlink_install': True, 'test_result_base': None}
[0.815s] INFO:colcon.colcon_core.executor:Executing jobs using 'parallel' executor
[0.817s] DEBUG:colcon.colcon_parallel_executor.executor.parallel:run_until_complete
[0.818s] INFO:colcon.colcon_ros.task.ament_python.build:Building ROS package in '/home/hy/Mobility_Challenge/ros2_ws/src/cav_controller' with build type 'ament_python'
[0.818s] Level 1:colcon.colcon_core.shell:create_environment_hook('cav_controller', 'ament_prefix_path')
[0.822s] INFO:colcon.colcon_core.plugin_system:Skipping extension 'colcon_core.shell.bat': Not used on non-Windows systems
[0.823s] INFO:colcon.colcon_core.shell:Creating environment hook '/home/hy/Mobility_Challenge/ros2_ws/install/cav_controller/share/cav_controller/hook/ament_prefix_path.ps1'
[0.824s] INFO:colcon.colcon_core.shell:Creating environment descriptor '/home/hy/Mobility_Challenge/ros2_ws/install/cav_controller/share/cav_controller/hook/ament_prefix_path.dsv'
[0.826s] INFO:colcon.colcon_core.shell:Creating environment hook '/home/hy/Mobility_Challenge/ros2_ws/install/cav_controller/share/cav_controller/hook/ament_prefix_path.sh'
[0.828s] INFO:colcon.colcon_core.shell:Skip shell extension 'powershell' for command environment: Not usable outside of PowerShell
[0.828s] DEBUG:colcon.colcon_core.shell:Skip shell extension 'dsv' for command environment
[0.839s] INFO:colcon.colcon_ros.task.ament_cmake.build:Building ROS package in '/home/hy/Mobility_Challenge/ros2_ws/src/p3_cpp' with build type 'ament_cmake'
[0.839s] INFO:colcon.colcon_cmake.task.cmake.build:Building CMake package in '/home/hy/Mobility_Challenge/ros2_ws/src/p3_cpp'
[0.840s] INFO:colcon.colcon_core.shell:Skip shell extension 'powershell' for command environment: Not usable outside of PowerShell
[0.841s] DEBUG:colcon.colcon_core.shell:Skip shell extension 'dsv' for command environment
[0.850s] INFO:colcon.colcon_ros.task.ament_cmake.build:Building ROS package in '/home/hy/Mobility_Challenge/ros2_ws/src/simulator_launch' with build type 'ament_cmake'
[0.851s] INFO:colcon.colcon_cmake.task.cmake.build:Building CMake package in '/home/hy/Mobility_Challenge/ros2_ws/src/simulator_launch'
[0.852s] INFO:colcon.colcon_core.shell:Skip shell extension 'powershell' for command environment: Not usable outside of PowerShell
[0.852s] DEBUG:colcon.colcon_core.shell:Skip shell extension 'dsv' for command environment
[1.315s] INFO:colcon.colcon_core.task.python.build:Building Python package in '/home/hy/Mobility_Challenge/ros2_ws/src/cav_controller'
[1.316s] INFO:colcon.colcon_core.shell:Skip shell extension 'powershell' for command environment: Not usable outside of PowerShell
[1.316s] DEBUG:colcon.colcon_core.shell:Skip shell extension 'dsv' for command environment
[1.336s] DEBUG:colcon.colcon_core.event_handler.log_command:Invoking command in '/home/hy/Mobility_Challenge/ros2_ws/build/p3_cpp': CMAKE_PREFIX_PATH=${CMAKE_PREFIX_PATH}:/home/hy/Mobility_Challenge/ros2_ws/install/cav_controller:/opt/ros/foxy /usr/bin/cmake --build /home/hy/Mobility_Challenge/ros2_ws/build/p3_cpp -- -j4 -l4
[1.351s] DEBUG:colcon.colcon_core.event_handler.log_command:Invoking command in '/home/hy/Mobility_Challenge/ros2_ws/build/simulator_launch': CMAKE_PREFIX_PATH=${CMAKE_PREFIX_PATH}:/home/hy/Mobility_Challenge/ros2_ws/install/cav_controller:/opt/ros/foxy /usr/bin/cmake --build /home/hy/Mobility_Challenge/ros2_ws/build/simulator_launch -- -j4 -l4
[1.433s] DEBUG:colcon.colcon_core.event_handler.log_command:Invoked command in '/home/hy/Mobility_Challenge/ros2_ws/build/simulator_launch' returned '0': CMAKE_PREFIX_PATH=${CMAKE_PREFIX_PATH}:/home/hy/Mobility_Challenge/ros2_ws/install/cav_controller:/opt/ros/foxy /usr/bin/cmake --build /home/hy/Mobility_Challenge/ros2_ws/build/simulator_launch -- -j4 -l4
[1.465s] DEBUG:colcon.colcon_core.event_handler.log_command:Invoking command in '/home/hy/Mobility_Challenge/ros2_ws/build/simulator_launch': CMAKE_PREFIX_PATH=${CMAKE_PREFIX_PATH}:/home/hy/Mobility_Challenge/ros2_ws/install/cav_controller:/opt/ros/foxy /usr/bin/cmake --install /home/hy/Mobility_Challenge/ros2_ws/build/simulator_launch
[1.503s] DEBUG:colcon.colcon_core.event_handler.log_command:Invoked command in '/home/hy/Mobility_Challenge/ros2_ws/build/p3_cpp' returned '0': CMAKE_PREFIX_PATH=${CMAKE_PREFIX_PATH}:/home/hy/Mobility_Challenge/ros2_ws/install/cav_controller:/opt/ros/foxy /usr/bin/cmake --build /home/hy/Mobility_Challenge/ros2_ws/build/p3_cpp -- -j4 -l4
[1.505s] DEBUG:colcon.colcon_core.event_handler.log_command:Invoking command in '/home/hy/Mobility_Challenge/ros2_ws/build/p3_cpp': CMAKE_PREFIX_PATH=${CMAKE_PREFIX_PATH}:/home/hy/Mobility_Challenge/ros2_ws/install/cav_controller:/opt/ros/foxy /usr/bin/cmake --install /home/hy/Mobility_Challenge/ros2_ws/build/p3_cpp
[1.522s] Level 1:colcon.colcon_core.environment:create_environment_scripts_only(simulator_launch)
[1.526s] DEBUG:colcon.colcon_core.event_handler.log_command:Invoked command in '/home/hy/Mobility_Challenge/ros2_ws/build/simulator_launch' returned '0': CMAKE_PREFIX_PATH=${CMAKE_PREFIX_PATH}:/home/hy/Mobility_Challenge/ros2_ws/install/cav_controller:/opt/ros/foxy /usr/bin/cmake --install /home/hy/Mobility_Challenge/ros2_ws/build/simulator_launch
[1.535s] Level 1:colcon.colcon_core.environment:checking '/home/hy/Mobility_Challenge/ros2_ws/install/simulator_launch' for CMake module files
[1.538s] Level 1:colcon.colcon_core.environment:checking '/home/hy/Mobility_Challenge/ros2_ws/install/simulator_launch' for CMake config files
[1.542s] Level 1:colcon.colcon_core.shell:create_environment_hook('simulator_launch', 'cmake_prefix_path')
[1.542s] INFO:colcon.colcon_core.shell:Creating environment hook '/home/hy/Mobility_Challenge/ros2_ws/install/simulator_launch/share/simulator_launch/hook/cmake_prefix_path.ps1'
[1.544s] INFO:colcon.colcon_core.shell:Creating environment descriptor '/home/hy/Mobility_Challenge/ros2_ws/install/simulator_launch/share/simulator_launch/hook/cmake_prefix_path.dsv'
[1.545s] INFO:colcon.colcon_core.shell:Creating environment hook '/home/hy/Mobility_Challenge/ros2_ws/install/simulator_launch/share/simulator_launch/hook/cmake_prefix_path.sh'
[1.551s] Level 1:colcon.colcon_core.environment:checking '/home/hy/Mobility_Challenge/ros2_ws/install/simulator_launch/bin'
[1.551s] Level 1:colcon.colcon_core.environment:checking '/home/hy/Mobility_Challenge/ros2_ws/install/simulator_launch/lib/pkgconfig/simulator_launch.pc'
[1.552s] Level 1:colcon.colcon_core.environment:checking '/home/hy/Mobility_Challenge/ros2_ws/install/simulator_launch/lib/python3.8/site-packages'
[1.552s] Level 1:colcon.colcon_core.environment:checking '/home/hy/Mobility_Challenge/ros2_ws/install/simulator_launch/bin'
[1.553s] INFO:colcon.colcon_core.shell:Creating package script '/home/hy/Mobility_Challenge/ros2_ws/install/simulator_launch/share/simulator_launch/package.ps1'
[1.555s] INFO:colcon.colcon_core.shell:Creating package descriptor '/home/hy/Mobility_Challenge/ros2_ws/install/simulator_launch/share/simulator_launch/package.dsv'
[1.556s] INFO:colcon.colcon_core.shell:Creating package script '/home/hy/Mobility_Challenge/ros2_ws/install/simulator_launch/share/simulator_launch/package.sh'
[1.558s] INFO:colcon.colcon_core.shell:Creating package script '/home/hy/Mobility_Challenge/ros2_ws/install/simulator_launch/share/simulator_launch/package.bash'
[1.560s] INFO:colcon.colcon_core.shell:Creating package script '/home/hy/Mobility_Challenge/ros2_ws/install/simulator_launch/share/simulator_launch/package.zsh'
[1.561s] Level 1:colcon.colcon_core.environment:create_file_with_runtime_dependencies(/home/hy/Mobility_Challenge/ros2_ws/install/simulator_launch/share/colcon-core/packages/simulator_launch)
[1.575s] Level 1:colcon.colcon_core.environment:create_environment_scripts_only(simulator_launch)
[1.575s] Level 1:colcon.colcon_core.environment:checking '/home/hy/Mobility_Challenge/ros2_ws/install/simulator_launch' for CMake module files
[1.576s] Level 1:colcon.colcon_core.environment:checking '/home/hy/Mobility_Challenge/ros2_ws/install/simulator_launch' for CMake config files
[1.577s] Level 1:colcon.colcon_core.shell:create_environment_hook('simulator_launch', 'cmake_prefix_path')
[1.577s] INFO:colcon.colcon_core.shell:Creating environment hook '/home/hy/Mobility_Challenge/ros2_ws/install/simulator_launch/share/simulator_launch/hook/cmake_prefix_path.ps1'
[1.579s] INFO:colcon.colcon_core.shell:Creating environment descriptor '/home/hy/Mobility_Challenge/ros2_ws/install/simulator_launch/share/simulator_launch/hook/cmake_prefix_path.dsv'
[1.580s] INFO:colcon.colcon_core.shell:Creating environment hook '/home/hy/Mobility_Challenge/ros2_ws/install/simulator_launch/share/simulator_launch/hook/cmake_prefix_path.sh'
[1.581s] Level 1:colcon.colcon_core.environment:checking '/home/hy/Mobility_Challenge/ros2_ws/install/simulator_launch/bin'
[1.581s] Level 1:colcon.colcon_core.environment:checking '/home/hy/Mobility_Challenge/ros2_ws/install/simulator_launch/lib/pkgconfig/simulator_launch.pc'
[1.581s] Level 1:colcon.colcon_core.environment:checking '/home/hy/Mobility_Challenge/ros2_ws/install/simulator_launch/lib/python3.8/site-packages'
[1.582s] Level 1:colcon.colcon_core.environment:checking '/home/hy/Mobility_Challenge/ros2_ws/install/simulator_launch/bin'
[1.583s] INFO:colcon.colcon_core.shell:Creating package script '/home/hy/Mobility_Challenge/ros2_ws/install/simulator_launch/share/simulator_launch/package.ps1'
[1.584s] INFO:colcon.colcon_core.shell:Creating package descriptor '/home/hy/Mobility_Challenge/ros2_ws/install/simulator_launch/share/simulator_launch/package.dsv'
[1.585s] INFO:colcon.colcon_core.shell:Creating package script '/home/hy/Mobility_Challenge/ros2_ws/install/simulator_launch/share/simulator_launch/package.sh'
[1.587s] INFO:colcon.colcon_core.shell:Creating package script '/home/hy/Mobility_Challenge/ros2_ws/install/simulator_launch/share/simulator_launch/package.bash'
[1.588s] INFO:colcon.colcon_core.shell:Creating package script '/home/hy/Mobility_Challenge/ros2_ws/install/simulator_launch/share/simulator_launch/package.zsh'
[1.589s] Level 1:colcon.colcon_core.environment:create_file_with_runtime_dependencies(/home/hy/Mobility_Challenge/ros2_ws/install/simulator_launch/share/colcon-core/packages/simulator_launch)
[1.596s] Level 1:colcon.colcon_core.environment:create_environment_scripts_only(p3_cpp)
[1.597s] Level 1:colcon.colcon_core.environment:checking '/home/hy/Mobility_Challenge/ros2_ws/install/p3_cpp' for CMake module files
[1.598s] DEBUG:colcon.colcon_core.event_handler.log_command:Invoked command in '/home/hy/Mobility_Challenge/ros2_ws/build/p3_cpp' returned '0': CMAKE_PREFIX_PATH=${CMAKE_PREFIX_PATH}:/home/hy/Mobility_Challenge/ros2_ws/install/cav_controller:/opt/ros/foxy /usr/bin/cmake --install /home/hy/Mobility_Challenge/ros2_ws/build/p3_cpp
[1.599s] Level 1:colcon.colcon_core.environment:checking '/home/hy/Mobility_Challenge/ros2_ws/install/p3_cpp' for CMake config files
[1.599s] Level 1:colcon.colcon_core.shell:create_environment_hook('p3_cpp', 'cmake_prefix_path')
[1.600s] INFO:colcon.colcon_core.shell:Creating environment hook '/home/hy/Mobility_Challenge/ros2_ws/install/p3_cpp/share/p3_cpp/hook/cmake_prefix_path.ps1'
[1.601s] INFO:colcon.colcon_core.shell:Creating environment descriptor '/home/hy/Mobility_Challenge/ros2_ws/install/p3_cpp/share/p3_cpp/hook/cmake_prefix_path.dsv'
[1.602s] INFO:colcon.colcon_core.shell:Creating environment hook '/home/hy/Mobility_Challenge/ros2_ws/install/p3_cpp/share/p3_cpp/hook/cmake_prefix_path.sh'
[1.603s] Level 1:colcon.colcon_core.environment:checking '/home/hy/Mobility_Challenge/ros2_ws/install/p3_cpp/lib'
[1.603s] Level 1:colcon.colcon_core.environment:checking '/home/hy/Mobility_Challenge/ros2_ws/install/p3_cpp/bin'
[1.604s] Level 1:colcon.colcon_core.environment:checking '/home/hy/Mobility_Challenge/ros2_ws/install/p3_cpp/lib/pkgconfig/p3_cpp.pc'
[1.604s] Level 1:colcon.colcon_core.environment:checking '/home/hy/Mobility_Challenge/ros2_ws/install/p3_cpp/lib/python3.8/site-packages'
[1.605s] Level 1:colcon.colcon_core.environment:checking '/home/hy/Mobility_Challenge/ros2_ws/install/p3_cpp/bin'
[1.605s] INFO:colcon.colcon_core.shell:Creating package script '/home/hy/Mobility_Challenge/ros2_ws/install/p3_cpp/share/p3_cpp/package.ps1'
[1.606s] INFO:colcon.colcon_core.shell:Creating package descriptor '/home/hy/Mobility_Challenge/ros2_ws/install/p3_cpp/share/p3_cpp/package.dsv'
[1.607s] INFO:colcon.colcon_core.shell:Creating package script '/home/hy/Mobility_Challenge/ros2_ws/install/p3_cpp/share/p3_cpp/package.sh'
[1.608s] INFO:colcon.colcon_core.shell:Creating package script '/home/hy/Mobility_Challenge/ros2_ws/install/p3_cpp/share/p3_cpp/package.bash'
[1.609s] INFO:colcon.colcon_core.shell:Creating package script '/home/hy/Mobility_Challenge/ros2_ws/install/p3_cpp/share/p3_cpp/package.zsh'
[1.610s] Level 1:colcon.colcon_core.environment:create_file_with_runtime_dependencies(/home/hy/Mobility_Challenge/ros2_ws/install/p3_cpp/share/colcon-core/packages/p3_cpp)
[1.611s] Level 1:colcon.colcon_core.environment:create_environment_scripts_only(p3_cpp)
[1.612s] Level 1:colcon.colcon_core.environment:checking '/home/hy/Mobility_Challenge/ros2_ws/install/p3_cpp' for CMake module files
[1.613s] Level 1:colcon.colcon_core.environment:checking '/home/hy/Mobility_Challenge/ros2_ws/install/p3_cpp' for CMake config files
[1.613s] Level 1:colcon.colcon_core.shell:create_environment_hook('p3_cpp', 'cmake_prefix_path')
[1.614s] INFO:colcon.colcon_core.shell:Creating environment hook '/home/hy/Mobility_Challenge/ros2_ws/install/p3_cpp/share/p3_cpp/hook/cmake_prefix_path.ps1'
[1.615s] INFO:colcon.colcon_core.shell:Creating environment descriptor '/home/hy/Mobility_Challenge/ros2_ws/install/p3_cpp/share/p3_cpp/hook/cmake_prefix_path.dsv'
[1.615s] INFO:colcon.colcon_core.shell:Creating environment hook '/home/hy/Mobility_Challenge/ros2_ws/install/p3_cpp/share/p3_cpp/hook/cmake_prefix_path.sh'
[1.617s] Level 1:colcon.colcon_core.environment:checking '/home/hy/Mobility_Challenge/ros2_ws/install/p3_cpp/lib'
[1.617s] Level 1:colcon.colcon_core.environment:checking '/home/hy/Mobility_Challenge/ros2_ws/install/p3_cpp/bin'
[1.617s] Level 1:colcon.colcon_core.environment:checking '/home/hy/Mobility_Challenge/ros2_ws/install/p3_cpp/lib/pkgconfig/p3_cpp.pc'
[1.617s] Level 1:colcon.colcon_core.environment:checking '/home/hy/Mobility_Challenge/ros2_ws/install/p3_cpp/lib/python3.8/site-packages'
[1.618s] Level 1:colcon.colcon_core.environment:checking '/home/hy/Mobility_Challenge/ros2_ws/install/p3_cpp/bin'
[1.619s] INFO:colcon.colcon_core.shell:Creating package script '/home/hy/Mobility_Challenge/ros2_ws/install/p3_cpp/share/p3_cpp/package.ps1'
[1.620s] INFO:colcon.colcon_core.shell:Creating package descriptor '/home/hy/Mobility_Challenge/ros2_ws/install/p3_cpp/share/p3_cpp/package.dsv'
[1.621s] INFO:colcon.colcon_core.shell:Creating package script '/home/hy/Mobility_Challenge/ros2_ws/install/p3_cpp/share/p3_cpp/package.sh'
[1.622s] INFO:colcon.colcon_core.shell:Creating package script '/home/hy/Mobility_Challenge/ros2_ws/install/p3_cpp/share/p3_cpp/package.bash'
[1.623s] INFO:colcon.colcon_core.shell:Creating package script '/home/hy/Mobility_Challenge/ros2_ws/install/p3_cpp/share/p3_cpp/package.zsh'
[1.624s] Level 1:colcon.colcon_core.environment:create_file_with_runtime_dependencies(/home/hy/Mobility_Challenge/ros2_ws/install/p3_cpp/share/colcon-core/packages/p3_cpp)
[2.071s] DEBUG:colcon.colcon_core.event_handler.log_command:Invoking command in '/home/hy/Mobility_Challenge/ros2_ws/build/cav_controller': PYTHONPATH=/home/hy/Mobility_Challenge/ros2_ws/build/cav_controller/prefix_override:/usr/lib/python3/dist-packages/colcon_core/task/python/colcon_distutils_commands:/home/hy/Mobility_Challenge/ros2_ws/install/cav_controller/lib/python3.8/site-packages:${PYTHONPATH} /usr/bin/python3 -W ignore:setup.py install is deprecated -W ignore:easy_install command is deprecated setup.py develop --editable --build-directory /home/hy/Mobility_Challenge/ros2_ws/build/cav_controller/build --no-deps symlink_data
[2.864s] Level 1:colcon.colcon_core.shell:create_environment_hook('cav_controller', 'pythonpath_develop')
[2.865s] INFO:colcon.colcon_core.shell:Creating environment hook '/home/hy/Mobility_Challenge/ros2_ws/build/cav_controller/share/cav_controller/hook/pythonpath_develop.ps1'
[2.867s] DEBUG:colcon.colcon_core.event_handler.log_command:Invoked command in '/home/hy/Mobility_Challenge/ros2_ws/build/cav_controller' returned '0': PYTHONPATH=/home/hy/Mobility_Challenge/ros2_ws/build/cav_controller/prefix_override:/usr/lib/python3/dist-packages/colcon_core/task/python/colcon_distutils_commands:/home/hy/Mobility_Challenge/ros2_ws/install/cav_controller/lib/python3.8/site-packages:${PYTHONPATH} /usr/bin/python3 -W ignore:setup.py install is deprecated -W ignore:easy_install command is deprecated setup.py develop --editable --build-directory /home/hy/Mobility_Challenge/ros2_ws/build/cav_controller/build --no-deps symlink_data
[2.869s] INFO:colcon.colcon_core.shell:Creating environment descriptor '/home/hy/Mobility_Challenge/ros2_ws/build/cav_controller/share/cav_controller/hook/pythonpath_develop.dsv'
[2.870s] INFO:colcon.colcon_core.shell:Creating environment hook '/home/hy/Mobility_Challenge/ros2_ws/build/cav_controller/share/cav_controller/hook/pythonpath_develop.sh'
[2.871s] Level 1:colcon.colcon_core.environment:checking '/home/hy/Mobility_Challenge/ros2_ws/install/cav_controller' for CMake module files
[2.873s] Level 1:colcon.colcon_core.environment:checking '/home/hy/Mobility_Challenge/ros2_ws/install/cav_controller' for CMake config files
[2.875s] Level 1:colcon.colcon_core.environment:checking '/home/hy/Mobility_Challenge/ros2_ws/install/cav_controller/lib'
[2.875s] Level 1:colcon.colcon_core.environment:checking '/home/hy/Mobility_Challenge/ros2_ws/install/cav_controller/bin'
[2.876s] Level 1:colcon.colcon_core.environment:checking '/home/hy/Mobility_Challenge/ros2_ws/install/cav_controller/lib/pkgconfig/cav_controller.pc'
[2.877s] Level 1:colcon.colcon_core.environment:checking '/home/hy/Mobility_Challenge/ros2_ws/install/cav_controller/lib/python3.8/site-packages'
[2.877s] Level 1:colcon.colcon_core.shell:create_environment_hook('cav_controller', 'pythonpath')
[2.878s] INFO:colcon.colcon_core.shell:Creating environment hook '/home/hy/Mobility_Challenge/ros2_ws/install/cav_controller/share/cav_controller/hook/pythonpath.ps1'
[2.879s] INFO:colcon.colcon_core.shell:Creating environment descriptor '/home/hy/Mobility_Challenge/ros2_ws/install/cav_controller/share/cav_controller/hook/pythonpath.dsv'
[2.881s] INFO:colcon.colcon_core.shell:Creating environment hook '/home/hy/Mobility_Challenge/ros2_ws/install/cav_controller/share/cav_controller/hook/pythonpath.sh'
[2.882s] Level 1:colcon.colcon_core.environment:checking '/home/hy/Mobility_Challenge/ros2_ws/install/cav_controller/bin'
[2.882s] Level 1:colcon.colcon_core.environment:create_environment_scripts_only(cav_controller)
[2.883s] INFO:colcon.colcon_core.shell:Creating package script '/home/hy/Mobility_Challenge/ros2_ws/install/cav_controller/share/cav_controller/package.ps1'
[2.885s] INFO:colcon.colcon_core.shell:Creating package descriptor '/home/hy/Mobility_Challenge/ros2_ws/install/cav_controller/share/cav_controller/package.dsv'
[2.887s] INFO:colcon.colcon_core.shell:Creating package script '/home/hy/Mobility_Challenge/ros2_ws/install/cav_controller/share/cav_controller/package.sh'
[2.888s] INFO:colcon.colcon_core.shell:Creating package script '/home/hy/Mobility_Challenge/ros2_ws/install/cav_controller/share/cav_controller/package.bash'
[2.890s] INFO:colcon.colcon_core.shell:Creating package script '/home/hy/Mobility_Challenge/ros2_ws/install/cav_controller/share/cav_controller/package.zsh'
[2.891s] Level 1:colcon.colcon_core.environment:create_file_with_runtime_dependencies(/home/hy/Mobility_Challenge/ros2_ws/install/cav_controller/share/colcon-core/packages/cav_controller)
[2.892s] DEBUG:colcon.colcon_parallel_executor.executor.parallel:closing loop
[2.893s] DEBUG:colcon.colcon_parallel_executor.executor.parallel:loop closed
[2.893s] DEBUG:colcon.colcon_parallel_executor.executor.parallel:run_until_complete finished with '0'
[2.894s] DEBUG:colcon.colcon_core.event_reactor:joining thread
[2.910s] INFO:colcon.colcon_core.plugin_system:Skipping extension 'colcon_notification.desktop_notification.terminal_notifier': Not used on non-Darwin systems
[2.910s] INFO:colcon.colcon_core.plugin_system:Skipping extension 'colcon_notification.desktop_notification.win32': Not used on non-Windows systems
[2.910s] INFO:colcon.colcon_notification.desktop_notification:Sending desktop notification using 'notify2'
[2.934s] DEBUG:colcon.colcon_notification.desktop_notification.notify2:Failed to initialize notify2: org.freedesktop.DBus.Error.Spawn.ChildExited: Process org.freedesktop.Notifications exited with status 1
[2.935s] DEBUG:colcon.colcon_core.event_reactor:joined thread
[2.936s] INFO:colcon.colcon_core.shell:Creating prefix script '/home/hy/Mobility_Challenge/ros2_ws/install/local_setup.ps1'
[2.940s] INFO:colcon.colcon_core.shell:Creating prefix util module '/home/hy/Mobility_Challenge/ros2_ws/install/_local_setup_util_ps1.py'
[2.944s] INFO:colcon.colcon_core.shell:Creating prefix chain script '/home/hy/Mobility_Challenge/ros2_ws/install/setup.ps1'
[2.948s] INFO:colcon.colcon_core.shell:Creating prefix script '/home/hy/Mobility_Challenge/ros2_ws/install/local_setup.sh'
[2.950s] INFO:colcon.colcon_core.shell:Creating prefix util module '/home/hy/Mobility_Challenge/ros2_ws/install/_local_setup_util_sh.py'
[2.951s] INFO:colcon.colcon_core.shell:Creating prefix chain script '/home/hy/Mobility_Challenge/ros2_ws/install/setup.sh'
[2.955s] INFO:colcon.colcon_core.shell:Creating prefix script '/home/hy/Mobility_Challenge/ros2_ws/install/local_setup.bash'
[2.956s] INFO:colcon.colcon_core.shell:Creating prefix chain script '/home/hy/Mobility_Challenge/ros2_ws/install/setup.bash'
[2.960s] INFO:colcon.colcon_core.shell:Creating prefix script '/home/hy/Mobility_Challenge/ros2_ws/install/local_setup.zsh'
[2.961s] INFO:colcon.colcon_core.shell:Creating prefix chain script '/home/hy/Mobility_Challenge/ros2_ws/install/setup.zsh'
