[0.486s] Invoking command in '/home/hy/Mobility_Challenge/ros2_ws/build/simulator_launch': CMAKE_PREFIX_PATH=/opt/ros/foxy /usr/bin/cmake --build /home/hy/Mobility_Challenge/ros2_ws/build/simulator_launch -- -j4 -l4
[0.567s] Invoked command in '/home/hy/Mobility_Challenge/ros2_ws/build/simulator_launch' returned '0': CMAKE_PREFIX_PATH=/opt/ros/foxy /usr/bin/cmake --build /home/hy/Mobility_Challenge/ros2_ws/build/simulator_launch -- -j4 -l4
[0.596s] Invoking command in '/home/hy/Mobility_Challenge/ros2_ws/build/simulator_launch': CMAKE_PREFIX_PATH=/opt/ros/foxy /usr/bin/cmake --install /home/hy/Mobility_Challenge/ros2_ws/build/simulator_launch
[0.616s] -- Install configuration: ""
[0.617s] -- Execute custom install script
[0.617s] -- Up-to-date symlink: /home/hy/Mobility_Challenge/ros2_ws/install/simulator_launch/share/simulator_launch/launch/simulator_launch.py
[0.618s] -- Up-to-date symlink: /home/hy/Mobility_Challenge/ros2_ws/install/simulator_launch/share/ament_index/resource_index/package_run_dependencies/simulator_launch
[0.619s] -- Up-to-date symlink: /home/hy/Mobility_Challenge/ros2_ws/install/simulator_launch/share/ament_index/resource_index/parent_prefix_path/simulator_launch
[0.620s] -- Up-to-date symlink: /home/hy/Mobility_Challenge/ros2_ws/install/simulator_launch/share/simulator_launch/environment/ament_prefix_path.sh
[0.621s] -- Up-to-date symlink: /home/hy/Mobility_Challenge/ros2_ws/install/simulator_launch/share/simulator_launch/environment/ament_prefix_path.dsv
[0.621s] -- Up-to-date symlink: /home/hy/Mobility_Challenge/ros2_ws/install/simulator_launch/share/simulator_launch/environment/path.sh
[0.622s] -- Up-to-date symlink: /home/hy/Mobility_Challenge/ros2_ws/install/simulator_launch/share/simulator_launch/environment/path.dsv
[0.622s] -- Up-to-date symlink: /home/hy/Mobility_Challenge/ros2_ws/install/simulator_launch/share/simulator_launch/local_setup.bash
[0.623s] -- Up-to-date symlink: /home/hy/Mobility_Challenge/ros2_ws/install/simulator_launch/share/simulator_launch/local_setup.sh
[0.624s] -- Up-to-date symlink: /home/hy/Mobility_Challenge/ros2_ws/install/simulator_launch/share/simulator_launch/local_setup.zsh
[0.624s] -- Up-to-date symlink: /home/hy/Mobility_Challenge/ros2_ws/install/simulator_launch/share/simulator_launch/local_setup.dsv
[0.626s] -- Symlinking: /home/hy/Mobility_Challenge/ros2_ws/install/simulator_launch/share/simulator_launch/package.dsv
[0.646s] -- Up-to-date symlink: /home/hy/Mobility_Challenge/ros2_ws/install/simulator_launch/share/ament_index/resource_index/packages/simulator_launch
[0.646s] -- Up-to-date symlink: /home/hy/Mobility_Challenge/ros2_ws/install/simulator_launch/share/simulator_launch/cmake/simulator_launchConfig.cmake
[0.646s] -- Up-to-date symlink: /home/hy/Mobility_Challenge/ros2_ws/install/simulator_launch/share/simulator_launch/cmake/simulator_launchConfig-version.cmake
[0.647s] -- Up-to-date symlink: /home/hy/Mobility_Challenge/ros2_ws/install/simulator_launch/share/simulator_launch/package.xml
[0.652s] Invoked command in '/home/hy/Mobility_Challenge/ros2_ws/build/simulator_launch' returned '0': CMAKE_PREFIX_PATH=/opt/ros/foxy /usr/bin/cmake --install /home/hy/Mobility_Challenge/ros2_ws/build/simulator_launch
