[1.340s] Invoking command in '/home/hy/Mobility_Challenge/ros2_ws/src/cav_controller': PYTHONPATH=/home/hy/Mobility_Challenge/build/cav_controller/prefix_override:/usr/lib/python3/dist-packages/colcon_core/task/python/colcon_distutils_commands:/home/hy/Mobility_Challenge/install/cav_controller/lib/python3.8/site-packages:${PYTHONPATH} /usr/bin/python3 -W ignore:setup.py install is deprecated -W ignore:easy_install command is deprecated setup.py egg_info --egg-base ../../../build/cav_controller build --build-base /home/hy/Mobility_Challenge/build/cav_controller/build install --record /home/hy/Mobility_Challenge/build/cav_controller/install.log --install-scripts $base/lib/cav_controller --single-version-externally-managed install_data
[1.757s] running egg_info
[1.758s] creating ../../../build/cav_controller/cav_controller.egg-info
[1.759s] writing ../../../build/cav_controller/cav_controller.egg-info/PKG-INFO
[1.759s] writing dependency_links to ../../../build/cav_controller/cav_controller.egg-info/dependency_links.txt
[1.759s] writing entry points to ../../../build/cav_controller/cav_controller.egg-info/entry_points.txt
[1.760s] writing requirements to ../../../build/cav_controller/cav_controller.egg-info/requires.txt
[1.760s] writing top-level names to ../../../build/cav_controller/cav_controller.egg-info/top_level.txt
[1.763s] writing manifest file '../../../build/cav_controller/cav_controller.egg-info/SOURCES.txt'
[1.826s] reading manifest file '../../../build/cav_controller/cav_controller.egg-info/SOURCES.txt'
[1.828s] writing manifest file '../../../build/cav_controller/cav_controller.egg-info/SOURCES.txt'
[1.829s] running build
[1.829s] running build_py
[1.829s] creating /home/hy/Mobility_Challenge/build/cav_controller/build
[1.829s] creating /home/hy/Mobility_Challenge/build/cav_controller/build/lib
[1.829s] creating /home/hy/Mobility_Challenge/build/cav_controller/build/lib/cav_controller
[1.830s] copying cav_controller/Problem_1.py -> /home/hy/Mobility_Challenge/build/cav_controller/build/lib/cav_controller
[1.830s] copying cav_controller/__init__.py -> /home/hy/Mobility_Challenge/build/cav_controller/build/lib/cav_controller
[1.830s] running install
[1.832s] running install_lib
[1.834s] creating /home/hy/Mobility_Challenge/install/cav_controller/lib/python3.8/site-packages/cav_controller
[1.834s] copying /home/hy/Mobility_Challenge/build/cav_controller/build/lib/cav_controller/Problem_1.py -> /home/hy/Mobility_Challenge/install/cav_controller/lib/python3.8/site-packages/cav_controller
[1.834s] copying /home/hy/Mobility_Challenge/build/cav_controller/build/lib/cav_controller/__init__.py -> /home/hy/Mobility_Challenge/install/cav_controller/lib/python3.8/site-packages/cav_controller
[1.836s] byte-compiling /home/hy/Mobility_Challenge/install/cav_controller/lib/python3.8/site-packages/cav_controller/Problem_1.py to Problem_1.cpython-38.pyc
[1.839s] byte-compiling /home/hy/Mobility_Challenge/install/cav_controller/lib/python3.8/site-packages/cav_controller/__init__.py to __init__.cpython-38.pyc
[1.840s] running install_data
[1.841s] creating /home/hy/Mobility_Challenge/install/cav_controller/share/ament_index
[1.841s] creating /home/hy/Mobility_Challenge/install/cav_controller/share/ament_index/resource_index
[1.841s] creating /home/hy/Mobility_Challenge/install/cav_controller/share/ament_index/resource_index/packages
[1.841s] copying resource/cav_controller -> /home/hy/Mobility_Challenge/install/cav_controller/share/ament_index/resource_index/packages
[1.841s] copying package.xml -> /home/hy/Mobility_Challenge/install/cav_controller/share/cav_controller
[1.841s] running install_egg_info
[1.845s] Copying ../../../build/cav_controller/cav_controller.egg-info to /home/hy/Mobility_Challenge/install/cav_controller/lib/python3.8/site-packages/cav_controller-0.0.0-py3.8.egg-info
[1.849s] running install_scripts
[1.884s] Installing Problem_1 script to /home/hy/Mobility_Challenge/install/cav_controller/lib/cav_controller
[1.885s] writing list of installed files to '/home/hy/Mobility_Challenge/build/cav_controller/install.log'
[1.957s] Invoked command in '/home/hy/Mobility_Challenge/ros2_ws/src/cav_controller' returned '0': PYTHONPATH=/home/hy/Mobility_Challenge/build/cav_controller/prefix_override:/usr/lib/python3/dist-packages/colcon_core/task/python/colcon_distutils_commands:/home/hy/Mobility_Challenge/install/cav_controller/lib/python3.8/site-packages:${PYTHONPATH} /usr/bin/python3 -W ignore:setup.py install is deprecated -W ignore:easy_install command is deprecated setup.py egg_info --egg-base ../../../build/cav_controller build --build-base /home/hy/Mobility_Challenge/build/cav_controller/build install --record /home/hy/Mobility_Challenge/build/cav_controller/install.log --install-scripts $base/lib/cav_controller --single-version-externally-managed install_data
