[0.021s] Invoking command in '/home/hy/Mobility_Challenge/ros2_ws/build/p3_cpp': AMENT_PREFIX_PATH=/home/hy/Mobility_Challenge/ros2_ws/install/domain_bridge:${AMENT_PREFIX_PATH} CMAKE_PREFIX_PATH=/home/hy/Mobility_Challenge/ros2_ws/install/domain_bridge:/opt/ros/foxy LD_LIBRARY_PATH=/home/hy/Mobility_Challenge/ros2_ws/install/domain_bridge/lib:${LD_LIBRARY_PATH} PYTHONPATH=/home/hy/Mobility_Challenge/ros2_ws/install/domain_bridge/lib/python3.8/site-packages:${PYTHONPATH} /usr/bin/cmake /home/hy/Mobility_Challenge/ros2_ws/src/p3_cpp -DAMENT_CMAKE_SYMLINK_INSTALL=1 -DCMAKE_INSTALL_PREFIX=/home/hy/Mobility_Challenge/ros2_ws/install/p3_cpp
[0.127s] -- The C compiler identification is GNU 9.4.0
[0.227s] -- The CXX compiler identification is GNU 9.4.0
[0.235s] -- Check for working C compiler: /usr/bin/cc
[0.368s] -- Check for working C compiler: /usr/bin/cc -- works
[0.370s] -- Detecting C compiler ABI info
[0.510s] -- Detecting C compiler ABI info - done
[0.543s] -- Detecting C compile features
[0.543s] -- Detecting C compile features - done
[0.549s] -- Check for working CXX compiler: /usr/bin/c++
[0.697s] -- Check for working CXX compiler: /usr/bin/c++ -- works
[0.700s] -- Detecting CXX compiler ABI info
[0.851s] -- Detecting CXX compiler ABI info - done
[0.883s] -- Detecting CXX compile features
[0.884s] -- Detecting CXX compile features - done
[0.889s] -- Found ament_cmake: 0.9.12 (/opt/ros/foxy/share/ament_cmake/cmake)
[0.936s] -- Found PythonInterp: /usr/bin/python3 (found suitable version "3.8.10", minimum required is "3") 
[0.936s] -- Using PYTHON_EXECUTABLE: /usr/bin/python3
[1.275s] -- Override CMake install command with custom implementation using symlinks instead of copying resources
[1.320s] -- Found rclcpp: 2.4.3 (/opt/ros/foxy/share/rclcpp/cmake)
[1.395s] -- Using all available rosidl_typesupport_c: rosidl_typesupport_fastrtps_c;rosidl_typesupport_introspection_c
[1.406s] -- Found rosidl_adapter: 1.3.1 (/opt/ros/foxy/share/rosidl_adapter/cmake)
[1.527s] -- Found OpenSSL: /usr/lib/aarch64-linux-gnu/libcrypto.so (found version "1.1.1f")  
[1.570s] -- Found FastRTPS: /opt/ros/foxy/include  
[1.698s] -- Using all available rosidl_typesupport_cpp: rosidl_typesupport_fastrtps_cpp;rosidl_typesupport_introspection_cpp
[1.802s] -- Found rmw_implementation_cmake: 1.0.4 (/opt/ros/foxy/share/rmw_implementation_cmake/cmake)
[1.804s] -- Using RMW implementation 'rmw_cyclonedds_cpp' as default
[1.806s] -- Looking for pthread.h
[1.943s] -- Looking for pthread.h - found
[1.944s] -- Performing Test CMAKE_HAVE_LIBC_PTHREAD
[2.087s] -- Performing Test CMAKE_HAVE_LIBC_PTHREAD - Failed
[2.088s] -- Looking for pthread_create in pthreads
[2.205s] -- Looking for pthread_create in pthreads - not found
[2.206s] -- Looking for pthread_create in pthread
[2.345s] -- Looking for pthread_create in pthread - found
[2.349s] -- Found Threads: TRUE  
[2.642s] -- Found geometry_msgs: 2.0.5 (/opt/ros/foxy/share/geometry_msgs/cmake)
[2.711s] -- Found tf2: 0.13.14 (/opt/ros/foxy/share/tf2/cmake)
[2.732s] -- Found tf2_geometry_msgs: 0.13.14 (/opt/ros/foxy/share/tf2_geometry_msgs/cmake)
[2.746s] -- Found eigen3_cmake_module: 0.1.1 (/opt/ros/foxy/share/eigen3_cmake_module/cmake)
[2.751s] -- Found Eigen3: TRUE (found version "3.3.7") 
[3.479s] -- Found ament_lint_auto: 0.9.8 (/opt/ros/foxy/share/ament_lint_auto/cmake)
[3.635s] -- Added test 'cpplint' to check C / C++ code against the Google style
[3.635s] -- Configured cpplint exclude dirs and/or files: 
[3.637s] -- Added test 'flake8' to check Python code syntax and style conventions
[3.639s] -- Added test 'lint_cmake' to check CMake code style
[3.641s] -- Added test 'pep257' to check Python code against some of the style conventions in PEP 257
[3.649s] -- Added test 'uncrustify' to check C / C++ code style
[3.649s] -- Configured uncrustify additional arguments: 
[3.651s] -- Added test 'xmllint' to check XML markup files
[3.660s] -- Configuring done
[3.692s] -- Generating done
[3.707s] -- Build files have been written to: /home/hy/Mobility_Challenge/ros2_ws/build/p3_cpp
[3.727s] Invoked command in '/home/hy/Mobility_Challenge/ros2_ws/build/p3_cpp' returned '0': AMENT_PREFIX_PATH=/home/hy/Mobility_Challenge/ros2_ws/install/domain_bridge:${AMENT_PREFIX_PATH} CMAKE_PREFIX_PATH=/home/hy/Mobility_Challenge/ros2_ws/install/domain_bridge:/opt/ros/foxy LD_LIBRARY_PATH=/home/hy/Mobility_Challenge/ros2_ws/install/domain_bridge/lib:${LD_LIBRARY_PATH} PYTHONPATH=/home/hy/Mobility_Challenge/ros2_ws/install/domain_bridge/lib/python3.8/site-packages:${PYTHONPATH} /usr/bin/cmake /home/hy/Mobility_Challenge/ros2_ws/src/p3_cpp -DAMENT_CMAKE_SYMLINK_INSTALL=1 -DCMAKE_INSTALL_PREFIX=/home/hy/Mobility_Challenge/ros2_ws/install/p3_cpp
[3.734s] Invoking command in '/home/hy/Mobility_Challenge/ros2_ws/build/p3_cpp': AMENT_PREFIX_PATH=/home/hy/Mobility_Challenge/ros2_ws/install/domain_bridge:${AMENT_PREFIX_PATH} CMAKE_PREFIX_PATH=/home/hy/Mobility_Challenge/ros2_ws/install/domain_bridge:/opt/ros/foxy LD_LIBRARY_PATH=/home/hy/Mobility_Challenge/ros2_ws/install/domain_bridge/lib:${LD_LIBRARY_PATH} PYTHONPATH=/home/hy/Mobility_Challenge/ros2_ws/install/domain_bridge/lib/python3.8/site-packages:${PYTHONPATH} /usr/bin/cmake --build /home/hy/Mobility_Challenge/ros2_ws/build/p3_cpp -- -j4 -l4
[3.815s] [35m[1mScanning dependencies of target control_p3[0m
[3.815s] [35m[1mScanning dependencies of target main_p3[0m
[3.924s] [ 50%] [32mBuilding CXX object CMakeFiles/control_p3.dir/src/control_p3.cpp.o[0m
[3.925s] [ 50%] [32mBuilding CXX object CMakeFiles/main_p3.dir/src/main_p3.cpp.o[0m
[7.479s] [01m[K/home/hy/Mobility_Challenge/ros2_ws/src/p3_cpp/src/main_p3.cpp:[m[K In lambda function:
[7.479s] [01m[K/home/hy/Mobility_Challenge/ros2_ws/src/p3_cpp/src/main_p3.cpp:219:55:[m[K [01;35m[Kwarning: [m[Kcomparison of integer expressions of different signedness: ‘[01m[Kstd::deque<double>::size_type[m[K’ {aka ‘[01m[Klong unsigned int[m[K’} and ‘[01m[Kconst int[m[K’ [[01;35m[K-Wsign-compare[m[K]
[7.480s]   219 |                             if ([01;35m[Khv_vel_buffer_.size() > vel_buffer_size_[m[K) {
[7.480s]       |                                 [01;35m[K~~~~~~~~~~~~~~~~~~~~~~^~~~~~~~~~~~~~~~~~[m[K
[7.566s] [01m[K/home/hy/Mobility_Challenge/ros2_ws/src/p3_cpp/src/main_p3.cpp:[m[K In member function ‘[01m[Kvoid MainTrafficController::process_roundabout_path_decision(Vehicle&, const string&, const string&)[m[K’:
[7.566s] [01m[K/home/hy/Mobility_Challenge/ros2_ws/src/p3_cpp/src/main_p3.cpp:449:79:[m[K [01;35m[Kwarning: [m[Kunused parameter ‘[01m[Kzone[m[K’ [[01;35m[K-Wunused-parameter[m[K]
[7.566s]   449 | ndabout_path_decision(Vehicle& my_cav, [01;35m[Kconst std::string& zone[m[K, const std::string& my_id) {
[7.566s]       |                                        [01;35m[K~~~~~~~~~~~~~~~~~~~^~~~[m[K
[7.566s] 
[7.567s] [01m[K/home/hy/Mobility_Challenge/ros2_ws/src/p3_cpp/src/main_p3.cpp:449:104:[m[K [01;35m[Kwarning: [m[Kunused parameter ‘[01m[Kmy_id[m[K’ [[01;35m[K-Wunused-parameter[m[K]
[7.567s]   449 | cision(Vehicle& my_cav, const std::string& zone, [01;35m[Kconst std::string& my_id[m[K) {
[7.567s]       |                                                  [01;35m[K~~~~~~~~~~~~~~~~~~~^~~~~[m[K
[7.567s] 
[18.411s] [ 75%] [32m[1mLinking CXX executable main_p3[0m
[19.055s] [ 75%] Built target main_p3
[22.618s] [100%] [32m[1mLinking CXX executable control_p3[0m
[23.440s] [100%] Built target control_p3
[23.463s] Invoked command in '/home/hy/Mobility_Challenge/ros2_ws/build/p3_cpp' returned '0': AMENT_PREFIX_PATH=/home/hy/Mobility_Challenge/ros2_ws/install/domain_bridge:${AMENT_PREFIX_PATH} CMAKE_PREFIX_PATH=/home/hy/Mobility_Challenge/ros2_ws/install/domain_bridge:/opt/ros/foxy LD_LIBRARY_PATH=/home/hy/Mobility_Challenge/ros2_ws/install/domain_bridge/lib:${LD_LIBRARY_PATH} PYTHONPATH=/home/hy/Mobility_Challenge/ros2_ws/install/domain_bridge/lib/python3.8/site-packages:${PYTHONPATH} /usr/bin/cmake --build /home/hy/Mobility_Challenge/ros2_ws/build/p3_cpp -- -j4 -l4
[23.471s] Invoking command in '/home/hy/Mobility_Challenge/ros2_ws/build/p3_cpp': AMENT_PREFIX_PATH=/home/hy/Mobility_Challenge/ros2_ws/install/domain_bridge:${AMENT_PREFIX_PATH} CMAKE_PREFIX_PATH=/home/hy/Mobility_Challenge/ros2_ws/install/domain_bridge:/opt/ros/foxy LD_LIBRARY_PATH=/home/hy/Mobility_Challenge/ros2_ws/install/domain_bridge/lib:${LD_LIBRARY_PATH} PYTHONPATH=/home/hy/Mobility_Challenge/ros2_ws/install/domain_bridge/lib/python3.8/site-packages:${PYTHONPATH} /usr/bin/cmake --install /home/hy/Mobility_Challenge/ros2_ws/build/p3_cpp
[23.489s] -- Install configuration: ""
[23.490s] -- Execute custom install script
[23.491s] -- Symlinking: /home/hy/Mobility_Challenge/ros2_ws/install/p3_cpp/lib/p3_cpp/control_p3
[23.509s] -- Symlinking: /home/hy/Mobility_Challenge/ros2_ws/install/p3_cpp/lib/p3_cpp/main_p3
[23.527s] -- Symlinking: /home/hy/Mobility_Challenge/ros2_ws/install/p3_cpp/share/p3_cpp/launch/control.launch.py
[23.545s] -- Symlinking: /home/hy/Mobility_Challenge/ros2_ws/install/p3_cpp/share/p3_cpp/launch/main.launch.py
[23.564s] -- Symlinking: /home/hy/Mobility_Challenge/ros2_ws/install/p3_cpp/share/p3_cpp/tool/Readme.md
[23.582s] -- Symlinking: /home/hy/Mobility_Challenge/ros2_ws/install/p3_cpp/share/p3_cpp/tool/cav1p1.csv
[23.600s] -- Symlinking: /home/hy/Mobility_Challenge/ros2_ws/install/p3_cpp/share/p3_cpp/tool/cav1p3.csv
[23.617s] -- Symlinking: /home/hy/Mobility_Challenge/ros2_ws/install/p3_cpp/share/p3_cpp/tool/cav1p3_inside.csv
[23.636s] -- Symlinking: /home/hy/Mobility_Challenge/ros2_ws/install/p3_cpp/share/p3_cpp/tool/cav2p3.csv
[23.654s] -- Symlinking: /home/hy/Mobility_Challenge/ros2_ws/install/p3_cpp/share/p3_cpp/tool/cav2p3_inside.csv
[23.672s] -- Symlinking: /home/hy/Mobility_Challenge/ros2_ws/install/p3_cpp/share/p3_cpp/tool/cav3p3.csv
[23.690s] -- Symlinking: /home/hy/Mobility_Challenge/ros2_ws/install/p3_cpp/share/p3_cpp/tool/cav3p3_inside.csv
[23.708s] -- Symlinking: /home/hy/Mobility_Challenge/ros2_ws/install/p3_cpp/share/p3_cpp/tool/cav4p3.csv
[23.726s] -- Symlinking: /home/hy/Mobility_Challenge/ros2_ws/install/p3_cpp/share/p3_cpp/tool/cav4p3_inside.csv
[23.743s] -- Symlinking: /home/hy/Mobility_Challenge/ros2_ws/install/p3_cpp/share/p3_cpp/tool/csv_to_json.py
[23.761s] -- Symlinking: /home/hy/Mobility_Challenge/ros2_ws/install/p3_cpp/share/p3_cpp/tool/node_info.png
[23.779s] -- Symlinking: /home/hy/Mobility_Challenge/ros2_ws/install/p3_cpp/share/p3_cpp/tool/p1_1.csv
[23.797s] -- Symlinking: /home/hy/Mobility_Challenge/ros2_ws/install/p3_cpp/share/p3_cpp/tool/p1_2.csv
[23.815s] -- Symlinking: /home/hy/Mobility_Challenge/ros2_ws/install/p3_cpp/share/p3_cpp/tool/path_generator.py
[23.833s] -- Symlinking: /home/hy/Mobility_Challenge/ros2_ws/install/p3_cpp/share/p3_cpp/tool/waypoint/10_13.csv
[23.851s] -- Symlinking: /home/hy/Mobility_Challenge/ros2_ws/install/p3_cpp/share/p3_cpp/tool/waypoint/11_16.csv
[23.869s] -- Symlinking: /home/hy/Mobility_Challenge/ros2_ws/install/p3_cpp/share/p3_cpp/tool/waypoint/12_15.csv
[23.888s] -- Symlinking: /home/hy/Mobility_Challenge/ros2_ws/install/p3_cpp/share/p3_cpp/tool/waypoint/13_14.csv
[23.906s] -- Symlinking: /home/hy/Mobility_Challenge/ros2_ws/install/p3_cpp/share/p3_cpp/tool/waypoint/14_17.csv
[23.925s] -- Symlinking: /home/hy/Mobility_Challenge/ros2_ws/install/p3_cpp/share/p3_cpp/tool/waypoint/15_18.csv
[23.943s] -- Symlinking: /home/hy/Mobility_Challenge/ros2_ws/install/p3_cpp/share/p3_cpp/tool/waypoint/15_60.csv
[23.962s] -- Symlinking: /home/hy/Mobility_Challenge/ros2_ws/install/p3_cpp/share/p3_cpp/tool/waypoint/16_19.csv
[23.981s] -- Symlinking: /home/hy/Mobility_Challenge/ros2_ws/install/p3_cpp/share/p3_cpp/tool/waypoint/16_61.csv
[24.000s] -- Symlinking: /home/hy/Mobility_Challenge/ros2_ws/install/p3_cpp/share/p3_cpp/tool/waypoint/17_20.csv
[24.018s] -- Symlinking: /home/hy/Mobility_Challenge/ros2_ws/install/p3_cpp/share/p3_cpp/tool/waypoint/18_21.csv
[24.036s] -- Symlinking: /home/hy/Mobility_Challenge/ros2_ws/install/p3_cpp/share/p3_cpp/tool/waypoint/19_22.csv
[24.054s] -- Symlinking: /home/hy/Mobility_Challenge/ros2_ws/install/p3_cpp/share/p3_cpp/tool/waypoint/1_3.csv
[24.072s] -- Symlinking: /home/hy/Mobility_Challenge/ros2_ws/install/p3_cpp/share/p3_cpp/tool/waypoint/20_23.csv
[24.090s] -- Symlinking: /home/hy/Mobility_Challenge/ros2_ws/install/p3_cpp/share/p3_cpp/tool/waypoint/21_24.csv
[24.109s] -- Symlinking: /home/hy/Mobility_Challenge/ros2_ws/install/p3_cpp/share/p3_cpp/tool/waypoint/21_51.csv
[24.127s] -- Symlinking: /home/hy/Mobility_Challenge/ros2_ws/install/p3_cpp/share/p3_cpp/tool/waypoint/22_25.csv
[24.146s] -- Symlinking: /home/hy/Mobility_Challenge/ros2_ws/install/p3_cpp/share/p3_cpp/tool/waypoint/22_50.csv
[24.163s] -- Symlinking: /home/hy/Mobility_Challenge/ros2_ws/install/p3_cpp/share/p3_cpp/tool/waypoint/23_26.csv
[24.182s] -- Symlinking: /home/hy/Mobility_Challenge/ros2_ws/install/p3_cpp/share/p3_cpp/tool/waypoint/24_27.csv
[24.200s] -- Symlinking: /home/hy/Mobility_Challenge/ros2_ws/install/p3_cpp/share/p3_cpp/tool/waypoint/24_37.csv
[24.217s] -- Symlinking: /home/hy/Mobility_Challenge/ros2_ws/install/p3_cpp/share/p3_cpp/tool/waypoint/25_28.csv
[24.235s] -- Symlinking: /home/hy/Mobility_Challenge/ros2_ws/install/p3_cpp/share/p3_cpp/tool/waypoint/25_36.csv
[24.253s] -- Symlinking: /home/hy/Mobility_Challenge/ros2_ws/install/p3_cpp/share/p3_cpp/tool/waypoint/26_29.csv
[24.271s] -- Symlinking: /home/hy/Mobility_Challenge/ros2_ws/install/p3_cpp/share/p3_cpp/tool/waypoint/27_30.csv
[24.289s] -- Symlinking: /home/hy/Mobility_Challenge/ros2_ws/install/p3_cpp/share/p3_cpp/tool/waypoint/27_31.csv
[24.307s] -- Symlinking: /home/hy/Mobility_Challenge/ros2_ws/install/p3_cpp/share/p3_cpp/tool/waypoint/28_31.csv
[24.324s] -- Symlinking: /home/hy/Mobility_Challenge/ros2_ws/install/p3_cpp/share/p3_cpp/tool/waypoint/28_32.csv
[24.342s] -- Symlinking: /home/hy/Mobility_Challenge/ros2_ws/install/p3_cpp/share/p3_cpp/tool/waypoint/29_2.csv
[24.360s] -- Symlinking: /home/hy/Mobility_Challenge/ros2_ws/install/p3_cpp/share/p3_cpp/tool/waypoint/2_4.csv
[24.378s] -- Symlinking: /home/hy/Mobility_Challenge/ros2_ws/install/p3_cpp/share/p3_cpp/tool/waypoint/30_1.csv
[24.397s] -- Symlinking: /home/hy/Mobility_Challenge/ros2_ws/install/p3_cpp/share/p3_cpp/tool/waypoint/31_1.csv
[24.416s] -- Symlinking: /home/hy/Mobility_Challenge/ros2_ws/install/p3_cpp/share/p3_cpp/tool/waypoint/32_5.csv
[24.434s] -- Symlinking: /home/hy/Mobility_Challenge/ros2_ws/install/p3_cpp/share/p3_cpp/tool/waypoint/33_31.csv
[24.454s] -- Symlinking: /home/hy/Mobility_Challenge/ros2_ws/install/p3_cpp/share/p3_cpp/tool/waypoint/34_27.csv
[24.472s] -- Symlinking: /home/hy/Mobility_Challenge/ros2_ws/install/p3_cpp/share/p3_cpp/tool/waypoint/35_28.csv
[24.489s] -- Symlinking: /home/hy/Mobility_Challenge/ros2_ws/install/p3_cpp/share/p3_cpp/tool/waypoint/36_38.csv
[24.507s] -- Symlinking: /home/hy/Mobility_Challenge/ros2_ws/install/p3_cpp/share/p3_cpp/tool/waypoint/37_38.csv
[24.525s] -- Symlinking: /home/hy/Mobility_Challenge/ros2_ws/install/p3_cpp/share/p3_cpp/tool/waypoint/37_39.csv
[24.543s] -- Symlinking: /home/hy/Mobility_Challenge/ros2_ws/install/p3_cpp/share/p3_cpp/tool/waypoint/38_41.csv
[24.561s] -- Symlinking: /home/hy/Mobility_Challenge/ros2_ws/install/p3_cpp/share/p3_cpp/tool/waypoint/38_48.csv
[24.579s] -- Symlinking: /home/hy/Mobility_Challenge/ros2_ws/install/p3_cpp/share/p3_cpp/tool/waypoint/38_49.csv
[24.597s] -- Symlinking: /home/hy/Mobility_Challenge/ros2_ws/install/p3_cpp/share/p3_cpp/tool/waypoint/39_40.csv
[24.614s] -- Symlinking: /home/hy/Mobility_Challenge/ros2_ws/install/p3_cpp/share/p3_cpp/tool/waypoint/39_49.csv
[24.632s] -- Symlinking: /home/hy/Mobility_Challenge/ros2_ws/install/p3_cpp/share/p3_cpp/tool/waypoint/3_33.csv
[24.650s] -- Symlinking: /home/hy/Mobility_Challenge/ros2_ws/install/p3_cpp/share/p3_cpp/tool/waypoint/3_6.csv
[24.667s] -- Symlinking: /home/hy/Mobility_Challenge/ros2_ws/install/p3_cpp/share/p3_cpp/tool/waypoint/3_7.csv
[24.685s] -- Symlinking: /home/hy/Mobility_Challenge/ros2_ws/install/p3_cpp/share/p3_cpp/tool/waypoint/40_43.csv
[24.703s] -- Symlinking: /home/hy/Mobility_Challenge/ros2_ws/install/p3_cpp/share/p3_cpp/tool/waypoint/40_63.csv
[24.721s] -- Symlinking: /home/hy/Mobility_Challenge/ros2_ws/install/p3_cpp/share/p3_cpp/tool/waypoint/41_42.csv
[24.739s] -- Symlinking: /home/hy/Mobility_Challenge/ros2_ws/install/p3_cpp/share/p3_cpp/tool/waypoint/41_43.csv
[24.757s] -- Symlinking: /home/hy/Mobility_Challenge/ros2_ws/install/p3_cpp/share/p3_cpp/tool/waypoint/41_62.csv
[24.774s] -- Symlinking: /home/hy/Mobility_Challenge/ros2_ws/install/p3_cpp/share/p3_cpp/tool/waypoint/42_8.csv
[24.793s] -- Symlinking: /home/hy/Mobility_Challenge/ros2_ws/install/p3_cpp/share/p3_cpp/tool/waypoint/43_9.csv
[24.811s] -- Symlinking: /home/hy/Mobility_Challenge/ros2_ws/install/p3_cpp/share/p3_cpp/tool/waypoint/44_63.csv
[24.829s] -- Symlinking: /home/hy/Mobility_Challenge/ros2_ws/install/p3_cpp/share/p3_cpp/tool/waypoint/45_62.csv
[24.847s] -- Symlinking: /home/hy/Mobility_Challenge/ros2_ws/install/p3_cpp/share/p3_cpp/tool/waypoint/46_40.csv
[24.865s] -- Symlinking: /home/hy/Mobility_Challenge/ros2_ws/install/p3_cpp/share/p3_cpp/tool/waypoint/46_41.csv
[24.882s] -- Symlinking: /home/hy/Mobility_Challenge/ros2_ws/install/p3_cpp/share/p3_cpp/tool/waypoint/47_41.csv
[24.901s] -- Symlinking: /home/hy/Mobility_Challenge/ros2_ws/install/p3_cpp/share/p3_cpp/tool/waypoint/48_53.csv
[24.919s] -- Symlinking: /home/hy/Mobility_Challenge/ros2_ws/install/p3_cpp/share/p3_cpp/tool/waypoint/48_58.csv
[24.937s] -- Symlinking: /home/hy/Mobility_Challenge/ros2_ws/install/p3_cpp/share/p3_cpp/tool/waypoint/49_55.csv
[24.955s] -- Symlinking: /home/hy/Mobility_Challenge/ros2_ws/install/p3_cpp/share/p3_cpp/tool/waypoint/49_59.csv
[24.973s] -- Symlinking: /home/hy/Mobility_Challenge/ros2_ws/install/p3_cpp/share/p3_cpp/tool/waypoint/4_7.csv
[24.991s] -- Symlinking: /home/hy/Mobility_Challenge/ros2_ws/install/p3_cpp/share/p3_cpp/tool/waypoint/50_48.csv
[25.009s] -- Symlinking: /home/hy/Mobility_Challenge/ros2_ws/install/p3_cpp/share/p3_cpp/tool/waypoint/50_54.csv
[25.027s] -- Symlinking: /home/hy/Mobility_Challenge/ros2_ws/install/p3_cpp/share/p3_cpp/tool/waypoint/51_46.csv
[25.045s] -- Symlinking: /home/hy/Mobility_Challenge/ros2_ws/install/p3_cpp/share/p3_cpp/tool/waypoint/51_55.csv
[25.063s] -- Symlinking: /home/hy/Mobility_Challenge/ros2_ws/install/p3_cpp/share/p3_cpp/tool/waypoint/52_24.csv
[25.081s] -- Symlinking: /home/hy/Mobility_Challenge/ros2_ws/install/p3_cpp/share/p3_cpp/tool/waypoint/53_25.csv
[25.099s] -- Symlinking: /home/hy/Mobility_Challenge/ros2_ws/install/p3_cpp/share/p3_cpp/tool/waypoint/54_11.csv
[25.117s] -- Symlinking: /home/hy/Mobility_Challenge/ros2_ws/install/p3_cpp/share/p3_cpp/tool/waypoint/55_12.csv
[25.135s] -- Symlinking: /home/hy/Mobility_Challenge/ros2_ws/install/p3_cpp/share/p3_cpp/tool/waypoint/56_52.csv
[25.153s] -- Symlinking: /home/hy/Mobility_Challenge/ros2_ws/install/p3_cpp/share/p3_cpp/tool/waypoint/56_59.csv
[25.171s] -- Symlinking: /home/hy/Mobility_Challenge/ros2_ws/install/p3_cpp/share/p3_cpp/tool/waypoint/57_47.csv
[25.189s] -- Symlinking: /home/hy/Mobility_Challenge/ros2_ws/install/p3_cpp/share/p3_cpp/tool/waypoint/57_53.csv
[25.207s] -- Symlinking: /home/hy/Mobility_Challenge/ros2_ws/install/p3_cpp/share/p3_cpp/tool/waypoint/58_19.csv
[25.225s] -- Symlinking: /home/hy/Mobility_Challenge/ros2_ws/install/p3_cpp/share/p3_cpp/tool/waypoint/59_18.csv
[25.242s] -- Symlinking: /home/hy/Mobility_Challenge/ros2_ws/install/p3_cpp/share/p3_cpp/tool/waypoint/5_45.csv
[25.260s] -- Symlinking: /home/hy/Mobility_Challenge/ros2_ws/install/p3_cpp/share/p3_cpp/tool/waypoint/5_8.csv
[25.278s] -- Symlinking: /home/hy/Mobility_Challenge/ros2_ws/install/p3_cpp/share/p3_cpp/tool/waypoint/60_46.csv
[25.296s] -- Symlinking: /home/hy/Mobility_Challenge/ros2_ws/install/p3_cpp/share/p3_cpp/tool/waypoint/60_52.csv
[25.314s] -- Symlinking: /home/hy/Mobility_Challenge/ros2_ws/install/p3_cpp/share/p3_cpp/tool/waypoint/61_47.csv
[25.331s] -- Symlinking: /home/hy/Mobility_Challenge/ros2_ws/install/p3_cpp/share/p3_cpp/tool/waypoint/61_54.csv
[25.349s] -- Symlinking: /home/hy/Mobility_Challenge/ros2_ws/install/p3_cpp/share/p3_cpp/tool/waypoint/62_35.csv
[25.367s] -- Symlinking: /home/hy/Mobility_Challenge/ros2_ws/install/p3_cpp/share/p3_cpp/tool/waypoint/62_38.csv
[25.385s] -- Symlinking: /home/hy/Mobility_Challenge/ros2_ws/install/p3_cpp/share/p3_cpp/tool/waypoint/63_34.csv
[25.404s] -- Symlinking: /home/hy/Mobility_Challenge/ros2_ws/install/p3_cpp/share/p3_cpp/tool/waypoint/63_39.csv
[25.421s] -- Symlinking: /home/hy/Mobility_Challenge/ros2_ws/install/p3_cpp/share/p3_cpp/tool/waypoint/6_44.csv
[25.439s] -- Symlinking: /home/hy/Mobility_Challenge/ros2_ws/install/p3_cpp/share/p3_cpp/tool/waypoint/6_9.csv
[25.457s] -- Symlinking: /home/hy/Mobility_Challenge/ros2_ws/install/p3_cpp/share/p3_cpp/tool/waypoint/7_10.csv
[25.475s] -- Symlinking: /home/hy/Mobility_Challenge/ros2_ws/install/p3_cpp/share/p3_cpp/tool/waypoint/7_9.csv
[25.493s] -- Symlinking: /home/hy/Mobility_Challenge/ros2_ws/install/p3_cpp/share/p3_cpp/tool/waypoint/8_11.csv
[25.511s] -- Symlinking: /home/hy/Mobility_Challenge/ros2_ws/install/p3_cpp/share/p3_cpp/tool/waypoint/8_57.csv
[25.529s] -- Symlinking: /home/hy/Mobility_Challenge/ros2_ws/install/p3_cpp/share/p3_cpp/tool/waypoint/9_12.csv
[25.547s] -- Symlinking: /home/hy/Mobility_Challenge/ros2_ws/install/p3_cpp/share/p3_cpp/tool/waypoint/9_56.csv
[25.566s] -- Symlinking: /home/hy/Mobility_Challenge/ros2_ws/install/p3_cpp/share/p3_cpp/config/bridge_1.yaml
[25.583s] -- Symlinking: /home/hy/Mobility_Challenge/ros2_ws/install/p3_cpp/share/p3_cpp/config/bridge_2.yaml
[25.601s] -- Symlinking: /home/hy/Mobility_Challenge/ros2_ws/install/p3_cpp/share/p3_cpp/config/bridge_3.yaml
[25.619s] -- Symlinking: /home/hy/Mobility_Challenge/ros2_ws/install/p3_cpp/share/p3_cpp/config/bridge_4.yaml
[25.638s] -- Symlinking: /home/hy/Mobility_Challenge/ros2_ws/install/p3_cpp/share/ament_index/resource_index/package_run_dependencies/p3_cpp
[25.656s] -- Symlinking: /home/hy/Mobility_Challenge/ros2_ws/install/p3_cpp/share/ament_index/resource_index/parent_prefix_path/p3_cpp
[25.674s] -- Symlinking: /home/hy/Mobility_Challenge/ros2_ws/install/p3_cpp/share/p3_cpp/environment/ament_prefix_path.sh
[25.692s] -- Symlinking: /home/hy/Mobility_Challenge/ros2_ws/install/p3_cpp/share/p3_cpp/environment/ament_prefix_path.dsv
[25.710s] -- Symlinking: /home/hy/Mobility_Challenge/ros2_ws/install/p3_cpp/share/p3_cpp/environment/path.sh
[25.728s] -- Symlinking: /home/hy/Mobility_Challenge/ros2_ws/install/p3_cpp/share/p3_cpp/environment/path.dsv
[25.746s] -- Symlinking: /home/hy/Mobility_Challenge/ros2_ws/install/p3_cpp/share/p3_cpp/local_setup.bash
[25.764s] -- Symlinking: /home/hy/Mobility_Challenge/ros2_ws/install/p3_cpp/share/p3_cpp/local_setup.sh
[25.782s] -- Symlinking: /home/hy/Mobility_Challenge/ros2_ws/install/p3_cpp/share/p3_cpp/local_setup.zsh
[25.800s] -- Symlinking: /home/hy/Mobility_Challenge/ros2_ws/install/p3_cpp/share/p3_cpp/local_setup.dsv
[25.819s] -- Symlinking: /home/hy/Mobility_Challenge/ros2_ws/install/p3_cpp/share/p3_cpp/package.dsv
[25.838s] -- Symlinking: /home/hy/Mobility_Challenge/ros2_ws/install/p3_cpp/share/ament_index/resource_index/packages/p3_cpp
[25.855s] -- Symlinking: /home/hy/Mobility_Challenge/ros2_ws/install/p3_cpp/share/p3_cpp/cmake/p3_cppConfig.cmake
[25.873s] -- Symlinking: /home/hy/Mobility_Challenge/ros2_ws/install/p3_cpp/share/p3_cpp/cmake/p3_cppConfig-version.cmake
[25.891s] -- Symlinking: /home/hy/Mobility_Challenge/ros2_ws/install/p3_cpp/share/p3_cpp/package.xml
[25.916s] Invoked command in '/home/hy/Mobility_Challenge/ros2_ws/build/p3_cpp' returned '0': AMENT_PREFIX_PATH=/home/hy/Mobility_Challenge/ros2_ws/install/domain_bridge:${AMENT_PREFIX_PATH} CMAKE_PREFIX_PATH=/home/hy/Mobility_Challenge/ros2_ws/install/domain_bridge:/opt/ros/foxy LD_LIBRARY_PATH=/home/hy/Mobility_Challenge/ros2_ws/install/domain_bridge/lib:${LD_LIBRARY_PATH} PYTHONPATH=/home/hy/Mobility_Challenge/ros2_ws/install/domain_bridge/lib/python3.8/site-packages:${PYTHONPATH} /usr/bin/cmake --install /home/hy/Mobility_Challenge/ros2_ws/build/p3_cpp
