/home/hy/Mobility_Challenge/ros2_ws/install/cav_controller/lib/python3.8/site-packages/cav_controller/drive_test.py
/home/hy/Mobility_Challenge/ros2_ws/install/cav_controller/lib/python3.8/site-packages/cav_controller/echo_pose.py
/home/hy/Mobility_Challenge/ros2_ws/install/cav_controller/lib/python3.8/site-packages/cav_controller/p1.py
/home/hy/Mobility_Challenge/ros2_ws/install/cav_controller/lib/python3.8/site-packages/cav_controller/__init__.py
/home/hy/Mobility_Challenge/ros2_ws/install/cav_controller/lib/python3.8/site-packages/cav_controller/__pycache__/drive_test.cpython-38.pyc
/home/hy/Mobility_Challenge/ros2_ws/install/cav_controller/lib/python3.8/site-packages/cav_controller/__pycache__/echo_pose.cpython-38.pyc
/home/hy/Mobility_Challenge/ros2_ws/install/cav_controller/lib/python3.8/site-packages/cav_controller/__pycache__/p1.cpython-38.pyc
/home/hy/Mobility_Challenge/ros2_ws/install/cav_controller/lib/python3.8/site-packages/cav_controller/__pycache__/__init__.cpython-38.pyc
/home/hy/Mobility_Challenge/ros2_ws/install/cav_controller/share/ament_index/resource_index/packages/cav_controller
/home/hy/Mobility_Challenge/ros2_ws/install/cav_controller/share/cav_controller/package.xml
/home/hy/Mobility_Challenge/ros2_ws/install/cav_controller/lib/python3.8/site-packages/cav_controller-0.0.0-py3.8.egg-info/dependency_links.txt
/home/hy/Mobility_Challenge/ros2_ws/install/cav_controller/lib/python3.8/site-packages/cav_controller-0.0.0-py3.8.egg-info/PKG-INFO
/home/hy/Mobility_Challenge/ros2_ws/install/cav_controller/lib/python3.8/site-packages/cav_controller-0.0.0-py3.8.egg-info/top_level.txt
/home/hy/Mobility_Challenge/ros2_ws/install/cav_controller/lib/python3.8/site-packages/cav_controller-0.0.0-py3.8.egg-info/entry_points.txt
/home/hy/Mobility_Challenge/ros2_ws/install/cav_controller/lib/python3.8/site-packages/cav_controller-0.0.0-py3.8.egg-info/zip-safe
/home/hy/Mobility_Challenge/ros2_ws/install/cav_controller/lib/python3.8/site-packages/cav_controller-0.0.0-py3.8.egg-info/SOURCES.txt
/home/hy/Mobility_Challenge/ros2_ws/install/cav_controller/lib/python3.8/site-packages/cav_controller-0.0.0-py3.8.egg-info/requires.txt
/home/hy/Mobility_Challenge/ros2_ws/install/cav_controller/lib/cav_controller/echo_pose
/home/hy/Mobility_Challenge/ros2_ws/install/cav_controller/lib/cav_controller/p1_drive
/home/hy/Mobility_Challenge/ros2_ws/install/cav_controller/lib/cav_controller/run_drive
