[0.427s] DEBUG:colcon:Command line arguments: ['/usr/bin/colcon', 'build', '--packages-select', 'p3_cpp']
[0.427s] DEBUG:colcon:Parsed command line arguments: Namespace(allow_overriding=[], ament_cmake_args=None, base_paths=['.'], build_base='build', catkin_cmake_args=None, catkin_skip_building_tests=False, cmake_args=None, cmake_clean_cache=False, cmake_clean_first=False, cmake_force_configure=False, cmake_target=None, cmake_target_skip_unavailable=False, continue_on_error=False, event_handlers=None, executor='parallel', ignore_user_meta=False, install_base='install', log_base=None, log_level=None, main=<bound method BuildVerb.main of <colcon_core.verb.build.BuildVerb object at 0xffff801b7730>>, merge_install=False, metas=['./colcon.meta'], mixin=None, mixin_files=None, mixin_verb=('build',), packages_above=None, packages_above_and_dependencies=None, packages_above_depth=None, packages_end=None, packages_ignore=None, packages_ignore_regex=None, packages_select=['p3_cpp'], packages_select_build_failed=False, packages_select_by_dep=None, packages_select_regex=None, packages_select_test_failures=False, packages_skip=None, packages_skip_build_finished=False, packages_skip_by_dep=None, packages_skip_regex=None, packages_skip_test_passed=False, packages_skip_up_to=None, packages_start=None, packages_up_to=None, packages_up_to_regex=None, parallel_workers=4, paths=None, symlink_install=False, test_result_base=None, verb_extension=<colcon_core.verb.build.BuildVerb object at 0xffff801b7730>, verb_name='build', verb_parser=<colcon_mixin.mixin.mixin_argument.MixinArgumentDecorator object at 0xffff801c40a0>)
[0.765s] Level 1:colcon.colcon_core.package_discovery:discover_packages(colcon_meta) check parameters
[0.766s] Level 1:colcon.colcon_core.package_discovery:discover_packages(recursive) check parameters
[0.766s] Level 1:colcon.colcon_core.package_discovery:discover_packages(ignore) check parameters
[0.766s] Level 1:colcon.colcon_core.package_discovery:discover_packages(path) check parameters
[0.766s] Level 1:colcon.colcon_core.package_discovery:discover_packages(colcon_meta) discover
[0.766s] Level 1:colcon.colcon_core.package_discovery:discover_packages(recursive) discover
[0.766s] INFO:colcon.colcon_core.package_discovery:Crawling recursively for packages in '/home/cav-06/KAIST_Mobility_Challenge_Hardware/ros2_ws'
[0.767s] Level 1:colcon.colcon_core.package_identification:_identify(.) by extensions ['ignore', 'ignore_ament_install']
[0.767s] Level 1:colcon.colcon_core.package_identification:_identify(.) by extension 'ignore'
[0.767s] Level 1:colcon.colcon_core.package_identification:_identify(.) by extension 'ignore_ament_install'
[0.768s] Level 1:colcon.colcon_core.package_identification:_identify(.) by extensions ['colcon_pkg']
[0.768s] Level 1:colcon.colcon_core.package_identification:_identify(.) by extension 'colcon_pkg'
[0.768s] Level 1:colcon.colcon_core.package_identification:_identify(.) by extensions ['colcon_meta']
[0.768s] Level 1:colcon.colcon_core.package_identification:_identify(.) by extension 'colcon_meta'
[0.768s] Level 1:colcon.colcon_core.package_identification:_identify(.) by extensions ['ros']
[0.768s] Level 1:colcon.colcon_core.package_identification:_identify(.) by extension 'ros'
[0.792s] Level 1:colcon.colcon_core.package_identification:_identify(.) by extensions ['cmake', 'python']
[0.792s] Level 1:colcon.colcon_core.package_identification:_identify(.) by extension 'cmake'
[0.792s] Level 1:colcon.colcon_core.package_identification:_identify(.) by extension 'python'
[0.793s] Level 1:colcon.colcon_core.package_identification:_identify(.) by extensions ['python_setup_py']
[0.793s] Level 1:colcon.colcon_core.package_identification:_identify(.) by extension 'python_setup_py'
[0.793s] Level 1:colcon.colcon_core.package_identification:_identify(build) by extensions ['ignore', 'ignore_ament_install']
[0.793s] Level 1:colcon.colcon_core.package_identification:_identify(build) by extension 'ignore'
[0.793s] Level 1:colcon.colcon_core.package_identification:_identify(build) ignored
[0.794s] Level 1:colcon.colcon_core.package_identification:_identify(install) by extensions ['ignore', 'ignore_ament_install']
[0.794s] Level 1:colcon.colcon_core.package_identification:_identify(install) by extension 'ignore'
[0.794s] Level 1:colcon.colcon_core.package_identification:_identify(install) ignored
[0.794s] Level 1:colcon.colcon_core.package_identification:_identify(log) by extensions ['ignore', 'ignore_ament_install']
[0.794s] Level 1:colcon.colcon_core.package_identification:_identify(log) by extension 'ignore'
[0.795s] Level 1:colcon.colcon_core.package_identification:_identify(log) ignored
[0.795s] Level 1:colcon.colcon_core.package_identification:_identify(src) by extensions ['ignore', 'ignore_ament_install']
[0.795s] Level 1:colcon.colcon_core.package_identification:_identify(src) by extension 'ignore'
[0.795s] Level 1:colcon.colcon_core.package_identification:_identify(src) by extension 'ignore_ament_install'
[0.795s] Level 1:colcon.colcon_core.package_identification:_identify(src) by extensions ['colcon_pkg']
[0.795s] Level 1:colcon.colcon_core.package_identification:_identify(src) by extension 'colcon_pkg'
[0.796s] Level 1:colcon.colcon_core.package_identification:_identify(src) by extensions ['colcon_meta']
[0.796s] Level 1:colcon.colcon_core.package_identification:_identify(src) by extension 'colcon_meta'
[0.796s] Level 1:colcon.colcon_core.package_identification:_identify(src) by extensions ['ros']
[0.796s] Level 1:colcon.colcon_core.package_identification:_identify(src) by extension 'ros'
[0.796s] Level 1:colcon.colcon_core.package_identification:_identify(src) by extensions ['cmake', 'python']
[0.796s] Level 1:colcon.colcon_core.package_identification:_identify(src) by extension 'cmake'
[0.796s] Level 1:colcon.colcon_core.package_identification:_identify(src) by extension 'python'
[0.796s] Level 1:colcon.colcon_core.package_identification:_identify(src) by extensions ['python_setup_py']
[0.796s] Level 1:colcon.colcon_core.package_identification:_identify(src) by extension 'python_setup_py'
[0.797s] Level 1:colcon.colcon_core.package_identification:_identify(src/build) by extensions ['ignore', 'ignore_ament_install']
[0.797s] Level 1:colcon.colcon_core.package_identification:_identify(src/build) by extension 'ignore'
[0.797s] Level 1:colcon.colcon_core.package_identification:_identify(src/build) ignored
[0.797s] Level 1:colcon.colcon_core.package_identification:_identify(src/cav_controller) by extensions ['ignore', 'ignore_ament_install']
[0.797s] Level 1:colcon.colcon_core.package_identification:_identify(src/cav_controller) by extension 'ignore'
[0.797s] Level 1:colcon.colcon_core.package_identification:_identify(src/cav_controller) by extension 'ignore_ament_install'
[0.798s] Level 1:colcon.colcon_core.package_identification:_identify(src/cav_controller) by extensions ['colcon_pkg']
[0.798s] Level 1:colcon.colcon_core.package_identification:_identify(src/cav_controller) by extension 'colcon_pkg'
[0.798s] Level 1:colcon.colcon_core.package_identification:_identify(src/cav_controller) by extensions ['colcon_meta']
[0.798s] Level 1:colcon.colcon_core.package_identification:_identify(src/cav_controller) by extension 'colcon_meta'
[0.798s] Level 1:colcon.colcon_core.package_identification:_identify(src/cav_controller) by extensions ['ros']
[0.798s] Level 1:colcon.colcon_core.package_identification:_identify(src/cav_controller) by extension 'ros'
[0.804s] DEBUG:colcon.colcon_core.package_identification:Package 'src/cav_controller' with type 'ros.ament_python' and name 'cav_controller'
[0.804s] Level 1:colcon.colcon_core.package_identification:_identify(src/domain_bridge) by extensions ['ignore', 'ignore_ament_install']
[0.804s] Level 1:colcon.colcon_core.package_identification:_identify(src/domain_bridge) by extension 'ignore'
[0.804s] Level 1:colcon.colcon_core.package_identification:_identify(src/domain_bridge) by extension 'ignore_ament_install'
[0.805s] Level 1:colcon.colcon_core.package_identification:_identify(src/domain_bridge) by extensions ['colcon_pkg']
[0.805s] Level 1:colcon.colcon_core.package_identification:_identify(src/domain_bridge) by extension 'colcon_pkg'
[0.805s] Level 1:colcon.colcon_core.package_identification:_identify(src/domain_bridge) by extensions ['colcon_meta']
[0.805s] Level 1:colcon.colcon_core.package_identification:_identify(src/domain_bridge) by extension 'colcon_meta'
[0.806s] Level 1:colcon.colcon_core.package_identification:_identify(src/domain_bridge) by extensions ['ros']
[0.806s] Level 1:colcon.colcon_core.package_identification:_identify(src/domain_bridge) by extension 'ros'
[0.808s] DEBUG:colcon.colcon_core.package_identification:Package 'src/domain_bridge' with type 'ros.ament_cmake' and name 'domain_bridge'
[0.809s] Level 1:colcon.colcon_core.package_identification:_identify(src/install) by extensions ['ignore', 'ignore_ament_install']
[0.809s] Level 1:colcon.colcon_core.package_identification:_identify(src/install) by extension 'ignore'
[0.809s] Level 1:colcon.colcon_core.package_identification:_identify(src/install) ignored
[0.809s] Level 1:colcon.colcon_core.package_identification:_identify(src/log) by extensions ['ignore', 'ignore_ament_install']
[0.809s] Level 1:colcon.colcon_core.package_identification:_identify(src/log) by extension 'ignore'
[0.810s] Level 1:colcon.colcon_core.package_identification:_identify(src/log) ignored
[0.810s] Level 1:colcon.colcon_core.package_identification:_identify(src/p3_cpp) by extensions ['ignore', 'ignore_ament_install']
[0.810s] Level 1:colcon.colcon_core.package_identification:_identify(src/p3_cpp) by extension 'ignore'
[0.810s] Level 1:colcon.colcon_core.package_identification:_identify(src/p3_cpp) by extension 'ignore_ament_install'
[0.810s] Level 1:colcon.colcon_core.package_identification:_identify(src/p3_cpp) by extensions ['colcon_pkg']
[0.810s] Level 1:colcon.colcon_core.package_identification:_identify(src/p3_cpp) by extension 'colcon_pkg'
[0.810s] Level 1:colcon.colcon_core.package_identification:_identify(src/p3_cpp) by extensions ['colcon_meta']
[0.810s] Level 1:colcon.colcon_core.package_identification:_identify(src/p3_cpp) by extension 'colcon_meta'
[0.811s] Level 1:colcon.colcon_core.package_identification:_identify(src/p3_cpp) by extensions ['ros']
[0.811s] Level 1:colcon.colcon_core.package_identification:_identify(src/p3_cpp) by extension 'ros'
[0.812s] DEBUG:colcon.colcon_core.package_identification:Package 'src/p3_cpp' with type 'ros.ament_cmake' and name 'p3_cpp'
[0.812s] Level 1:colcon.colcon_core.package_identification:_identify(src/simulator_launch) by extensions ['ignore', 'ignore_ament_install']
[0.813s] Level 1:colcon.colcon_core.package_identification:_identify(src/simulator_launch) by extension 'ignore'
[0.813s] Level 1:colcon.colcon_core.package_identification:_identify(src/simulator_launch) by extension 'ignore_ament_install'
[0.813s] Level 1:colcon.colcon_core.package_identification:_identify(src/simulator_launch) by extensions ['colcon_pkg']
[0.813s] Level 1:colcon.colcon_core.package_identification:_identify(src/simulator_launch) by extension 'colcon_pkg'
[0.813s] Level 1:colcon.colcon_core.package_identification:_identify(src/simulator_launch) by extensions ['colcon_meta']
[0.813s] Level 1:colcon.colcon_core.package_identification:_identify(src/simulator_launch) by extension 'colcon_meta'
[0.813s] Level 1:colcon.colcon_core.package_identification:_identify(src/simulator_launch) by extensions ['ros']
[0.813s] Level 1:colcon.colcon_core.package_identification:_identify(src/simulator_launch) by extension 'ros'
[0.814s] DEBUG:colcon.colcon_core.package_identification:Package 'src/simulator_launch' with type 'ros.ament_cmake' and name 'simulator_launch'
[0.815s] Level 1:colcon.colcon_core.package_discovery:discover_packages(recursive) using defaults
[0.815s] Level 1:colcon.colcon_core.package_discovery:discover_packages(ignore) discover
[0.815s] Level 1:colcon.colcon_core.package_discovery:discover_packages(ignore) using defaults
[0.815s] Level 1:colcon.colcon_core.package_discovery:discover_packages(path) discover
[0.815s] Level 1:colcon.colcon_core.package_discovery:discover_packages(path) using defaults
[0.849s] INFO:colcon.colcon_core.package_selection:Skipping not selected package 'cav_controller' in 'src/cav_controller'
[0.849s] INFO:colcon.colcon_core.package_selection:Skipping not selected package 'domain_bridge' in 'src/domain_bridge'
[0.849s] INFO:colcon.colcon_core.package_selection:Skipping not selected package 'simulator_launch' in 'src/simulator_launch'
[0.850s] Level 1:colcon.colcon_core.package_discovery:discover_packages(prefix_path) check parameters
[0.850s] Level 1:colcon.colcon_core.package_discovery:discover_packages(prefix_path) discover
[0.855s] DEBUG:colcon.colcon_installed_package_information.package_discovery:Found 257 installed packages in /opt/ros/foxy
[0.888s] Level 1:colcon.colcon_core.package_discovery:discover_packages(prefix_path) using defaults
[1.019s] Level 5:colcon.colcon_core.verb:set package 'p3_cpp' build argument 'cmake_args' from command line to 'None'
[1.019s] Level 5:colcon.colcon_core.verb:set package 'p3_cpp' build argument 'cmake_target' from command line to 'None'
[1.019s] Level 5:colcon.colcon_core.verb:set package 'p3_cpp' build argument 'cmake_target_skip_unavailable' from command line to 'False'
[1.019s] Level 5:colcon.colcon_core.verb:set package 'p3_cpp' build argument 'cmake_clean_cache' from command line to 'False'
[1.019s] Level 5:colcon.colcon_core.verb:set package 'p3_cpp' build argument 'cmake_clean_first' from command line to 'False'
[1.019s] Level 5:colcon.colcon_core.verb:set package 'p3_cpp' build argument 'cmake_force_configure' from command line to 'False'
[1.019s] Level 5:colcon.colcon_core.verb:set package 'p3_cpp' build argument 'ament_cmake_args' from command line to 'None'
[1.019s] Level 5:colcon.colcon_core.verb:set package 'p3_cpp' build argument 'catkin_cmake_args' from command line to 'None'
[1.019s] Level 5:colcon.colcon_core.verb:set package 'p3_cpp' build argument 'catkin_skip_building_tests' from command line to 'False'
[1.019s] DEBUG:colcon.colcon_core.verb:Building package 'p3_cpp' with the following arguments: {'ament_cmake_args': None, 'build_base': '/home/cav-06/KAIST_Mobility_Challenge_Hardware/ros2_ws/build/p3_cpp', 'catkin_cmake_args': None, 'catkin_skip_building_tests': False, 'cmake_args': None, 'cmake_clean_cache': False, 'cmake_clean_first': False, 'cmake_force_configure': False, 'cmake_target': None, 'cmake_target_skip_unavailable': False, 'install_base': '/home/cav-06/KAIST_Mobility_Challenge_Hardware/ros2_ws/install/p3_cpp', 'merge_install': False, 'path': '/home/cav-06/KAIST_Mobility_Challenge_Hardware/ros2_ws/src/p3_cpp', 'symlink_install': False, 'test_result_base': None}
[1.020s] INFO:colcon.colcon_core.executor:Executing jobs using 'parallel' executor
[1.022s] DEBUG:colcon.colcon_parallel_executor.executor.parallel:run_until_complete
[1.024s] INFO:colcon.colcon_ros.task.ament_cmake.build:Building ROS package in '/home/cav-06/KAIST_Mobility_Challenge_Hardware/ros2_ws/src/p3_cpp' with build type 'ament_cmake'
[1.024s] INFO:colcon.colcon_cmake.task.cmake.build:Building CMake package in '/home/cav-06/KAIST_Mobility_Challenge_Hardware/ros2_ws/src/p3_cpp'
[1.028s] INFO:colcon.colcon_core.plugin_system:Skipping extension 'colcon_core.shell.bat': Not used on non-Windows systems
[1.029s] INFO:colcon.colcon_core.shell:Skip shell extension 'powershell' for command environment: Not usable outside of PowerShell
[1.029s] DEBUG:colcon.colcon_core.shell:Skip shell extension 'dsv' for command environment
[1.055s] DEBUG:colcon.colcon_core.event_handler.log_command:Invoking command in '/home/cav-06/KAIST_Mobility_Challenge_Hardware/ros2_ws/build/p3_cpp': CMAKE_PREFIX_PATH=/opt/ros/foxy /usr/bin/cmake --build /home/cav-06/KAIST_Mobility_Challenge_Hardware/ros2_ws/build/p3_cpp -- -j4 -l4
[16.090s] DEBUG:colcon.colcon_core.event_handler.log_command:Invoked command in '/home/cav-06/KAIST_Mobility_Challenge_Hardware/ros2_ws/build/p3_cpp' returned '0': CMAKE_PREFIX_PATH=/opt/ros/foxy /usr/bin/cmake --build /home/cav-06/KAIST_Mobility_Challenge_Hardware/ros2_ws/build/p3_cpp -- -j4 -l4
[16.120s] DEBUG:colcon.colcon_core.event_handler.log_command:Invoking command in '/home/cav-06/KAIST_Mobility_Challenge_Hardware/ros2_ws/build/p3_cpp': CMAKE_PREFIX_PATH=/opt/ros/foxy /usr/bin/cmake --install /home/cav-06/KAIST_Mobility_Challenge_Hardware/ros2_ws/build/p3_cpp
[16.157s] Level 1:colcon.colcon_core.environment:create_environment_scripts_only(p3_cpp)
[16.163s] Level 1:colcon.colcon_core.environment:checking '/home/cav-06/KAIST_Mobility_Challenge_Hardware/ros2_ws/install/p3_cpp' for CMake module files
[16.164s] Level 1:colcon.colcon_core.environment:checking '/home/cav-06/KAIST_Mobility_Challenge_Hardware/ros2_ws/install/p3_cpp' for CMake config files
[16.166s] Level 1:colcon.colcon_core.shell:create_environment_hook('p3_cpp', 'cmake_prefix_path')
[16.166s] INFO:colcon.colcon_core.shell:Creating environment hook '/home/cav-06/KAIST_Mobility_Challenge_Hardware/ros2_ws/install/p3_cpp/share/p3_cpp/hook/cmake_prefix_path.ps1'
[16.184s] DEBUG:colcon.colcon_core.event_handler.log_command:Invoked command in '/home/cav-06/KAIST_Mobility_Challenge_Hardware/ros2_ws/build/p3_cpp' returned '0': CMAKE_PREFIX_PATH=/opt/ros/foxy /usr/bin/cmake --install /home/cav-06/KAIST_Mobility_Challenge_Hardware/ros2_ws/build/p3_cpp
[16.185s] INFO:colcon.colcon_core.shell:Creating environment descriptor '/home/cav-06/KAIST_Mobility_Challenge_Hardware/ros2_ws/install/p3_cpp/share/p3_cpp/hook/cmake_prefix_path.dsv'
[16.186s] INFO:colcon.colcon_core.shell:Creating environment hook '/home/cav-06/KAIST_Mobility_Challenge_Hardware/ros2_ws/install/p3_cpp/share/p3_cpp/hook/cmake_prefix_path.sh'
[16.189s] Level 1:colcon.colcon_core.environment:checking '/home/cav-06/KAIST_Mobility_Challenge_Hardware/ros2_ws/install/p3_cpp/lib'
[16.189s] Level 1:colcon.colcon_core.environment:checking '/home/cav-06/KAIST_Mobility_Challenge_Hardware/ros2_ws/install/p3_cpp/bin'
[16.189s] Level 1:colcon.colcon_core.environment:checking '/home/cav-06/KAIST_Mobility_Challenge_Hardware/ros2_ws/install/p3_cpp/lib/pkgconfig/p3_cpp.pc'
[16.190s] Level 1:colcon.colcon_core.environment:checking '/home/cav-06/KAIST_Mobility_Challenge_Hardware/ros2_ws/install/p3_cpp/lib/python3.8/site-packages'
[16.190s] Level 1:colcon.colcon_core.environment:checking '/home/cav-06/KAIST_Mobility_Challenge_Hardware/ros2_ws/install/p3_cpp/bin'
[16.191s] INFO:colcon.colcon_core.shell:Creating package script '/home/cav-06/KAIST_Mobility_Challenge_Hardware/ros2_ws/install/p3_cpp/share/p3_cpp/package.ps1'
[16.193s] INFO:colcon.colcon_core.shell:Creating package descriptor '/home/cav-06/KAIST_Mobility_Challenge_Hardware/ros2_ws/install/p3_cpp/share/p3_cpp/package.dsv'
[16.194s] INFO:colcon.colcon_core.shell:Creating package script '/home/cav-06/KAIST_Mobility_Challenge_Hardware/ros2_ws/install/p3_cpp/share/p3_cpp/package.sh'
[16.195s] INFO:colcon.colcon_core.shell:Creating package script '/home/cav-06/KAIST_Mobility_Challenge_Hardware/ros2_ws/install/p3_cpp/share/p3_cpp/package.bash'
[16.197s] INFO:colcon.colcon_core.shell:Creating package script '/home/cav-06/KAIST_Mobility_Challenge_Hardware/ros2_ws/install/p3_cpp/share/p3_cpp/package.zsh'
[16.198s] Level 1:colcon.colcon_core.environment:create_file_with_runtime_dependencies(/home/cav-06/KAIST_Mobility_Challenge_Hardware/ros2_ws/install/p3_cpp/share/colcon-core/packages/p3_cpp)
[16.200s] Level 1:colcon.colcon_core.environment:create_environment_scripts_only(p3_cpp)
[16.200s] Level 1:colcon.colcon_core.environment:checking '/home/cav-06/KAIST_Mobility_Challenge_Hardware/ros2_ws/install/p3_cpp' for CMake module files
[16.201s] Level 1:colcon.colcon_core.environment:checking '/home/cav-06/KAIST_Mobility_Challenge_Hardware/ros2_ws/install/p3_cpp' for CMake config files
[16.202s] Level 1:colcon.colcon_core.shell:create_environment_hook('p3_cpp', 'cmake_prefix_path')
[16.202s] INFO:colcon.colcon_core.shell:Creating environment hook '/home/cav-06/KAIST_Mobility_Challenge_Hardware/ros2_ws/install/p3_cpp/share/p3_cpp/hook/cmake_prefix_path.ps1'
[16.203s] INFO:colcon.colcon_core.shell:Creating environment descriptor '/home/cav-06/KAIST_Mobility_Challenge_Hardware/ros2_ws/install/p3_cpp/share/p3_cpp/hook/cmake_prefix_path.dsv'
[16.204s] INFO:colcon.colcon_core.shell:Creating environment hook '/home/cav-06/KAIST_Mobility_Challenge_Hardware/ros2_ws/install/p3_cpp/share/p3_cpp/hook/cmake_prefix_path.sh'
[16.205s] Level 1:colcon.colcon_core.environment:checking '/home/cav-06/KAIST_Mobility_Challenge_Hardware/ros2_ws/install/p3_cpp/lib'
[16.205s] Level 1:colcon.colcon_core.environment:checking '/home/cav-06/KAIST_Mobility_Challenge_Hardware/ros2_ws/install/p3_cpp/bin'
[16.206s] Level 1:colcon.colcon_core.environment:checking '/home/cav-06/KAIST_Mobility_Challenge_Hardware/ros2_ws/install/p3_cpp/lib/pkgconfig/p3_cpp.pc'
[16.206s] Level 1:colcon.colcon_core.environment:checking '/home/cav-06/KAIST_Mobility_Challenge_Hardware/ros2_ws/install/p3_cpp/lib/python3.8/site-packages'
[16.207s] Level 1:colcon.colcon_core.environment:checking '/home/cav-06/KAIST_Mobility_Challenge_Hardware/ros2_ws/install/p3_cpp/bin'
[16.207s] INFO:colcon.colcon_core.shell:Creating package script '/home/cav-06/KAIST_Mobility_Challenge_Hardware/ros2_ws/install/p3_cpp/share/p3_cpp/package.ps1'
[16.208s] INFO:colcon.colcon_core.shell:Creating package descriptor '/home/cav-06/KAIST_Mobility_Challenge_Hardware/ros2_ws/install/p3_cpp/share/p3_cpp/package.dsv'
[16.209s] INFO:colcon.colcon_core.shell:Creating package script '/home/cav-06/KAIST_Mobility_Challenge_Hardware/ros2_ws/install/p3_cpp/share/p3_cpp/package.sh'
[16.210s] INFO:colcon.colcon_core.shell:Creating package script '/home/cav-06/KAIST_Mobility_Challenge_Hardware/ros2_ws/install/p3_cpp/share/p3_cpp/package.bash'
[16.211s] INFO:colcon.colcon_core.shell:Creating package script '/home/cav-06/KAIST_Mobility_Challenge_Hardware/ros2_ws/install/p3_cpp/share/p3_cpp/package.zsh'
[16.212s] Level 1:colcon.colcon_core.environment:create_file_with_runtime_dependencies(/home/cav-06/KAIST_Mobility_Challenge_Hardware/ros2_ws/install/p3_cpp/share/colcon-core/packages/p3_cpp)
[16.213s] DEBUG:colcon.colcon_parallel_executor.executor.parallel:closing loop
[16.213s] DEBUG:colcon.colcon_parallel_executor.executor.parallel:loop closed
[16.214s] DEBUG:colcon.colcon_parallel_executor.executor.parallel:run_until_complete finished with '0'
[16.214s] DEBUG:colcon.colcon_core.event_reactor:joining thread
[16.228s] INFO:colcon.colcon_core.plugin_system:Skipping extension 'colcon_notification.desktop_notification.terminal_notifier': Not used on non-Darwin systems
[16.228s] INFO:colcon.colcon_core.plugin_system:Skipping extension 'colcon_notification.desktop_notification.win32': Not used on non-Windows systems
[16.228s] INFO:colcon.colcon_notification.desktop_notification:Sending desktop notification using 'notify2'
[16.263s] DEBUG:colcon.colcon_core.event_reactor:joined thread
[16.265s] INFO:colcon.colcon_core.shell:Creating prefix script '/home/cav-06/KAIST_Mobility_Challenge_Hardware/ros2_ws/install/local_setup.ps1'
[16.267s] INFO:colcon.colcon_core.shell:Creating prefix util module '/home/cav-06/KAIST_Mobility_Challenge_Hardware/ros2_ws/install/_local_setup_util_ps1.py'
[16.271s] INFO:colcon.colcon_core.shell:Creating prefix chain script '/home/cav-06/KAIST_Mobility_Challenge_Hardware/ros2_ws/install/setup.ps1'
[16.273s] INFO:colcon.colcon_core.shell:Creating prefix script '/home/cav-06/KAIST_Mobility_Challenge_Hardware/ros2_ws/install/local_setup.sh'
[16.276s] INFO:colcon.colcon_core.shell:Creating prefix util module '/home/cav-06/KAIST_Mobility_Challenge_Hardware/ros2_ws/install/_local_setup_util_sh.py'
[16.278s] INFO:colcon.colcon_core.shell:Creating prefix chain script '/home/cav-06/KAIST_Mobility_Challenge_Hardware/ros2_ws/install/setup.sh'
[16.280s] INFO:colcon.colcon_core.shell:Creating prefix script '/home/cav-06/KAIST_Mobility_Challenge_Hardware/ros2_ws/install/local_setup.bash'
[16.282s] INFO:colcon.colcon_core.shell:Creating prefix chain script '/home/cav-06/KAIST_Mobility_Challenge_Hardware/ros2_ws/install/setup.bash'
[16.284s] INFO:colcon.colcon_core.shell:Creating prefix script '/home/cav-06/KAIST_Mobility_Challenge_Hardware/ros2_ws/install/local_setup.zsh'
[16.285s] INFO:colcon.colcon_core.shell:Creating prefix chain script '/home/cav-06/KAIST_Mobility_Challenge_Hardware/ros2_ws/install/setup.zsh'
