[0.025s] Invoking command in '/home/cav-06/KAIST_Mobility_Challenge_Hardware/ros2_ws/build/p3_cpp': CMAKE_PREFIX_PATH=${CMAKE_PREFIX_PATH}:/home/cav-06/KAIST_Mobility_Challenge_Hardware/install/cav_controller:/opt/ros/foxy /usr/bin/cmake /home/cav-06/KAIST_Mobility_Challenge_Hardware/ros2_ws/src/p3_cpp -DCMAKE_INSTALL_PREFIX=/home/cav-06/KAIST_Mobility_Challenge_Hardware/ros2_ws/install/p3_cpp
[0.141s] -- The C compiler identification is GNU 9.4.0
[0.244s] -- The CXX compiler identification is GNU 9.4.0
[0.253s] -- Check for working C compiler: /usr/bin/cc
[0.391s] -- Check for working C compiler: /usr/bin/cc -- works
[0.393s] -- Detecting C compiler ABI info
[0.537s] -- Detecting C compiler ABI info - done
[0.568s] -- Detecting C compile features
[0.568s] -- Detecting C compile features - done
[0.574s] -- Check for working CXX compiler: /usr/bin/c++
[0.730s] -- Check for working CXX compiler: /usr/bin/c++ -- works
[0.732s] -- Detecting CXX compiler ABI info
[0.890s] -- Detecting CXX compiler ABI info - done
[0.918s] -- Detecting CXX compile features
[0.919s] -- Detecting CXX compile features - done
[0.924s] -- Found ament_cmake: 0.9.12 (/opt/ros/foxy/share/ament_cmake/cmake)
[0.984s] -- Found PythonInterp: /usr/bin/python3 (found suitable version "3.8.10", minimum required is "3") 
[0.985s] -- Using PYTHON_EXECUTABLE: /usr/bin/python3
[1.430s] -- Found rclcpp: 2.4.3 (/opt/ros/foxy/share/rclcpp/cmake)
[1.517s] -- Using all available rosidl_typesupport_c: rosidl_typesupport_fastrtps_c;rosidl_typesupport_introspection_c
[1.530s] -- Found rosidl_adapter: 1.3.1 (/opt/ros/foxy/share/rosidl_adapter/cmake)
[1.689s] -- Found OpenSSL: /usr/lib/aarch64-linux-gnu/libcrypto.so (found version "1.1.1f")  
[1.748s] -- Found FastRTPS: /opt/ros/foxy/include  
[1.904s] -- Using all available rosidl_typesupport_cpp: rosidl_typesupport_fastrtps_cpp;rosidl_typesupport_introspection_cpp
[2.013s] -- Found rmw_implementation_cmake: 1.0.4 (/opt/ros/foxy/share/rmw_implementation_cmake/cmake)
[2.016s] -- Using RMW implementation 'rmw_fastrtps_cpp' as default
[2.018s] -- Looking for pthread.h
[2.164s] -- Looking for pthread.h - found
[2.164s] -- Performing Test CMAKE_HAVE_LIBC_PTHREAD
[2.312s] -- Performing Test CMAKE_HAVE_LIBC_PTHREAD - Failed
[2.313s] -- Looking for pthread_create in pthreads
[2.438s] -- Looking for pthread_create in pthreads - not found
[2.438s] -- Looking for pthread_create in pthread
[2.586s] -- Looking for pthread_create in pthread - found
[2.588s] -- Found Threads: TRUE  
[2.891s] -- Found geometry_msgs: 2.0.5 (/opt/ros/foxy/share/geometry_msgs/cmake)
[2.961s] -- Found ament_lint_auto: 0.9.8 (/opt/ros/foxy/share/ament_lint_auto/cmake)
[3.125s] -- Added test 'copyright' to check source files copyright and LICENSE
[3.134s] -- Added test 'cppcheck' to perform static code analysis on C / C++ code
[3.134s] -- Configured cppcheck include dirs: 
[3.134s] -- Configured cppcheck exclude dirs and/or files: 
[3.142s] -- Added test 'cpplint' to check C / C++ code against the Google style
[3.142s] -- Configured cpplint exclude dirs and/or files: 
[3.144s] -- Added test 'flake8' to check Python code syntax and style conventions
[3.147s] -- Added test 'lint_cmake' to check CMake code style
[3.149s] -- Added test 'pep257' to check Python code against some of the style conventions in PEP 257
[3.157s] -- Added test 'uncrustify' to check C / C++ code style
[3.157s] -- Configured uncrustify additional arguments: 
[3.159s] -- Added test 'xmllint' to check XML markup files
[3.167s] -- Configuring done
[3.189s] -- Generating done
[3.200s] -- Build files have been written to: /home/cav-06/KAIST_Mobility_Challenge_Hardware/ros2_ws/build/p3_cpp
[3.224s] Invoked command in '/home/cav-06/KAIST_Mobility_Challenge_Hardware/ros2_ws/build/p3_cpp' returned '0': CMAKE_PREFIX_PATH=${CMAKE_PREFIX_PATH}:/home/cav-06/KAIST_Mobility_Challenge_Hardware/install/cav_controller:/opt/ros/foxy /usr/bin/cmake /home/cav-06/KAIST_Mobility_Challenge_Hardware/ros2_ws/src/p3_cpp -DCMAKE_INSTALL_PREFIX=/home/cav-06/KAIST_Mobility_Challenge_Hardware/ros2_ws/install/p3_cpp
[3.232s] Invoking command in '/home/cav-06/KAIST_Mobility_Challenge_Hardware/ros2_ws/build/p3_cpp': CMAKE_PREFIX_PATH=${CMAKE_PREFIX_PATH}:/home/cav-06/KAIST_Mobility_Challenge_Hardware/install/cav_controller:/opt/ros/foxy /usr/bin/cmake --build /home/cav-06/KAIST_Mobility_Challenge_Hardware/ros2_ws/build/p3_cpp -- -j4 -l4
[3.317s] [35m[1mScanning dependencies of target main_p3[0m
[3.317s] [35m[1mScanning dependencies of target control_p3[0m
[3.394s] [ 25%] [32mBuilding CXX object CMakeFiles/control_p3.dir/src/control_p3.cpp.o[0m
[3.412s] [ 50%] [32mBuilding CXX object CMakeFiles/main_p3.dir/src/main_p3.cpp.o[0m
[7.106s] [01m[K/home/cav-06/KAIST_Mobility_Challenge_Hardware/ros2_ws/src/p3_cpp/src/main_p3.cpp:[m[K In lambda function:
[7.107s] [01m[K/home/cav-06/KAIST_Mobility_Challenge_Hardware/ros2_ws/src/p3_cpp/src/main_p3.cpp:225:55:[m[K [01;35m[Kwarning: [m[Kcomparison of integer expressions of different signedness: ‘[01m[Kstd::deque<double>::size_type[m[K’ {aka ‘[01m[Klong unsigned int[m[K’} and ‘[01m[Kconst int[m[K’ [[01;35m[K-Wsign-compare[m[K]
[7.107s]   225 |                             if ([01;35m[Khv_vel_buffer_.size() > vel_buffer_size_[m[K) {
[7.107s]       |                                 [01;35m[K~~~~~~~~~~~~~~~~~~~~~~^~~~~~~~~~~~~~~~~~[m[K
[7.195s] [01m[K/home/cav-06/KAIST_Mobility_Challenge_Hardware/ros2_ws/src/p3_cpp/src/main_p3.cpp:[m[K In member function ‘[01m[Kvoid MainTrafficController::process_roundabout_path_decision(Vehicle&, const string&, const string&)[m[K’:
[7.195s] [01m[K/home/cav-06/KAIST_Mobility_Challenge_Hardware/ros2_ws/src/p3_cpp/src/main_p3.cpp:451:79:[m[K [01;35m[Kwarning: [m[Kunused parameter ‘[01m[Kzone[m[K’ [[01;35m[K-Wunused-parameter[m[K]
[7.195s]   451 |     void process_roundabout_path_decision(Vehicle& my_cav, [01;35m[Kconst std::string& zone[m[K, const std::string& my_id) {
[7.196s]       |                                                            [01;35m[K~~~~~~~~~~~~~~~~~~~^~~~[m[K
[7.196s] [01m[K/home/cav-06/KAIST_Mobility_Challenge_Hardware/ros2_ws/src/p3_cpp/src/main_p3.cpp:451:104:[m[K [01;35m[Kwarning: [m[Kunused parameter ‘[01m[Kmy_id[m[K’ [[01;35m[K-Wunused-parameter[m[K]
[7.196s]   451 | ess_roundabout_path_decision(Vehicle& my_cav, const std::string& zone, [01;35m[Kconst std::string& my_id[m[K) {
[7.196s]       |                                                                        [01;35m[K~~~~~~~~~~~~~~~~~~~^~~~~[m[K
[7.196s] 
[18.378s] [ 75%] [32m[1mLinking CXX executable main_p3[0m
[19.010s] [ 75%] Built target main_p3
[22.860s] [100%] [32m[1mLinking CXX executable control_p3[0m
[23.632s] [100%] Built target control_p3
[23.660s] Invoked command in '/home/cav-06/KAIST_Mobility_Challenge_Hardware/ros2_ws/build/p3_cpp' returned '0': CMAKE_PREFIX_PATH=${CMAKE_PREFIX_PATH}:/home/cav-06/KAIST_Mobility_Challenge_Hardware/install/cav_controller:/opt/ros/foxy /usr/bin/cmake --build /home/cav-06/KAIST_Mobility_Challenge_Hardware/ros2_ws/build/p3_cpp -- -j4 -l4
[23.693s] Invoking command in '/home/cav-06/KAIST_Mobility_Challenge_Hardware/ros2_ws/build/p3_cpp': CMAKE_PREFIX_PATH=${CMAKE_PREFIX_PATH}:/home/cav-06/KAIST_Mobility_Challenge_Hardware/install/cav_controller:/opt/ros/foxy /usr/bin/cmake --install /home/cav-06/KAIST_Mobility_Challenge_Hardware/ros2_ws/build/p3_cpp
[23.714s] -- Install configuration: ""
[23.715s] -- Installing: /home/cav-06/KAIST_Mobility_Challenge_Hardware/ros2_ws/install/p3_cpp/lib/p3_cpp/control_p3
[23.722s] -- Set runtime path of "/home/cav-06/KAIST_Mobility_Challenge_Hardware/ros2_ws/install/p3_cpp/lib/p3_cpp/control_p3" to ""
[23.723s] -- Installing: /home/cav-06/KAIST_Mobility_Challenge_Hardware/ros2_ws/install/p3_cpp/lib/p3_cpp/main_p3
[23.728s] -- Set runtime path of "/home/cav-06/KAIST_Mobility_Challenge_Hardware/ros2_ws/install/p3_cpp/lib/p3_cpp/main_p3" to ""
[23.728s] -- Installing: /home/cav-06/KAIST_Mobility_Challenge_Hardware/ros2_ws/install/p3_cpp/share/p3_cpp/launch
[23.728s] -- Installing: /home/cav-06/KAIST_Mobility_Challenge_Hardware/ros2_ws/install/p3_cpp/share/p3_cpp/launch/server_launch.py
[23.728s] -- Installing: /home/cav-06/KAIST_Mobility_Challenge_Hardware/ros2_ws/install/p3_cpp/share/p3_cpp/launch/cav_launch.py
[23.729s] -- Installing: /home/cav-06/KAIST_Mobility_Challenge_Hardware/ros2_ws/install/p3_cpp/share/p3_cpp/tool
[23.729s] -- Installing: /home/cav-06/KAIST_Mobility_Challenge_Hardware/ros2_ws/install/p3_cpp/share/p3_cpp/tool/cav04p3_inside.csv
[23.729s] -- Installing: /home/cav-06/KAIST_Mobility_Challenge_Hardware/ros2_ws/install/p3_cpp/share/p3_cpp/tool/csv_to_json.py
[23.729s] -- Installing: /home/cav-06/KAIST_Mobility_Challenge_Hardware/ros2_ws/install/p3_cpp/share/p3_cpp/tool/cav06p3.csv
[23.730s] -- Installing: /home/cav-06/KAIST_Mobility_Challenge_Hardware/ros2_ws/install/p3_cpp/share/p3_cpp/tool/cav07p3.csv
[23.730s] -- Installing: /home/cav-06/KAIST_Mobility_Challenge_Hardware/ros2_ws/install/p3_cpp/share/p3_cpp/tool/Readme.md
[23.730s] -- Installing: /home/cav-06/KAIST_Mobility_Challenge_Hardware/ros2_ws/install/p3_cpp/share/p3_cpp/tool/cav01p3_inside.csv
[23.730s] -- Installing: /home/cav-06/KAIST_Mobility_Challenge_Hardware/ros2_ws/install/p3_cpp/share/p3_cpp/tool/cav06p3_inside.csv
[23.731s] -- Installing: /home/cav-06/KAIST_Mobility_Challenge_Hardware/ros2_ws/install/p3_cpp/share/p3_cpp/tool/cav07p3_inside.csv
[23.731s] -- Installing: /home/cav-06/KAIST_Mobility_Challenge_Hardware/ros2_ws/install/p3_cpp/share/p3_cpp/tool/cav01p3.csv
[23.731s] -- Installing: /home/cav-06/KAIST_Mobility_Challenge_Hardware/ros2_ws/install/p3_cpp/share/p3_cpp/tool/cav1p1.csv
[23.732s] -- Installing: /home/cav-06/KAIST_Mobility_Challenge_Hardware/ros2_ws/install/p3_cpp/share/p3_cpp/tool/node_info.png
[23.733s] -- Installing: /home/cav-06/KAIST_Mobility_Challenge_Hardware/ros2_ws/install/p3_cpp/share/p3_cpp/tool/p1_2.csv
[23.734s] -- Installing: /home/cav-06/KAIST_Mobility_Challenge_Hardware/ros2_ws/install/p3_cpp/share/p3_cpp/tool/waypoint
[23.734s] -- Installing: /home/cav-06/KAIST_Mobility_Challenge_Hardware/ros2_ws/install/p3_cpp/share/p3_cpp/tool/waypoint/42_8.csv
[23.734s] -- Installing: /home/cav-06/KAIST_Mobility_Challenge_Hardware/ros2_ws/install/p3_cpp/share/p3_cpp/tool/waypoint/60_46.csv
[23.735s] -- Installing: /home/cav-06/KAIST_Mobility_Challenge_Hardware/ros2_ws/install/p3_cpp/share/p3_cpp/tool/waypoint/49_55.csv
[23.735s] -- Installing: /home/cav-06/KAIST_Mobility_Challenge_Hardware/ros2_ws/install/p3_cpp/share/p3_cpp/tool/waypoint/50_54.csv
[23.735s] -- Installing: /home/cav-06/KAIST_Mobility_Challenge_Hardware/ros2_ws/install/p3_cpp/share/p3_cpp/tool/waypoint/38_48.csv
[23.735s] -- Installing: /home/cav-06/KAIST_Mobility_Challenge_Hardware/ros2_ws/install/p3_cpp/share/p3_cpp/tool/waypoint/16_61.csv
[23.735s] -- Installing: /home/cav-06/KAIST_Mobility_Challenge_Hardware/ros2_ws/install/p3_cpp/share/p3_cpp/tool/waypoint/63_39.csv
[23.736s] -- Installing: /home/cav-06/KAIST_Mobility_Challenge_Hardware/ros2_ws/install/p3_cpp/share/p3_cpp/tool/waypoint/2_4.csv
[23.736s] -- Installing: /home/cav-06/KAIST_Mobility_Challenge_Hardware/ros2_ws/install/p3_cpp/share/p3_cpp/tool/waypoint/25_36.csv
[23.736s] -- Installing: /home/cav-06/KAIST_Mobility_Challenge_Hardware/ros2_ws/install/p3_cpp/share/p3_cpp/tool/waypoint/5_8.csv
[23.736s] -- Installing: /home/cav-06/KAIST_Mobility_Challenge_Hardware/ros2_ws/install/p3_cpp/share/p3_cpp/tool/waypoint/41_43.csv
[23.737s] -- Installing: /home/cav-06/KAIST_Mobility_Challenge_Hardware/ros2_ws/install/p3_cpp/share/p3_cpp/tool/waypoint/28_31.csv
[23.737s] -- Installing: /home/cav-06/KAIST_Mobility_Challenge_Hardware/ros2_ws/install/p3_cpp/share/p3_cpp/tool/waypoint/46_40.csv
[23.737s] -- Installing: /home/cav-06/KAIST_Mobility_Challenge_Hardware/ros2_ws/install/p3_cpp/share/p3_cpp/tool/waypoint/6_44.csv
[23.737s] -- Installing: /home/cav-06/KAIST_Mobility_Challenge_Hardware/ros2_ws/install/p3_cpp/share/p3_cpp/tool/waypoint/39_40.csv
[23.737s] -- Installing: /home/cav-06/KAIST_Mobility_Challenge_Hardware/ros2_ws/install/p3_cpp/share/p3_cpp/tool/waypoint/5_45.csv
[23.738s] -- Installing: /home/cav-06/KAIST_Mobility_Challenge_Hardware/ros2_ws/install/p3_cpp/share/p3_cpp/tool/waypoint/37_38.csv
[23.738s] -- Installing: /home/cav-06/KAIST_Mobility_Challenge_Hardware/ros2_ws/install/p3_cpp/share/p3_cpp/tool/waypoint/56_59.csv
[23.738s] -- Installing: /home/cav-06/KAIST_Mobility_Challenge_Hardware/ros2_ws/install/p3_cpp/share/p3_cpp/tool/waypoint/41_42.csv
[23.738s] -- Installing: /home/cav-06/KAIST_Mobility_Challenge_Hardware/ros2_ws/install/p3_cpp/share/p3_cpp/tool/waypoint/43_9.csv
[23.739s] -- Installing: /home/cav-06/KAIST_Mobility_Challenge_Hardware/ros2_ws/install/p3_cpp/share/p3_cpp/tool/waypoint/27_30.csv
[23.739s] -- Installing: /home/cav-06/KAIST_Mobility_Challenge_Hardware/ros2_ws/install/p3_cpp/share/p3_cpp/tool/waypoint/24_37.csv
[23.739s] -- Installing: /home/cav-06/KAIST_Mobility_Challenge_Hardware/ros2_ws/install/p3_cpp/share/p3_cpp/tool/waypoint/29_2.csv
[23.739s] -- Installing: /home/cav-06/KAIST_Mobility_Challenge_Hardware/ros2_ws/install/p3_cpp/share/p3_cpp/tool/waypoint/6_9.csv
[23.740s] -- Installing: /home/cav-06/KAIST_Mobility_Challenge_Hardware/ros2_ws/install/p3_cpp/share/p3_cpp/tool/waypoint/18_21.csv
[23.740s] -- Installing: /home/cav-06/KAIST_Mobility_Challenge_Hardware/ros2_ws/install/p3_cpp/share/p3_cpp/tool/waypoint/13_14.csv
[23.740s] -- Installing: /home/cav-06/KAIST_Mobility_Challenge_Hardware/ros2_ws/install/p3_cpp/share/p3_cpp/tool/waypoint/22_25.csv
[23.740s] -- Installing: /home/cav-06/KAIST_Mobility_Challenge_Hardware/ros2_ws/install/p3_cpp/share/p3_cpp/tool/waypoint/25_28.csv
[23.740s] -- Installing: /home/cav-06/KAIST_Mobility_Challenge_Hardware/ros2_ws/install/p3_cpp/share/p3_cpp/tool/waypoint/16_19.csv
[23.741s] -- Installing: /home/cav-06/KAIST_Mobility_Challenge_Hardware/ros2_ws/install/p3_cpp/share/p3_cpp/tool/waypoint/62_35.csv
[23.741s] -- Installing: /home/cav-06/KAIST_Mobility_Challenge_Hardware/ros2_ws/install/p3_cpp/share/p3_cpp/tool/waypoint/8_57.csv
[23.741s] -- Installing: /home/cav-06/KAIST_Mobility_Challenge_Hardware/ros2_ws/install/p3_cpp/share/p3_cpp/tool/waypoint/47_41.csv
[23.742s] -- Installing: /home/cav-06/KAIST_Mobility_Challenge_Hardware/ros2_ws/install/p3_cpp/share/p3_cpp/tool/waypoint/51_46.csv
[23.742s] -- Installing: /home/cav-06/KAIST_Mobility_Challenge_Hardware/ros2_ws/install/p3_cpp/share/p3_cpp/tool/waypoint/27_31.csv
[23.742s] -- Installing: /home/cav-06/KAIST_Mobility_Challenge_Hardware/ros2_ws/install/p3_cpp/share/p3_cpp/tool/waypoint/56_52.csv
[23.742s] -- Installing: /home/cav-06/KAIST_Mobility_Challenge_Hardware/ros2_ws/install/p3_cpp/share/p3_cpp/tool/waypoint/19_22.csv
[23.743s] -- Installing: /home/cav-06/KAIST_Mobility_Challenge_Hardware/ros2_ws/install/p3_cpp/share/p3_cpp/tool/waypoint/63_34.csv
[23.743s] -- Installing: /home/cav-06/KAIST_Mobility_Challenge_Hardware/ros2_ws/install/p3_cpp/share/p3_cpp/tool/waypoint/58_19.csv
[23.743s] -- Installing: /home/cav-06/KAIST_Mobility_Challenge_Hardware/ros2_ws/install/p3_cpp/share/p3_cpp/tool/waypoint/62_38.csv
[23.743s] -- Installing: /home/cav-06/KAIST_Mobility_Challenge_Hardware/ros2_ws/install/p3_cpp/share/p3_cpp/tool/waypoint/28_32.csv
[23.743s] -- Installing: /home/cav-06/KAIST_Mobility_Challenge_Hardware/ros2_ws/install/p3_cpp/share/p3_cpp/tool/waypoint/59_18.csv
[23.744s] -- Installing: /home/cav-06/KAIST_Mobility_Challenge_Hardware/ros2_ws/install/p3_cpp/share/p3_cpp/tool/waypoint/38_41.csv
[23.744s] -- Installing: /home/cav-06/KAIST_Mobility_Challenge_Hardware/ros2_ws/install/p3_cpp/share/p3_cpp/tool/waypoint/31_1.csv
[23.744s] -- Installing: /home/cav-06/KAIST_Mobility_Challenge_Hardware/ros2_ws/install/p3_cpp/share/p3_cpp/tool/waypoint/22_50.csv
[23.744s] -- Installing: /home/cav-06/KAIST_Mobility_Challenge_Hardware/ros2_ws/install/p3_cpp/share/p3_cpp/tool/waypoint/61_47.csv
[23.744s] -- Installing: /home/cav-06/KAIST_Mobility_Challenge_Hardware/ros2_ws/install/p3_cpp/share/p3_cpp/tool/waypoint/60_52.csv
[23.745s] -- Installing: /home/cav-06/KAIST_Mobility_Challenge_Hardware/ros2_ws/install/p3_cpp/share/p3_cpp/tool/waypoint/24_27.csv
[23.745s] -- Installing: /home/cav-06/KAIST_Mobility_Challenge_Hardware/ros2_ws/install/p3_cpp/share/p3_cpp/tool/waypoint/3_33.csv
[23.745s] -- Installing: /home/cav-06/KAIST_Mobility_Challenge_Hardware/ros2_ws/install/p3_cpp/share/p3_cpp/tool/waypoint/12_15.csv
[23.745s] -- Installing: /home/cav-06/KAIST_Mobility_Challenge_Hardware/ros2_ws/install/p3_cpp/share/p3_cpp/tool/waypoint/53_25.csv
[23.746s] -- Installing: /home/cav-06/KAIST_Mobility_Challenge_Hardware/ros2_ws/install/p3_cpp/share/p3_cpp/tool/waypoint/3_6.csv
[23.746s] -- Installing: /home/cav-06/KAIST_Mobility_Challenge_Hardware/ros2_ws/install/p3_cpp/share/p3_cpp/tool/waypoint/44_63.csv
[23.746s] -- Installing: /home/cav-06/KAIST_Mobility_Challenge_Hardware/ros2_ws/install/p3_cpp/share/p3_cpp/tool/waypoint/32_5.csv
[23.746s] -- Installing: /home/cav-06/KAIST_Mobility_Challenge_Hardware/ros2_ws/install/p3_cpp/share/p3_cpp/tool/waypoint/48_53.csv
[23.747s] -- Installing: /home/cav-06/KAIST_Mobility_Challenge_Hardware/ros2_ws/install/p3_cpp/share/p3_cpp/tool/waypoint/37_39.csv
[23.747s] -- Installing: /home/cav-06/KAIST_Mobility_Challenge_Hardware/ros2_ws/install/p3_cpp/share/p3_cpp/tool/waypoint/4_7.csv
[23.747s] -- Installing: /home/cav-06/KAIST_Mobility_Challenge_Hardware/ros2_ws/install/p3_cpp/share/p3_cpp/tool/waypoint/38_49.csv
[23.747s] -- Installing: /home/cav-06/KAIST_Mobility_Challenge_Hardware/ros2_ws/install/p3_cpp/share/p3_cpp/tool/waypoint/50_48.csv
[23.747s] -- Installing: /home/cav-06/KAIST_Mobility_Challenge_Hardware/ros2_ws/install/p3_cpp/share/p3_cpp/tool/waypoint/57_47.csv
[23.748s] -- Installing: /home/cav-06/KAIST_Mobility_Challenge_Hardware/ros2_ws/install/p3_cpp/share/p3_cpp/tool/waypoint/51_55.csv
[23.748s] -- Installing: /home/cav-06/KAIST_Mobility_Challenge_Hardware/ros2_ws/install/p3_cpp/share/p3_cpp/tool/waypoint/35_28.csv
[23.748s] -- Installing: /home/cav-06/KAIST_Mobility_Challenge_Hardware/ros2_ws/install/p3_cpp/share/p3_cpp/tool/waypoint/8_11.csv
[23.748s] -- Installing: /home/cav-06/KAIST_Mobility_Challenge_Hardware/ros2_ws/install/p3_cpp/share/p3_cpp/tool/waypoint/49_59.csv
[23.749s] -- Installing: /home/cav-06/KAIST_Mobility_Challenge_Hardware/ros2_ws/install/p3_cpp/share/p3_cpp/tool/waypoint/1_3.csv
[23.749s] -- Installing: /home/cav-06/KAIST_Mobility_Challenge_Hardware/ros2_ws/install/p3_cpp/share/p3_cpp/tool/waypoint/26_29.csv
[23.749s] -- Installing: /home/cav-06/KAIST_Mobility_Challenge_Hardware/ros2_ws/install/p3_cpp/share/p3_cpp/tool/waypoint/21_51.csv
[23.749s] -- Installing: /home/cav-06/KAIST_Mobility_Challenge_Hardware/ros2_ws/install/p3_cpp/share/p3_cpp/tool/waypoint/36_38.csv
[23.750s] -- Installing: /home/cav-06/KAIST_Mobility_Challenge_Hardware/ros2_ws/install/p3_cpp/share/p3_cpp/tool/waypoint/3_7.csv
[23.750s] -- Installing: /home/cav-06/KAIST_Mobility_Challenge_Hardware/ros2_ws/install/p3_cpp/share/p3_cpp/tool/waypoint/30_1.csv
[23.750s] -- Installing: /home/cav-06/KAIST_Mobility_Challenge_Hardware/ros2_ws/install/p3_cpp/share/p3_cpp/tool/waypoint/15_18.csv
[23.750s] -- Installing: /home/cav-06/KAIST_Mobility_Challenge_Hardware/ros2_ws/install/p3_cpp/share/p3_cpp/tool/waypoint/10_13.csv
[23.751s] -- Installing: /home/cav-06/KAIST_Mobility_Challenge_Hardware/ros2_ws/install/p3_cpp/share/p3_cpp/tool/waypoint/52_24.csv
[23.751s] -- Installing: /home/cav-06/KAIST_Mobility_Challenge_Hardware/ros2_ws/install/p3_cpp/share/p3_cpp/tool/waypoint/39_49.csv
[23.751s] -- Installing: /home/cav-06/KAIST_Mobility_Challenge_Hardware/ros2_ws/install/p3_cpp/share/p3_cpp/tool/waypoint/40_63.csv
[23.751s] -- Installing: /home/cav-06/KAIST_Mobility_Challenge_Hardware/ros2_ws/install/p3_cpp/share/p3_cpp/tool/waypoint/20_23.csv
[23.752s] -- Installing: /home/cav-06/KAIST_Mobility_Challenge_Hardware/ros2_ws/install/p3_cpp/share/p3_cpp/tool/waypoint/21_24.csv
[23.752s] -- Installing: /home/cav-06/KAIST_Mobility_Challenge_Hardware/ros2_ws/install/p3_cpp/share/p3_cpp/tool/waypoint/7_10.csv
[23.752s] -- Installing: /home/cav-06/KAIST_Mobility_Challenge_Hardware/ros2_ws/install/p3_cpp/share/p3_cpp/tool/waypoint/41_62.csv
[23.752s] -- Installing: /home/cav-06/KAIST_Mobility_Challenge_Hardware/ros2_ws/install/p3_cpp/share/p3_cpp/tool/waypoint/57_53.csv
[23.753s] -- Installing: /home/cav-06/KAIST_Mobility_Challenge_Hardware/ros2_ws/install/p3_cpp/share/p3_cpp/tool/waypoint/48_58.csv
[23.753s] -- Installing: /home/cav-06/KAIST_Mobility_Challenge_Hardware/ros2_ws/install/p3_cpp/share/p3_cpp/tool/waypoint/46_41.csv
[23.753s] -- Installing: /home/cav-06/KAIST_Mobility_Challenge_Hardware/ros2_ws/install/p3_cpp/share/p3_cpp/tool/waypoint/54_11.csv
[23.753s] -- Installing: /home/cav-06/KAIST_Mobility_Challenge_Hardware/ros2_ws/install/p3_cpp/share/p3_cpp/tool/waypoint/33_31.csv
[23.753s] -- Installing: /home/cav-06/KAIST_Mobility_Challenge_Hardware/ros2_ws/install/p3_cpp/share/p3_cpp/tool/waypoint/11_16.csv
[23.754s] -- Installing: /home/cav-06/KAIST_Mobility_Challenge_Hardware/ros2_ws/install/p3_cpp/share/p3_cpp/tool/waypoint/7_9.csv
[23.754s] -- Installing: /home/cav-06/KAIST_Mobility_Challenge_Hardware/ros2_ws/install/p3_cpp/share/p3_cpp/tool/waypoint/40_43.csv
[23.754s] -- Installing: /home/cav-06/KAIST_Mobility_Challenge_Hardware/ros2_ws/install/p3_cpp/share/p3_cpp/tool/waypoint/23_26.csv
[23.754s] -- Installing: /home/cav-06/KAIST_Mobility_Challenge_Hardware/ros2_ws/install/p3_cpp/share/p3_cpp/tool/waypoint/55_12.csv
[23.755s] -- Installing: /home/cav-06/KAIST_Mobility_Challenge_Hardware/ros2_ws/install/p3_cpp/share/p3_cpp/tool/waypoint/15_60.csv
[23.755s] -- Installing: /home/cav-06/KAIST_Mobility_Challenge_Hardware/ros2_ws/install/p3_cpp/share/p3_cpp/tool/waypoint/9_12.csv
[23.755s] -- Installing: /home/cav-06/KAIST_Mobility_Challenge_Hardware/ros2_ws/install/p3_cpp/share/p3_cpp/tool/waypoint/14_17.csv
[23.755s] -- Installing: /home/cav-06/KAIST_Mobility_Challenge_Hardware/ros2_ws/install/p3_cpp/share/p3_cpp/tool/waypoint/61_54.csv
[23.756s] -- Installing: /home/cav-06/KAIST_Mobility_Challenge_Hardware/ros2_ws/install/p3_cpp/share/p3_cpp/tool/waypoint/9_56.csv
[23.756s] -- Installing: /home/cav-06/KAIST_Mobility_Challenge_Hardware/ros2_ws/install/p3_cpp/share/p3_cpp/tool/waypoint/45_62.csv
[23.756s] -- Installing: /home/cav-06/KAIST_Mobility_Challenge_Hardware/ros2_ws/install/p3_cpp/share/p3_cpp/tool/waypoint/34_27.csv
[23.756s] -- Installing: /home/cav-06/KAIST_Mobility_Challenge_Hardware/ros2_ws/install/p3_cpp/share/p3_cpp/tool/waypoint/17_20.csv
[23.756s] -- Installing: /home/cav-06/KAIST_Mobility_Challenge_Hardware/ros2_ws/install/p3_cpp/share/p3_cpp/tool/cav04p3.csv
[23.757s] -- Installing: /home/cav-06/KAIST_Mobility_Challenge_Hardware/ros2_ws/install/p3_cpp/share/p3_cpp/tool/p1_1.csv
[23.757s] -- Installing: /home/cav-06/KAIST_Mobility_Challenge_Hardware/ros2_ws/install/p3_cpp/share/p3_cpp/tool/path_generator.py
[23.757s] -- Installing: /home/cav-06/KAIST_Mobility_Challenge_Hardware/ros2_ws/install/p3_cpp/share/p3_cpp/config
[23.758s] -- Installing: /home/cav-06/KAIST_Mobility_Challenge_Hardware/ros2_ws/install/p3_cpp/share/p3_cpp/config/bridge01.yaml
[23.758s] -- Installing: /home/cav-06/KAIST_Mobility_Challenge_Hardware/ros2_ws/install/p3_cpp/share/p3_cpp/config/bridge04.yaml
[23.758s] -- Installing: /home/cav-06/KAIST_Mobility_Challenge_Hardware/ros2_ws/install/p3_cpp/share/p3_cpp/config/bridge_06.yaml
[23.758s] -- Installing: /home/cav-06/KAIST_Mobility_Challenge_Hardware/ros2_ws/install/p3_cpp/share/p3_cpp/config/bridge07.yaml
[23.759s] -- Installing: /home/cav-06/KAIST_Mobility_Challenge_Hardware/ros2_ws/install/p3_cpp/share/ament_index/resource_index/package_run_dependencies/p3_cpp
[23.760s] -- Installing: /home/cav-06/KAIST_Mobility_Challenge_Hardware/ros2_ws/install/p3_cpp/share/ament_index/resource_index/parent_prefix_path/p3_cpp
[23.761s] -- Installing: /home/cav-06/KAIST_Mobility_Challenge_Hardware/ros2_ws/install/p3_cpp/share/p3_cpp/environment/ament_prefix_path.sh
[23.761s] -- Installing: /home/cav-06/KAIST_Mobility_Challenge_Hardware/ros2_ws/install/p3_cpp/share/p3_cpp/environment/ament_prefix_path.dsv
[23.761s] -- Installing: /home/cav-06/KAIST_Mobility_Challenge_Hardware/ros2_ws/install/p3_cpp/share/p3_cpp/environment/path.sh
[23.761s] -- Installing: /home/cav-06/KAIST_Mobility_Challenge_Hardware/ros2_ws/install/p3_cpp/share/p3_cpp/environment/path.dsv
[23.762s] -- Installing: /home/cav-06/KAIST_Mobility_Challenge_Hardware/ros2_ws/install/p3_cpp/share/p3_cpp/local_setup.bash
[23.762s] -- Installing: /home/cav-06/KAIST_Mobility_Challenge_Hardware/ros2_ws/install/p3_cpp/share/p3_cpp/local_setup.sh
[23.762s] -- Installing: /home/cav-06/KAIST_Mobility_Challenge_Hardware/ros2_ws/install/p3_cpp/share/p3_cpp/local_setup.zsh
[23.762s] -- Installing: /home/cav-06/KAIST_Mobility_Challenge_Hardware/ros2_ws/install/p3_cpp/share/p3_cpp/local_setup.dsv
[23.763s] -- Installing: /home/cav-06/KAIST_Mobility_Challenge_Hardware/ros2_ws/install/p3_cpp/share/p3_cpp/package.dsv
[23.763s] -- Installing: /home/cav-06/KAIST_Mobility_Challenge_Hardware/ros2_ws/install/p3_cpp/share/ament_index/resource_index/packages/p3_cpp
[23.764s] -- Installing: /home/cav-06/KAIST_Mobility_Challenge_Hardware/ros2_ws/install/p3_cpp/share/p3_cpp/cmake/p3_cppConfig.cmake
[23.764s] -- Installing: /home/cav-06/KAIST_Mobility_Challenge_Hardware/ros2_ws/install/p3_cpp/share/p3_cpp/cmake/p3_cppConfig-version.cmake
[23.764s] -- Installing: /home/cav-06/KAIST_Mobility_Challenge_Hardware/ros2_ws/install/p3_cpp/share/p3_cpp/package.xml
[23.770s] Invoked command in '/home/cav-06/KAIST_Mobility_Challenge_Hardware/ros2_ws/build/p3_cpp' returned '0': CMAKE_PREFIX_PATH=${CMAKE_PREFIX_PATH}:/home/cav-06/KAIST_Mobility_Challenge_Hardware/install/cav_controller:/opt/ros/foxy /usr/bin/cmake --install /home/cav-06/KAIST_Mobility_Challenge_Hardware/ros2_ws/build/p3_cpp
