[0.024s] Invoking command in '/home/cav-06/KAIST_Mobility_Challenge_Hardware/ros2_ws/build/p3_cpp': CMAKE_PREFIX_PATH=${CMAKE_PREFIX_PATH}:/opt/ros/foxy /usr/bin/cmake --build /home/cav-06/KAIST_Mobility_Challenge_Hardware/ros2_ws/build/p3_cpp -- -j4 -l4
[0.113s] [35m[1mScanning dependencies of target control_p3[0m
[0.148s] [ 50%] Built target main_p3
[0.168s] [ 75%] [32mBuilding CXX object CMakeFiles/control_p3.dir/src/control_p3.cpp.o[0m
[18.370s] [100%] [32m[1mLinking CXX executable control_p3[0m
[19.117s] [100%] Built target control_p3
[19.140s] Invoked command in '/home/cav-06/KAIST_Mobility_Challenge_Hardware/ros2_ws/build/p3_cpp' returned '0': CMAKE_PREFIX_PATH=${CMAKE_PREFIX_PATH}:/opt/ros/foxy /usr/bin/cmake --build /home/cav-06/KAIST_Mobility_Challenge_Hardware/ros2_ws/build/p3_cpp -- -j4 -l4
[19.171s] Invoking command in '/home/cav-06/KAIST_Mobility_Challenge_Hardware/ros2_ws/build/p3_cpp': CMAKE_PREFIX_PATH=${CMAKE_PREFIX_PATH}:/opt/ros/foxy /usr/bin/cmake --install /home/cav-06/KAIST_Mobility_Challenge_Hardware/ros2_ws/build/p3_cpp
[19.189s] -- Install configuration: ""
[19.190s] -- Installing: /home/cav-06/KAIST_Mobility_Challenge_Hardware/ros2_ws/install/p3_cpp/lib/p3_cpp/control_p3
[19.197s] -- Set runtime path of "/home/cav-06/KAIST_Mobility_Challenge_Hardware/ros2_ws/install/p3_cpp/lib/p3_cpp/control_p3" to ""
[19.198s] -- Up-to-date: /home/cav-06/KAIST_Mobility_Challenge_Hardware/ros2_ws/install/p3_cpp/lib/p3_cpp/main_p3
[19.198s] -- Up-to-date: /home/cav-06/KAIST_Mobility_Challenge_Hardware/ros2_ws/install/p3_cpp/share/p3_cpp/launch
[19.198s] -- Up-to-date: /home/cav-06/KAIST_Mobility_Challenge_Hardware/ros2_ws/install/p3_cpp/share/p3_cpp/launch/server_launch.py
[19.199s] -- Up-to-date: /home/cav-06/KAIST_Mobility_Challenge_Hardware/ros2_ws/install/p3_cpp/share/p3_cpp/launch/cav_launch.py
[19.199s] -- Up-to-date: /home/cav-06/KAIST_Mobility_Challenge_Hardware/ros2_ws/install/p3_cpp/share/p3_cpp/tool
[19.200s] -- Up-to-date: /home/cav-06/KAIST_Mobility_Challenge_Hardware/ros2_ws/install/p3_cpp/share/p3_cpp/tool/cav04p3_inside.csv
[19.200s] -- Up-to-date: /home/cav-06/KAIST_Mobility_Challenge_Hardware/ros2_ws/install/p3_cpp/share/p3_cpp/tool/csv_to_json.py
[19.201s] -- Up-to-date: /home/cav-06/KAIST_Mobility_Challenge_Hardware/ros2_ws/install/p3_cpp/share/p3_cpp/tool/cav02p3_inside.csv
[19.201s] -- Up-to-date: /home/cav-06/KAIST_Mobility_Challenge_Hardware/ros2_ws/install/p3_cpp/share/p3_cpp/tool/Readme.md
[19.201s] -- Up-to-date: /home/cav-06/KAIST_Mobility_Challenge_Hardware/ros2_ws/install/p3_cpp/share/p3_cpp/tool/cav03p3_inside.csv
[19.202s] -- Up-to-date: /home/cav-06/KAIST_Mobility_Challenge_Hardware/ros2_ws/install/p3_cpp/share/p3_cpp/tool/cav02p3.csv
[19.202s] -- Up-to-date: /home/cav-06/KAIST_Mobility_Challenge_Hardware/ros2_ws/install/p3_cpp/share/p3_cpp/tool/cav01p3_inside.csv
[19.203s] -- Up-to-date: /home/cav-06/KAIST_Mobility_Challenge_Hardware/ros2_ws/install/p3_cpp/share/p3_cpp/tool/cav03p3.csv
[19.203s] -- Up-to-date: /home/cav-06/KAIST_Mobility_Challenge_Hardware/ros2_ws/install/p3_cpp/share/p3_cpp/tool/cav01p3.csv
[19.203s] -- Up-to-date: /home/cav-06/KAIST_Mobility_Challenge_Hardware/ros2_ws/install/p3_cpp/share/p3_cpp/tool/cav1p1.csv
[19.203s] -- Up-to-date: /home/cav-06/KAIST_Mobility_Challenge_Hardware/ros2_ws/install/p3_cpp/share/p3_cpp/tool/node_info.png
[19.204s] -- Up-to-date: /home/cav-06/KAIST_Mobility_Challenge_Hardware/ros2_ws/install/p3_cpp/share/p3_cpp/tool/p1_2.csv
[19.204s] -- Up-to-date: /home/cav-06/KAIST_Mobility_Challenge_Hardware/ros2_ws/install/p3_cpp/share/p3_cpp/tool/waypoint
[19.204s] -- Up-to-date: /home/cav-06/KAIST_Mobility_Challenge_Hardware/ros2_ws/install/p3_cpp/share/p3_cpp/tool/waypoint/42_8.csv
[19.204s] -- Up-to-date: /home/cav-06/KAIST_Mobility_Challenge_Hardware/ros2_ws/install/p3_cpp/share/p3_cpp/tool/waypoint/60_46.csv
[19.204s] -- Up-to-date: /home/cav-06/KAIST_Mobility_Challenge_Hardware/ros2_ws/install/p3_cpp/share/p3_cpp/tool/waypoint/49_55.csv
[19.205s] -- Up-to-date: /home/cav-06/KAIST_Mobility_Challenge_Hardware/ros2_ws/install/p3_cpp/share/p3_cpp/tool/waypoint/50_54.csv
[19.205s] -- Up-to-date: /home/cav-06/KAIST_Mobility_Challenge_Hardware/ros2_ws/install/p3_cpp/share/p3_cpp/tool/waypoint/38_48.csv
[19.205s] -- Up-to-date: /home/cav-06/KAIST_Mobility_Challenge_Hardware/ros2_ws/install/p3_cpp/share/p3_cpp/tool/waypoint/16_61.csv
[19.205s] -- Up-to-date: /home/cav-06/KAIST_Mobility_Challenge_Hardware/ros2_ws/install/p3_cpp/share/p3_cpp/tool/waypoint/63_39.csv
[19.205s] -- Up-to-date: /home/cav-06/KAIST_Mobility_Challenge_Hardware/ros2_ws/install/p3_cpp/share/p3_cpp/tool/waypoint/2_4.csv
[19.205s] -- Up-to-date: /home/cav-06/KAIST_Mobility_Challenge_Hardware/ros2_ws/install/p3_cpp/share/p3_cpp/tool/waypoint/25_36.csv
[19.206s] -- Up-to-date: /home/cav-06/KAIST_Mobility_Challenge_Hardware/ros2_ws/install/p3_cpp/share/p3_cpp/tool/waypoint/5_8.csv
[19.206s] -- Up-to-date: /home/cav-06/KAIST_Mobility_Challenge_Hardware/ros2_ws/install/p3_cpp/share/p3_cpp/tool/waypoint/41_43.csv
[19.206s] -- Up-to-date: /home/cav-06/KAIST_Mobility_Challenge_Hardware/ros2_ws/install/p3_cpp/share/p3_cpp/tool/waypoint/28_31.csv
[19.206s] -- Up-to-date: /home/cav-06/KAIST_Mobility_Challenge_Hardware/ros2_ws/install/p3_cpp/share/p3_cpp/tool/waypoint/46_40.csv
[19.206s] -- Up-to-date: /home/cav-06/KAIST_Mobility_Challenge_Hardware/ros2_ws/install/p3_cpp/share/p3_cpp/tool/waypoint/6_44.csv
[19.206s] -- Up-to-date: /home/cav-06/KAIST_Mobility_Challenge_Hardware/ros2_ws/install/p3_cpp/share/p3_cpp/tool/waypoint/39_40.csv
[19.206s] -- Up-to-date: /home/cav-06/KAIST_Mobility_Challenge_Hardware/ros2_ws/install/p3_cpp/share/p3_cpp/tool/waypoint/5_45.csv
[19.206s] -- Up-to-date: /home/cav-06/KAIST_Mobility_Challenge_Hardware/ros2_ws/install/p3_cpp/share/p3_cpp/tool/waypoint/37_38.csv
[19.207s] -- Up-to-date: /home/cav-06/KAIST_Mobility_Challenge_Hardware/ros2_ws/install/p3_cpp/share/p3_cpp/tool/waypoint/56_59.csv
[19.207s] -- Up-to-date: /home/cav-06/KAIST_Mobility_Challenge_Hardware/ros2_ws/install/p3_cpp/share/p3_cpp/tool/waypoint/41_42.csv
[19.207s] -- Up-to-date: /home/cav-06/KAIST_Mobility_Challenge_Hardware/ros2_ws/install/p3_cpp/share/p3_cpp/tool/waypoint/43_9.csv
[19.207s] -- Up-to-date: /home/cav-06/KAIST_Mobility_Challenge_Hardware/ros2_ws/install/p3_cpp/share/p3_cpp/tool/waypoint/27_30.csv
[19.207s] -- Up-to-date: /home/cav-06/KAIST_Mobility_Challenge_Hardware/ros2_ws/install/p3_cpp/share/p3_cpp/tool/waypoint/24_37.csv
[19.207s] -- Up-to-date: /home/cav-06/KAIST_Mobility_Challenge_Hardware/ros2_ws/install/p3_cpp/share/p3_cpp/tool/waypoint/29_2.csv
[19.208s] -- Up-to-date: /home/cav-06/KAIST_Mobility_Challenge_Hardware/ros2_ws/install/p3_cpp/share/p3_cpp/tool/waypoint/6_9.csv
[19.208s] -- Up-to-date: /home/cav-06/KAIST_Mobility_Challenge_Hardware/ros2_ws/install/p3_cpp/share/p3_cpp/tool/waypoint/18_21.csv
[19.208s] -- Up-to-date: /home/cav-06/KAIST_Mobility_Challenge_Hardware/ros2_ws/install/p3_cpp/share/p3_cpp/tool/waypoint/13_14.csv
[19.209s] -- Up-to-date: /home/cav-06/KAIST_Mobility_Challenge_Hardware/ros2_ws/install/p3_cpp/share/p3_cpp/tool/waypoint/22_25.csv
[19.209s] -- Up-to-date: /home/cav-06/KAIST_Mobility_Challenge_Hardware/ros2_ws/install/p3_cpp/share/p3_cpp/tool/waypoint/25_28.csv
[19.213s] -- Up-to-date: /home/cav-06/KAIST_Mobility_Challenge_Hardware/ros2_ws/install/p3_cpp/share/p3_cpp/tool/waypoint/16_19.csv
[19.213s] -- Up-to-date: /home/cav-06/KAIST_Mobility_Challenge_Hardware/ros2_ws/install/p3_cpp/share/p3_cpp/tool/waypoint/62_35.csv
[19.214s] -- Up-to-date: /home/cav-06/KAIST_Mobility_Challenge_Hardware/ros2_ws/install/p3_cpp/share/p3_cpp/tool/waypoint/8_57.csv
[19.215s] -- Up-to-date: /home/cav-06/KAIST_Mobility_Challenge_Hardware/ros2_ws/install/p3_cpp/share/p3_cpp/tool/waypoint/47_41.csv
[19.215s] -- Up-to-date: /home/cav-06/KAIST_Mobility_Challenge_Hardware/ros2_ws/install/p3_cpp/share/p3_cpp/tool/waypoint/51_46.csv
[19.215s] -- Up-to-date: /home/cav-06/KAIST_Mobility_Challenge_Hardware/ros2_ws/install/p3_cpp/share/p3_cpp/tool/waypoint/27_31.csv
[19.216s] -- Up-to-date: /home/cav-06/KAIST_Mobility_Challenge_Hardware/ros2_ws/install/p3_cpp/share/p3_cpp/tool/waypoint/56_52.csv
[19.217s] -- Up-to-date: /home/cav-06/KAIST_Mobility_Challenge_Hardware/ros2_ws/install/p3_cpp/share/p3_cpp/tool/waypoint/19_22.csv
[19.217s] -- Up-to-date: /home/cav-06/KAIST_Mobility_Challenge_Hardware/ros2_ws/install/p3_cpp/share/p3_cpp/tool/waypoint/63_34.csv
[19.218s] -- Up-to-date: /home/cav-06/KAIST_Mobility_Challenge_Hardware/ros2_ws/install/p3_cpp/share/p3_cpp/tool/waypoint/58_19.csv
[19.218s] -- Up-to-date: /home/cav-06/KAIST_Mobility_Challenge_Hardware/ros2_ws/install/p3_cpp/share/p3_cpp/tool/waypoint/62_38.csv
[19.219s] -- Up-to-date: /home/cav-06/KAIST_Mobility_Challenge_Hardware/ros2_ws/install/p3_cpp/share/p3_cpp/tool/waypoint/28_32.csv
[19.219s] -- Up-to-date: /home/cav-06/KAIST_Mobility_Challenge_Hardware/ros2_ws/install/p3_cpp/share/p3_cpp/tool/waypoint/59_18.csv
[19.220s] -- Up-to-date: /home/cav-06/KAIST_Mobility_Challenge_Hardware/ros2_ws/install/p3_cpp/share/p3_cpp/tool/waypoint/38_41.csv
[19.220s] -- Up-to-date: /home/cav-06/KAIST_Mobility_Challenge_Hardware/ros2_ws/install/p3_cpp/share/p3_cpp/tool/waypoint/31_1.csv
[19.221s] -- Up-to-date: /home/cav-06/KAIST_Mobility_Challenge_Hardware/ros2_ws/install/p3_cpp/share/p3_cpp/tool/waypoint/22_50.csv
[19.221s] -- Up-to-date: /home/cav-06/KAIST_Mobility_Challenge_Hardware/ros2_ws/install/p3_cpp/share/p3_cpp/tool/waypoint/61_47.csv
[19.221s] -- Up-to-date: /home/cav-06/KAIST_Mobility_Challenge_Hardware/ros2_ws/install/p3_cpp/share/p3_cpp/tool/waypoint/60_52.csv
[19.222s] -- Up-to-date: /home/cav-06/KAIST_Mobility_Challenge_Hardware/ros2_ws/install/p3_cpp/share/p3_cpp/tool/waypoint/24_27.csv
[19.222s] -- Up-to-date: /home/cav-06/KAIST_Mobility_Challenge_Hardware/ros2_ws/install/p3_cpp/share/p3_cpp/tool/waypoint/3_33.csv
[19.223s] -- Up-to-date: /home/cav-06/KAIST_Mobility_Challenge_Hardware/ros2_ws/install/p3_cpp/share/p3_cpp/tool/waypoint/12_15.csv
[19.223s] -- Up-to-date: /home/cav-06/KAIST_Mobility_Challenge_Hardware/ros2_ws/install/p3_cpp/share/p3_cpp/tool/waypoint/53_25.csv
[19.223s] -- Up-to-date: /home/cav-06/KAIST_Mobility_Challenge_Hardware/ros2_ws/install/p3_cpp/share/p3_cpp/tool/waypoint/3_6.csv
[19.224s] -- Up-to-date: /home/cav-06/KAIST_Mobility_Challenge_Hardware/ros2_ws/install/p3_cpp/share/p3_cpp/tool/waypoint/44_63.csv
[19.224s] -- Up-to-date: /home/cav-06/KAIST_Mobility_Challenge_Hardware/ros2_ws/install/p3_cpp/share/p3_cpp/tool/waypoint/32_5.csv
[19.225s] -- Up-to-date: /home/cav-06/KAIST_Mobility_Challenge_Hardware/ros2_ws/install/p3_cpp/share/p3_cpp/tool/waypoint/48_53.csv
[19.227s] -- Up-to-date: /home/cav-06/KAIST_Mobility_Challenge_Hardware/ros2_ws/install/p3_cpp/share/p3_cpp/tool/waypoint/37_39.csv
[19.227s] -- Up-to-date: /home/cav-06/KAIST_Mobility_Challenge_Hardware/ros2_ws/install/p3_cpp/share/p3_cpp/tool/waypoint/4_7.csv
[19.227s] -- Up-to-date: /home/cav-06/KAIST_Mobility_Challenge_Hardware/ros2_ws/install/p3_cpp/share/p3_cpp/tool/waypoint/38_49.csv
[19.228s] -- Up-to-date: /home/cav-06/KAIST_Mobility_Challenge_Hardware/ros2_ws/install/p3_cpp/share/p3_cpp/tool/waypoint/50_48.csv
[19.228s] -- Up-to-date: /home/cav-06/KAIST_Mobility_Challenge_Hardware/ros2_ws/install/p3_cpp/share/p3_cpp/tool/waypoint/57_47.csv
[19.228s] -- Up-to-date: /home/cav-06/KAIST_Mobility_Challenge_Hardware/ros2_ws/install/p3_cpp/share/p3_cpp/tool/waypoint/51_55.csv
[19.229s] -- Up-to-date: /home/cav-06/KAIST_Mobility_Challenge_Hardware/ros2_ws/install/p3_cpp/share/p3_cpp/tool/waypoint/35_28.csv
[19.229s] -- Up-to-date: /home/cav-06/KAIST_Mobility_Challenge_Hardware/ros2_ws/install/p3_cpp/share/p3_cpp/tool/waypoint/8_11.csv
[19.229s] -- Up-to-date: /home/cav-06/KAIST_Mobility_Challenge_Hardware/ros2_ws/install/p3_cpp/share/p3_cpp/tool/waypoint/49_59.csv
[19.230s] -- Up-to-date: /home/cav-06/KAIST_Mobility_Challenge_Hardware/ros2_ws/install/p3_cpp/share/p3_cpp/tool/waypoint/1_3.csv
[19.230s] -- Up-to-date: /home/cav-06/KAIST_Mobility_Challenge_Hardware/ros2_ws/install/p3_cpp/share/p3_cpp/tool/waypoint/26_29.csv
[19.230s] -- Up-to-date: /home/cav-06/KAIST_Mobility_Challenge_Hardware/ros2_ws/install/p3_cpp/share/p3_cpp/tool/waypoint/21_51.csv
[19.231s] -- Up-to-date: /home/cav-06/KAIST_Mobility_Challenge_Hardware/ros2_ws/install/p3_cpp/share/p3_cpp/tool/waypoint/36_38.csv
[19.231s] -- Up-to-date: /home/cav-06/KAIST_Mobility_Challenge_Hardware/ros2_ws/install/p3_cpp/share/p3_cpp/tool/waypoint/3_7.csv
[19.231s] -- Up-to-date: /home/cav-06/KAIST_Mobility_Challenge_Hardware/ros2_ws/install/p3_cpp/share/p3_cpp/tool/waypoint/30_1.csv
[19.231s] -- Up-to-date: /home/cav-06/KAIST_Mobility_Challenge_Hardware/ros2_ws/install/p3_cpp/share/p3_cpp/tool/waypoint/15_18.csv
[19.232s] -- Up-to-date: /home/cav-06/KAIST_Mobility_Challenge_Hardware/ros2_ws/install/p3_cpp/share/p3_cpp/tool/waypoint/10_13.csv
[19.232s] -- Up-to-date: /home/cav-06/KAIST_Mobility_Challenge_Hardware/ros2_ws/install/p3_cpp/share/p3_cpp/tool/waypoint/52_24.csv
[19.233s] -- Up-to-date: /home/cav-06/KAIST_Mobility_Challenge_Hardware/ros2_ws/install/p3_cpp/share/p3_cpp/tool/waypoint/39_49.csv
[19.233s] -- Up-to-date: /home/cav-06/KAIST_Mobility_Challenge_Hardware/ros2_ws/install/p3_cpp/share/p3_cpp/tool/waypoint/40_63.csv
[19.234s] -- Up-to-date: /home/cav-06/KAIST_Mobility_Challenge_Hardware/ros2_ws/install/p3_cpp/share/p3_cpp/tool/waypoint/20_23.csv
[19.236s] -- Up-to-date: /home/cav-06/KAIST_Mobility_Challenge_Hardware/ros2_ws/install/p3_cpp/share/p3_cpp/tool/waypoint/21_24.csv
[19.236s] -- Up-to-date: /home/cav-06/KAIST_Mobility_Challenge_Hardware/ros2_ws/install/p3_cpp/share/p3_cpp/tool/waypoint/7_10.csv
[19.236s] -- Up-to-date: /home/cav-06/KAIST_Mobility_Challenge_Hardware/ros2_ws/install/p3_cpp/share/p3_cpp/tool/waypoint/41_62.csv
[19.237s] -- Up-to-date: /home/cav-06/KAIST_Mobility_Challenge_Hardware/ros2_ws/install/p3_cpp/share/p3_cpp/tool/waypoint/57_53.csv
[19.237s] -- Up-to-date: /home/cav-06/KAIST_Mobility_Challenge_Hardware/ros2_ws/install/p3_cpp/share/p3_cpp/tool/waypoint/48_58.csv
[19.238s] -- Up-to-date: /home/cav-06/KAIST_Mobility_Challenge_Hardware/ros2_ws/install/p3_cpp/share/p3_cpp/tool/waypoint/46_41.csv
[19.238s] -- Up-to-date: /home/cav-06/KAIST_Mobility_Challenge_Hardware/ros2_ws/install/p3_cpp/share/p3_cpp/tool/waypoint/54_11.csv
[19.240s] -- Up-to-date: /home/cav-06/KAIST_Mobility_Challenge_Hardware/ros2_ws/install/p3_cpp/share/p3_cpp/tool/waypoint/33_31.csv
[19.240s] -- Up-to-date: /home/cav-06/KAIST_Mobility_Challenge_Hardware/ros2_ws/install/p3_cpp/share/p3_cpp/tool/waypoint/11_16.csv
[19.240s] -- Up-to-date: /home/cav-06/KAIST_Mobility_Challenge_Hardware/ros2_ws/install/p3_cpp/share/p3_cpp/tool/waypoint/7_9.csv
[19.240s] -- Up-to-date: /home/cav-06/KAIST_Mobility_Challenge_Hardware/ros2_ws/install/p3_cpp/share/p3_cpp/tool/waypoint/40_43.csv
[19.242s] -- Up-to-date: /home/cav-06/KAIST_Mobility_Challenge_Hardware/ros2_ws/install/p3_cpp/share/p3_cpp/tool/waypoint/23_26.csv
[19.243s] -- Up-to-date: /home/cav-06/KAIST_Mobility_Challenge_Hardware/ros2_ws/install/p3_cpp/share/p3_cpp/tool/waypoint/55_12.csv
[19.243s] -- Up-to-date: /home/cav-06/KAIST_Mobility_Challenge_Hardware/ros2_ws/install/p3_cpp/share/p3_cpp/tool/waypoint/15_60.csv
[19.245s] -- Up-to-date: /home/cav-06/KAIST_Mobility_Challenge_Hardware/ros2_ws/install/p3_cpp/share/p3_cpp/tool/waypoint/9_12.csv
[19.245s] -- Up-to-date: /home/cav-06/KAIST_Mobility_Challenge_Hardware/ros2_ws/install/p3_cpp/share/p3_cpp/tool/waypoint/14_17.csv
[19.245s] -- Up-to-date: /home/cav-06/KAIST_Mobility_Challenge_Hardware/ros2_ws/install/p3_cpp/share/p3_cpp/tool/waypoint/61_54.csv
[19.246s] -- Up-to-date: /home/cav-06/KAIST_Mobility_Challenge_Hardware/ros2_ws/install/p3_cpp/share/p3_cpp/tool/waypoint/9_56.csv
[19.247s] -- Up-to-date: /home/cav-06/KAIST_Mobility_Challenge_Hardware/ros2_ws/install/p3_cpp/share/p3_cpp/tool/waypoint/45_62.csv
[19.247s] -- Up-to-date: /home/cav-06/KAIST_Mobility_Challenge_Hardware/ros2_ws/install/p3_cpp/share/p3_cpp/tool/waypoint/34_27.csv
[19.248s] -- Up-to-date: /home/cav-06/KAIST_Mobility_Challenge_Hardware/ros2_ws/install/p3_cpp/share/p3_cpp/tool/waypoint/17_20.csv
[19.248s] -- Up-to-date: /home/cav-06/KAIST_Mobility_Challenge_Hardware/ros2_ws/install/p3_cpp/share/p3_cpp/tool/cav04p3.csv
[19.248s] -- Up-to-date: /home/cav-06/KAIST_Mobility_Challenge_Hardware/ros2_ws/install/p3_cpp/share/p3_cpp/tool/p1_1.csv
[19.248s] -- Up-to-date: /home/cav-06/KAIST_Mobility_Challenge_Hardware/ros2_ws/install/p3_cpp/share/p3_cpp/tool/path_generator.py
[19.248s] -- Up-to-date: /home/cav-06/KAIST_Mobility_Challenge_Hardware/ros2_ws/install/p3_cpp/share/ament_index/resource_index/package_run_dependencies/p3_cpp
[19.248s] -- Up-to-date: /home/cav-06/KAIST_Mobility_Challenge_Hardware/ros2_ws/install/p3_cpp/share/ament_index/resource_index/parent_prefix_path/p3_cpp
[19.249s] -- Up-to-date: /home/cav-06/KAIST_Mobility_Challenge_Hardware/ros2_ws/install/p3_cpp/share/p3_cpp/environment/ament_prefix_path.sh
[19.249s] -- Up-to-date: /home/cav-06/KAIST_Mobility_Challenge_Hardware/ros2_ws/install/p3_cpp/share/p3_cpp/environment/ament_prefix_path.dsv
[19.249s] -- Up-to-date: /home/cav-06/KAIST_Mobility_Challenge_Hardware/ros2_ws/install/p3_cpp/share/p3_cpp/environment/path.sh
[19.249s] -- Up-to-date: /home/cav-06/KAIST_Mobility_Challenge_Hardware/ros2_ws/install/p3_cpp/share/p3_cpp/environment/path.dsv
[19.249s] -- Up-to-date: /home/cav-06/KAIST_Mobility_Challenge_Hardware/ros2_ws/install/p3_cpp/share/p3_cpp/local_setup.bash
[19.251s] -- Up-to-date: /home/cav-06/KAIST_Mobility_Challenge_Hardware/ros2_ws/install/p3_cpp/share/p3_cpp/local_setup.sh
[19.251s] -- Up-to-date: /home/cav-06/KAIST_Mobility_Challenge_Hardware/ros2_ws/install/p3_cpp/share/p3_cpp/local_setup.zsh
[19.251s] -- Up-to-date: /home/cav-06/KAIST_Mobility_Challenge_Hardware/ros2_ws/install/p3_cpp/share/p3_cpp/local_setup.dsv
[19.251s] -- Installing: /home/cav-06/KAIST_Mobility_Challenge_Hardware/ros2_ws/install/p3_cpp/share/p3_cpp/package.dsv
[19.252s] -- Up-to-date: /home/cav-06/KAIST_Mobility_Challenge_Hardware/ros2_ws/install/p3_cpp/share/ament_index/resource_index/packages/p3_cpp
[19.252s] -- Up-to-date: /home/cav-06/KAIST_Mobility_Challenge_Hardware/ros2_ws/install/p3_cpp/share/p3_cpp/cmake/p3_cppConfig.cmake
[19.253s] -- Up-to-date: /home/cav-06/KAIST_Mobility_Challenge_Hardware/ros2_ws/install/p3_cpp/share/p3_cpp/cmake/p3_cppConfig-version.cmake
[19.253s] -- Up-to-date: /home/cav-06/KAIST_Mobility_Challenge_Hardware/ros2_ws/install/p3_cpp/share/p3_cpp/package.xml
[19.255s] Invoked command in '/home/cav-06/KAIST_Mobility_Challenge_Hardware/ros2_ws/build/p3_cpp' returned '0': CMAKE_PREFIX_PATH=${CMAKE_PREFIX_PATH}:/opt/ros/foxy /usr/bin/cmake --install /home/cav-06/KAIST_Mobility_Challenge_Hardware/ros2_ws/build/p3_cpp
