[0.363s] DEBUG:colcon:Command line arguments: ['/usr/bin/colcon', 'build', '--symlink-install']
[0.363s] DEBUG:colcon:Parsed command line arguments: Namespace(allow_overriding=[], ament_cmake_args=None, base_paths=['.'], build_base='build', catkin_cmake_args=None, catkin_skip_building_tests=False, cmake_args=None, cmake_clean_cache=False, cmake_clean_first=False, cmake_force_configure=False, cmake_target=None, cmake_target_skip_unavailable=False, continue_on_error=False, event_handlers=None, executor='parallel', ignore_user_meta=False, install_base='install', log_base=None, log_level=None, main=<bound method BuildVerb.main of <colcon_core.verb.build.BuildVerb object at 0xffff94617a30>>, merge_install=False, metas=['./colcon.meta'], packages_above=None, packages_above_and_dependencies=None, packages_above_depth=None, packages_end=None, packages_ignore=None, packages_ignore_regex=None, packages_select=None, packages_select_build_failed=False, packages_select_by_dep=None, packages_select_regex=None, packages_select_test_failures=False, packages_skip=None, packages_skip_build_finished=False, packages_skip_by_dep=None, packages_skip_regex=None, packages_skip_test_passed=False, packages_skip_up_to=None, packages_start=None, packages_up_to=None, packages_up_to_regex=None, parallel_workers=4, paths=None, symlink_install=True, test_result_base=None, verb_extension=<colcon_core.verb.build.BuildVerb object at 0xffff94617a30>, verb_name='build', verb_parser=<colcon_defaults.argument_parser.defaults.DefaultArgumentsDecorator object at 0xffff945a51c0>)
[0.651s] Level 1:colcon.colcon_core.package_discovery:discover_packages(colcon_meta) check parameters
[0.651s] Level 1:colcon.colcon_core.package_discovery:discover_packages(recursive) check parameters
[0.652s] Level 1:colcon.colcon_core.package_discovery:discover_packages(ignore) check parameters
[0.652s] Level 1:colcon.colcon_core.package_discovery:discover_packages(path) check parameters
[0.652s] Level 1:colcon.colcon_core.package_discovery:discover_packages(colcon_meta) discover
[0.652s] Level 1:colcon.colcon_core.package_discovery:discover_packages(recursive) discover
[0.652s] INFO:colcon.colcon_core.package_discovery:Crawling recursively for packages in '/home/hy/Mobility_Challenge/ros2_ws'
[0.652s] Level 1:colcon.colcon_core.package_identification:_identify(.) by extensions ['ignore', 'ignore_ament_install']
[0.653s] Level 1:colcon.colcon_core.package_identification:_identify(.) by extension 'ignore'
[0.653s] Level 1:colcon.colcon_core.package_identification:_identify(.) by extension 'ignore_ament_install'
[0.653s] Level 1:colcon.colcon_core.package_identification:_identify(.) by extensions ['colcon_pkg']
[0.653s] Level 1:colcon.colcon_core.package_identification:_identify(.) by extension 'colcon_pkg'
[0.653s] Level 1:colcon.colcon_core.package_identification:_identify(.) by extensions ['colcon_meta']
[0.653s] Level 1:colcon.colcon_core.package_identification:_identify(.) by extension 'colcon_meta'
[0.653s] Level 1:colcon.colcon_core.package_identification:_identify(.) by extensions ['ros']
[0.653s] Level 1:colcon.colcon_core.package_identification:_identify(.) by extension 'ros'
[0.676s] Level 1:colcon.colcon_core.package_identification:_identify(.) by extensions ['cmake', 'python']
[0.676s] Level 1:colcon.colcon_core.package_identification:_identify(.) by extension 'cmake'
[0.676s] Level 1:colcon.colcon_core.package_identification:_identify(.) by extension 'python'
[0.676s] Level 1:colcon.colcon_core.package_identification:_identify(.) by extensions ['python_setup_py']
[0.676s] Level 1:colcon.colcon_core.package_identification:_identify(.) by extension 'python_setup_py'
[0.677s] Level 1:colcon.colcon_core.package_identification:_identify(build) by extensions ['ignore', 'ignore_ament_install']
[0.677s] Level 1:colcon.colcon_core.package_identification:_identify(build) by extension 'ignore'
[0.677s] Level 1:colcon.colcon_core.package_identification:_identify(build) ignored
[0.677s] Level 1:colcon.colcon_core.package_identification:_identify(install) by extensions ['ignore', 'ignore_ament_install']
[0.677s] Level 1:colcon.colcon_core.package_identification:_identify(install) by extension 'ignore'
[0.678s] Level 1:colcon.colcon_core.package_identification:_identify(install) ignored
[0.678s] Level 1:colcon.colcon_core.package_identification:_identify(log) by extensions ['ignore', 'ignore_ament_install']
[0.678s] Level 1:colcon.colcon_core.package_identification:_identify(log) by extension 'ignore'
[0.678s] Level 1:colcon.colcon_core.package_identification:_identify(log) ignored
[0.678s] Level 1:colcon.colcon_core.package_identification:_identify(src) by extensions ['ignore', 'ignore_ament_install']
[0.679s] Level 1:colcon.colcon_core.package_identification:_identify(src) by extension 'ignore'
[0.679s] Level 1:colcon.colcon_core.package_identification:_identify(src) by extension 'ignore_ament_install'
[0.679s] Level 1:colcon.colcon_core.package_identification:_identify(src) by extensions ['colcon_pkg']
[0.679s] Level 1:colcon.colcon_core.package_identification:_identify(src) by extension 'colcon_pkg'
[0.679s] Level 1:colcon.colcon_core.package_identification:_identify(src) by extensions ['colcon_meta']
[0.679s] Level 1:colcon.colcon_core.package_identification:_identify(src) by extension 'colcon_meta'
[0.679s] Level 1:colcon.colcon_core.package_identification:_identify(src) by extensions ['ros']
[0.679s] Level 1:colcon.colcon_core.package_identification:_identify(src) by extension 'ros'
[0.680s] Level 1:colcon.colcon_core.package_identification:_identify(src) by extensions ['cmake', 'python']
[0.680s] Level 1:colcon.colcon_core.package_identification:_identify(src) by extension 'cmake'
[0.680s] Level 1:colcon.colcon_core.package_identification:_identify(src) by extension 'python'
[0.680s] Level 1:colcon.colcon_core.package_identification:_identify(src) by extensions ['python_setup_py']
[0.680s] Level 1:colcon.colcon_core.package_identification:_identify(src) by extension 'python_setup_py'
[0.680s] Level 1:colcon.colcon_core.package_identification:_identify(src/cav_controller) by extensions ['ignore', 'ignore_ament_install']
[0.680s] Level 1:colcon.colcon_core.package_identification:_identify(src/cav_controller) by extension 'ignore'
[0.680s] Level 1:colcon.colcon_core.package_identification:_identify(src/cav_controller) by extension 'ignore_ament_install'
[0.681s] Level 1:colcon.colcon_core.package_identification:_identify(src/cav_controller) by extensions ['colcon_pkg']
[0.681s] Level 1:colcon.colcon_core.package_identification:_identify(src/cav_controller) by extension 'colcon_pkg'
[0.681s] Level 1:colcon.colcon_core.package_identification:_identify(src/cav_controller) by extensions ['colcon_meta']
[0.681s] Level 1:colcon.colcon_core.package_identification:_identify(src/cav_controller) by extension 'colcon_meta'
[0.681s] Level 1:colcon.colcon_core.package_identification:_identify(src/cav_controller) by extensions ['ros']
[0.681s] Level 1:colcon.colcon_core.package_identification:_identify(src/cav_controller) by extension 'ros'
[0.686s] DEBUG:colcon.colcon_core.package_identification:Package 'src/cav_controller' with type 'ros.ament_python' and name 'cav_controller'
[0.687s] Level 1:colcon.colcon_core.package_identification:_identify(src/domain_bridge) by extensions ['ignore', 'ignore_ament_install']
[0.687s] Level 1:colcon.colcon_core.package_identification:_identify(src/domain_bridge) by extension 'ignore'
[0.687s] Level 1:colcon.colcon_core.package_identification:_identify(src/domain_bridge) by extension 'ignore_ament_install'
[0.687s] Level 1:colcon.colcon_core.package_identification:_identify(src/domain_bridge) by extensions ['colcon_pkg']
[0.687s] Level 1:colcon.colcon_core.package_identification:_identify(src/domain_bridge) by extension 'colcon_pkg'
[0.688s] Level 1:colcon.colcon_core.package_identification:_identify(src/domain_bridge) by extensions ['colcon_meta']
[0.688s] Level 1:colcon.colcon_core.package_identification:_identify(src/domain_bridge) by extension 'colcon_meta'
[0.688s] Level 1:colcon.colcon_core.package_identification:_identify(src/domain_bridge) by extensions ['ros']
[0.688s] Level 1:colcon.colcon_core.package_identification:_identify(src/domain_bridge) by extension 'ros'
[0.691s] DEBUG:colcon.colcon_core.package_identification:Package 'src/domain_bridge' with type 'ros.ament_cmake' and name 'domain_bridge'
[0.691s] Level 1:colcon.colcon_core.package_identification:_identify(src/p3_cpp) by extensions ['ignore', 'ignore_ament_install']
[0.691s] Level 1:colcon.colcon_core.package_identification:_identify(src/p3_cpp) by extension 'ignore'
[0.691s] Level 1:colcon.colcon_core.package_identification:_identify(src/p3_cpp) by extension 'ignore_ament_install'
[0.692s] Level 1:colcon.colcon_core.package_identification:_identify(src/p3_cpp) by extensions ['colcon_pkg']
[0.692s] Level 1:colcon.colcon_core.package_identification:_identify(src/p3_cpp) by extension 'colcon_pkg'
[0.692s] Level 1:colcon.colcon_core.package_identification:_identify(src/p3_cpp) by extensions ['colcon_meta']
[0.692s] Level 1:colcon.colcon_core.package_identification:_identify(src/p3_cpp) by extension 'colcon_meta'
[0.692s] Level 1:colcon.colcon_core.package_identification:_identify(src/p3_cpp) by extensions ['ros']
[0.692s] Level 1:colcon.colcon_core.package_identification:_identify(src/p3_cpp) by extension 'ros'
[0.694s] DEBUG:colcon.colcon_core.package_identification:Package 'src/p3_cpp' with type 'ros.ament_cmake' and name 'p3_cpp'
[0.694s] Level 1:colcon.colcon_core.package_identification:_identify(src/simulator_launch) by extensions ['ignore', 'ignore_ament_install']
[0.694s] Level 1:colcon.colcon_core.package_identification:_identify(src/simulator_launch) by extension 'ignore'
[0.694s] Level 1:colcon.colcon_core.package_identification:_identify(src/simulator_launch) by extension 'ignore_ament_install'
[0.695s] Level 1:colcon.colcon_core.package_identification:_identify(src/simulator_launch) by extensions ['colcon_pkg']
[0.695s] Level 1:colcon.colcon_core.package_identification:_identify(src/simulator_launch) by extension 'colcon_pkg'
[0.695s] Level 1:colcon.colcon_core.package_identification:_identify(src/simulator_launch) by extensions ['colcon_meta']
[0.695s] Level 1:colcon.colcon_core.package_identification:_identify(src/simulator_launch) by extension 'colcon_meta'
[0.695s] Level 1:colcon.colcon_core.package_identification:_identify(src/simulator_launch) by extensions ['ros']
[0.695s] Level 1:colcon.colcon_core.package_identification:_identify(src/simulator_launch) by extension 'ros'
[0.696s] DEBUG:colcon.colcon_core.package_identification:Package 'src/simulator_launch' with type 'ros.ament_cmake' and name 'simulator_launch'
[0.696s] Level 1:colcon.colcon_core.package_identification:_identify(tool) by extensions ['ignore', 'ignore_ament_install']
[0.697s] Level 1:colcon.colcon_core.package_identification:_identify(tool) by extension 'ignore'
[0.697s] Level 1:colcon.colcon_core.package_identification:_identify(tool) by extension 'ignore_ament_install'
[0.697s] Level 1:colcon.colcon_core.package_identification:_identify(tool) by extensions ['colcon_pkg']
[0.697s] Level 1:colcon.colcon_core.package_identification:_identify(tool) by extension 'colcon_pkg'
[0.697s] Level 1:colcon.colcon_core.package_identification:_identify(tool) by extensions ['colcon_meta']
[0.697s] Level 1:colcon.colcon_core.package_identification:_identify(tool) by extension 'colcon_meta'
[0.697s] Level 1:colcon.colcon_core.package_identification:_identify(tool) by extensions ['ros']
[0.697s] Level 1:colcon.colcon_core.package_identification:_identify(tool) by extension 'ros'
[0.697s] Level 1:colcon.colcon_core.package_identification:_identify(tool) by extensions ['cmake', 'python']
[0.698s] Level 1:colcon.colcon_core.package_identification:_identify(tool) by extension 'cmake'
[0.698s] Level 1:colcon.colcon_core.package_identification:_identify(tool) by extension 'python'
[0.698s] Level 1:colcon.colcon_core.package_identification:_identify(tool) by extensions ['python_setup_py']
[0.698s] Level 1:colcon.colcon_core.package_identification:_identify(tool) by extension 'python_setup_py'
[0.698s] Level 1:colcon.colcon_core.package_identification:_identify(tool/waypoint) by extensions ['ignore', 'ignore_ament_install']
[0.698s] Level 1:colcon.colcon_core.package_identification:_identify(tool/waypoint) by extension 'ignore'
[0.699s] Level 1:colcon.colcon_core.package_identification:_identify(tool/waypoint) by extension 'ignore_ament_install'
[0.699s] Level 1:colcon.colcon_core.package_identification:_identify(tool/waypoint) by extensions ['colcon_pkg']
[0.699s] Level 1:colcon.colcon_core.package_identification:_identify(tool/waypoint) by extension 'colcon_pkg'
[0.699s] Level 1:colcon.colcon_core.package_identification:_identify(tool/waypoint) by extensions ['colcon_meta']
[0.699s] Level 1:colcon.colcon_core.package_identification:_identify(tool/waypoint) by extension 'colcon_meta'
[0.699s] Level 1:colcon.colcon_core.package_identification:_identify(tool/waypoint) by extensions ['ros']
[0.699s] Level 1:colcon.colcon_core.package_identification:_identify(tool/waypoint) by extension 'ros'
[0.699s] Level 1:colcon.colcon_core.package_identification:_identify(tool/waypoint) by extensions ['cmake', 'python']
[0.699s] Level 1:colcon.colcon_core.package_identification:_identify(tool/waypoint) by extension 'cmake'
[0.700s] Level 1:colcon.colcon_core.package_identification:_identify(tool/waypoint) by extension 'python'
[0.700s] Level 1:colcon.colcon_core.package_identification:_identify(tool/waypoint) by extensions ['python_setup_py']
[0.700s] Level 1:colcon.colcon_core.package_identification:_identify(tool/waypoint) by extension 'python_setup_py'
[0.700s] Level 1:colcon.colcon_core.package_discovery:discover_packages(recursive) using defaults
[0.700s] Level 1:colcon.colcon_core.package_discovery:discover_packages(ignore) discover
[0.700s] Level 1:colcon.colcon_core.package_discovery:discover_packages(ignore) using defaults
[0.700s] Level 1:colcon.colcon_core.package_discovery:discover_packages(path) discover
[0.700s] Level 1:colcon.colcon_core.package_discovery:discover_packages(path) using defaults
[0.738s] Level 1:colcon.colcon_core.package_discovery:discover_packages(prefix_path) check parameters
[0.738s] Level 1:colcon.colcon_core.package_discovery:discover_packages(prefix_path) discover
[0.742s] DEBUG:colcon.colcon_installed_package_information.package_discovery:Found 4 installed packages in /home/hy/Mobility_Challenge/ros2_ws/install
[0.744s] DEBUG:colcon.colcon_installed_package_information.package_discovery:Found 176 installed packages in /opt/ros/foxy
[0.746s] Level 1:colcon.colcon_core.package_discovery:discover_packages(prefix_path) using defaults
[0.822s] Level 5:colcon.colcon_core.verb:set package 'cav_controller' build argument 'cmake_args' from command line to 'None'
[0.823s] Level 5:colcon.colcon_core.verb:set package 'cav_controller' build argument 'cmake_target' from command line to 'None'
[0.823s] Level 5:colcon.colcon_core.verb:set package 'cav_controller' build argument 'cmake_target_skip_unavailable' from command line to 'False'
[0.823s] Level 5:colcon.colcon_core.verb:set package 'cav_controller' build argument 'cmake_clean_cache' from command line to 'False'
[0.823s] Level 5:colcon.colcon_core.verb:set package 'cav_controller' build argument 'cmake_clean_first' from command line to 'False'
[0.823s] Level 5:colcon.colcon_core.verb:set package 'cav_controller' build argument 'cmake_force_configure' from command line to 'False'
[0.823s] Level 5:colcon.colcon_core.verb:set package 'cav_controller' build argument 'ament_cmake_args' from command line to 'None'
[0.823s] Level 5:colcon.colcon_core.verb:set package 'cav_controller' build argument 'catkin_cmake_args' from command line to 'None'
[0.823s] Level 5:colcon.colcon_core.verb:set package 'cav_controller' build argument 'catkin_skip_building_tests' from command line to 'False'
[0.823s] DEBUG:colcon.colcon_core.verb:Building package 'cav_controller' with the following arguments: {'ament_cmake_args': None, 'build_base': '/home/hy/Mobility_Challenge/ros2_ws/build/cav_controller', 'catkin_cmake_args': None, 'catkin_skip_building_tests': False, 'cmake_args': None, 'cmake_clean_cache': False, 'cmake_clean_first': False, 'cmake_force_configure': False, 'cmake_target': None, 'cmake_target_skip_unavailable': False, 'install_base': '/home/hy/Mobility_Challenge/ros2_ws/install/cav_controller', 'merge_install': False, 'path': '/home/hy/Mobility_Challenge/ros2_ws/src/cav_controller', 'symlink_install': True, 'test_result_base': None}
[0.824s] Level 5:colcon.colcon_core.verb:set package 'domain_bridge' build argument 'cmake_args' from command line to 'None'
[0.824s] Level 5:colcon.colcon_core.verb:set package 'domain_bridge' build argument 'cmake_target' from command line to 'None'
[0.824s] Level 5:colcon.colcon_core.verb:set package 'domain_bridge' build argument 'cmake_target_skip_unavailable' from command line to 'False'
[0.824s] Level 5:colcon.colcon_core.verb:set package 'domain_bridge' build argument 'cmake_clean_cache' from command line to 'False'
[0.824s] Level 5:colcon.colcon_core.verb:set package 'domain_bridge' build argument 'cmake_clean_first' from command line to 'False'
[0.824s] Level 5:colcon.colcon_core.verb:set package 'domain_bridge' build argument 'cmake_force_configure' from command line to 'False'
[0.824s] Level 5:colcon.colcon_core.verb:set package 'domain_bridge' build argument 'ament_cmake_args' from command line to 'None'
[0.825s] Level 5:colcon.colcon_core.verb:set package 'domain_bridge' build argument 'catkin_cmake_args' from command line to 'None'
[0.825s] Level 5:colcon.colcon_core.verb:set package 'domain_bridge' build argument 'catkin_skip_building_tests' from command line to 'False'
[0.825s] DEBUG:colcon.colcon_core.verb:Building package 'domain_bridge' with the following arguments: {'ament_cmake_args': None, 'build_base': '/home/hy/Mobility_Challenge/ros2_ws/build/domain_bridge', 'catkin_cmake_args': None, 'catkin_skip_building_tests': False, 'cmake_args': None, 'cmake_clean_cache': False, 'cmake_clean_first': False, 'cmake_force_configure': False, 'cmake_target': None, 'cmake_target_skip_unavailable': False, 'install_base': '/home/hy/Mobility_Challenge/ros2_ws/install/domain_bridge', 'merge_install': False, 'path': '/home/hy/Mobility_Challenge/ros2_ws/src/domain_bridge', 'symlink_install': True, 'test_result_base': None}
[0.825s] Level 5:colcon.colcon_core.verb:set package 'simulator_launch' build argument 'cmake_args' from command line to 'None'
[0.825s] Level 5:colcon.colcon_core.verb:set package 'simulator_launch' build argument 'cmake_target' from command line to 'None'
[0.826s] Level 5:colcon.colcon_core.verb:set package 'simulator_launch' build argument 'cmake_target_skip_unavailable' from command line to 'False'
[0.826s] Level 5:colcon.colcon_core.verb:set package 'simulator_launch' build argument 'cmake_clean_cache' from command line to 'False'
[0.826s] Level 5:colcon.colcon_core.verb:set package 'simulator_launch' build argument 'cmake_clean_first' from command line to 'False'
[0.826s] Level 5:colcon.colcon_core.verb:set package 'simulator_launch' build argument 'cmake_force_configure' from command line to 'False'
[0.826s] Level 5:colcon.colcon_core.verb:set package 'simulator_launch' build argument 'ament_cmake_args' from command line to 'None'
[0.826s] Level 5:colcon.colcon_core.verb:set package 'simulator_launch' build argument 'catkin_cmake_args' from command line to 'None'
[0.826s] Level 5:colcon.colcon_core.verb:set package 'simulator_launch' build argument 'catkin_skip_building_tests' from command line to 'False'
[0.826s] DEBUG:colcon.colcon_core.verb:Building package 'simulator_launch' with the following arguments: {'ament_cmake_args': None, 'build_base': '/home/hy/Mobility_Challenge/ros2_ws/build/simulator_launch', 'catkin_cmake_args': None, 'catkin_skip_building_tests': False, 'cmake_args': None, 'cmake_clean_cache': False, 'cmake_clean_first': False, 'cmake_force_configure': False, 'cmake_target': None, 'cmake_target_skip_unavailable': False, 'install_base': '/home/hy/Mobility_Challenge/ros2_ws/install/simulator_launch', 'merge_install': False, 'path': '/home/hy/Mobility_Challenge/ros2_ws/src/simulator_launch', 'symlink_install': True, 'test_result_base': None}
[0.827s] Level 5:colcon.colcon_core.verb:set package 'p3_cpp' build argument 'cmake_args' from command line to 'None'
[0.827s] Level 5:colcon.colcon_core.verb:set package 'p3_cpp' build argument 'cmake_target' from command line to 'None'
[0.827s] Level 5:colcon.colcon_core.verb:set package 'p3_cpp' build argument 'cmake_target_skip_unavailable' from command line to 'False'
[0.827s] Level 5:colcon.colcon_core.verb:set package 'p3_cpp' build argument 'cmake_clean_cache' from command line to 'False'
[0.827s] Level 5:colcon.colcon_core.verb:set package 'p3_cpp' build argument 'cmake_clean_first' from command line to 'False'
[0.827s] Level 5:colcon.colcon_core.verb:set package 'p3_cpp' build argument 'cmake_force_configure' from command line to 'False'
[0.827s] Level 5:colcon.colcon_core.verb:set package 'p3_cpp' build argument 'ament_cmake_args' from command line to 'None'
[0.827s] Level 5:colcon.colcon_core.verb:set package 'p3_cpp' build argument 'catkin_cmake_args' from command line to 'None'
[0.827s] Level 5:colcon.colcon_core.verb:set package 'p3_cpp' build argument 'catkin_skip_building_tests' from command line to 'False'
[0.827s] DEBUG:colcon.colcon_core.verb:Building package 'p3_cpp' with the following arguments: {'ament_cmake_args': None, 'build_base': '/home/hy/Mobility_Challenge/ros2_ws/build/p3_cpp', 'catkin_cmake_args': None, 'catkin_skip_building_tests': False, 'cmake_args': None, 'cmake_clean_cache': False, 'cmake_clean_first': False, 'cmake_force_configure': False, 'cmake_target': None, 'cmake_target_skip_unavailable': False, 'install_base': '/home/hy/Mobility_Challenge/ros2_ws/install/p3_cpp', 'merge_install': False, 'path': '/home/hy/Mobility_Challenge/ros2_ws/src/p3_cpp', 'symlink_install': True, 'test_result_base': None}
[0.828s] INFO:colcon.colcon_core.executor:Executing jobs using 'parallel' executor
[0.830s] DEBUG:colcon.colcon_parallel_executor.executor.parallel:run_until_complete
[0.830s] INFO:colcon.colcon_ros.task.ament_cmake.build:Building ROS package in '/home/hy/Mobility_Challenge/ros2_ws/src/domain_bridge' with build type 'ament_cmake'
[0.831s] INFO:colcon.colcon_cmake.task.cmake.build:Building CMake package in '/home/hy/Mobility_Challenge/ros2_ws/src/domain_bridge'
[0.835s] INFO:colcon.colcon_core.plugin_system:Skipping extension 'colcon_core.shell.bat': Not used on non-Windows systems
[0.835s] INFO:colcon.colcon_core.shell:Skip shell extension 'powershell' for command environment: Not usable outside of PowerShell
[0.835s] DEBUG:colcon.colcon_core.shell:Skip shell extension 'dsv' for command environment
[0.872s] INFO:colcon.colcon_ros.task.ament_python.build:Building ROS package in '/home/hy/Mobility_Challenge/ros2_ws/src/cav_controller' with build type 'ament_python'
[0.873s] Level 1:colcon.colcon_core.shell:create_environment_hook('cav_controller', 'ament_prefix_path')
[0.874s] INFO:colcon.colcon_core.shell:Creating environment hook '/home/hy/Mobility_Challenge/ros2_ws/install/cav_controller/share/cav_controller/hook/ament_prefix_path.ps1'
[0.876s] INFO:colcon.colcon_core.shell:Creating environment descriptor '/home/hy/Mobility_Challenge/ros2_ws/install/cav_controller/share/cav_controller/hook/ament_prefix_path.dsv'
[0.877s] INFO:colcon.colcon_core.shell:Creating environment hook '/home/hy/Mobility_Challenge/ros2_ws/install/cav_controller/share/cav_controller/hook/ament_prefix_path.sh'
[0.879s] INFO:colcon.colcon_core.shell:Skip shell extension 'powershell' for command environment: Not usable outside of PowerShell
[0.879s] DEBUG:colcon.colcon_core.shell:Skip shell extension 'dsv' for command environment
[0.888s] INFO:colcon.colcon_ros.task.ament_cmake.build:Building ROS package in '/home/hy/Mobility_Challenge/ros2_ws/src/simulator_launch' with build type 'ament_cmake'
[0.889s] INFO:colcon.colcon_cmake.task.cmake.build:Building CMake package in '/home/hy/Mobility_Challenge/ros2_ws/src/simulator_launch'
[0.890s] INFO:colcon.colcon_core.shell:Skip shell extension 'powershell' for command environment: Not usable outside of PowerShell
[0.890s] DEBUG:colcon.colcon_core.shell:Skip shell extension 'dsv' for command environment
[0.909s] DEBUG:colcon.colcon_core.event_handler.log_command:Invoking command in '/home/hy/Mobility_Challenge/ros2_ws/build/domain_bridge': CMAKE_PREFIX_PATH=${CMAKE_PREFIX_PATH}:/home/hy/Mobility_Challenge/ros2_ws/install/cav_controller:/opt/ros/foxy /usr/bin/cmake --build /home/hy/Mobility_Challenge/ros2_ws/build/domain_bridge -- -j4 -l4
[1.398s] INFO:colcon.colcon_core.task.python.build:Building Python package in '/home/hy/Mobility_Challenge/ros2_ws/src/cav_controller'
[1.400s] INFO:colcon.colcon_core.shell:Skip shell extension 'powershell' for command environment: Not usable outside of PowerShell
[1.400s] DEBUG:colcon.colcon_core.shell:Skip shell extension 'dsv' for command environment
[1.424s] DEBUG:colcon.colcon_core.event_handler.log_command:Invoking command in '/home/hy/Mobility_Challenge/ros2_ws/build/simulator_launch': CMAKE_PREFIX_PATH=${CMAKE_PREFIX_PATH}:/home/hy/Mobility_Challenge/ros2_ws/install/cav_controller:/opt/ros/foxy /usr/bin/cmake --build /home/hy/Mobility_Challenge/ros2_ws/build/simulator_launch -- -j4 -l4
[1.540s] DEBUG:colcon.colcon_core.event_handler.log_command:Invoked command in '/home/hy/Mobility_Challenge/ros2_ws/build/simulator_launch' returned '0': CMAKE_PREFIX_PATH=${CMAKE_PREFIX_PATH}:/home/hy/Mobility_Challenge/ros2_ws/install/cav_controller:/opt/ros/foxy /usr/bin/cmake --build /home/hy/Mobility_Challenge/ros2_ws/build/simulator_launch -- -j4 -l4
[1.568s] DEBUG:colcon.colcon_core.event_handler.log_command:Invoking command in '/home/hy/Mobility_Challenge/ros2_ws/build/simulator_launch': CMAKE_PREFIX_PATH=${CMAKE_PREFIX_PATH}:/home/hy/Mobility_Challenge/ros2_ws/install/cav_controller:/opt/ros/foxy /usr/bin/cmake --install /home/hy/Mobility_Challenge/ros2_ws/build/simulator_launch
[1.591s] DEBUG:colcon.colcon_core.event_handler.log_command:Invoked command in '/home/hy/Mobility_Challenge/ros2_ws/build/domain_bridge' returned '0': CMAKE_PREFIX_PATH=${CMAKE_PREFIX_PATH}:/home/hy/Mobility_Challenge/ros2_ws/install/cav_controller:/opt/ros/foxy /usr/bin/cmake --build /home/hy/Mobility_Challenge/ros2_ws/build/domain_bridge -- -j4 -l4
[1.592s] DEBUG:colcon.colcon_core.event_handler.log_command:Invoking command in '/home/hy/Mobility_Challenge/ros2_ws/build/domain_bridge': CMAKE_PREFIX_PATH=${CMAKE_PREFIX_PATH}:/home/hy/Mobility_Challenge/ros2_ws/install/cav_controller:/opt/ros/foxy /usr/bin/cmake --install /home/hy/Mobility_Challenge/ros2_ws/build/domain_bridge
[1.622s] Level 1:colcon.colcon_core.environment:create_environment_scripts_only(simulator_launch)
[1.629s] DEBUG:colcon.colcon_core.event_handler.log_command:Invoked command in '/home/hy/Mobility_Challenge/ros2_ws/build/simulator_launch' returned '0': CMAKE_PREFIX_PATH=${CMAKE_PREFIX_PATH}:/home/hy/Mobility_Challenge/ros2_ws/install/cav_controller:/opt/ros/foxy /usr/bin/cmake --install /home/hy/Mobility_Challenge/ros2_ws/build/simulator_launch
[1.635s] Level 1:colcon.colcon_core.environment:checking '/home/hy/Mobility_Challenge/ros2_ws/install/simulator_launch' for CMake module files
[1.640s] Level 1:colcon.colcon_core.environment:checking '/home/hy/Mobility_Challenge/ros2_ws/install/simulator_launch' for CMake config files
[1.641s] Level 1:colcon.colcon_core.shell:create_environment_hook('simulator_launch', 'cmake_prefix_path')
[1.642s] INFO:colcon.colcon_core.shell:Creating environment hook '/home/hy/Mobility_Challenge/ros2_ws/install/simulator_launch/share/simulator_launch/hook/cmake_prefix_path.ps1'
[1.646s] INFO:colcon.colcon_core.shell:Creating environment descriptor '/home/hy/Mobility_Challenge/ros2_ws/install/simulator_launch/share/simulator_launch/hook/cmake_prefix_path.dsv'
[1.648s] INFO:colcon.colcon_core.shell:Creating environment hook '/home/hy/Mobility_Challenge/ros2_ws/install/simulator_launch/share/simulator_launch/hook/cmake_prefix_path.sh'
[1.650s] Level 1:colcon.colcon_core.environment:checking '/home/hy/Mobility_Challenge/ros2_ws/install/simulator_launch/bin'
[1.650s] Level 1:colcon.colcon_core.environment:checking '/home/hy/Mobility_Challenge/ros2_ws/install/simulator_launch/lib/pkgconfig/simulator_launch.pc'
[1.651s] Level 1:colcon.colcon_core.environment:checking '/home/hy/Mobility_Challenge/ros2_ws/install/simulator_launch/lib/python3.8/site-packages'
[1.652s] Level 1:colcon.colcon_core.environment:checking '/home/hy/Mobility_Challenge/ros2_ws/install/simulator_launch/bin'
[1.656s] INFO:colcon.colcon_core.shell:Creating package script '/home/hy/Mobility_Challenge/ros2_ws/install/simulator_launch/share/simulator_launch/package.ps1'
[1.658s] INFO:colcon.colcon_core.shell:Creating package descriptor '/home/hy/Mobility_Challenge/ros2_ws/install/simulator_launch/share/simulator_launch/package.dsv'
[1.659s] INFO:colcon.colcon_core.shell:Creating package script '/home/hy/Mobility_Challenge/ros2_ws/install/simulator_launch/share/simulator_launch/package.sh'
[1.661s] INFO:colcon.colcon_core.shell:Creating package script '/home/hy/Mobility_Challenge/ros2_ws/install/simulator_launch/share/simulator_launch/package.bash'
[1.663s] INFO:colcon.colcon_core.shell:Creating package script '/home/hy/Mobility_Challenge/ros2_ws/install/simulator_launch/share/simulator_launch/package.zsh'
[1.664s] Level 1:colcon.colcon_core.environment:create_file_with_runtime_dependencies(/home/hy/Mobility_Challenge/ros2_ws/install/simulator_launch/share/colcon-core/packages/simulator_launch)
[1.666s] Level 1:colcon.colcon_core.environment:create_environment_scripts_only(simulator_launch)
[1.667s] Level 1:colcon.colcon_core.environment:checking '/home/hy/Mobility_Challenge/ros2_ws/install/simulator_launch' for CMake module files
[1.668s] Level 1:colcon.colcon_core.environment:checking '/home/hy/Mobility_Challenge/ros2_ws/install/simulator_launch' for CMake config files
[1.668s] Level 1:colcon.colcon_core.shell:create_environment_hook('simulator_launch', 'cmake_prefix_path')
[1.669s] INFO:colcon.colcon_core.shell:Creating environment hook '/home/hy/Mobility_Challenge/ros2_ws/install/simulator_launch/share/simulator_launch/hook/cmake_prefix_path.ps1'
[1.670s] INFO:colcon.colcon_core.shell:Creating environment descriptor '/home/hy/Mobility_Challenge/ros2_ws/install/simulator_launch/share/simulator_launch/hook/cmake_prefix_path.dsv'
[1.672s] INFO:colcon.colcon_core.shell:Creating environment hook '/home/hy/Mobility_Challenge/ros2_ws/install/simulator_launch/share/simulator_launch/hook/cmake_prefix_path.sh'
[1.675s] Level 1:colcon.colcon_core.environment:checking '/home/hy/Mobility_Challenge/ros2_ws/install/simulator_launch/bin'
[1.675s] Level 1:colcon.colcon_core.environment:checking '/home/hy/Mobility_Challenge/ros2_ws/install/simulator_launch/lib/pkgconfig/simulator_launch.pc'
[1.676s] Level 1:colcon.colcon_core.environment:checking '/home/hy/Mobility_Challenge/ros2_ws/install/simulator_launch/lib/python3.8/site-packages'
[1.677s] Level 1:colcon.colcon_core.environment:checking '/home/hy/Mobility_Challenge/ros2_ws/install/simulator_launch/bin'
[1.678s] INFO:colcon.colcon_core.shell:Creating package script '/home/hy/Mobility_Challenge/ros2_ws/install/simulator_launch/share/simulator_launch/package.ps1'
[1.680s] INFO:colcon.colcon_core.shell:Creating package descriptor '/home/hy/Mobility_Challenge/ros2_ws/install/simulator_launch/share/simulator_launch/package.dsv'
[1.681s] INFO:colcon.colcon_core.shell:Creating package script '/home/hy/Mobility_Challenge/ros2_ws/install/simulator_launch/share/simulator_launch/package.sh'
[1.682s] INFO:colcon.colcon_core.shell:Creating package script '/home/hy/Mobility_Challenge/ros2_ws/install/simulator_launch/share/simulator_launch/package.bash'
[1.684s] INFO:colcon.colcon_core.shell:Creating package script '/home/hy/Mobility_Challenge/ros2_ws/install/simulator_launch/share/simulator_launch/package.zsh'
[1.685s] Level 1:colcon.colcon_core.environment:create_file_with_runtime_dependencies(/home/hy/Mobility_Challenge/ros2_ws/install/simulator_launch/share/colcon-core/packages/simulator_launch)
[1.763s] Level 1:colcon.colcon_core.environment:create_environment_scripts_only(domain_bridge)
[1.763s] Level 1:colcon.colcon_core.environment:checking '/home/hy/Mobility_Challenge/ros2_ws/install/domain_bridge' for CMake module files
[1.764s] DEBUG:colcon.colcon_core.event_handler.log_command:Invoked command in '/home/hy/Mobility_Challenge/ros2_ws/build/domain_bridge' returned '0': CMAKE_PREFIX_PATH=${CMAKE_PREFIX_PATH}:/home/hy/Mobility_Challenge/ros2_ws/install/cav_controller:/opt/ros/foxy /usr/bin/cmake --install /home/hy/Mobility_Challenge/ros2_ws/build/domain_bridge
[1.766s] Level 1:colcon.colcon_core.environment:checking '/home/hy/Mobility_Challenge/ros2_ws/install/domain_bridge' for CMake config files
[1.766s] Level 1:colcon.colcon_core.shell:create_environment_hook('domain_bridge', 'cmake_prefix_path')
[1.767s] INFO:colcon.colcon_core.shell:Creating environment hook '/home/hy/Mobility_Challenge/ros2_ws/install/domain_bridge/share/domain_bridge/hook/cmake_prefix_path.ps1'
[1.768s] INFO:colcon.colcon_core.shell:Creating environment descriptor '/home/hy/Mobility_Challenge/ros2_ws/install/domain_bridge/share/domain_bridge/hook/cmake_prefix_path.dsv'
[1.769s] INFO:colcon.colcon_core.shell:Creating environment hook '/home/hy/Mobility_Challenge/ros2_ws/install/domain_bridge/share/domain_bridge/hook/cmake_prefix_path.sh'
[1.770s] Level 1:colcon.colcon_core.environment:checking '/home/hy/Mobility_Challenge/ros2_ws/install/domain_bridge/lib'
[1.771s] Level 1:colcon.colcon_core.shell:create_environment_hook('domain_bridge', 'ld_library_path_lib')
[1.771s] INFO:colcon.colcon_core.shell:Creating environment hook '/home/hy/Mobility_Challenge/ros2_ws/install/domain_bridge/share/domain_bridge/hook/ld_library_path_lib.ps1'
[1.772s] INFO:colcon.colcon_core.shell:Creating environment descriptor '/home/hy/Mobility_Challenge/ros2_ws/install/domain_bridge/share/domain_bridge/hook/ld_library_path_lib.dsv'
[1.773s] INFO:colcon.colcon_core.shell:Creating environment hook '/home/hy/Mobility_Challenge/ros2_ws/install/domain_bridge/share/domain_bridge/hook/ld_library_path_lib.sh'
[1.774s] Level 1:colcon.colcon_core.environment:checking '/home/hy/Mobility_Challenge/ros2_ws/install/domain_bridge/bin'
[1.774s] Level 1:colcon.colcon_core.environment:checking '/home/hy/Mobility_Challenge/ros2_ws/install/domain_bridge/lib/pkgconfig/domain_bridge.pc'
[1.774s] Level 1:colcon.colcon_core.environment:checking '/home/hy/Mobility_Challenge/ros2_ws/install/domain_bridge/lib/python3.8/site-packages'
[1.775s] Level 1:colcon.colcon_core.shell:create_environment_hook('domain_bridge', 'pythonpath')
[1.775s] INFO:colcon.colcon_core.shell:Creating environment hook '/home/hy/Mobility_Challenge/ros2_ws/install/domain_bridge/share/domain_bridge/hook/pythonpath.ps1'
[1.776s] INFO:colcon.colcon_core.shell:Creating environment descriptor '/home/hy/Mobility_Challenge/ros2_ws/install/domain_bridge/share/domain_bridge/hook/pythonpath.dsv'
[1.777s] INFO:colcon.colcon_core.shell:Creating environment hook '/home/hy/Mobility_Challenge/ros2_ws/install/domain_bridge/share/domain_bridge/hook/pythonpath.sh'
[1.778s] Level 1:colcon.colcon_core.environment:checking '/home/hy/Mobility_Challenge/ros2_ws/install/domain_bridge/bin'
[1.779s] INFO:colcon.colcon_core.shell:Creating package script '/home/hy/Mobility_Challenge/ros2_ws/install/domain_bridge/share/domain_bridge/package.ps1'
[1.780s] INFO:colcon.colcon_core.shell:Creating package descriptor '/home/hy/Mobility_Challenge/ros2_ws/install/domain_bridge/share/domain_bridge/package.dsv'
[1.781s] INFO:colcon.colcon_core.shell:Creating package script '/home/hy/Mobility_Challenge/ros2_ws/install/domain_bridge/share/domain_bridge/package.sh'
[1.782s] INFO:colcon.colcon_core.shell:Creating package script '/home/hy/Mobility_Challenge/ros2_ws/install/domain_bridge/share/domain_bridge/package.bash'
[1.783s] INFO:colcon.colcon_core.shell:Creating package script '/home/hy/Mobility_Challenge/ros2_ws/install/domain_bridge/share/domain_bridge/package.zsh'
[1.784s] Level 1:colcon.colcon_core.environment:create_file_with_runtime_dependencies(/home/hy/Mobility_Challenge/ros2_ws/install/domain_bridge/share/colcon-core/packages/domain_bridge)
[1.786s] Level 1:colcon.colcon_core.environment:create_environment_scripts_only(domain_bridge)
[1.786s] Level 1:colcon.colcon_core.environment:checking '/home/hy/Mobility_Challenge/ros2_ws/install/domain_bridge' for CMake module files
[1.787s] Level 1:colcon.colcon_core.environment:checking '/home/hy/Mobility_Challenge/ros2_ws/install/domain_bridge' for CMake config files
[1.788s] Level 1:colcon.colcon_core.shell:create_environment_hook('domain_bridge', 'cmake_prefix_path')
[1.789s] INFO:colcon.colcon_core.shell:Creating environment hook '/home/hy/Mobility_Challenge/ros2_ws/install/domain_bridge/share/domain_bridge/hook/cmake_prefix_path.ps1'
[1.790s] INFO:colcon.colcon_core.shell:Creating environment descriptor '/home/hy/Mobility_Challenge/ros2_ws/install/domain_bridge/share/domain_bridge/hook/cmake_prefix_path.dsv'
[1.790s] INFO:colcon.colcon_core.shell:Creating environment hook '/home/hy/Mobility_Challenge/ros2_ws/install/domain_bridge/share/domain_bridge/hook/cmake_prefix_path.sh'
[1.792s] Level 1:colcon.colcon_core.environment:checking '/home/hy/Mobility_Challenge/ros2_ws/install/domain_bridge/lib'
[1.792s] Level 1:colcon.colcon_core.shell:create_environment_hook('domain_bridge', 'ld_library_path_lib')
[1.792s] INFO:colcon.colcon_core.shell:Creating environment hook '/home/hy/Mobility_Challenge/ros2_ws/install/domain_bridge/share/domain_bridge/hook/ld_library_path_lib.ps1'
[1.793s] INFO:colcon.colcon_core.shell:Creating environment descriptor '/home/hy/Mobility_Challenge/ros2_ws/install/domain_bridge/share/domain_bridge/hook/ld_library_path_lib.dsv'
[1.794s] INFO:colcon.colcon_core.shell:Creating environment hook '/home/hy/Mobility_Challenge/ros2_ws/install/domain_bridge/share/domain_bridge/hook/ld_library_path_lib.sh'
[1.795s] Level 1:colcon.colcon_core.environment:checking '/home/hy/Mobility_Challenge/ros2_ws/install/domain_bridge/bin'
[1.795s] Level 1:colcon.colcon_core.environment:checking '/home/hy/Mobility_Challenge/ros2_ws/install/domain_bridge/lib/pkgconfig/domain_bridge.pc'
[1.795s] Level 1:colcon.colcon_core.environment:checking '/home/hy/Mobility_Challenge/ros2_ws/install/domain_bridge/lib/python3.8/site-packages'
[1.795s] Level 1:colcon.colcon_core.shell:create_environment_hook('domain_bridge', 'pythonpath')
[1.796s] INFO:colcon.colcon_core.shell:Creating environment hook '/home/hy/Mobility_Challenge/ros2_ws/install/domain_bridge/share/domain_bridge/hook/pythonpath.ps1'
[1.797s] INFO:colcon.colcon_core.shell:Creating environment descriptor '/home/hy/Mobility_Challenge/ros2_ws/install/domain_bridge/share/domain_bridge/hook/pythonpath.dsv'
[1.797s] INFO:colcon.colcon_core.shell:Creating environment hook '/home/hy/Mobility_Challenge/ros2_ws/install/domain_bridge/share/domain_bridge/hook/pythonpath.sh'
[1.799s] Level 1:colcon.colcon_core.environment:checking '/home/hy/Mobility_Challenge/ros2_ws/install/domain_bridge/bin'
[1.799s] INFO:colcon.colcon_core.shell:Creating package script '/home/hy/Mobility_Challenge/ros2_ws/install/domain_bridge/share/domain_bridge/package.ps1'
[1.801s] INFO:colcon.colcon_core.shell:Creating package descriptor '/home/hy/Mobility_Challenge/ros2_ws/install/domain_bridge/share/domain_bridge/package.dsv'
[1.802s] INFO:colcon.colcon_core.shell:Creating package script '/home/hy/Mobility_Challenge/ros2_ws/install/domain_bridge/share/domain_bridge/package.sh'
[1.803s] INFO:colcon.colcon_core.shell:Creating package script '/home/hy/Mobility_Challenge/ros2_ws/install/domain_bridge/share/domain_bridge/package.bash'
[1.804s] INFO:colcon.colcon_core.shell:Creating package script '/home/hy/Mobility_Challenge/ros2_ws/install/domain_bridge/share/domain_bridge/package.zsh'
[1.805s] Level 1:colcon.colcon_core.environment:create_file_with_runtime_dependencies(/home/hy/Mobility_Challenge/ros2_ws/install/domain_bridge/share/colcon-core/packages/domain_bridge)
[1.806s] INFO:colcon.colcon_ros.task.ament_cmake.build:Building ROS package in '/home/hy/Mobility_Challenge/ros2_ws/src/p3_cpp' with build type 'ament_cmake'
[1.806s] INFO:colcon.colcon_cmake.task.cmake.build:Building CMake package in '/home/hy/Mobility_Challenge/ros2_ws/src/p3_cpp'
[1.807s] INFO:colcon.colcon_core.shell:Skip shell extension 'powershell' for command environment: Not usable outside of PowerShell
[1.807s] DEBUG:colcon.colcon_core.shell:Skip shell extension 'dsv' for command environment
[1.842s] DEBUG:colcon.colcon_core.event_handler.log_command:Invoking command in '/home/hy/Mobility_Challenge/ros2_ws/build/p3_cpp': CMAKE_PREFIX_PATH=/home/hy/Mobility_Challenge/ros2_ws/install/domain_bridge:/home/hy/Mobility_Challenge/ros2_ws/install/simulator_launch:/home/hy/Mobility_Challenge/ros2_ws/install/p3_cpp:/home/hy/Mobility_Challenge/ros2_ws/install/cav_controller:/opt/ros/foxy /usr/bin/cmake --build /home/hy/Mobility_Challenge/ros2_ws/build/p3_cpp -- -j4 -l4
[1.983s] DEBUG:colcon.colcon_core.event_handler.log_command:Invoked command in '/home/hy/Mobility_Challenge/ros2_ws/build/p3_cpp' returned '0': CMAKE_PREFIX_PATH=/home/hy/Mobility_Challenge/ros2_ws/install/domain_bridge:/home/hy/Mobility_Challenge/ros2_ws/install/simulator_launch:/home/hy/Mobility_Challenge/ros2_ws/install/p3_cpp:/home/hy/Mobility_Challenge/ros2_ws/install/cav_controller:/opt/ros/foxy /usr/bin/cmake --build /home/hy/Mobility_Challenge/ros2_ws/build/p3_cpp -- -j4 -l4
[1.989s] DEBUG:colcon.colcon_core.event_handler.log_command:Invoking command in '/home/hy/Mobility_Challenge/ros2_ws/build/p3_cpp': CMAKE_PREFIX_PATH=/home/hy/Mobility_Challenge/ros2_ws/install/domain_bridge:/home/hy/Mobility_Challenge/ros2_ws/install/simulator_launch:/home/hy/Mobility_Challenge/ros2_ws/install/p3_cpp:/home/hy/Mobility_Challenge/ros2_ws/install/cav_controller:/opt/ros/foxy /usr/bin/cmake --install /home/hy/Mobility_Challenge/ros2_ws/build/p3_cpp
[2.083s] Level 1:colcon.colcon_core.environment:create_environment_scripts_only(p3_cpp)
[2.084s] Level 1:colcon.colcon_core.environment:checking '/home/hy/Mobility_Challenge/ros2_ws/install/p3_cpp' for CMake module files
[2.085s] DEBUG:colcon.colcon_core.event_handler.log_command:Invoked command in '/home/hy/Mobility_Challenge/ros2_ws/build/p3_cpp' returned '0': CMAKE_PREFIX_PATH=/home/hy/Mobility_Challenge/ros2_ws/install/domain_bridge:/home/hy/Mobility_Challenge/ros2_ws/install/simulator_launch:/home/hy/Mobility_Challenge/ros2_ws/install/p3_cpp:/home/hy/Mobility_Challenge/ros2_ws/install/cav_controller:/opt/ros/foxy /usr/bin/cmake --install /home/hy/Mobility_Challenge/ros2_ws/build/p3_cpp
[2.086s] Level 1:colcon.colcon_core.environment:checking '/home/hy/Mobility_Challenge/ros2_ws/install/p3_cpp' for CMake config files
[2.086s] Level 1:colcon.colcon_core.shell:create_environment_hook('p3_cpp', 'cmake_prefix_path')
[2.087s] INFO:colcon.colcon_core.shell:Creating environment hook '/home/hy/Mobility_Challenge/ros2_ws/install/p3_cpp/share/p3_cpp/hook/cmake_prefix_path.ps1'
[2.089s] INFO:colcon.colcon_core.shell:Creating environment descriptor '/home/hy/Mobility_Challenge/ros2_ws/install/p3_cpp/share/p3_cpp/hook/cmake_prefix_path.dsv'
[2.089s] INFO:colcon.colcon_core.shell:Creating environment hook '/home/hy/Mobility_Challenge/ros2_ws/install/p3_cpp/share/p3_cpp/hook/cmake_prefix_path.sh'
[2.091s] Level 1:colcon.colcon_core.environment:checking '/home/hy/Mobility_Challenge/ros2_ws/install/p3_cpp/lib'
[2.091s] Level 1:colcon.colcon_core.environment:checking '/home/hy/Mobility_Challenge/ros2_ws/install/p3_cpp/bin'
[2.091s] Level 1:colcon.colcon_core.environment:checking '/home/hy/Mobility_Challenge/ros2_ws/install/p3_cpp/lib/pkgconfig/p3_cpp.pc'
[2.092s] Level 1:colcon.colcon_core.environment:checking '/home/hy/Mobility_Challenge/ros2_ws/install/p3_cpp/lib/python3.8/site-packages'
[2.092s] Level 1:colcon.colcon_core.environment:checking '/home/hy/Mobility_Challenge/ros2_ws/install/p3_cpp/bin'
[2.093s] INFO:colcon.colcon_core.shell:Creating package script '/home/hy/Mobility_Challenge/ros2_ws/install/p3_cpp/share/p3_cpp/package.ps1'
[2.094s] INFO:colcon.colcon_core.shell:Creating package descriptor '/home/hy/Mobility_Challenge/ros2_ws/install/p3_cpp/share/p3_cpp/package.dsv'
[2.095s] INFO:colcon.colcon_core.shell:Creating package script '/home/hy/Mobility_Challenge/ros2_ws/install/p3_cpp/share/p3_cpp/package.sh'
[2.096s] INFO:colcon.colcon_core.shell:Creating package script '/home/hy/Mobility_Challenge/ros2_ws/install/p3_cpp/share/p3_cpp/package.bash'
[2.097s] INFO:colcon.colcon_core.shell:Creating package script '/home/hy/Mobility_Challenge/ros2_ws/install/p3_cpp/share/p3_cpp/package.zsh'
[2.098s] Level 1:colcon.colcon_core.environment:create_file_with_runtime_dependencies(/home/hy/Mobility_Challenge/ros2_ws/install/p3_cpp/share/colcon-core/packages/p3_cpp)
[2.099s] Level 1:colcon.colcon_core.environment:create_environment_scripts_only(p3_cpp)
[2.100s] Level 1:colcon.colcon_core.environment:checking '/home/hy/Mobility_Challenge/ros2_ws/install/p3_cpp' for CMake module files
[2.101s] Level 1:colcon.colcon_core.environment:checking '/home/hy/Mobility_Challenge/ros2_ws/install/p3_cpp' for CMake config files
[2.101s] Level 1:colcon.colcon_core.shell:create_environment_hook('p3_cpp', 'cmake_prefix_path')
[2.102s] INFO:colcon.colcon_core.shell:Creating environment hook '/home/hy/Mobility_Challenge/ros2_ws/install/p3_cpp/share/p3_cpp/hook/cmake_prefix_path.ps1'
[2.103s] INFO:colcon.colcon_core.shell:Creating environment descriptor '/home/hy/Mobility_Challenge/ros2_ws/install/p3_cpp/share/p3_cpp/hook/cmake_prefix_path.dsv'
[2.104s] INFO:colcon.colcon_core.shell:Creating environment hook '/home/hy/Mobility_Challenge/ros2_ws/install/p3_cpp/share/p3_cpp/hook/cmake_prefix_path.sh'
[2.105s] Level 1:colcon.colcon_core.environment:checking '/home/hy/Mobility_Challenge/ros2_ws/install/p3_cpp/lib'
[2.105s] Level 1:colcon.colcon_core.environment:checking '/home/hy/Mobility_Challenge/ros2_ws/install/p3_cpp/bin'
[2.105s] Level 1:colcon.colcon_core.environment:checking '/home/hy/Mobility_Challenge/ros2_ws/install/p3_cpp/lib/pkgconfig/p3_cpp.pc'
[2.106s] Level 1:colcon.colcon_core.environment:checking '/home/hy/Mobility_Challenge/ros2_ws/install/p3_cpp/lib/python3.8/site-packages'
[2.106s] Level 1:colcon.colcon_core.environment:checking '/home/hy/Mobility_Challenge/ros2_ws/install/p3_cpp/bin'
[2.107s] INFO:colcon.colcon_core.shell:Creating package script '/home/hy/Mobility_Challenge/ros2_ws/install/p3_cpp/share/p3_cpp/package.ps1'
[2.108s] INFO:colcon.colcon_core.shell:Creating package descriptor '/home/hy/Mobility_Challenge/ros2_ws/install/p3_cpp/share/p3_cpp/package.dsv'
[2.110s] INFO:colcon.colcon_core.shell:Creating package script '/home/hy/Mobility_Challenge/ros2_ws/install/p3_cpp/share/p3_cpp/package.sh'
[2.111s] INFO:colcon.colcon_core.shell:Creating package script '/home/hy/Mobility_Challenge/ros2_ws/install/p3_cpp/share/p3_cpp/package.bash'
[2.112s] INFO:colcon.colcon_core.shell:Creating package script '/home/hy/Mobility_Challenge/ros2_ws/install/p3_cpp/share/p3_cpp/package.zsh'
[2.113s] Level 1:colcon.colcon_core.environment:create_file_with_runtime_dependencies(/home/hy/Mobility_Challenge/ros2_ws/install/p3_cpp/share/colcon-core/packages/p3_cpp)
[2.212s] DEBUG:colcon.colcon_core.event_handler.log_command:Invoking command in '/home/hy/Mobility_Challenge/ros2_ws/build/cav_controller': PYTHONPATH=/home/hy/Mobility_Challenge/ros2_ws/build/cav_controller/prefix_override:/usr/lib/python3/dist-packages/colcon_core/task/python/colcon_distutils_commands:/home/hy/Mobility_Challenge/ros2_ws/install/cav_controller/lib/python3.8/site-packages:${PYTHONPATH} /usr/bin/python3 -W ignore:setup.py install is deprecated -W ignore:easy_install command is deprecated setup.py develop --editable --build-directory /home/hy/Mobility_Challenge/ros2_ws/build/cav_controller/build --no-deps symlink_data
[3.021s] Level 1:colcon.colcon_core.shell:create_environment_hook('cav_controller', 'pythonpath_develop')
[3.022s] INFO:colcon.colcon_core.shell:Creating environment hook '/home/hy/Mobility_Challenge/ros2_ws/build/cav_controller/share/cav_controller/hook/pythonpath_develop.ps1'
[3.023s] DEBUG:colcon.colcon_core.event_handler.log_command:Invoked command in '/home/hy/Mobility_Challenge/ros2_ws/build/cav_controller' returned '0': PYTHONPATH=/home/hy/Mobility_Challenge/ros2_ws/build/cav_controller/prefix_override:/usr/lib/python3/dist-packages/colcon_core/task/python/colcon_distutils_commands:/home/hy/Mobility_Challenge/ros2_ws/install/cav_controller/lib/python3.8/site-packages:${PYTHONPATH} /usr/bin/python3 -W ignore:setup.py install is deprecated -W ignore:easy_install command is deprecated setup.py develop --editable --build-directory /home/hy/Mobility_Challenge/ros2_ws/build/cav_controller/build --no-deps symlink_data
[3.025s] INFO:colcon.colcon_core.shell:Creating environment descriptor '/home/hy/Mobility_Challenge/ros2_ws/build/cav_controller/share/cav_controller/hook/pythonpath_develop.dsv'
[3.026s] INFO:colcon.colcon_core.shell:Creating environment hook '/home/hy/Mobility_Challenge/ros2_ws/build/cav_controller/share/cav_controller/hook/pythonpath_develop.sh'
[3.029s] Level 1:colcon.colcon_core.environment:checking '/home/hy/Mobility_Challenge/ros2_ws/install/cav_controller' for CMake module files
[3.031s] Level 1:colcon.colcon_core.environment:checking '/home/hy/Mobility_Challenge/ros2_ws/install/cav_controller' for CMake config files
[3.032s] Level 1:colcon.colcon_core.environment:checking '/home/hy/Mobility_Challenge/ros2_ws/install/cav_controller/lib'
[3.032s] Level 1:colcon.colcon_core.environment:checking '/home/hy/Mobility_Challenge/ros2_ws/install/cav_controller/bin'
[3.032s] Level 1:colcon.colcon_core.environment:checking '/home/hy/Mobility_Challenge/ros2_ws/install/cav_controller/lib/pkgconfig/cav_controller.pc'
[3.033s] Level 1:colcon.colcon_core.environment:checking '/home/hy/Mobility_Challenge/ros2_ws/install/cav_controller/lib/python3.8/site-packages'
[3.033s] Level 1:colcon.colcon_core.shell:create_environment_hook('cav_controller', 'pythonpath')
[3.034s] INFO:colcon.colcon_core.shell:Creating environment hook '/home/hy/Mobility_Challenge/ros2_ws/install/cav_controller/share/cav_controller/hook/pythonpath.ps1'
[3.036s] INFO:colcon.colcon_core.shell:Creating environment descriptor '/home/hy/Mobility_Challenge/ros2_ws/install/cav_controller/share/cav_controller/hook/pythonpath.dsv'
[3.037s] INFO:colcon.colcon_core.shell:Creating environment hook '/home/hy/Mobility_Challenge/ros2_ws/install/cav_controller/share/cav_controller/hook/pythonpath.sh'
[3.039s] Level 1:colcon.colcon_core.environment:checking '/home/hy/Mobility_Challenge/ros2_ws/install/cav_controller/bin'
[3.039s] Level 1:colcon.colcon_core.environment:create_environment_scripts_only(cav_controller)
[3.040s] INFO:colcon.colcon_core.shell:Creating package script '/home/hy/Mobility_Challenge/ros2_ws/install/cav_controller/share/cav_controller/package.ps1'
[3.042s] INFO:colcon.colcon_core.shell:Creating package descriptor '/home/hy/Mobility_Challenge/ros2_ws/install/cav_controller/share/cav_controller/package.dsv'
[3.044s] INFO:colcon.colcon_core.shell:Creating package script '/home/hy/Mobility_Challenge/ros2_ws/install/cav_controller/share/cav_controller/package.sh'
[3.045s] INFO:colcon.colcon_core.shell:Creating package script '/home/hy/Mobility_Challenge/ros2_ws/install/cav_controller/share/cav_controller/package.bash'
[3.047s] INFO:colcon.colcon_core.shell:Creating package script '/home/hy/Mobility_Challenge/ros2_ws/install/cav_controller/share/cav_controller/package.zsh'
[3.048s] Level 1:colcon.colcon_core.environment:create_file_with_runtime_dependencies(/home/hy/Mobility_Challenge/ros2_ws/install/cav_controller/share/colcon-core/packages/cav_controller)
[3.050s] DEBUG:colcon.colcon_parallel_executor.executor.parallel:closing loop
[3.051s] DEBUG:colcon.colcon_parallel_executor.executor.parallel:loop closed
[3.051s] DEBUG:colcon.colcon_parallel_executor.executor.parallel:run_until_complete finished with '0'
[3.051s] DEBUG:colcon.colcon_core.event_reactor:joining thread
[3.066s] INFO:colcon.colcon_core.plugin_system:Skipping extension 'colcon_notification.desktop_notification.terminal_notifier': Not used on non-Darwin systems
[3.067s] INFO:colcon.colcon_core.plugin_system:Skipping extension 'colcon_notification.desktop_notification.win32': Not used on non-Windows systems
[3.067s] INFO:colcon.colcon_notification.desktop_notification:Sending desktop notification using 'notify2'
[3.091s] DEBUG:colcon.colcon_notification.desktop_notification.notify2:Failed to initialize notify2: org.freedesktop.DBus.Error.Spawn.ChildExited: Process org.freedesktop.Notifications exited with status 1
[3.092s] DEBUG:colcon.colcon_core.event_reactor:joined thread
[3.093s] INFO:colcon.colcon_core.shell:Creating prefix script '/home/hy/Mobility_Challenge/ros2_ws/install/local_setup.ps1'
[3.097s] INFO:colcon.colcon_core.shell:Creating prefix util module '/home/hy/Mobility_Challenge/ros2_ws/install/_local_setup_util_ps1.py'
[3.100s] INFO:colcon.colcon_core.shell:Creating prefix chain script '/home/hy/Mobility_Challenge/ros2_ws/install/setup.ps1'
[3.104s] INFO:colcon.colcon_core.shell:Creating prefix script '/home/hy/Mobility_Challenge/ros2_ws/install/local_setup.sh'
[3.106s] INFO:colcon.colcon_core.shell:Creating prefix util module '/home/hy/Mobility_Challenge/ros2_ws/install/_local_setup_util_sh.py'
[3.108s] INFO:colcon.colcon_core.shell:Creating prefix chain script '/home/hy/Mobility_Challenge/ros2_ws/install/setup.sh'
[3.111s] INFO:colcon.colcon_core.shell:Creating prefix script '/home/hy/Mobility_Challenge/ros2_ws/install/local_setup.bash'
[3.112s] INFO:colcon.colcon_core.shell:Creating prefix chain script '/home/hy/Mobility_Challenge/ros2_ws/install/setup.bash'
[3.115s] INFO:colcon.colcon_core.shell:Creating prefix script '/home/hy/Mobility_Challenge/ros2_ws/install/local_setup.zsh'
[3.116s] INFO:colcon.colcon_core.shell:Creating prefix chain script '/home/hy/Mobility_Challenge/ros2_ws/install/setup.zsh'
