[0.359s] DEBUG:colcon:Command line arguments: ['/usr/bin/colcon', 'build', '--symlink-install']
[0.359s] DEBUG:colcon:Parsed command line arguments: Namespace(allow_overriding=[], ament_cmake_args=None, base_paths=['.'], build_base='build', catkin_cmake_args=None, catkin_skip_building_tests=False, cmake_args=None, cmake_clean_cache=False, cmake_clean_first=False, cmake_force_configure=False, cmake_target=None, cmake_target_skip_unavailable=False, continue_on_error=False, event_handlers=None, executor='parallel', ignore_user_meta=False, install_base='install', log_base=None, log_level=None, main=<bound method BuildVerb.main of <colcon_core.verb.build.BuildVerb object at 0xffff8d061cd0>>, merge_install=False, metas=['./colcon.meta'], packages_above=None, packages_above_and_dependencies=None, packages_above_depth=None, packages_end=None, packages_ignore=None, packages_ignore_regex=None, packages_select=None, packages_select_build_failed=False, packages_select_by_dep=None, packages_select_regex=None, packages_select_test_failures=False, packages_skip=None, packages_skip_build_finished=False, packages_skip_by_dep=None, packages_skip_regex=None, packages_skip_test_passed=False, packages_skip_up_to=None, packages_start=None, packages_up_to=None, packages_up_to_regex=None, parallel_workers=4, paths=None, symlink_install=True, test_result_base=None, verb_extension=<colcon_core.verb.build.BuildVerb object at 0xffff8d061cd0>, verb_name='build', verb_parser=<colcon_defaults.argument_parser.defaults.DefaultArgumentsDecorator object at 0xffff8d070460>)
[0.645s] Level 1:colcon.colcon_core.package_discovery:discover_packages(colcon_meta) check parameters
[0.645s] Level 1:colcon.colcon_core.package_discovery:discover_packages(recursive) check parameters
[0.645s] Level 1:colcon.colcon_core.package_discovery:discover_packages(ignore) check parameters
[0.645s] Level 1:colcon.colcon_core.package_discovery:discover_packages(path) check parameters
[0.645s] Level 1:colcon.colcon_core.package_discovery:discover_packages(colcon_meta) discover
[0.646s] Level 1:colcon.colcon_core.package_discovery:discover_packages(recursive) discover
[0.646s] INFO:colcon.colcon_core.package_discovery:Crawling recursively for packages in '/home/hy/Mobility_Challenge/ros2_ws'
[0.646s] Level 1:colcon.colcon_core.package_identification:_identify(.) by extensions ['ignore', 'ignore_ament_install']
[0.647s] Level 1:colcon.colcon_core.package_identification:_identify(.) by extension 'ignore'
[0.647s] Level 1:colcon.colcon_core.package_identification:_identify(.) by extension 'ignore_ament_install'
[0.647s] Level 1:colcon.colcon_core.package_identification:_identify(.) by extensions ['colcon_pkg']
[0.647s] Level 1:colcon.colcon_core.package_identification:_identify(.) by extension 'colcon_pkg'
[0.647s] Level 1:colcon.colcon_core.package_identification:_identify(.) by extensions ['colcon_meta']
[0.647s] Level 1:colcon.colcon_core.package_identification:_identify(.) by extension 'colcon_meta'
[0.647s] Level 1:colcon.colcon_core.package_identification:_identify(.) by extensions ['ros']
[0.647s] Level 1:colcon.colcon_core.package_identification:_identify(.) by extension 'ros'
[0.669s] Level 1:colcon.colcon_core.package_identification:_identify(.) by extensions ['cmake', 'python']
[0.669s] Level 1:colcon.colcon_core.package_identification:_identify(.) by extension 'cmake'
[0.670s] Level 1:colcon.colcon_core.package_identification:_identify(.) by extension 'python'
[0.670s] Level 1:colcon.colcon_core.package_identification:_identify(.) by extensions ['python_setup_py']
[0.670s] Level 1:colcon.colcon_core.package_identification:_identify(.) by extension 'python_setup_py'
[0.670s] Level 1:colcon.colcon_core.package_identification:_identify(build) by extensions ['ignore', 'ignore_ament_install']
[0.670s] Level 1:colcon.colcon_core.package_identification:_identify(build) by extension 'ignore'
[0.671s] Level 1:colcon.colcon_core.package_identification:_identify(build) ignored
[0.671s] Level 1:colcon.colcon_core.package_identification:_identify(install) by extensions ['ignore', 'ignore_ament_install']
[0.671s] Level 1:colcon.colcon_core.package_identification:_identify(install) by extension 'ignore'
[0.671s] Level 1:colcon.colcon_core.package_identification:_identify(install) ignored
[0.671s] Level 1:colcon.colcon_core.package_identification:_identify(log) by extensions ['ignore', 'ignore_ament_install']
[0.672s] Level 1:colcon.colcon_core.package_identification:_identify(log) by extension 'ignore'
[0.672s] Level 1:colcon.colcon_core.package_identification:_identify(log) ignored
[0.672s] Level 1:colcon.colcon_core.package_identification:_identify(src) by extensions ['ignore', 'ignore_ament_install']
[0.672s] Level 1:colcon.colcon_core.package_identification:_identify(src) by extension 'ignore'
[0.672s] Level 1:colcon.colcon_core.package_identification:_identify(src) by extension 'ignore_ament_install'
[0.672s] Level 1:colcon.colcon_core.package_identification:_identify(src) by extensions ['colcon_pkg']
[0.673s] Level 1:colcon.colcon_core.package_identification:_identify(src) by extension 'colcon_pkg'
[0.673s] Level 1:colcon.colcon_core.package_identification:_identify(src) by extensions ['colcon_meta']
[0.673s] Level 1:colcon.colcon_core.package_identification:_identify(src) by extension 'colcon_meta'
[0.673s] Level 1:colcon.colcon_core.package_identification:_identify(src) by extensions ['ros']
[0.673s] Level 1:colcon.colcon_core.package_identification:_identify(src) by extension 'ros'
[0.673s] Level 1:colcon.colcon_core.package_identification:_identify(src) by extensions ['cmake', 'python']
[0.673s] Level 1:colcon.colcon_core.package_identification:_identify(src) by extension 'cmake'
[0.673s] Level 1:colcon.colcon_core.package_identification:_identify(src) by extension 'python'
[0.673s] Level 1:colcon.colcon_core.package_identification:_identify(src) by extensions ['python_setup_py']
[0.674s] Level 1:colcon.colcon_core.package_identification:_identify(src) by extension 'python_setup_py'
[0.674s] Level 1:colcon.colcon_core.package_identification:_identify(src/cav_controller) by extensions ['ignore', 'ignore_ament_install']
[0.674s] Level 1:colcon.colcon_core.package_identification:_identify(src/cav_controller) by extension 'ignore'
[0.674s] Level 1:colcon.colcon_core.package_identification:_identify(src/cav_controller) by extension 'ignore_ament_install'
[0.674s] Level 1:colcon.colcon_core.package_identification:_identify(src/cav_controller) by extensions ['colcon_pkg']
[0.674s] Level 1:colcon.colcon_core.package_identification:_identify(src/cav_controller) by extension 'colcon_pkg'
[0.674s] Level 1:colcon.colcon_core.package_identification:_identify(src/cav_controller) by extensions ['colcon_meta']
[0.674s] Level 1:colcon.colcon_core.package_identification:_identify(src/cav_controller) by extension 'colcon_meta'
[0.675s] Level 1:colcon.colcon_core.package_identification:_identify(src/cav_controller) by extensions ['ros']
[0.675s] Level 1:colcon.colcon_core.package_identification:_identify(src/cav_controller) by extension 'ros'
[0.680s] DEBUG:colcon.colcon_core.package_identification:Package 'src/cav_controller' with type 'ros.ament_python' and name 'cav_controller'
[0.681s] Level 1:colcon.colcon_core.package_identification:_identify(src/domain_bridge) by extensions ['ignore', 'ignore_ament_install']
[0.681s] Level 1:colcon.colcon_core.package_identification:_identify(src/domain_bridge) by extension 'ignore'
[0.681s] Level 1:colcon.colcon_core.package_identification:_identify(src/domain_bridge) by extension 'ignore_ament_install'
[0.681s] Level 1:colcon.colcon_core.package_identification:_identify(src/domain_bridge) by extensions ['colcon_pkg']
[0.681s] Level 1:colcon.colcon_core.package_identification:_identify(src/domain_bridge) by extension 'colcon_pkg'
[0.681s] Level 1:colcon.colcon_core.package_identification:_identify(src/domain_bridge) by extensions ['colcon_meta']
[0.681s] Level 1:colcon.colcon_core.package_identification:_identify(src/domain_bridge) by extension 'colcon_meta'
[0.681s] Level 1:colcon.colcon_core.package_identification:_identify(src/domain_bridge) by extensions ['ros']
[0.682s] Level 1:colcon.colcon_core.package_identification:_identify(src/domain_bridge) by extension 'ros'
[0.684s] DEBUG:colcon.colcon_core.package_identification:Package 'src/domain_bridge' with type 'ros.ament_cmake' and name 'domain_bridge'
[0.684s] Level 1:colcon.colcon_core.package_identification:_identify(src/p3_cpp) by extensions ['ignore', 'ignore_ament_install']
[0.685s] Level 1:colcon.colcon_core.package_identification:_identify(src/p3_cpp) by extension 'ignore'
[0.685s] Level 1:colcon.colcon_core.package_identification:_identify(src/p3_cpp) by extension 'ignore_ament_install'
[0.685s] Level 1:colcon.colcon_core.package_identification:_identify(src/p3_cpp) by extensions ['colcon_pkg']
[0.685s] Level 1:colcon.colcon_core.package_identification:_identify(src/p3_cpp) by extension 'colcon_pkg'
[0.685s] Level 1:colcon.colcon_core.package_identification:_identify(src/p3_cpp) by extensions ['colcon_meta']
[0.685s] Level 1:colcon.colcon_core.package_identification:_identify(src/p3_cpp) by extension 'colcon_meta'
[0.685s] Level 1:colcon.colcon_core.package_identification:_identify(src/p3_cpp) by extensions ['ros']
[0.685s] Level 1:colcon.colcon_core.package_identification:_identify(src/p3_cpp) by extension 'ros'
[0.687s] DEBUG:colcon.colcon_core.package_identification:Package 'src/p3_cpp' with type 'ros.ament_cmake' and name 'p3_cpp'
[0.687s] Level 1:colcon.colcon_core.package_identification:_identify(src/simulator_launch) by extensions ['ignore', 'ignore_ament_install']
[0.688s] Level 1:colcon.colcon_core.package_identification:_identify(src/simulator_launch) by extension 'ignore'
[0.688s] Level 1:colcon.colcon_core.package_identification:_identify(src/simulator_launch) by extension 'ignore_ament_install'
[0.688s] Level 1:colcon.colcon_core.package_identification:_identify(src/simulator_launch) by extensions ['colcon_pkg']
[0.688s] Level 1:colcon.colcon_core.package_identification:_identify(src/simulator_launch) by extension 'colcon_pkg'
[0.688s] Level 1:colcon.colcon_core.package_identification:_identify(src/simulator_launch) by extensions ['colcon_meta']
[0.688s] Level 1:colcon.colcon_core.package_identification:_identify(src/simulator_launch) by extension 'colcon_meta'
[0.688s] Level 1:colcon.colcon_core.package_identification:_identify(src/simulator_launch) by extensions ['ros']
[0.688s] Level 1:colcon.colcon_core.package_identification:_identify(src/simulator_launch) by extension 'ros'
[0.689s] DEBUG:colcon.colcon_core.package_identification:Package 'src/simulator_launch' with type 'ros.ament_cmake' and name 'simulator_launch'
[0.690s] Level 1:colcon.colcon_core.package_identification:_identify(tool) by extensions ['ignore', 'ignore_ament_install']
[0.690s] Level 1:colcon.colcon_core.package_identification:_identify(tool) by extension 'ignore'
[0.690s] Level 1:colcon.colcon_core.package_identification:_identify(tool) by extension 'ignore_ament_install'
[0.690s] Level 1:colcon.colcon_core.package_identification:_identify(tool) by extensions ['colcon_pkg']
[0.690s] Level 1:colcon.colcon_core.package_identification:_identify(tool) by extension 'colcon_pkg'
[0.690s] Level 1:colcon.colcon_core.package_identification:_identify(tool) by extensions ['colcon_meta']
[0.690s] Level 1:colcon.colcon_core.package_identification:_identify(tool) by extension 'colcon_meta'
[0.691s] Level 1:colcon.colcon_core.package_identification:_identify(tool) by extensions ['ros']
[0.691s] Level 1:colcon.colcon_core.package_identification:_identify(tool) by extension 'ros'
[0.691s] Level 1:colcon.colcon_core.package_identification:_identify(tool) by extensions ['cmake', 'python']
[0.691s] Level 1:colcon.colcon_core.package_identification:_identify(tool) by extension 'cmake'
[0.691s] Level 1:colcon.colcon_core.package_identification:_identify(tool) by extension 'python'
[0.691s] Level 1:colcon.colcon_core.package_identification:_identify(tool) by extensions ['python_setup_py']
[0.691s] Level 1:colcon.colcon_core.package_identification:_identify(tool) by extension 'python_setup_py'
[0.692s] Level 1:colcon.colcon_core.package_identification:_identify(tool/waypoint) by extensions ['ignore', 'ignore_ament_install']
[0.692s] Level 1:colcon.colcon_core.package_identification:_identify(tool/waypoint) by extension 'ignore'
[0.692s] Level 1:colcon.colcon_core.package_identification:_identify(tool/waypoint) by extension 'ignore_ament_install'
[0.692s] Level 1:colcon.colcon_core.package_identification:_identify(tool/waypoint) by extensions ['colcon_pkg']
[0.692s] Level 1:colcon.colcon_core.package_identification:_identify(tool/waypoint) by extension 'colcon_pkg'
[0.692s] Level 1:colcon.colcon_core.package_identification:_identify(tool/waypoint) by extensions ['colcon_meta']
[0.692s] Level 1:colcon.colcon_core.package_identification:_identify(tool/waypoint) by extension 'colcon_meta'
[0.692s] Level 1:colcon.colcon_core.package_identification:_identify(tool/waypoint) by extensions ['ros']
[0.693s] Level 1:colcon.colcon_core.package_identification:_identify(tool/waypoint) by extension 'ros'
[0.693s] Level 1:colcon.colcon_core.package_identification:_identify(tool/waypoint) by extensions ['cmake', 'python']
[0.693s] Level 1:colcon.colcon_core.package_identification:_identify(tool/waypoint) by extension 'cmake'
[0.693s] Level 1:colcon.colcon_core.package_identification:_identify(tool/waypoint) by extension 'python'
[0.693s] Level 1:colcon.colcon_core.package_identification:_identify(tool/waypoint) by extensions ['python_setup_py']
[0.693s] Level 1:colcon.colcon_core.package_identification:_identify(tool/waypoint) by extension 'python_setup_py'
[0.693s] Level 1:colcon.colcon_core.package_discovery:discover_packages(recursive) using defaults
[0.693s] Level 1:colcon.colcon_core.package_discovery:discover_packages(ignore) discover
[0.693s] Level 1:colcon.colcon_core.package_discovery:discover_packages(ignore) using defaults
[0.693s] Level 1:colcon.colcon_core.package_discovery:discover_packages(path) discover
[0.694s] Level 1:colcon.colcon_core.package_discovery:discover_packages(path) using defaults
[0.730s] Level 1:colcon.colcon_core.package_discovery:discover_packages(prefix_path) check parameters
[0.730s] Level 1:colcon.colcon_core.package_discovery:discover_packages(prefix_path) discover
[0.734s] DEBUG:colcon.colcon_installed_package_information.package_discovery:Found 176 installed packages in /opt/ros/foxy
[0.736s] Level 1:colcon.colcon_core.package_discovery:discover_packages(prefix_path) using defaults
[0.809s] Level 5:colcon.colcon_core.verb:set package 'cav_controller' build argument 'cmake_args' from command line to 'None'
[0.810s] Level 5:colcon.colcon_core.verb:set package 'cav_controller' build argument 'cmake_target' from command line to 'None'
[0.810s] Level 5:colcon.colcon_core.verb:set package 'cav_controller' build argument 'cmake_target_skip_unavailable' from command line to 'False'
[0.810s] Level 5:colcon.colcon_core.verb:set package 'cav_controller' build argument 'cmake_clean_cache' from command line to 'False'
[0.810s] Level 5:colcon.colcon_core.verb:set package 'cav_controller' build argument 'cmake_clean_first' from command line to 'False'
[0.810s] Level 5:colcon.colcon_core.verb:set package 'cav_controller' build argument 'cmake_force_configure' from command line to 'False'
[0.810s] Level 5:colcon.colcon_core.verb:set package 'cav_controller' build argument 'ament_cmake_args' from command line to 'None'
[0.810s] Level 5:colcon.colcon_core.verb:set package 'cav_controller' build argument 'catkin_cmake_args' from command line to 'None'
[0.810s] Level 5:colcon.colcon_core.verb:set package 'cav_controller' build argument 'catkin_skip_building_tests' from command line to 'False'
[0.810s] DEBUG:colcon.colcon_core.verb:Building package 'cav_controller' with the following arguments: {'ament_cmake_args': None, 'build_base': '/home/hy/Mobility_Challenge/ros2_ws/build/cav_controller', 'catkin_cmake_args': None, 'catkin_skip_building_tests': False, 'cmake_args': None, 'cmake_clean_cache': False, 'cmake_clean_first': False, 'cmake_force_configure': False, 'cmake_target': None, 'cmake_target_skip_unavailable': False, 'install_base': '/home/hy/Mobility_Challenge/ros2_ws/install/cav_controller', 'merge_install': False, 'path': '/home/hy/Mobility_Challenge/ros2_ws/src/cav_controller', 'symlink_install': True, 'test_result_base': None}
[0.811s] Level 5:colcon.colcon_core.verb:set package 'domain_bridge' build argument 'cmake_args' from command line to 'None'
[0.811s] Level 5:colcon.colcon_core.verb:set package 'domain_bridge' build argument 'cmake_target' from command line to 'None'
[0.811s] Level 5:colcon.colcon_core.verb:set package 'domain_bridge' build argument 'cmake_target_skip_unavailable' from command line to 'False'
[0.811s] Level 5:colcon.colcon_core.verb:set package 'domain_bridge' build argument 'cmake_clean_cache' from command line to 'False'
[0.811s] Level 5:colcon.colcon_core.verb:set package 'domain_bridge' build argument 'cmake_clean_first' from command line to 'False'
[0.811s] Level 5:colcon.colcon_core.verb:set package 'domain_bridge' build argument 'cmake_force_configure' from command line to 'False'
[0.811s] Level 5:colcon.colcon_core.verb:set package 'domain_bridge' build argument 'ament_cmake_args' from command line to 'None'
[0.812s] Level 5:colcon.colcon_core.verb:set package 'domain_bridge' build argument 'catkin_cmake_args' from command line to 'None'
[0.812s] Level 5:colcon.colcon_core.verb:set package 'domain_bridge' build argument 'catkin_skip_building_tests' from command line to 'False'
[0.812s] DEBUG:colcon.colcon_core.verb:Building package 'domain_bridge' with the following arguments: {'ament_cmake_args': None, 'build_base': '/home/hy/Mobility_Challenge/ros2_ws/build/domain_bridge', 'catkin_cmake_args': None, 'catkin_skip_building_tests': False, 'cmake_args': None, 'cmake_clean_cache': False, 'cmake_clean_first': False, 'cmake_force_configure': False, 'cmake_target': None, 'cmake_target_skip_unavailable': False, 'install_base': '/home/hy/Mobility_Challenge/ros2_ws/install/domain_bridge', 'merge_install': False, 'path': '/home/hy/Mobility_Challenge/ros2_ws/src/domain_bridge', 'symlink_install': True, 'test_result_base': None}
[0.812s] Level 5:colcon.colcon_core.verb:set package 'simulator_launch' build argument 'cmake_args' from command line to 'None'
[0.812s] Level 5:colcon.colcon_core.verb:set package 'simulator_launch' build argument 'cmake_target' from command line to 'None'
[0.813s] Level 5:colcon.colcon_core.verb:set package 'simulator_launch' build argument 'cmake_target_skip_unavailable' from command line to 'False'
[0.813s] Level 5:colcon.colcon_core.verb:set package 'simulator_launch' build argument 'cmake_clean_cache' from command line to 'False'
[0.813s] Level 5:colcon.colcon_core.verb:set package 'simulator_launch' build argument 'cmake_clean_first' from command line to 'False'
[0.813s] Level 5:colcon.colcon_core.verb:set package 'simulator_launch' build argument 'cmake_force_configure' from command line to 'False'
[0.813s] Level 5:colcon.colcon_core.verb:set package 'simulator_launch' build argument 'ament_cmake_args' from command line to 'None'
[0.813s] Level 5:colcon.colcon_core.verb:set package 'simulator_launch' build argument 'catkin_cmake_args' from command line to 'None'
[0.813s] Level 5:colcon.colcon_core.verb:set package 'simulator_launch' build argument 'catkin_skip_building_tests' from command line to 'False'
[0.813s] DEBUG:colcon.colcon_core.verb:Building package 'simulator_launch' with the following arguments: {'ament_cmake_args': None, 'build_base': '/home/hy/Mobility_Challenge/ros2_ws/build/simulator_launch', 'catkin_cmake_args': None, 'catkin_skip_building_tests': False, 'cmake_args': None, 'cmake_clean_cache': False, 'cmake_clean_first': False, 'cmake_force_configure': False, 'cmake_target': None, 'cmake_target_skip_unavailable': False, 'install_base': '/home/hy/Mobility_Challenge/ros2_ws/install/simulator_launch', 'merge_install': False, 'path': '/home/hy/Mobility_Challenge/ros2_ws/src/simulator_launch', 'symlink_install': True, 'test_result_base': None}
[0.814s] Level 5:colcon.colcon_core.verb:set package 'p3_cpp' build argument 'cmake_args' from command line to 'None'
[0.814s] Level 5:colcon.colcon_core.verb:set package 'p3_cpp' build argument 'cmake_target' from command line to 'None'
[0.814s] Level 5:colcon.colcon_core.verb:set package 'p3_cpp' build argument 'cmake_target_skip_unavailable' from command line to 'False'
[0.814s] Level 5:colcon.colcon_core.verb:set package 'p3_cpp' build argument 'cmake_clean_cache' from command line to 'False'
[0.814s] Level 5:colcon.colcon_core.verb:set package 'p3_cpp' build argument 'cmake_clean_first' from command line to 'False'
[0.814s] Level 5:colcon.colcon_core.verb:set package 'p3_cpp' build argument 'cmake_force_configure' from command line to 'False'
[0.814s] Level 5:colcon.colcon_core.verb:set package 'p3_cpp' build argument 'ament_cmake_args' from command line to 'None'
[0.814s] Level 5:colcon.colcon_core.verb:set package 'p3_cpp' build argument 'catkin_cmake_args' from command line to 'None'
[0.814s] Level 5:colcon.colcon_core.verb:set package 'p3_cpp' build argument 'catkin_skip_building_tests' from command line to 'False'
[0.814s] DEBUG:colcon.colcon_core.verb:Building package 'p3_cpp' with the following arguments: {'ament_cmake_args': None, 'build_base': '/home/hy/Mobility_Challenge/ros2_ws/build/p3_cpp', 'catkin_cmake_args': None, 'catkin_skip_building_tests': False, 'cmake_args': None, 'cmake_clean_cache': False, 'cmake_clean_first': False, 'cmake_force_configure': False, 'cmake_target': None, 'cmake_target_skip_unavailable': False, 'install_base': '/home/hy/Mobility_Challenge/ros2_ws/install/p3_cpp', 'merge_install': False, 'path': '/home/hy/Mobility_Challenge/ros2_ws/src/p3_cpp', 'symlink_install': True, 'test_result_base': None}
[0.814s] INFO:colcon.colcon_core.executor:Executing jobs using 'parallel' executor
[0.817s] DEBUG:colcon.colcon_parallel_executor.executor.parallel:run_until_complete
[0.817s] INFO:colcon.colcon_ros.task.ament_cmake.build:Building ROS package in '/home/hy/Mobility_Challenge/ros2_ws/src/domain_bridge' with build type 'ament_cmake'
[0.818s] INFO:colcon.colcon_cmake.task.cmake.build:Building CMake package in '/home/hy/Mobility_Challenge/ros2_ws/src/domain_bridge'
[0.822s] INFO:colcon.colcon_core.plugin_system:Skipping extension 'colcon_core.shell.bat': Not used on non-Windows systems
[0.822s] INFO:colcon.colcon_core.shell:Skip shell extension 'powershell' for command environment: Not usable outside of PowerShell
[0.822s] DEBUG:colcon.colcon_core.shell:Skip shell extension 'dsv' for command environment
[0.833s] INFO:colcon.colcon_ros.task.ament_python.build:Building ROS package in '/home/hy/Mobility_Challenge/ros2_ws/src/cav_controller' with build type 'ament_python'
[0.833s] Level 1:colcon.colcon_core.shell:create_environment_hook('cav_controller', 'ament_prefix_path')
[0.834s] INFO:colcon.colcon_core.shell:Creating environment hook '/home/hy/Mobility_Challenge/ros2_ws/install/cav_controller/share/cav_controller/hook/ament_prefix_path.ps1'
[0.836s] INFO:colcon.colcon_core.shell:Creating environment descriptor '/home/hy/Mobility_Challenge/ros2_ws/install/cav_controller/share/cav_controller/hook/ament_prefix_path.dsv'
[0.837s] INFO:colcon.colcon_core.shell:Creating environment hook '/home/hy/Mobility_Challenge/ros2_ws/install/cav_controller/share/cav_controller/hook/ament_prefix_path.sh'
[0.839s] INFO:colcon.colcon_core.shell:Skip shell extension 'powershell' for command environment: Not usable outside of PowerShell
[0.839s] DEBUG:colcon.colcon_core.shell:Skip shell extension 'dsv' for command environment
[0.846s] INFO:colcon.colcon_ros.task.ament_cmake.build:Building ROS package in '/home/hy/Mobility_Challenge/ros2_ws/src/simulator_launch' with build type 'ament_cmake'
[0.847s] INFO:colcon.colcon_cmake.task.cmake.build:Building CMake package in '/home/hy/Mobility_Challenge/ros2_ws/src/simulator_launch'
[0.848s] INFO:colcon.colcon_core.shell:Skip shell extension 'powershell' for command environment: Not usable outside of PowerShell
[0.848s] DEBUG:colcon.colcon_core.shell:Skip shell extension 'dsv' for command environment
[0.864s] DEBUG:colcon.colcon_core.event_handler.log_command:Invoking command in '/home/hy/Mobility_Challenge/ros2_ws/build/domain_bridge': CMAKE_PREFIX_PATH=/opt/ros/foxy /usr/bin/cmake --build /home/hy/Mobility_Challenge/ros2_ws/build/domain_bridge -- -j4 -l4
[1.378s] INFO:colcon.colcon_core.task.python.build:Building Python package in '/home/hy/Mobility_Challenge/ros2_ws/src/cav_controller'
[1.380s] INFO:colcon.colcon_core.shell:Skip shell extension 'powershell' for command environment: Not usable outside of PowerShell
[1.380s] DEBUG:colcon.colcon_core.shell:Skip shell extension 'dsv' for command environment
[1.405s] DEBUG:colcon.colcon_core.event_handler.log_command:Invoking command in '/home/hy/Mobility_Challenge/ros2_ws/build/simulator_launch': CMAKE_PREFIX_PATH=/opt/ros/foxy /usr/bin/cmake --build /home/hy/Mobility_Challenge/ros2_ws/build/simulator_launch -- -j4 -l4
[1.493s] DEBUG:colcon.colcon_core.event_handler.log_command:Invoked command in '/home/hy/Mobility_Challenge/ros2_ws/build/simulator_launch' returned '0': CMAKE_PREFIX_PATH=/opt/ros/foxy /usr/bin/cmake --build /home/hy/Mobility_Challenge/ros2_ws/build/simulator_launch -- -j4 -l4
[1.522s] DEBUG:colcon.colcon_core.event_handler.log_command:Invoking command in '/home/hy/Mobility_Challenge/ros2_ws/build/simulator_launch': CMAKE_PREFIX_PATH=/opt/ros/foxy /usr/bin/cmake --install /home/hy/Mobility_Challenge/ros2_ws/build/simulator_launch
[1.528s] DEBUG:colcon.colcon_core.event_handler.log_command:Invoked command in '/home/hy/Mobility_Challenge/ros2_ws/build/domain_bridge' returned '0': CMAKE_PREFIX_PATH=/opt/ros/foxy /usr/bin/cmake --build /home/hy/Mobility_Challenge/ros2_ws/build/domain_bridge -- -j4 -l4
[1.530s] DEBUG:colcon.colcon_core.event_handler.log_command:Invoking command in '/home/hy/Mobility_Challenge/ros2_ws/build/domain_bridge': CMAKE_PREFIX_PATH=/opt/ros/foxy /usr/bin/cmake --install /home/hy/Mobility_Challenge/ros2_ws/build/domain_bridge
[1.576s] Level 1:colcon.colcon_core.environment:create_environment_scripts_only(simulator_launch)
[1.583s] Level 1:colcon.colcon_core.environment:checking '/home/hy/Mobility_Challenge/ros2_ws/install/simulator_launch' for CMake module files
[1.584s] DEBUG:colcon.colcon_core.event_handler.log_command:Invoked command in '/home/hy/Mobility_Challenge/ros2_ws/build/simulator_launch' returned '0': CMAKE_PREFIX_PATH=/opt/ros/foxy /usr/bin/cmake --install /home/hy/Mobility_Challenge/ros2_ws/build/simulator_launch
[1.588s] Level 1:colcon.colcon_core.environment:checking '/home/hy/Mobility_Challenge/ros2_ws/install/simulator_launch' for CMake config files
[1.590s] Level 1:colcon.colcon_core.shell:create_environment_hook('simulator_launch', 'cmake_prefix_path')
[1.591s] INFO:colcon.colcon_core.shell:Creating environment hook '/home/hy/Mobility_Challenge/ros2_ws/install/simulator_launch/share/simulator_launch/hook/cmake_prefix_path.ps1'
[1.595s] INFO:colcon.colcon_core.shell:Creating environment descriptor '/home/hy/Mobility_Challenge/ros2_ws/install/simulator_launch/share/simulator_launch/hook/cmake_prefix_path.dsv'
[1.597s] INFO:colcon.colcon_core.shell:Creating environment hook '/home/hy/Mobility_Challenge/ros2_ws/install/simulator_launch/share/simulator_launch/hook/cmake_prefix_path.sh'
[1.602s] Level 1:colcon.colcon_core.environment:checking '/home/hy/Mobility_Challenge/ros2_ws/install/simulator_launch/bin'
[1.604s] Level 1:colcon.colcon_core.environment:checking '/home/hy/Mobility_Challenge/ros2_ws/install/simulator_launch/lib/pkgconfig/simulator_launch.pc'
[1.604s] Level 1:colcon.colcon_core.environment:checking '/home/hy/Mobility_Challenge/ros2_ws/install/simulator_launch/lib/python3.8/site-packages'
[1.605s] Level 1:colcon.colcon_core.environment:checking '/home/hy/Mobility_Challenge/ros2_ws/install/simulator_launch/bin'
[1.606s] INFO:colcon.colcon_core.shell:Creating package script '/home/hy/Mobility_Challenge/ros2_ws/install/simulator_launch/share/simulator_launch/package.ps1'
[1.608s] INFO:colcon.colcon_core.shell:Creating package descriptor '/home/hy/Mobility_Challenge/ros2_ws/install/simulator_launch/share/simulator_launch/package.dsv'
[1.609s] INFO:colcon.colcon_core.shell:Creating package script '/home/hy/Mobility_Challenge/ros2_ws/install/simulator_launch/share/simulator_launch/package.sh'
[1.611s] INFO:colcon.colcon_core.shell:Creating package script '/home/hy/Mobility_Challenge/ros2_ws/install/simulator_launch/share/simulator_launch/package.bash'
[1.613s] INFO:colcon.colcon_core.shell:Creating package script '/home/hy/Mobility_Challenge/ros2_ws/install/simulator_launch/share/simulator_launch/package.zsh'
[1.615s] Level 1:colcon.colcon_core.environment:create_file_with_runtime_dependencies(/home/hy/Mobility_Challenge/ros2_ws/install/simulator_launch/share/colcon-core/packages/simulator_launch)
[1.617s] Level 1:colcon.colcon_core.environment:create_environment_scripts_only(simulator_launch)
[1.617s] Level 1:colcon.colcon_core.environment:checking '/home/hy/Mobility_Challenge/ros2_ws/install/simulator_launch' for CMake module files
[1.618s] Level 1:colcon.colcon_core.environment:checking '/home/hy/Mobility_Challenge/ros2_ws/install/simulator_launch' for CMake config files
[1.619s] Level 1:colcon.colcon_core.shell:create_environment_hook('simulator_launch', 'cmake_prefix_path')
[1.619s] INFO:colcon.colcon_core.shell:Creating environment hook '/home/hy/Mobility_Challenge/ros2_ws/install/simulator_launch/share/simulator_launch/hook/cmake_prefix_path.ps1'
[1.621s] INFO:colcon.colcon_core.shell:Creating environment descriptor '/home/hy/Mobility_Challenge/ros2_ws/install/simulator_launch/share/simulator_launch/hook/cmake_prefix_path.dsv'
[1.622s] INFO:colcon.colcon_core.shell:Creating environment hook '/home/hy/Mobility_Challenge/ros2_ws/install/simulator_launch/share/simulator_launch/hook/cmake_prefix_path.sh'
[1.626s] Level 1:colcon.colcon_core.environment:checking '/home/hy/Mobility_Challenge/ros2_ws/install/simulator_launch/bin'
[1.627s] Level 1:colcon.colcon_core.environment:checking '/home/hy/Mobility_Challenge/ros2_ws/install/simulator_launch/lib/pkgconfig/simulator_launch.pc'
[1.627s] Level 1:colcon.colcon_core.environment:checking '/home/hy/Mobility_Challenge/ros2_ws/install/simulator_launch/lib/python3.8/site-packages'
[1.629s] Level 1:colcon.colcon_core.environment:checking '/home/hy/Mobility_Challenge/ros2_ws/install/simulator_launch/bin'
[1.630s] INFO:colcon.colcon_core.shell:Creating package script '/home/hy/Mobility_Challenge/ros2_ws/install/simulator_launch/share/simulator_launch/package.ps1'
[1.632s] INFO:colcon.colcon_core.shell:Creating package descriptor '/home/hy/Mobility_Challenge/ros2_ws/install/simulator_launch/share/simulator_launch/package.dsv'
[1.633s] INFO:colcon.colcon_core.shell:Creating package script '/home/hy/Mobility_Challenge/ros2_ws/install/simulator_launch/share/simulator_launch/package.sh'
[1.634s] INFO:colcon.colcon_core.shell:Creating package script '/home/hy/Mobility_Challenge/ros2_ws/install/simulator_launch/share/simulator_launch/package.bash'
[1.635s] INFO:colcon.colcon_core.shell:Creating package script '/home/hy/Mobility_Challenge/ros2_ws/install/simulator_launch/share/simulator_launch/package.zsh'
[1.636s] Level 1:colcon.colcon_core.environment:create_file_with_runtime_dependencies(/home/hy/Mobility_Challenge/ros2_ws/install/simulator_launch/share/colcon-core/packages/simulator_launch)
[1.717s] Level 1:colcon.colcon_core.environment:create_environment_scripts_only(domain_bridge)
[1.717s] Level 1:colcon.colcon_core.environment:checking '/home/hy/Mobility_Challenge/ros2_ws/install/domain_bridge' for CMake module files
[1.718s] DEBUG:colcon.colcon_core.event_handler.log_command:Invoked command in '/home/hy/Mobility_Challenge/ros2_ws/build/domain_bridge' returned '0': CMAKE_PREFIX_PATH=/opt/ros/foxy /usr/bin/cmake --install /home/hy/Mobility_Challenge/ros2_ws/build/domain_bridge
[1.719s] Level 1:colcon.colcon_core.environment:checking '/home/hy/Mobility_Challenge/ros2_ws/install/domain_bridge' for CMake config files
[1.720s] Level 1:colcon.colcon_core.shell:create_environment_hook('domain_bridge', 'cmake_prefix_path')
[1.721s] INFO:colcon.colcon_core.shell:Creating environment hook '/home/hy/Mobility_Challenge/ros2_ws/install/domain_bridge/share/domain_bridge/hook/cmake_prefix_path.ps1'
[1.722s] INFO:colcon.colcon_core.shell:Creating environment descriptor '/home/hy/Mobility_Challenge/ros2_ws/install/domain_bridge/share/domain_bridge/hook/cmake_prefix_path.dsv'
[1.723s] INFO:colcon.colcon_core.shell:Creating environment hook '/home/hy/Mobility_Challenge/ros2_ws/install/domain_bridge/share/domain_bridge/hook/cmake_prefix_path.sh'
[1.725s] Level 1:colcon.colcon_core.environment:checking '/home/hy/Mobility_Challenge/ros2_ws/install/domain_bridge/lib'
[1.725s] Level 1:colcon.colcon_core.shell:create_environment_hook('domain_bridge', 'ld_library_path_lib')
[1.726s] INFO:colcon.colcon_core.shell:Creating environment hook '/home/hy/Mobility_Challenge/ros2_ws/install/domain_bridge/share/domain_bridge/hook/ld_library_path_lib.ps1'
[1.727s] INFO:colcon.colcon_core.shell:Creating environment descriptor '/home/hy/Mobility_Challenge/ros2_ws/install/domain_bridge/share/domain_bridge/hook/ld_library_path_lib.dsv'
[1.728s] INFO:colcon.colcon_core.shell:Creating environment hook '/home/hy/Mobility_Challenge/ros2_ws/install/domain_bridge/share/domain_bridge/hook/ld_library_path_lib.sh'
[1.729s] Level 1:colcon.colcon_core.environment:checking '/home/hy/Mobility_Challenge/ros2_ws/install/domain_bridge/bin'
[1.729s] Level 1:colcon.colcon_core.environment:checking '/home/hy/Mobility_Challenge/ros2_ws/install/domain_bridge/lib/pkgconfig/domain_bridge.pc'
[1.729s] Level 1:colcon.colcon_core.environment:checking '/home/hy/Mobility_Challenge/ros2_ws/install/domain_bridge/lib/python3.8/site-packages'
[1.729s] Level 1:colcon.colcon_core.shell:create_environment_hook('domain_bridge', 'pythonpath')
[1.730s] INFO:colcon.colcon_core.shell:Creating environment hook '/home/hy/Mobility_Challenge/ros2_ws/install/domain_bridge/share/domain_bridge/hook/pythonpath.ps1'
[1.731s] INFO:colcon.colcon_core.shell:Creating environment descriptor '/home/hy/Mobility_Challenge/ros2_ws/install/domain_bridge/share/domain_bridge/hook/pythonpath.dsv'
[1.732s] INFO:colcon.colcon_core.shell:Creating environment hook '/home/hy/Mobility_Challenge/ros2_ws/install/domain_bridge/share/domain_bridge/hook/pythonpath.sh'
[1.733s] Level 1:colcon.colcon_core.environment:checking '/home/hy/Mobility_Challenge/ros2_ws/install/domain_bridge/bin'
[1.734s] INFO:colcon.colcon_core.shell:Creating package script '/home/hy/Mobility_Challenge/ros2_ws/install/domain_bridge/share/domain_bridge/package.ps1'
[1.735s] INFO:colcon.colcon_core.shell:Creating package descriptor '/home/hy/Mobility_Challenge/ros2_ws/install/domain_bridge/share/domain_bridge/package.dsv'
[1.736s] INFO:colcon.colcon_core.shell:Creating package script '/home/hy/Mobility_Challenge/ros2_ws/install/domain_bridge/share/domain_bridge/package.sh'
[1.737s] INFO:colcon.colcon_core.shell:Creating package script '/home/hy/Mobility_Challenge/ros2_ws/install/domain_bridge/share/domain_bridge/package.bash'
[1.738s] INFO:colcon.colcon_core.shell:Creating package script '/home/hy/Mobility_Challenge/ros2_ws/install/domain_bridge/share/domain_bridge/package.zsh'
[1.739s] Level 1:colcon.colcon_core.environment:create_file_with_runtime_dependencies(/home/hy/Mobility_Challenge/ros2_ws/install/domain_bridge/share/colcon-core/packages/domain_bridge)
[1.740s] Level 1:colcon.colcon_core.environment:create_environment_scripts_only(domain_bridge)
[1.741s] Level 1:colcon.colcon_core.environment:checking '/home/hy/Mobility_Challenge/ros2_ws/install/domain_bridge' for CMake module files
[1.742s] Level 1:colcon.colcon_core.environment:checking '/home/hy/Mobility_Challenge/ros2_ws/install/domain_bridge' for CMake config files
[1.743s] Level 1:colcon.colcon_core.shell:create_environment_hook('domain_bridge', 'cmake_prefix_path')
[1.744s] INFO:colcon.colcon_core.shell:Creating environment hook '/home/hy/Mobility_Challenge/ros2_ws/install/domain_bridge/share/domain_bridge/hook/cmake_prefix_path.ps1'
[1.745s] INFO:colcon.colcon_core.shell:Creating environment descriptor '/home/hy/Mobility_Challenge/ros2_ws/install/domain_bridge/share/domain_bridge/hook/cmake_prefix_path.dsv'
[1.745s] INFO:colcon.colcon_core.shell:Creating environment hook '/home/hy/Mobility_Challenge/ros2_ws/install/domain_bridge/share/domain_bridge/hook/cmake_prefix_path.sh'
[1.747s] Level 1:colcon.colcon_core.environment:checking '/home/hy/Mobility_Challenge/ros2_ws/install/domain_bridge/lib'
[1.747s] Level 1:colcon.colcon_core.shell:create_environment_hook('domain_bridge', 'ld_library_path_lib')
[1.747s] INFO:colcon.colcon_core.shell:Creating environment hook '/home/hy/Mobility_Challenge/ros2_ws/install/domain_bridge/share/domain_bridge/hook/ld_library_path_lib.ps1'
[1.748s] INFO:colcon.colcon_core.shell:Creating environment descriptor '/home/hy/Mobility_Challenge/ros2_ws/install/domain_bridge/share/domain_bridge/hook/ld_library_path_lib.dsv'
[1.749s] INFO:colcon.colcon_core.shell:Creating environment hook '/home/hy/Mobility_Challenge/ros2_ws/install/domain_bridge/share/domain_bridge/hook/ld_library_path_lib.sh'
[1.750s] Level 1:colcon.colcon_core.environment:checking '/home/hy/Mobility_Challenge/ros2_ws/install/domain_bridge/bin'
[1.750s] Level 1:colcon.colcon_core.environment:checking '/home/hy/Mobility_Challenge/ros2_ws/install/domain_bridge/lib/pkgconfig/domain_bridge.pc'
[1.750s] Level 1:colcon.colcon_core.environment:checking '/home/hy/Mobility_Challenge/ros2_ws/install/domain_bridge/lib/python3.8/site-packages'
[1.751s] Level 1:colcon.colcon_core.shell:create_environment_hook('domain_bridge', 'pythonpath')
[1.751s] INFO:colcon.colcon_core.shell:Creating environment hook '/home/hy/Mobility_Challenge/ros2_ws/install/domain_bridge/share/domain_bridge/hook/pythonpath.ps1'
[1.752s] INFO:colcon.colcon_core.shell:Creating environment descriptor '/home/hy/Mobility_Challenge/ros2_ws/install/domain_bridge/share/domain_bridge/hook/pythonpath.dsv'
[1.753s] INFO:colcon.colcon_core.shell:Creating environment hook '/home/hy/Mobility_Challenge/ros2_ws/install/domain_bridge/share/domain_bridge/hook/pythonpath.sh'
[1.754s] Level 1:colcon.colcon_core.environment:checking '/home/hy/Mobility_Challenge/ros2_ws/install/domain_bridge/bin'
[1.755s] INFO:colcon.colcon_core.shell:Creating package script '/home/hy/Mobility_Challenge/ros2_ws/install/domain_bridge/share/domain_bridge/package.ps1'
[1.756s] INFO:colcon.colcon_core.shell:Creating package descriptor '/home/hy/Mobility_Challenge/ros2_ws/install/domain_bridge/share/domain_bridge/package.dsv'
[1.757s] INFO:colcon.colcon_core.shell:Creating package script '/home/hy/Mobility_Challenge/ros2_ws/install/domain_bridge/share/domain_bridge/package.sh'
[1.758s] INFO:colcon.colcon_core.shell:Creating package script '/home/hy/Mobility_Challenge/ros2_ws/install/domain_bridge/share/domain_bridge/package.bash'
[1.759s] INFO:colcon.colcon_core.shell:Creating package script '/home/hy/Mobility_Challenge/ros2_ws/install/domain_bridge/share/domain_bridge/package.zsh'
[1.760s] Level 1:colcon.colcon_core.environment:create_file_with_runtime_dependencies(/home/hy/Mobility_Challenge/ros2_ws/install/domain_bridge/share/colcon-core/packages/domain_bridge)
[1.761s] INFO:colcon.colcon_ros.task.ament_cmake.build:Building ROS package in '/home/hy/Mobility_Challenge/ros2_ws/src/p3_cpp' with build type 'ament_cmake'
[1.762s] INFO:colcon.colcon_cmake.task.cmake.build:Building CMake package in '/home/hy/Mobility_Challenge/ros2_ws/src/p3_cpp'
[1.762s] INFO:colcon.colcon_core.shell:Skip shell extension 'powershell' for command environment: Not usable outside of PowerShell
[1.762s] DEBUG:colcon.colcon_core.shell:Skip shell extension 'dsv' for command environment
[1.788s] DEBUG:colcon.colcon_core.event_handler.log_command:Invoking command in '/home/hy/Mobility_Challenge/ros2_ws/build/p3_cpp': AMENT_PREFIX_PATH=/home/hy/Mobility_Challenge/ros2_ws/install/domain_bridge:${AMENT_PREFIX_PATH} CMAKE_PREFIX_PATH=/home/hy/Mobility_Challenge/ros2_ws/install/domain_bridge:/opt/ros/foxy LD_LIBRARY_PATH=/home/hy/Mobility_Challenge/ros2_ws/install/domain_bridge/lib:${LD_LIBRARY_PATH} PYTHONPATH=/home/hy/Mobility_Challenge/ros2_ws/install/domain_bridge/lib/python3.8/site-packages:${PYTHONPATH} /usr/bin/cmake --build /home/hy/Mobility_Challenge/ros2_ws/build/p3_cpp -- -j4 -l4
[2.234s] DEBUG:colcon.colcon_core.event_handler.log_command:Invoking command in '/home/hy/Mobility_Challenge/ros2_ws/build/cav_controller': PYTHONPATH=/home/hy/Mobility_Challenge/ros2_ws/build/cav_controller/prefix_override:/usr/lib/python3/dist-packages/colcon_core/task/python/colcon_distutils_commands:/home/hy/Mobility_Challenge/ros2_ws/install/cav_controller/lib/python3.8/site-packages:${PYTHONPATH} /usr/bin/python3 -W ignore:setup.py install is deprecated -W ignore:easy_install command is deprecated setup.py develop --editable --build-directory /home/hy/Mobility_Challenge/ros2_ws/build/cav_controller/build --no-deps symlink_data
[3.138s] Level 1:colcon.colcon_core.shell:create_environment_hook('cav_controller', 'pythonpath_develop')
[3.139s] DEBUG:colcon.colcon_core.event_handler.log_command:Invoked command in '/home/hy/Mobility_Challenge/ros2_ws/build/cav_controller' returned '0': PYTHONPATH=/home/hy/Mobility_Challenge/ros2_ws/build/cav_controller/prefix_override:/usr/lib/python3/dist-packages/colcon_core/task/python/colcon_distutils_commands:/home/hy/Mobility_Challenge/ros2_ws/install/cav_controller/lib/python3.8/site-packages:${PYTHONPATH} /usr/bin/python3 -W ignore:setup.py install is deprecated -W ignore:easy_install command is deprecated setup.py develop --editable --build-directory /home/hy/Mobility_Challenge/ros2_ws/build/cav_controller/build --no-deps symlink_data
[3.140s] INFO:colcon.colcon_core.shell:Creating environment hook '/home/hy/Mobility_Challenge/ros2_ws/build/cav_controller/share/cav_controller/hook/pythonpath_develop.ps1'
[3.142s] INFO:colcon.colcon_core.shell:Creating environment descriptor '/home/hy/Mobility_Challenge/ros2_ws/build/cav_controller/share/cav_controller/hook/pythonpath_develop.dsv'
[3.143s] INFO:colcon.colcon_core.shell:Creating environment hook '/home/hy/Mobility_Challenge/ros2_ws/build/cav_controller/share/cav_controller/hook/pythonpath_develop.sh'
[3.144s] Level 1:colcon.colcon_core.environment:checking '/home/hy/Mobility_Challenge/ros2_ws/install/cav_controller' for CMake module files
[3.145s] Level 1:colcon.colcon_core.environment:checking '/home/hy/Mobility_Challenge/ros2_ws/install/cav_controller' for CMake config files
[3.147s] Level 1:colcon.colcon_core.environment:checking '/home/hy/Mobility_Challenge/ros2_ws/install/cav_controller/lib'
[3.147s] Level 1:colcon.colcon_core.environment:checking '/home/hy/Mobility_Challenge/ros2_ws/install/cav_controller/bin'
[3.147s] Level 1:colcon.colcon_core.environment:checking '/home/hy/Mobility_Challenge/ros2_ws/install/cav_controller/lib/pkgconfig/cav_controller.pc'
[3.148s] Level 1:colcon.colcon_core.environment:checking '/home/hy/Mobility_Challenge/ros2_ws/install/cav_controller/lib/python3.8/site-packages'
[3.148s] Level 1:colcon.colcon_core.shell:create_environment_hook('cav_controller', 'pythonpath')
[3.148s] INFO:colcon.colcon_core.shell:Creating environment hook '/home/hy/Mobility_Challenge/ros2_ws/install/cav_controller/share/cav_controller/hook/pythonpath.ps1'
[3.149s] INFO:colcon.colcon_core.shell:Creating environment descriptor '/home/hy/Mobility_Challenge/ros2_ws/install/cav_controller/share/cav_controller/hook/pythonpath.dsv'
[3.150s] INFO:colcon.colcon_core.shell:Creating environment hook '/home/hy/Mobility_Challenge/ros2_ws/install/cav_controller/share/cav_controller/hook/pythonpath.sh'
[3.152s] Level 1:colcon.colcon_core.environment:checking '/home/hy/Mobility_Challenge/ros2_ws/install/cav_controller/bin'
[3.152s] Level 1:colcon.colcon_core.environment:create_environment_scripts_only(cav_controller)
[3.153s] INFO:colcon.colcon_core.shell:Creating package script '/home/hy/Mobility_Challenge/ros2_ws/install/cav_controller/share/cav_controller/package.ps1'
[3.154s] INFO:colcon.colcon_core.shell:Creating package descriptor '/home/hy/Mobility_Challenge/ros2_ws/install/cav_controller/share/cav_controller/package.dsv'
[3.155s] INFO:colcon.colcon_core.shell:Creating package script '/home/hy/Mobility_Challenge/ros2_ws/install/cav_controller/share/cav_controller/package.sh'
[3.156s] INFO:colcon.colcon_core.shell:Creating package script '/home/hy/Mobility_Challenge/ros2_ws/install/cav_controller/share/cav_controller/package.bash'
[3.157s] INFO:colcon.colcon_core.shell:Creating package script '/home/hy/Mobility_Challenge/ros2_ws/install/cav_controller/share/cav_controller/package.zsh'
[3.158s] Level 1:colcon.colcon_core.environment:create_file_with_runtime_dependencies(/home/hy/Mobility_Challenge/ros2_ws/install/cav_controller/share/colcon-core/packages/cav_controller)
[21.663s] DEBUG:colcon.colcon_core.event_handler.log_command:Invoked command in '/home/hy/Mobility_Challenge/ros2_ws/build/p3_cpp' returned '0': AMENT_PREFIX_PATH=/home/hy/Mobility_Challenge/ros2_ws/install/domain_bridge:${AMENT_PREFIX_PATH} CMAKE_PREFIX_PATH=/home/hy/Mobility_Challenge/ros2_ws/install/domain_bridge:/opt/ros/foxy LD_LIBRARY_PATH=/home/hy/Mobility_Challenge/ros2_ws/install/domain_bridge/lib:${LD_LIBRARY_PATH} PYTHONPATH=/home/hy/Mobility_Challenge/ros2_ws/install/domain_bridge/lib/python3.8/site-packages:${PYTHONPATH} /usr/bin/cmake --build /home/hy/Mobility_Challenge/ros2_ws/build/p3_cpp -- -j4 -l4
[21.670s] DEBUG:colcon.colcon_core.event_handler.log_command:Invoking command in '/home/hy/Mobility_Challenge/ros2_ws/build/p3_cpp': AMENT_PREFIX_PATH=/home/hy/Mobility_Challenge/ros2_ws/install/domain_bridge:${AMENT_PREFIX_PATH} CMAKE_PREFIX_PATH=/home/hy/Mobility_Challenge/ros2_ws/install/domain_bridge:/opt/ros/foxy LD_LIBRARY_PATH=/home/hy/Mobility_Challenge/ros2_ws/install/domain_bridge/lib:${LD_LIBRARY_PATH} PYTHONPATH=/home/hy/Mobility_Challenge/ros2_ws/install/domain_bridge/lib/python3.8/site-packages:${PYTHONPATH} /usr/bin/cmake --install /home/hy/Mobility_Challenge/ros2_ws/build/p3_cpp
[21.760s] Level 1:colcon.colcon_core.environment:create_environment_scripts_only(p3_cpp)
[21.761s] Level 1:colcon.colcon_core.environment:checking '/home/hy/Mobility_Challenge/ros2_ws/install/p3_cpp' for CMake module files
[21.762s] DEBUG:colcon.colcon_core.event_handler.log_command:Invoked command in '/home/hy/Mobility_Challenge/ros2_ws/build/p3_cpp' returned '0': AMENT_PREFIX_PATH=/home/hy/Mobility_Challenge/ros2_ws/install/domain_bridge:${AMENT_PREFIX_PATH} CMAKE_PREFIX_PATH=/home/hy/Mobility_Challenge/ros2_ws/install/domain_bridge:/opt/ros/foxy LD_LIBRARY_PATH=/home/hy/Mobility_Challenge/ros2_ws/install/domain_bridge/lib:${LD_LIBRARY_PATH} PYTHONPATH=/home/hy/Mobility_Challenge/ros2_ws/install/domain_bridge/lib/python3.8/site-packages:${PYTHONPATH} /usr/bin/cmake --install /home/hy/Mobility_Challenge/ros2_ws/build/p3_cpp
[21.763s] Level 1:colcon.colcon_core.environment:checking '/home/hy/Mobility_Challenge/ros2_ws/install/p3_cpp' for CMake config files
[21.764s] Level 1:colcon.colcon_core.shell:create_environment_hook('p3_cpp', 'cmake_prefix_path')
[21.764s] INFO:colcon.colcon_core.shell:Creating environment hook '/home/hy/Mobility_Challenge/ros2_ws/install/p3_cpp/share/p3_cpp/hook/cmake_prefix_path.ps1'
[21.766s] INFO:colcon.colcon_core.shell:Creating environment descriptor '/home/hy/Mobility_Challenge/ros2_ws/install/p3_cpp/share/p3_cpp/hook/cmake_prefix_path.dsv'
[21.767s] INFO:colcon.colcon_core.shell:Creating environment hook '/home/hy/Mobility_Challenge/ros2_ws/install/p3_cpp/share/p3_cpp/hook/cmake_prefix_path.sh'
[21.768s] Level 1:colcon.colcon_core.environment:checking '/home/hy/Mobility_Challenge/ros2_ws/install/p3_cpp/lib'
[21.769s] Level 1:colcon.colcon_core.environment:checking '/home/hy/Mobility_Challenge/ros2_ws/install/p3_cpp/bin'
[21.769s] Level 1:colcon.colcon_core.environment:checking '/home/hy/Mobility_Challenge/ros2_ws/install/p3_cpp/lib/pkgconfig/p3_cpp.pc'
[21.769s] Level 1:colcon.colcon_core.environment:checking '/home/hy/Mobility_Challenge/ros2_ws/install/p3_cpp/lib/python3.8/site-packages'
[21.770s] Level 1:colcon.colcon_core.environment:checking '/home/hy/Mobility_Challenge/ros2_ws/install/p3_cpp/bin'
[21.771s] INFO:colcon.colcon_core.shell:Creating package script '/home/hy/Mobility_Challenge/ros2_ws/install/p3_cpp/share/p3_cpp/package.ps1'
[21.773s] INFO:colcon.colcon_core.shell:Creating package descriptor '/home/hy/Mobility_Challenge/ros2_ws/install/p3_cpp/share/p3_cpp/package.dsv'
[21.774s] INFO:colcon.colcon_core.shell:Creating package script '/home/hy/Mobility_Challenge/ros2_ws/install/p3_cpp/share/p3_cpp/package.sh'
[21.775s] INFO:colcon.colcon_core.shell:Creating package script '/home/hy/Mobility_Challenge/ros2_ws/install/p3_cpp/share/p3_cpp/package.bash'
[21.776s] INFO:colcon.colcon_core.shell:Creating package script '/home/hy/Mobility_Challenge/ros2_ws/install/p3_cpp/share/p3_cpp/package.zsh'
[21.776s] Level 1:colcon.colcon_core.environment:create_file_with_runtime_dependencies(/home/hy/Mobility_Challenge/ros2_ws/install/p3_cpp/share/colcon-core/packages/p3_cpp)
[21.778s] Level 1:colcon.colcon_core.environment:create_environment_scripts_only(p3_cpp)
[21.778s] Level 1:colcon.colcon_core.environment:checking '/home/hy/Mobility_Challenge/ros2_ws/install/p3_cpp' for CMake module files
[21.779s] Level 1:colcon.colcon_core.environment:checking '/home/hy/Mobility_Challenge/ros2_ws/install/p3_cpp' for CMake config files
[21.780s] Level 1:colcon.colcon_core.shell:create_environment_hook('p3_cpp', 'cmake_prefix_path')
[21.780s] INFO:colcon.colcon_core.shell:Creating environment hook '/home/hy/Mobility_Challenge/ros2_ws/install/p3_cpp/share/p3_cpp/hook/cmake_prefix_path.ps1'
[21.781s] INFO:colcon.colcon_core.shell:Creating environment descriptor '/home/hy/Mobility_Challenge/ros2_ws/install/p3_cpp/share/p3_cpp/hook/cmake_prefix_path.dsv'
[21.782s] INFO:colcon.colcon_core.shell:Creating environment hook '/home/hy/Mobility_Challenge/ros2_ws/install/p3_cpp/share/p3_cpp/hook/cmake_prefix_path.sh'
[21.783s] Level 1:colcon.colcon_core.environment:checking '/home/hy/Mobility_Challenge/ros2_ws/install/p3_cpp/lib'
[21.783s] Level 1:colcon.colcon_core.environment:checking '/home/hy/Mobility_Challenge/ros2_ws/install/p3_cpp/bin'
[21.784s] Level 1:colcon.colcon_core.environment:checking '/home/hy/Mobility_Challenge/ros2_ws/install/p3_cpp/lib/pkgconfig/p3_cpp.pc'
[21.784s] Level 1:colcon.colcon_core.environment:checking '/home/hy/Mobility_Challenge/ros2_ws/install/p3_cpp/lib/python3.8/site-packages'
[21.784s] Level 1:colcon.colcon_core.environment:checking '/home/hy/Mobility_Challenge/ros2_ws/install/p3_cpp/bin'
[21.785s] INFO:colcon.colcon_core.shell:Creating package script '/home/hy/Mobility_Challenge/ros2_ws/install/p3_cpp/share/p3_cpp/package.ps1'
[21.786s] INFO:colcon.colcon_core.shell:Creating package descriptor '/home/hy/Mobility_Challenge/ros2_ws/install/p3_cpp/share/p3_cpp/package.dsv'
[21.787s] INFO:colcon.colcon_core.shell:Creating package script '/home/hy/Mobility_Challenge/ros2_ws/install/p3_cpp/share/p3_cpp/package.sh'
[21.788s] INFO:colcon.colcon_core.shell:Creating package script '/home/hy/Mobility_Challenge/ros2_ws/install/p3_cpp/share/p3_cpp/package.bash'
[21.789s] INFO:colcon.colcon_core.shell:Creating package script '/home/hy/Mobility_Challenge/ros2_ws/install/p3_cpp/share/p3_cpp/package.zsh'
[21.790s] Level 1:colcon.colcon_core.environment:create_file_with_runtime_dependencies(/home/hy/Mobility_Challenge/ros2_ws/install/p3_cpp/share/colcon-core/packages/p3_cpp)
[21.791s] DEBUG:colcon.colcon_parallel_executor.executor.parallel:closing loop
[21.792s] DEBUG:colcon.colcon_parallel_executor.executor.parallel:loop closed
[21.792s] DEBUG:colcon.colcon_parallel_executor.executor.parallel:run_until_complete finished with '0'
[21.792s] DEBUG:colcon.colcon_core.event_reactor:joining thread
[21.806s] INFO:colcon.colcon_core.plugin_system:Skipping extension 'colcon_notification.desktop_notification.terminal_notifier': Not used on non-Darwin systems
[21.806s] INFO:colcon.colcon_core.plugin_system:Skipping extension 'colcon_notification.desktop_notification.win32': Not used on non-Windows systems
[21.806s] INFO:colcon.colcon_notification.desktop_notification:Sending desktop notification using 'notify2'
[21.830s] DEBUG:colcon.colcon_notification.desktop_notification.notify2:Failed to initialize notify2: org.freedesktop.DBus.Error.Spawn.ChildExited: Process org.freedesktop.Notifications exited with status 1
[21.830s] DEBUG:colcon.colcon_core.event_reactor:joined thread
[21.831s] INFO:colcon.colcon_core.shell:Creating prefix script '/home/hy/Mobility_Challenge/ros2_ws/install/local_setup.ps1'
[21.834s] INFO:colcon.colcon_core.shell:Creating prefix util module '/home/hy/Mobility_Challenge/ros2_ws/install/_local_setup_util_ps1.py'
[21.837s] INFO:colcon.colcon_core.shell:Creating prefix chain script '/home/hy/Mobility_Challenge/ros2_ws/install/setup.ps1'
[21.839s] INFO:colcon.colcon_core.shell:Creating prefix script '/home/hy/Mobility_Challenge/ros2_ws/install/local_setup.sh'
[21.840s] INFO:colcon.colcon_core.shell:Creating prefix util module '/home/hy/Mobility_Challenge/ros2_ws/install/_local_setup_util_sh.py'
[21.841s] INFO:colcon.colcon_core.shell:Creating prefix chain script '/home/hy/Mobility_Challenge/ros2_ws/install/setup.sh'
[21.843s] INFO:colcon.colcon_core.shell:Creating prefix script '/home/hy/Mobility_Challenge/ros2_ws/install/local_setup.bash'
[21.845s] INFO:colcon.colcon_core.shell:Creating prefix chain script '/home/hy/Mobility_Challenge/ros2_ws/install/setup.bash'
[21.846s] INFO:colcon.colcon_core.shell:Creating prefix script '/home/hy/Mobility_Challenge/ros2_ws/install/local_setup.zsh'
[21.847s] INFO:colcon.colcon_core.shell:Creating prefix chain script '/home/hy/Mobility_Challenge/ros2_ws/install/setup.zsh'
