[0.526s] Invoking command in '/home/cav-06/KAIST_Mobility_Challenge_Hardware/ros2_ws/src/build/domain_bridge': CMAKE_PREFIX_PATH=${CMAKE_PREFIX_PATH}:/home/cav-06/KAIST_Mobility_Challenge_hy-drive/ros2_ws/install/cav_controller:/opt/ros/foxy /usr/bin/cmake /home/cav-06/KAIST_Mobility_Challenge_Hardware/ros2_ws/src/domain_bridge -DAMENT_CMAKE_SYMLINK_INSTALL=1 -DCMAKE_INSTALL_PREFIX=/home/cav-06/KAIST_Mobility_Challenge_Hardware/ros2_ws/src/install/domain_bridge
[0.667s] -- The C compiler identification is GNU 9.4.0
[0.792s] -- The CXX compiler identification is GNU 9.4.0
[0.801s] -- Check for working C compiler: /usr/bin/cc
[0.959s] -- Check for working C compiler: /usr/bin/cc -- works
[0.967s] -- Detecting C compiler ABI info
[1.137s] -- Detecting C compiler ABI info - done
[1.152s] -- Detecting C compile features
[1.153s] -- Detecting C compile features - done
[1.161s] -- Check for working CXX compiler: /usr/bin/c++
[1.397s] -- Check for working CXX compiler: /usr/bin/c++ -- works
[1.400s] -- Detecting CXX compiler ABI info
[1.588s] -- Detecting CXX compiler ABI info - done
[1.610s] -- Detecting CXX compile features
[1.611s] -- Detecting CXX compile features - done
[1.616s] -- Found ament_cmake: 0.9.12 (/opt/ros/foxy/share/ament_cmake/cmake)
[1.672s] -- Found PythonInterp: /usr/bin/python3 (found suitable version "3.8.10", minimum required is "3") 
[1.674s] -- Using PYTHON_EXECUTABLE: /usr/bin/python3
[2.144s] -- Override CMake install command with custom implementation using symlinks instead of copying resources
[2.196s] -- Found rcl: 1.1.14 (/opt/ros/foxy/share/rcl/cmake)
[2.262s] -- Using all available rosidl_typesupport_c: rosidl_typesupport_fastrtps_c;rosidl_typesupport_introspection_c
[2.278s] -- Found rosidl_adapter: 1.3.1 (/opt/ros/foxy/share/rosidl_adapter/cmake)
[2.493s] -- Found OpenSSL: /usr/lib/aarch64-linux-gnu/libcrypto.so (found version "1.1.1f")  
[2.562s] -- Found FastRTPS: /opt/ros/foxy/include  
[2.741s] -- Using all available rosidl_typesupport_cpp: rosidl_typesupport_fastrtps_cpp;rosidl_typesupport_introspection_cpp
[2.858s] -- Found rmw_implementation_cmake: 1.0.4 (/opt/ros/foxy/share/rmw_implementation_cmake/cmake)
[2.862s] -- Using RMW implementation 'rmw_fastrtps_cpp' as default
[2.864s] -- Looking for pthread.h
[3.011s] -- Looking for pthread.h - found
[3.011s] -- Performing Test CMAKE_HAVE_LIBC_PTHREAD
[3.161s] -- Performing Test CMAKE_HAVE_LIBC_PTHREAD - Failed
[3.162s] -- Looking for pthread_create in pthreads
[3.281s] -- Looking for pthread_create in pthreads - not found
[3.281s] -- Looking for pthread_create in pthread
[3.425s] -- Looking for pthread_create in pthread - found
[3.428s] -- Found Threads: TRUE  
[3.468s] -- Found rclcpp: 2.4.3 (/opt/ros/foxy/share/rclcpp/cmake)
[3.748s] -- Found rosbag2_cpp: 0.3.11 (/opt/ros/foxy/share/rosbag2_cpp/cmake)
[3.822s] -- Setting yaml-cpp_DIR to: '/opt/ros/foxy/share/yaml_cpp_vendor/cmake/../../../opt/yaml_cpp_vendor/lib/cmake/yaml-cpp'
[3.833s] -- Found rosidl_default_generators: 1.0.1 (/opt/ros/foxy/share/rosidl_default_generators/cmake)
[3.858s] -- Found zstd_vendor: 0.3.11 (/opt/ros/foxy/share/zstd_vendor/cmake)
[3.860s] -- Found zstd: /opt/ros/foxy/lib/libzstd.so  
[3.907s] -- Found PythonInterp: /usr/bin/python3 (found version "3.8.10") 
[4.181s] -- Found ament_cmake_ros: 0.9.2 (/opt/ros/foxy/share/ament_cmake_ros/cmake)
[4.408s] -- Using all available rosidl_typesupport_c: rosidl_typesupport_fastrtps_c;rosidl_typesupport_introspection_c
[4.428s] -- Using all available rosidl_typesupport_cpp: rosidl_typesupport_fastrtps_cpp;rosidl_typesupport_introspection_cpp
[4.481s] -- Found PythonInterp: /usr/bin/python3 (found suitable version "3.8.10", minimum required is "3.5") 
[4.484s] -- Found python_cmake_module: 0.8.1 (/opt/ros/foxy/share/python_cmake_module/cmake)
[4.549s] -- Found PythonLibs: /usr/lib/aarch64-linux-gnu/libpython3.8.so (found suitable version "3.8.10", minimum required is "3.5") 
[4.550s] -- Using PYTHON_EXECUTABLE: /usr/bin/python3
[4.550s] -- Using PYTHON_INCLUDE_DIRS: /usr/include/python3.8
[4.550s] -- Using PYTHON_LIBRARIES: /usr/lib/aarch64-linux-gnu/libpython3.8.so
[4.597s] -- Found PythonExtra: .so  
[4.724s] -- Found ament_lint_auto: 0.9.8 (/opt/ros/foxy/share/ament_lint_auto/cmake)
[5.094s] -- Using PYTHON_EXECUTABLE: /usr/bin/python3
[5.095s] -- Using PYTHON_INCLUDE_DIRS: /usr/include/python3.8
[5.096s] -- Using PYTHON_LIBRARIES: /usr/lib/aarch64-linux-gnu/libpython3.8.so
[5.529s] -- Found gmock sources under '/opt/ros/foxy/src/gmock_vendor': C++ tests using 'Google Mock' will be built
[5.537s] -- Found gtest sources under '/opt/ros/foxy/src/gtest_vendor': C++ tests using 'Google Test' will be built
[5.570s] -- Added test 'copyright' to check source files copyright and LICENSE
[5.578s] -- Added test 'cppcheck' to perform static code analysis on C / C++ code
[5.580s] -- Configured cppcheck include dirs: $<BUILD_INTERFACE:/home/cav-06/KAIST_Mobility_Challenge_Hardware/ros2_ws/src/domain_bridge/include>
[5.580s] -- Configured cppcheck exclude dirs and/or files: 
[5.587s] -- Added test 'cpplint' to check C / C++ code against the Google style
[5.587s] -- Configured cpplint exclude dirs and/or files: 
[5.589s] -- Added test 'flake8' to check Python code syntax and style conventions
[5.591s] -- Added test 'lint_cmake' to check CMake code style
[5.593s] -- Added test 'pep257' to check Python code against some of the style conventions in PEP 257
[5.600s] -- Added test 'uncrustify' to check C / C++ code style
[5.600s] -- Configured uncrustify additional arguments: 
[5.602s] -- Added test 'xmllint' to check XML markup files
[5.622s] -- Configuring done
[5.786s] -- Generating done
[5.847s] -- Build files have been written to: /home/cav-06/KAIST_Mobility_Challenge_Hardware/ros2_ws/src/build/domain_bridge
[5.889s] Invoked command in '/home/cav-06/KAIST_Mobility_Challenge_Hardware/ros2_ws/src/build/domain_bridge' returned '0': CMAKE_PREFIX_PATH=${CMAKE_PREFIX_PATH}:/home/cav-06/KAIST_Mobility_Challenge_hy-drive/ros2_ws/install/cav_controller:/opt/ros/foxy /usr/bin/cmake /home/cav-06/KAIST_Mobility_Challenge_Hardware/ros2_ws/src/domain_bridge -DAMENT_CMAKE_SYMLINK_INSTALL=1 -DCMAKE_INSTALL_PREFIX=/home/cav-06/KAIST_Mobility_Challenge_Hardware/ros2_ws/src/install/domain_bridge
[5.895s] Invoking command in '/home/cav-06/KAIST_Mobility_Challenge_Hardware/ros2_ws/src/build/domain_bridge': CMAKE_PREFIX_PATH=${CMAKE_PREFIX_PATH}:/home/cav-06/KAIST_Mobility_Challenge_hy-drive/ros2_ws/install/cav_controller:/opt/ros/foxy /usr/bin/cmake --build /home/cav-06/KAIST_Mobility_Challenge_Hardware/ros2_ws/src/build/domain_bridge -- -j4 -l4
[5.998s] [  1%] [34m[1mGenerating C code for ROS interfaces[0m
[6.031s] [35m[1mScanning dependencies of target gmock[0m
[6.039s] [35m[1mScanning dependencies of target domain_bridge__cpp[0m
[6.057s] [35m[1mScanning dependencies of target gmock_main[0m
[6.118s] [  3%] [34m[1mGenerating C++ code for ROS interfaces[0m
[6.148s] [  5%] [32mBuilding CXX object gmock/CMakeFiles/gmock.dir/opt/ros/foxy/src/gtest_vendor/src/gtest-all.cc.o[0m
[6.184s] [  6%] [32mBuilding CXX object gmock/CMakeFiles/gmock_main.dir/src/gmock_main.cc.o[0m
[6.981s] [35m[1mScanning dependencies of target domain_bridge__rosidl_generator_c[0m
[7.076s] [  8%] [32mBuilding C object CMakeFiles/domain_bridge__rosidl_generator_c.dir/rosidl_generator_c/domain_bridge/msg/detail/compressed_msg__functions.c.o[0m
[7.290s] [  8%] Built target domain_bridge__cpp
[7.346s] [ 10%] [32m[1mLinking C shared library libdomain_bridge__rosidl_generator_c.so[0m
[7.361s] [ 11%] [32mBuilding CXX object gmock/CMakeFiles/gmock.dir/src/gmock-all.cc.o[0m
[7.553s] [ 11%] Built target domain_bridge__rosidl_generator_c
[7.640s] [ 13%] [34m[1mGenerating C++ type support dispatch for ROS interfaces[0m
[8.343s] [35m[1mScanning dependencies of target domain_bridge__rosidl_typesupport_cpp[0m
[8.458s] [ 15%] [32mBuilding CXX object CMakeFiles/domain_bridge__rosidl_typesupport_cpp.dir/rosidl_typesupport_cpp/domain_bridge/msg/compressed_msg__type_support.cpp.o[0m
[9.525s] [ 16%] [32m[1mLinking CXX shared library libdomain_bridge__rosidl_typesupport_cpp.so[0m
[9.623s] [ 16%] Built target domain_bridge__rosidl_typesupport_cpp
[9.695s] [ 18%] [34m[1mGenerating C++ introspection for ROS interfaces[0m
[10.690s] [35m[1mScanning dependencies of target domain_bridge__rosidl_typesupport_introspection_cpp[0m
[10.791s] [ 20%] [32mBuilding CXX object CMakeFiles/domain_bridge__rosidl_typesupport_introspection_cpp.dir/rosidl_typesupport_introspection_cpp/domain_bridge/msg/detail/compressed_msg__type_support.cpp.o[0m
[11.681s] [ 22%] [32m[1mLinking CXX static library libgmock_main.a[0m
[11.900s] [ 22%] Built target gmock_main
[11.989s] [ 23%] [34m[1mGenerating C++ type support for eProsima Fast-RTPS[0m
[12.132s] [ 25%] [32m[1mLinking CXX shared library libdomain_bridge__rosidl_typesupport_introspection_cpp.so[0m
[12.496s] [ 25%] Built target domain_bridge__rosidl_typesupport_introspection_cpp
[12.575s] [ 27%] [34m[1mGenerating C introspection for ROS interfaces[0m
[12.655s] [35m[1mScanning dependencies of target domain_bridge__rosidl_typesupport_fastrtps_cpp[0m
[12.694s] [ 28%] [32mBuilding CXX object CMakeFiles/domain_bridge__rosidl_typesupport_fastrtps_cpp.dir/rosidl_typesupport_fastrtps_cpp/domain_bridge/msg/detail/dds_fastrtps/compressed_msg__type_support.cpp.o[0m
[13.206s] [35m[1mScanning dependencies of target domain_bridge__rosidl_typesupport_introspection_c[0m
[13.303s] [ 30%] [32mBuilding C object CMakeFiles/domain_bridge__rosidl_typesupport_introspection_c.dir/rosidl_typesupport_introspection_c/domain_bridge/msg/detail/compressed_msg__type_support.c.o[0m
[13.473s] [ 32%] [32m[1mLinking C shared library libdomain_bridge__rosidl_typesupport_introspection_c.so[0m
[13.608s] [ 32%] Built target domain_bridge__rosidl_typesupport_introspection_c
[13.697s] [ 33%] [34m[1mGenerating C type support dispatch for ROS interfaces[0m
[14.421s] [35m[1mScanning dependencies of target domain_bridge__rosidl_typesupport_c[0m
[14.465s] [ 35%] [32m[1mLinking CXX shared library libdomain_bridge__rosidl_typesupport_fastrtps_cpp.so[0m
[14.503s] [ 37%] [32mBuilding CXX object CMakeFiles/domain_bridge__rosidl_typesupport_c.dir/rosidl_typesupport_c/domain_bridge/msg/compressed_msg__type_support.cpp.o[0m
[14.654s] [ 38%] [32m[1mLinking CXX shared library libdomain_bridge__rosidl_typesupport_c.so[0m
[14.743s] [ 38%] Built target domain_bridge__rosidl_typesupport_fastrtps_cpp
[14.816s] [ 40%] [34m[1mGenerating C type support for eProsima Fast-RTPS[0m
[14.844s] [ 40%] Built target domain_bridge__rosidl_typesupport_c
[15.491s] [35m[1mScanning dependencies of target domain_bridge__rosidl_typesupport_fastrtps_c[0m
[15.539s] [ 42%] [32mBuilding CXX object CMakeFiles/domain_bridge__rosidl_typesupport_fastrtps_c.dir/rosidl_typesupport_fastrtps_c/domain_bridge/msg/detail/compressed_msg__type_support_c.cpp.o[0m
[16.440s] [ 44%] [32m[1mLinking CXX shared library libdomain_bridge__rosidl_typesupport_fastrtps_c.so[0m
[16.625s] [ 44%] Built target domain_bridge__rosidl_typesupport_fastrtps_c
[16.649s] [35m[1mScanning dependencies of target domain_bridge[0m
[16.674s] [ 44%] Built target domain_bridge
[16.702s] [35m[1mScanning dependencies of target domain_bridge_lib[0m
[16.736s] [35m[1mScanning dependencies of target domain_bridge__py[0m
[16.825s] [ 45%] [34m[1mGenerating Python code for ROS interfaces[0m
[16.964s] [ 47%] [32mBuilding CXX object CMakeFiles/domain_bridge_lib.dir/src/domain_bridge/compress_messages.cpp.o[0m
[16.985s] [ 49%] [32mBuilding CXX object CMakeFiles/domain_bridge_lib.dir/src/domain_bridge/domain_bridge.cpp.o[0m
[18.289s] [ 49%] Built target domain_bridge__py
[18.357s] [ 50%] [32mBuilding CXX object CMakeFiles/domain_bridge_lib.dir/src/domain_bridge/domain_bridge_options.cpp.o[0m
[18.439s] [ 52%] [32mBuilding CXX object CMakeFiles/domain_bridge_lib.dir/src/domain_bridge/generic_publisher.cpp.o[0m
[19.680s] [ 54%] [32m[1mLinking CXX static library libgmock.a[0m
[20.016s] [ 55%] [32mBuilding CXX object CMakeFiles/domain_bridge_lib.dir/src/domain_bridge/generic_subscription.cpp.o[0m
[20.041s] [ 55%] Built target gmock
[20.101s] [35m[1mScanning dependencies of target domain_bridge__python[0m
[20.219s] [ 57%] [32mBuilding C object CMakeFiles/domain_bridge__python.dir/rosidl_generator_py/domain_bridge/msg/_compressed_msg_s.c.o[0m
[20.692s] [ 59%] [32m[1mLinking C shared library rosidl_generator_py/domain_bridge/libdomain_bridge__python.so[0m
[20.906s] [ 59%] Built target domain_bridge__python
[20.937s] [ 61%] [32mBuilding CXX object CMakeFiles/domain_bridge_lib.dir/src/domain_bridge/parse_domain_bridge_yaml_config.cpp.o[0m
[25.054s] [35m[1mScanning dependencies of target domain_bridge__rosidl_typesupport_introspection_c__pyext[0m
[25.157s] [ 62%] [32mBuilding C object CMakeFiles/domain_bridge__rosidl_typesupport_introspection_c__pyext.dir/rosidl_generator_py/domain_bridge/_domain_bridge_s.ep.rosidl_typesupport_introspection_c.c.o[0m
[25.473s] [ 64%] [32m[1mLinking C shared library rosidl_generator_py/domain_bridge/domain_bridge_s__rosidl_typesupport_introspection_c.cpython-38-aarch64-linux-gnu.so[0m
[25.632s] [ 64%] Built target domain_bridge__rosidl_typesupport_introspection_c__pyext
[25.694s] [ 66%] [32mBuilding CXX object CMakeFiles/domain_bridge_lib.dir/src/domain_bridge/qos_options.cpp.o[0m
[25.981s] [35m[1mScanning dependencies of target domain_bridge__rosidl_typesupport_c__pyext[0m
[26.100s] [ 67%] [32mBuilding C object CMakeFiles/domain_bridge__rosidl_typesupport_c__pyext.dir/rosidl_generator_py/domain_bridge/_domain_bridge_s.ep.rosidl_typesupport_c.c.o[0m
[26.451s] [ 69%] [32m[1mLinking C shared library rosidl_generator_py/domain_bridge/domain_bridge_s__rosidl_typesupport_c.cpython-38-aarch64-linux-gnu.so[0m
[26.630s] [ 69%] Built target domain_bridge__rosidl_typesupport_c__pyext
[26.695s] [35m[1mScanning dependencies of target domain_bridge__rosidl_typesupport_fastrtps_c__pyext[0m
[26.699s] [ 71%] [32mBuilding CXX object CMakeFiles/domain_bridge_lib.dir/src/domain_bridge/service_bridge_options.cpp.o[0m
[26.764s] [ 72%] [32mBuilding C object CMakeFiles/domain_bridge__rosidl_typesupport_fastrtps_c__pyext.dir/rosidl_generator_py/domain_bridge/_domain_bridge_s.ep.rosidl_typesupport_fastrtps_c.c.o[0m
[26.992s] [ 74%] [32mBuilding CXX object CMakeFiles/domain_bridge_lib.dir/src/domain_bridge/topic_bridge_options.cpp.o[0m
[27.119s] [ 76%] [32m[1mLinking CXX shared library rosidl_generator_py/domain_bridge/domain_bridge_s__rosidl_typesupport_fastrtps_c.cpython-38-aarch64-linux-gnu.so[0m
[27.424s] [ 76%] Built target domain_bridge__rosidl_typesupport_fastrtps_c__pyext
[27.484s] [ 77%] [32mBuilding CXX object CMakeFiles/domain_bridge_lib.dir/src/domain_bridge/utils.cpp.o[0m
[32.140s] [ 79%] [32m[1mLinking CXX shared library libdomain_bridge.so[0m
[32.590s] [ 79%] Built target domain_bridge_lib
[32.612s] [35m[1mScanning dependencies of target test_parse_domain_bridge_yaml_config[0m
[32.618s] [35m[1mScanning dependencies of target test_qos_matching__rmw_fastrtps_cpp[0m
[32.619s] [35m[1mScanning dependencies of target domain_bridge_exec[0m
[32.623s] [35m[1mScanning dependencies of target test_domain_bridge_end_to_end__rmw_fastrtps_cpp[0m
[32.759s] [ 81%] [32mBuilding CXX object test/CMakeFiles/test_parse_domain_bridge_yaml_config.dir/domain_bridge/test_parse_domain_bridge_yaml_config.cpp.o[0m
[32.778s] [ 83%] [32mBuilding CXX object CMakeFiles/domain_bridge_exec.dir/src/domain_bridge.cpp.o[0m
[32.783s] [ 84%] [32mBuilding CXX object test/CMakeFiles/test_qos_matching__rmw_fastrtps_cpp.dir/domain_bridge/test_qos_matching.cpp.o[0m
[32.799s] [ 86%] [32mBuilding CXX object test/CMakeFiles/test_domain_bridge_end_to_end__rmw_fastrtps_cpp.dir/domain_bridge/test_domain_bridge_end_to_end.cpp.o[0m
[38.732s] [ 88%] [32m[1mLinking CXX executable domain_bridge[0m
[39.084s] [ 88%] Built target domain_bridge_exec
[39.111s] [35m[1mScanning dependencies of target test_domain_bridge_services__rmw_fastrtps_cpp[0m
[39.264s] [ 89%] [32mBuilding CXX object test/CMakeFiles/test_domain_bridge_services__rmw_fastrtps_cpp.dir/domain_bridge/test_domain_bridge_services.cpp.o[0m
[39.929s] [ 91%] [32m[1mLinking CXX executable test_parse_domain_bridge_yaml_config[0m
[40.532s] [ 91%] Built target test_parse_domain_bridge_yaml_config
[40.557s] [35m[1mScanning dependencies of target test_domain_bridge[0m
[40.709s] [ 93%] [32mBuilding CXX object test/CMakeFiles/test_domain_bridge.dir/domain_bridge/test_domain_bridge.cpp.o[0m
[43.364s] [ 94%] [32m[1mLinking CXX executable test_qos_matching__rmw_fastrtps_cpp[0m
[44.169s] [ 94%] Built target test_qos_matching__rmw_fastrtps_cpp
[47.735s] [ 96%] [32m[1mLinking CXX executable test_domain_bridge[0m
[47.999s] [ 98%] [32m[1mLinking CXX executable test_domain_bridge_services__rmw_fastrtps_cpp[0m
[48.354s] [ 98%] Built target test_domain_bridge
[48.720s] [ 98%] Built target test_domain_bridge_services__rmw_fastrtps_cpp
[52.822s] [100%] [32m[1mLinking CXX executable test_domain_bridge_end_to_end__rmw_fastrtps_cpp[0m
[53.806s] [100%] Built target test_domain_bridge_end_to_end__rmw_fastrtps_cpp
[53.832s] Invoked command in '/home/cav-06/KAIST_Mobility_Challenge_Hardware/ros2_ws/src/build/domain_bridge' returned '0': CMAKE_PREFIX_PATH=${CMAKE_PREFIX_PATH}:/home/cav-06/KAIST_Mobility_Challenge_hy-drive/ros2_ws/install/cav_controller:/opt/ros/foxy /usr/bin/cmake --build /home/cav-06/KAIST_Mobility_Challenge_Hardware/ros2_ws/src/build/domain_bridge -- -j4 -l4
[53.840s] Invoking command in '/home/cav-06/KAIST_Mobility_Challenge_Hardware/ros2_ws/src/build/domain_bridge': CMAKE_PREFIX_PATH=${CMAKE_PREFIX_PATH}:/home/cav-06/KAIST_Mobility_Challenge_hy-drive/ros2_ws/install/cav_controller:/opt/ros/foxy /usr/bin/cmake --install /home/cav-06/KAIST_Mobility_Challenge_Hardware/ros2_ws/src/build/domain_bridge
[53.860s] -- Install configuration: ""
[53.861s] -- Execute custom install script
[53.862s] -- Symlinking: /home/cav-06/KAIST_Mobility_Challenge_Hardware/ros2_ws/src/install/domain_bridge/share/ament_index/resource_index/rosidl_interfaces/domain_bridge
[53.882s] -- Symlinking: /home/cav-06/KAIST_Mobility_Challenge_Hardware/ros2_ws/src/install/domain_bridge/include/domain_bridge/msg/compressed_msg.h
[53.900s] -- Symlinking: /home/cav-06/KAIST_Mobility_Challenge_Hardware/ros2_ws/src/install/domain_bridge/include/domain_bridge/msg/detail/compressed_msg__functions.h
[53.918s] -- Symlinking: /home/cav-06/KAIST_Mobility_Challenge_Hardware/ros2_ws/src/install/domain_bridge/include/domain_bridge/msg/detail/compressed_msg__struct.h
[53.936s] -- Symlinking: /home/cav-06/KAIST_Mobility_Challenge_Hardware/ros2_ws/src/install/domain_bridge/include/domain_bridge/msg/detail/compressed_msg__type_support.h
[53.954s] -- Symlinking: /home/cav-06/KAIST_Mobility_Challenge_Hardware/ros2_ws/src/install/domain_bridge/include/domain_bridge/msg/rosidl_generator_c__visibility_control.h
[53.974s] -- Symlinking: /home/cav-06/KAIST_Mobility_Challenge_Hardware/ros2_ws/src/install/domain_bridge/share/domain_bridge/environment/library_path.sh
[53.993s] -- Symlinking: /home/cav-06/KAIST_Mobility_Challenge_Hardware/ros2_ws/src/install/domain_bridge/share/domain_bridge/environment/library_path.dsv
[54.013s] -- Symlinking: /home/cav-06/KAIST_Mobility_Challenge_Hardware/ros2_ws/src/install/domain_bridge/include/domain_bridge/msg/detail/compressed_msg__rosidl_typesupport_fastrtps_c.h
[54.032s] -- Symlinking: /home/cav-06/KAIST_Mobility_Challenge_Hardware/ros2_ws/src/install/domain_bridge/include/domain_bridge/msg/rosidl_typesupport_fastrtps_c__visibility_control.h
[54.051s] -- Symlinking: /home/cav-06/KAIST_Mobility_Challenge_Hardware/ros2_ws/src/install/domain_bridge/lib/libdomain_bridge__rosidl_typesupport_fastrtps_c.so
[54.071s] -- Symlinking: /home/cav-06/KAIST_Mobility_Challenge_Hardware/ros2_ws/src/install/domain_bridge/include/domain_bridge/msg/detail/compressed_msg__rosidl_typesupport_fastrtps_cpp.hpp
[54.090s] -- Symlinking: /home/cav-06/KAIST_Mobility_Challenge_Hardware/ros2_ws/src/install/domain_bridge/include/domain_bridge/msg/rosidl_typesupport_fastrtps_cpp__visibility_control.h
[54.109s] -- Symlinking: /home/cav-06/KAIST_Mobility_Challenge_Hardware/ros2_ws/src/install/domain_bridge/lib/libdomain_bridge__rosidl_typesupport_fastrtps_cpp.so
[54.129s] -- Symlinking: /home/cav-06/KAIST_Mobility_Challenge_Hardware/ros2_ws/src/install/domain_bridge/include/domain_bridge/msg/detail/compressed_msg__rosidl_typesupport_introspection_c.h
[54.148s] -- Symlinking: /home/cav-06/KAIST_Mobility_Challenge_Hardware/ros2_ws/src/install/domain_bridge/include/domain_bridge/msg/rosidl_typesupport_introspection_c__visibility_control.h
[54.168s] -- Symlinking: /home/cav-06/KAIST_Mobility_Challenge_Hardware/ros2_ws/src/install/domain_bridge/include/domain_bridge/msg/compressed_msg.hpp
[54.187s] -- Symlinking: /home/cav-06/KAIST_Mobility_Challenge_Hardware/ros2_ws/src/install/domain_bridge/include/domain_bridge/msg/detail/compressed_msg__builder.hpp
[54.206s] -- Symlinking: /home/cav-06/KAIST_Mobility_Challenge_Hardware/ros2_ws/src/install/domain_bridge/include/domain_bridge/msg/detail/compressed_msg__struct.hpp
[54.225s] -- Symlinking: /home/cav-06/KAIST_Mobility_Challenge_Hardware/ros2_ws/src/install/domain_bridge/include/domain_bridge/msg/detail/compressed_msg__traits.hpp
[54.244s] -- Symlinking: /home/cav-06/KAIST_Mobility_Challenge_Hardware/ros2_ws/src/install/domain_bridge/include/domain_bridge/msg/detail/compressed_msg__type_support.hpp
[54.262s] -- Symlinking: /home/cav-06/KAIST_Mobility_Challenge_Hardware/ros2_ws/src/install/domain_bridge/include/domain_bridge/msg/rosidl_generator_cpp__visibility_control.hpp
[54.282s] -- Symlinking: /home/cav-06/KAIST_Mobility_Challenge_Hardware/ros2_ws/src/install/domain_bridge/include/domain_bridge/msg/detail/compressed_msg__rosidl_typesupport_introspection_cpp.hpp
[54.301s] -- Symlinking: /home/cav-06/KAIST_Mobility_Challenge_Hardware/ros2_ws/src/install/domain_bridge/share/domain_bridge/environment/pythonpath.sh
[54.321s] -- Symlinking: /home/cav-06/KAIST_Mobility_Challenge_Hardware/ros2_ws/src/install/domain_bridge/share/domain_bridge/environment/pythonpath.dsv
[54.341s] -- Symlinking: /home/cav-06/KAIST_Mobility_Challenge_Hardware/ros2_ws/src/install/domain_bridge/lib/python3.8/site-packages/domain_bridge/__init__.py
[54.360s] -- Symlinking: /home/cav-06/KAIST_Mobility_Challenge_Hardware/ros2_ws/src/install/domain_bridge/lib/python3.8/site-packages/domain_bridge/msg/__init__.py
[54.379s] -- Symlinking: /home/cav-06/KAIST_Mobility_Challenge_Hardware/ros2_ws/src/install/domain_bridge/lib/python3.8/site-packages/domain_bridge/msg/_compressed_msg.py
[54.399s] -- Symlinking: /home/cav-06/KAIST_Mobility_Challenge_Hardware/ros2_ws/src/install/domain_bridge/lib/python3.8/site-packages/domain_bridge/domain_bridge_s__rosidl_typesupport_fastrtps_c.cpython-38-aarch64-linux-gnu.so
[54.419s] -- Symlinking: /home/cav-06/KAIST_Mobility_Challenge_Hardware/ros2_ws/src/install/domain_bridge/lib/python3.8/site-packages/domain_bridge/domain_bridge_s__rosidl_typesupport_introspection_c.cpython-38-aarch64-linux-gnu.so
[54.438s] -- Symlinking: /home/cav-06/KAIST_Mobility_Challenge_Hardware/ros2_ws/src/install/domain_bridge/lib/python3.8/site-packages/domain_bridge/domain_bridge_s__rosidl_typesupport_c.cpython-38-aarch64-linux-gnu.so
[54.458s] -- Symlinking: /home/cav-06/KAIST_Mobility_Challenge_Hardware/ros2_ws/src/install/domain_bridge/lib/libdomain_bridge__python.so
[54.477s] -- Symlinking: /home/cav-06/KAIST_Mobility_Challenge_Hardware/ros2_ws/src/install/domain_bridge/share/domain_bridge/msg/CompressedMsg.idl
[54.497s] -- Symlinking: /home/cav-06/KAIST_Mobility_Challenge_Hardware/ros2_ws/src/install/domain_bridge/share/domain_bridge/msg/CompressedMsg.msg
[54.517s] -- Symlinking: /home/cav-06/KAIST_Mobility_Challenge_Hardware/ros2_ws/src/install/domain_bridge/include/domain_bridge/compress_messages.hpp
[54.535s] -- Symlinking: /home/cav-06/KAIST_Mobility_Challenge_Hardware/ros2_ws/src/install/domain_bridge/include/domain_bridge/domain_bridge.hpp
[54.554s] -- Symlinking: /home/cav-06/KAIST_Mobility_Challenge_Hardware/ros2_ws/src/install/domain_bridge/include/domain_bridge/domain_bridge_config.hpp
[54.573s] -- Symlinking: /home/cav-06/KAIST_Mobility_Challenge_Hardware/ros2_ws/src/install/domain_bridge/include/domain_bridge/domain_bridge_options.hpp
[54.592s] -- Symlinking: /home/cav-06/KAIST_Mobility_Challenge_Hardware/ros2_ws/src/install/domain_bridge/include/domain_bridge/parse_domain_bridge_yaml_config.hpp
[54.611s] -- Symlinking: /home/cav-06/KAIST_Mobility_Challenge_Hardware/ros2_ws/src/install/domain_bridge/include/domain_bridge/process_cmd_line_arguments.hpp
[54.629s] -- Symlinking: /home/cav-06/KAIST_Mobility_Challenge_Hardware/ros2_ws/src/install/domain_bridge/include/domain_bridge/qos_options.hpp
[54.648s] -- Symlinking: /home/cav-06/KAIST_Mobility_Challenge_Hardware/ros2_ws/src/install/domain_bridge/include/domain_bridge/service_bridge_impl.inc
[54.666s] -- Symlinking: /home/cav-06/KAIST_Mobility_Challenge_Hardware/ros2_ws/src/install/domain_bridge/include/domain_bridge/service_bridge_options.hpp
[54.685s] -- Symlinking: /home/cav-06/KAIST_Mobility_Challenge_Hardware/ros2_ws/src/install/domain_bridge/include/domain_bridge/topic_bridge.hpp
[54.704s] -- Symlinking: /home/cav-06/KAIST_Mobility_Challenge_Hardware/ros2_ws/src/install/domain_bridge/include/domain_bridge/topic_bridge_options.hpp
[54.723s] -- Symlinking: /home/cav-06/KAIST_Mobility_Challenge_Hardware/ros2_ws/src/install/domain_bridge/include/domain_bridge/utils.hpp
[54.742s] -- Symlinking: /home/cav-06/KAIST_Mobility_Challenge_Hardware/ros2_ws/src/install/domain_bridge/include/domain_bridge/visibility_control.hpp
[54.762s] -- Symlinking: /home/cav-06/KAIST_Mobility_Challenge_Hardware/ros2_ws/src/install/domain_bridge/lib/domain_bridge/domain_bridge
[54.782s] -- Symlinking: /home/cav-06/KAIST_Mobility_Challenge_Hardware/ros2_ws/src/install/domain_bridge/share/domain_bridge/examples/example_bridge_config.yaml
[54.801s] -- Symlinking: /home/cav-06/KAIST_Mobility_Challenge_Hardware/ros2_ws/src/install/domain_bridge/share/domain_bridge/launch/domain_bridge.launch.xml
[54.821s] -- Symlinking: /home/cav-06/KAIST_Mobility_Challenge_Hardware/ros2_ws/src/install/domain_bridge/share/ament_index/resource_index/package_run_dependencies/domain_bridge
[54.840s] -- Symlinking: /home/cav-06/KAIST_Mobility_Challenge_Hardware/ros2_ws/src/install/domain_bridge/share/ament_index/resource_index/parent_prefix_path/domain_bridge
[54.859s] -- Symlinking: /home/cav-06/KAIST_Mobility_Challenge_Hardware/ros2_ws/src/install/domain_bridge/share/domain_bridge/environment/ament_prefix_path.sh
[54.879s] -- Symlinking: /home/cav-06/KAIST_Mobility_Challenge_Hardware/ros2_ws/src/install/domain_bridge/share/domain_bridge/environment/ament_prefix_path.dsv
[54.898s] -- Symlinking: /home/cav-06/KAIST_Mobility_Challenge_Hardware/ros2_ws/src/install/domain_bridge/share/domain_bridge/environment/path.sh
[54.917s] -- Symlinking: /home/cav-06/KAIST_Mobility_Challenge_Hardware/ros2_ws/src/install/domain_bridge/share/domain_bridge/environment/path.dsv
[54.936s] -- Symlinking: /home/cav-06/KAIST_Mobility_Challenge_Hardware/ros2_ws/src/install/domain_bridge/share/domain_bridge/local_setup.bash
[54.955s] -- Symlinking: /home/cav-06/KAIST_Mobility_Challenge_Hardware/ros2_ws/src/install/domain_bridge/share/domain_bridge/local_setup.sh
[54.974s] -- Symlinking: /home/cav-06/KAIST_Mobility_Challenge_Hardware/ros2_ws/src/install/domain_bridge/share/domain_bridge/local_setup.zsh
[54.993s] -- Symlinking: /home/cav-06/KAIST_Mobility_Challenge_Hardware/ros2_ws/src/install/domain_bridge/share/domain_bridge/local_setup.dsv
[55.012s] -- Symlinking: /home/cav-06/KAIST_Mobility_Challenge_Hardware/ros2_ws/src/install/domain_bridge/share/domain_bridge/package.dsv
[55.032s] -- Symlinking: /home/cav-06/KAIST_Mobility_Challenge_Hardware/ros2_ws/src/install/domain_bridge/share/ament_index/resource_index/packages/domain_bridge
[55.051s] -- Symlinking: /home/cav-06/KAIST_Mobility_Challenge_Hardware/ros2_ws/src/install/domain_bridge/share/domain_bridge/cmake/rosidl_cmake-extras.cmake
[55.070s] -- Symlinking: /home/cav-06/KAIST_Mobility_Challenge_Hardware/ros2_ws/src/install/domain_bridge/share/domain_bridge/cmake/ament_cmake_export_dependencies-extras.cmake
[55.089s] -- Symlinking: /home/cav-06/KAIST_Mobility_Challenge_Hardware/ros2_ws/src/install/domain_bridge/share/domain_bridge/cmake/ament_cmake_export_libraries-extras.cmake
[55.108s] -- Symlinking: /home/cav-06/KAIST_Mobility_Challenge_Hardware/ros2_ws/src/install/domain_bridge/share/domain_bridge/cmake/ament_cmake_export_targets-extras.cmake
[55.126s] -- Symlinking: /home/cav-06/KAIST_Mobility_Challenge_Hardware/ros2_ws/src/install/domain_bridge/share/domain_bridge/cmake/ament_cmake_export_include_directories-extras.cmake
[55.145s] -- Symlinking: /home/cav-06/KAIST_Mobility_Challenge_Hardware/ros2_ws/src/install/domain_bridge/share/domain_bridge/cmake/rosidl_cmake_export_typesupport_libraries-extras.cmake
[55.164s] -- Symlinking: /home/cav-06/KAIST_Mobility_Challenge_Hardware/ros2_ws/src/install/domain_bridge/share/domain_bridge/cmake/rosidl_cmake_export_typesupport_targets-extras.cmake
[55.184s] -- Symlinking: /home/cav-06/KAIST_Mobility_Challenge_Hardware/ros2_ws/src/install/domain_bridge/share/domain_bridge/cmake/domain_bridgeConfig.cmake
[55.202s] -- Symlinking: /home/cav-06/KAIST_Mobility_Challenge_Hardware/ros2_ws/src/install/domain_bridge/share/domain_bridge/cmake/domain_bridgeConfig-version.cmake
[55.221s] -- Symlinking: /home/cav-06/KAIST_Mobility_Challenge_Hardware/ros2_ws/src/install/domain_bridge/share/domain_bridge/package.xml
[55.240s] -- Installing: /home/cav-06/KAIST_Mobility_Challenge_Hardware/ros2_ws/src/install/domain_bridge/lib/libdomain_bridge__rosidl_generator_c.so
[55.241s] -- Set runtime path of "/home/cav-06/KAIST_Mobility_Challenge_Hardware/ros2_ws/src/install/domain_bridge/lib/libdomain_bridge__rosidl_generator_c.so" to ""
[55.242s] -- Installing: /home/cav-06/KAIST_Mobility_Challenge_Hardware/ros2_ws/src/install/domain_bridge/lib/libdomain_bridge__rosidl_typesupport_introspection_c.so
[55.243s] -- Set runtime path of "/home/cav-06/KAIST_Mobility_Challenge_Hardware/ros2_ws/src/install/domain_bridge/lib/libdomain_bridge__rosidl_typesupport_introspection_c.so" to ""
[55.243s] -- Installing: /home/cav-06/KAIST_Mobility_Challenge_Hardware/ros2_ws/src/install/domain_bridge/lib/libdomain_bridge__rosidl_typesupport_c.so
[55.245s] -- Set runtime path of "/home/cav-06/KAIST_Mobility_Challenge_Hardware/ros2_ws/src/install/domain_bridge/lib/libdomain_bridge__rosidl_typesupport_c.so" to ""
[55.245s] -- Installing: /home/cav-06/KAIST_Mobility_Challenge_Hardware/ros2_ws/src/install/domain_bridge/lib/libdomain_bridge__rosidl_typesupport_introspection_cpp.so
[55.247s] -- Set runtime path of "/home/cav-06/KAIST_Mobility_Challenge_Hardware/ros2_ws/src/install/domain_bridge/lib/libdomain_bridge__rosidl_typesupport_introspection_cpp.so" to ""
[55.247s] -- Installing: /home/cav-06/KAIST_Mobility_Challenge_Hardware/ros2_ws/src/install/domain_bridge/lib/libdomain_bridge__rosidl_typesupport_cpp.so
[55.248s] -- Set runtime path of "/home/cav-06/KAIST_Mobility_Challenge_Hardware/ros2_ws/src/install/domain_bridge/lib/libdomain_bridge__rosidl_typesupport_cpp.so" to ""
[55.311s] Compiling '/home/cav-06/KAIST_Mobility_Challenge_Hardware/ros2_ws/src/install/domain_bridge/lib/python3.8/site-packages/domain_bridge/__init__.py'...
[55.324s] -- Installing: /home/cav-06/KAIST_Mobility_Challenge_Hardware/ros2_ws/src/install/domain_bridge/lib/libdomain_bridge.so
[55.331s] -- Set runtime path of "/home/cav-06/KAIST_Mobility_Challenge_Hardware/ros2_ws/src/install/domain_bridge/lib/libdomain_bridge.so" to ""
[55.333s] -- Installing: /home/cav-06/KAIST_Mobility_Challenge_Hardware/ros2_ws/src/install/domain_bridge/share/domain_bridge/cmake/domain_bridge__rosidl_generator_cExport.cmake
[55.333s] -- Installing: /home/cav-06/KAIST_Mobility_Challenge_Hardware/ros2_ws/src/install/domain_bridge/share/domain_bridge/cmake/domain_bridge__rosidl_generator_cExport-noconfig.cmake
[55.334s] -- Installing: /home/cav-06/KAIST_Mobility_Challenge_Hardware/ros2_ws/src/install/domain_bridge/share/domain_bridge/cmake/domain_bridge__rosidl_typesupport_introspection_cExport.cmake
[55.335s] -- Installing: /home/cav-06/KAIST_Mobility_Challenge_Hardware/ros2_ws/src/install/domain_bridge/share/domain_bridge/cmake/domain_bridge__rosidl_typesupport_introspection_cExport-noconfig.cmake
[55.336s] -- Installing: /home/cav-06/KAIST_Mobility_Challenge_Hardware/ros2_ws/src/install/domain_bridge/share/domain_bridge/cmake/domain_bridge__rosidl_typesupport_cExport.cmake
[55.336s] -- Installing: /home/cav-06/KAIST_Mobility_Challenge_Hardware/ros2_ws/src/install/domain_bridge/share/domain_bridge/cmake/domain_bridge__rosidl_typesupport_cExport-noconfig.cmake
[55.337s] -- Installing: /home/cav-06/KAIST_Mobility_Challenge_Hardware/ros2_ws/src/install/domain_bridge/share/domain_bridge/cmake/domain_bridge__rosidl_generator_cppExport.cmake
[55.338s] -- Installing: /home/cav-06/KAIST_Mobility_Challenge_Hardware/ros2_ws/src/install/domain_bridge/share/domain_bridge/cmake/domain_bridge__rosidl_typesupport_introspection_cppExport.cmake
[55.338s] -- Installing: /home/cav-06/KAIST_Mobility_Challenge_Hardware/ros2_ws/src/install/domain_bridge/share/domain_bridge/cmake/domain_bridge__rosidl_typesupport_introspection_cppExport-noconfig.cmake
[55.339s] -- Installing: /home/cav-06/KAIST_Mobility_Challenge_Hardware/ros2_ws/src/install/domain_bridge/share/domain_bridge/cmake/domain_bridge__rosidl_typesupport_cppExport.cmake
[55.340s] -- Installing: /home/cav-06/KAIST_Mobility_Challenge_Hardware/ros2_ws/src/install/domain_bridge/share/domain_bridge/cmake/domain_bridge__rosidl_typesupport_cppExport-noconfig.cmake
[55.340s] -- Installing: /home/cav-06/KAIST_Mobility_Challenge_Hardware/ros2_ws/src/install/domain_bridge/share/domain_bridge/cmake/export_domain_bridgeExport.cmake
[55.341s] -- Installing: /home/cav-06/KAIST_Mobility_Challenge_Hardware/ros2_ws/src/install/domain_bridge/share/domain_bridge/cmake/export_domain_bridgeExport-noconfig.cmake
[55.348s] Invoked command in '/home/cav-06/KAIST_Mobility_Challenge_Hardware/ros2_ws/src/build/domain_bridge' returned '0': CMAKE_PREFIX_PATH=${CMAKE_PREFIX_PATH}:/home/cav-06/KAIST_Mobility_Challenge_hy-drive/ros2_ws/install/cav_controller:/opt/ros/foxy /usr/bin/cmake --install /home/cav-06/KAIST_Mobility_Challenge_Hardware/ros2_ws/src/build/domain_bridge
