[0.021s] Invoking command in '/home/cav-06/KAIST_Mobility_Challenge_Hardware/ros2_ws/src/build/p3_cpp': /usr/bin/cmake /home/cav-06/KAIST_Mobility_Challenge_Hardware/ros2_ws/src/p3_cpp -DCMAKE_INSTALL_PREFIX=/home/cav-06/KAIST_Mobility_Challenge_Hardware/ros2_ws/src/install/p3_cpp
[0.234s] -- The C compiler identification is GNU 9.4.0
[0.394s] -- The CXX compiler identification is GNU 9.4.0
[0.409s] -- Check for working C compiler: /usr/bin/cc
[0.536s] -- Check for working C compiler: /usr/bin/cc -- works
[0.538s] -- Detecting C compiler ABI info
[0.668s] -- Detecting C compiler ABI info - done
[0.698s] -- Detecting C compile features
[0.699s] -- Detecting C compile features - done
[0.705s] -- Check for working CXX compiler: /usr/bin/c++
[0.849s] -- Check for working CXX compiler: /usr/bin/c++ -- works
[0.851s] -- Detecting CXX compiler ABI info
[0.999s] -- Detecting CXX compiler ABI info - done
[1.033s] -- Detecting CXX compile features
[1.033s] -- Detecting CXX compile features - done
[1.056s] CMake Error at CMakeLists.txt:13 (find_package):
[1.056s]   By not providing "Findament_cmake.cmake" in CMAKE_MODULE_PATH this project
[1.057s]   has asked CMake to find a package configuration file provided by
[1.057s]   "ament_cmake", but CMake did not find one.
[1.057s] 
[1.057s]   Could not find a package configuration file provided by "ament_cmake" with
[1.057s]   any of the following names:
[1.057s] 
[1.057s]     ament_cmakeConfig.cmake
[1.058s]     ament_cmake-config.cmake
[1.058s] 
[1.058s]   Add the installation prefix of "ament_cmake" to CMAKE_PREFIX_PATH or set
[1.058s]   "ament_cmake_DIR" to a directory containing one of the above files.  If
[1.058s]   "ament_cmake" provides a separate development package or SDK, be sure it
[1.058s]   has been installed.
[1.058s] 
[1.058s] 
[1.059s] -- Configuring incomplete, errors occurred!
[1.059s] See also "/home/cav-06/KAIST_Mobility_Challenge_Hardware/ros2_ws/src/build/p3_cpp/CMakeFiles/CMakeOutput.log".
[1.064s] Invoked command in '/home/cav-06/KAIST_Mobility_Challenge_Hardware/ros2_ws/src/build/p3_cpp' returned '1': /usr/bin/cmake /home/cav-06/KAIST_Mobility_Challenge_Hardware/ros2_ws/src/p3_cpp -DCMAKE_INSTALL_PREFIX=/home/cav-06/KAIST_Mobility_Challenge_Hardware/ros2_ws/src/install/p3_cpp
