[0.048s] Invoking command in '/home/hy/Mobility_Challenge/ros2_ws/build/domain_bridge': CMAKE_PREFIX_PATH=/opt/ros/foxy /usr/bin/cmake --build /home/hy/Mobility_Challenge/ros2_ws/build/domain_bridge -- -j4 -l4
[0.609s] [  4%] Built target gmock
[0.609s] [  6%] Built target domain_bridge__cpp
[0.609s] [  9%] Built target gmock_main
[0.609s] [ 13%] Built target domain_bridge__rosidl_generator_c
[0.610s] [ 18%] Built target domain_bridge__rosidl_typesupport_cpp
[0.610s] [ 23%] Built target domain_bridge__rosidl_typesupport_introspection_cpp
[0.610s] [ 27%] Built target domain_bridge__rosidl_typesupport_fastrtps_cpp
[0.610s] [ 32%] Built target domain_bridge__rosidl_typesupport_introspection_c
[0.610s] [ 36%] Built target domain_bridge__rosidl_typesupport_c
[0.610s] [ 41%] Built target domain_bridge__rosidl_typesupport_fastrtps_c
[0.611s] [ 41%] Built target domain_bridge
[0.611s] [ 43%] Built target domain_bridge__py
[0.611s] [ 60%] Built target domain_bridge_lib
[0.611s] [ 63%] Built target domain_bridge__python
[0.611s] [ 66%] Built target domain_bridge_exec
[0.611s] [ 69%] Built target test_domain_bridge
[0.611s] [ 72%] Built target test_parse_domain_bridge_yaml_config
[0.612s] [ 75%] Built target test_domain_bridge_services__rmw_fastrtps_cpp
[0.612s] [ 78%] Built target test_qos_matching__rmw_cyclonedds_cpp
[0.612s] [ 81%] Built target test_qos_matching__rmw_fastrtps_cpp
[0.614s] [ 84%] Built target test_domain_bridge_end_to_end__rmw_fastrtps_cpp
[0.648s] [ 87%] Built target test_domain_bridge_end_to_end__rmw_cyclonedds_cpp
[0.676s] [ 90%] Built target domain_bridge__rosidl_typesupport_introspection_c__pyext
[0.681s] [ 93%] Built target test_domain_bridge_services__rmw_cyclonedds_cpp
[0.686s] [ 96%] Built target domain_bridge__rosidl_typesupport_c__pyext
[0.725s] [100%] Built target domain_bridge__rosidl_typesupport_fastrtps_c__pyext
[0.753s] Invoked command in '/home/hy/Mobility_Challenge/ros2_ws/build/domain_bridge' returned '0': CMAKE_PREFIX_PATH=/opt/ros/foxy /usr/bin/cmake --build /home/hy/Mobility_Challenge/ros2_ws/build/domain_bridge -- -j4 -l4
[0.759s] Invoking command in '/home/hy/Mobility_Challenge/ros2_ws/build/domain_bridge': CMAKE_PREFIX_PATH=/opt/ros/foxy /usr/bin/cmake --install /home/hy/Mobility_Challenge/ros2_ws/build/domain_bridge
[0.777s] -- Install configuration: ""
[0.779s] -- Execute custom install script
[0.780s] -- Up-to-date symlink: /home/hy/Mobility_Challenge/ros2_ws/install/domain_bridge/share/ament_index/resource_index/rosidl_interfaces/domain_bridge
[0.782s] -- Up-to-date symlink: /home/hy/Mobility_Challenge/ros2_ws/install/domain_bridge/include/domain_bridge/msg/compressed_msg.h
[0.782s] -- Up-to-date symlink: /home/hy/Mobility_Challenge/ros2_ws/install/domain_bridge/include/domain_bridge/msg/detail/compressed_msg__functions.h
[0.783s] -- Up-to-date symlink: /home/hy/Mobility_Challenge/ros2_ws/install/domain_bridge/include/domain_bridge/msg/detail/compressed_msg__struct.h
[0.783s] -- Up-to-date symlink: /home/hy/Mobility_Challenge/ros2_ws/install/domain_bridge/include/domain_bridge/msg/detail/compressed_msg__type_support.h
[0.785s] -- Up-to-date symlink: /home/hy/Mobility_Challenge/ros2_ws/install/domain_bridge/include/domain_bridge/msg/rosidl_generator_c__visibility_control.h
[0.785s] -- Up-to-date symlink: /home/hy/Mobility_Challenge/ros2_ws/install/domain_bridge/share/domain_bridge/environment/library_path.sh
[0.787s] -- Up-to-date symlink: /home/hy/Mobility_Challenge/ros2_ws/install/domain_bridge/share/domain_bridge/environment/library_path.dsv
[0.788s] -- Up-to-date symlink: /home/hy/Mobility_Challenge/ros2_ws/install/domain_bridge/include/domain_bridge/msg/detail/compressed_msg__rosidl_typesupport_fastrtps_c.h
[0.789s] -- Up-to-date symlink: /home/hy/Mobility_Challenge/ros2_ws/install/domain_bridge/include/domain_bridge/msg/rosidl_typesupport_fastrtps_c__visibility_control.h
[0.789s] -- Up-to-date symlink: /home/hy/Mobility_Challenge/ros2_ws/install/domain_bridge/lib/libdomain_bridge__rosidl_typesupport_fastrtps_c.so
[0.790s] -- Up-to-date symlink: /home/hy/Mobility_Challenge/ros2_ws/install/domain_bridge/include/domain_bridge/msg/detail/compressed_msg__rosidl_typesupport_fastrtps_cpp.hpp
[0.791s] -- Up-to-date symlink: /home/hy/Mobility_Challenge/ros2_ws/install/domain_bridge/include/domain_bridge/msg/rosidl_typesupport_fastrtps_cpp__visibility_control.h
[0.792s] -- Up-to-date symlink: /home/hy/Mobility_Challenge/ros2_ws/install/domain_bridge/lib/libdomain_bridge__rosidl_typesupport_fastrtps_cpp.so
[0.793s] -- Up-to-date symlink: /home/hy/Mobility_Challenge/ros2_ws/install/domain_bridge/include/domain_bridge/msg/detail/compressed_msg__rosidl_typesupport_introspection_c.h
[0.793s] -- Up-to-date symlink: /home/hy/Mobility_Challenge/ros2_ws/install/domain_bridge/include/domain_bridge/msg/rosidl_typesupport_introspection_c__visibility_control.h
[0.795s] -- Up-to-date symlink: /home/hy/Mobility_Challenge/ros2_ws/install/domain_bridge/include/domain_bridge/msg/compressed_msg.hpp
[0.795s] -- Up-to-date symlink: /home/hy/Mobility_Challenge/ros2_ws/install/domain_bridge/include/domain_bridge/msg/detail/compressed_msg__builder.hpp
[0.796s] -- Up-to-date symlink: /home/hy/Mobility_Challenge/ros2_ws/install/domain_bridge/include/domain_bridge/msg/detail/compressed_msg__struct.hpp
[0.796s] -- Up-to-date symlink: /home/hy/Mobility_Challenge/ros2_ws/install/domain_bridge/include/domain_bridge/msg/detail/compressed_msg__traits.hpp
[0.796s] -- Up-to-date symlink: /home/hy/Mobility_Challenge/ros2_ws/install/domain_bridge/include/domain_bridge/msg/detail/compressed_msg__type_support.hpp
[0.797s] -- Up-to-date symlink: /home/hy/Mobility_Challenge/ros2_ws/install/domain_bridge/include/domain_bridge/msg/rosidl_generator_cpp__visibility_control.hpp
[0.800s] -- Up-to-date symlink: /home/hy/Mobility_Challenge/ros2_ws/install/domain_bridge/include/domain_bridge/msg/detail/compressed_msg__rosidl_typesupport_introspection_cpp.hpp
[0.800s] -- Up-to-date symlink: /home/hy/Mobility_Challenge/ros2_ws/install/domain_bridge/share/domain_bridge/environment/pythonpath.sh
[0.800s] -- Up-to-date symlink: /home/hy/Mobility_Challenge/ros2_ws/install/domain_bridge/share/domain_bridge/environment/pythonpath.dsv
[0.801s] -- Up-to-date symlink: /home/hy/Mobility_Challenge/ros2_ws/install/domain_bridge/lib/python3.8/site-packages/domain_bridge/__init__.py
[0.802s] -- Up-to-date symlink: /home/hy/Mobility_Challenge/ros2_ws/install/domain_bridge/lib/python3.8/site-packages/domain_bridge/msg/__init__.py
[0.803s] -- Up-to-date symlink: /home/hy/Mobility_Challenge/ros2_ws/install/domain_bridge/lib/python3.8/site-packages/domain_bridge/msg/_compressed_msg.py
[0.804s] -- Up-to-date symlink: /home/hy/Mobility_Challenge/ros2_ws/install/domain_bridge/lib/python3.8/site-packages/domain_bridge/domain_bridge_s__rosidl_typesupport_fastrtps_c.cpython-38-aarch64-linux-gnu.so
[0.805s] -- Up-to-date symlink: /home/hy/Mobility_Challenge/ros2_ws/install/domain_bridge/lib/python3.8/site-packages/domain_bridge/domain_bridge_s__rosidl_typesupport_introspection_c.cpython-38-aarch64-linux-gnu.so
[0.806s] -- Up-to-date symlink: /home/hy/Mobility_Challenge/ros2_ws/install/domain_bridge/lib/python3.8/site-packages/domain_bridge/domain_bridge_s__rosidl_typesupport_c.cpython-38-aarch64-linux-gnu.so
[0.807s] -- Up-to-date symlink: /home/hy/Mobility_Challenge/ros2_ws/install/domain_bridge/lib/libdomain_bridge__python.so
[0.808s] -- Up-to-date symlink: /home/hy/Mobility_Challenge/ros2_ws/install/domain_bridge/share/domain_bridge/msg/CompressedMsg.idl
[0.809s] -- Up-to-date symlink: /home/hy/Mobility_Challenge/ros2_ws/install/domain_bridge/share/domain_bridge/msg/CompressedMsg.msg
[0.811s] -- Up-to-date symlink: /home/hy/Mobility_Challenge/ros2_ws/install/domain_bridge/include/domain_bridge/compress_messages.hpp
[0.812s] -- Up-to-date symlink: /home/hy/Mobility_Challenge/ros2_ws/install/domain_bridge/include/domain_bridge/domain_bridge.hpp
[0.813s] -- Up-to-date symlink: /home/hy/Mobility_Challenge/ros2_ws/install/domain_bridge/include/domain_bridge/domain_bridge_config.hpp
[0.813s] -- Up-to-date symlink: /home/hy/Mobility_Challenge/ros2_ws/install/domain_bridge/include/domain_bridge/domain_bridge_options.hpp
[0.815s] -- Up-to-date symlink: /home/hy/Mobility_Challenge/ros2_ws/install/domain_bridge/include/domain_bridge/parse_domain_bridge_yaml_config.hpp
[0.815s] -- Up-to-date symlink: /home/hy/Mobility_Challenge/ros2_ws/install/domain_bridge/include/domain_bridge/process_cmd_line_arguments.hpp
[0.815s] -- Up-to-date symlink: /home/hy/Mobility_Challenge/ros2_ws/install/domain_bridge/include/domain_bridge/qos_options.hpp
[0.816s] -- Up-to-date symlink: /home/hy/Mobility_Challenge/ros2_ws/install/domain_bridge/include/domain_bridge/service_bridge_impl.inc
[0.816s] -- Up-to-date symlink: /home/hy/Mobility_Challenge/ros2_ws/install/domain_bridge/include/domain_bridge/service_bridge_options.hpp
[0.817s] -- Up-to-date symlink: /home/hy/Mobility_Challenge/ros2_ws/install/domain_bridge/include/domain_bridge/topic_bridge.hpp
[0.817s] -- Up-to-date symlink: /home/hy/Mobility_Challenge/ros2_ws/install/domain_bridge/include/domain_bridge/topic_bridge_options.hpp
[0.818s] -- Up-to-date symlink: /home/hy/Mobility_Challenge/ros2_ws/install/domain_bridge/include/domain_bridge/utils.hpp
[0.818s] -- Up-to-date symlink: /home/hy/Mobility_Challenge/ros2_ws/install/domain_bridge/include/domain_bridge/visibility_control.hpp
[0.819s] -- Up-to-date symlink: /home/hy/Mobility_Challenge/ros2_ws/install/domain_bridge/lib/domain_bridge/domain_bridge
[0.820s] -- Up-to-date symlink: /home/hy/Mobility_Challenge/ros2_ws/install/domain_bridge/share/domain_bridge/examples/example_bridge_config.yaml
[0.820s] -- Up-to-date symlink: /home/hy/Mobility_Challenge/ros2_ws/install/domain_bridge/share/domain_bridge/launch/domain_bridge.launch.xml
[0.820s] -- Up-to-date symlink: /home/hy/Mobility_Challenge/ros2_ws/install/domain_bridge/share/ament_index/resource_index/package_run_dependencies/domain_bridge
[0.821s] -- Up-to-date symlink: /home/hy/Mobility_Challenge/ros2_ws/install/domain_bridge/share/ament_index/resource_index/parent_prefix_path/domain_bridge
[0.822s] -- Up-to-date symlink: /home/hy/Mobility_Challenge/ros2_ws/install/domain_bridge/share/domain_bridge/environment/ament_prefix_path.sh
[0.824s] -- Up-to-date symlink: /home/hy/Mobility_Challenge/ros2_ws/install/domain_bridge/share/domain_bridge/environment/ament_prefix_path.dsv
[0.824s] -- Up-to-date symlink: /home/hy/Mobility_Challenge/ros2_ws/install/domain_bridge/share/domain_bridge/environment/path.sh
[0.824s] -- Up-to-date symlink: /home/hy/Mobility_Challenge/ros2_ws/install/domain_bridge/share/domain_bridge/environment/path.dsv
[0.824s] -- Up-to-date symlink: /home/hy/Mobility_Challenge/ros2_ws/install/domain_bridge/share/domain_bridge/local_setup.bash
[0.826s] -- Up-to-date symlink: /home/hy/Mobility_Challenge/ros2_ws/install/domain_bridge/share/domain_bridge/local_setup.sh
[0.827s] -- Up-to-date symlink: /home/hy/Mobility_Challenge/ros2_ws/install/domain_bridge/share/domain_bridge/local_setup.zsh
[0.827s] -- Up-to-date symlink: /home/hy/Mobility_Challenge/ros2_ws/install/domain_bridge/share/domain_bridge/local_setup.dsv
[0.827s] -- Symlinking: /home/hy/Mobility_Challenge/ros2_ws/install/domain_bridge/share/domain_bridge/package.dsv
[0.847s] -- Up-to-date symlink: /home/hy/Mobility_Challenge/ros2_ws/install/domain_bridge/share/ament_index/resource_index/packages/domain_bridge
[0.847s] -- Up-to-date symlink: /home/hy/Mobility_Challenge/ros2_ws/install/domain_bridge/share/domain_bridge/cmake/rosidl_cmake-extras.cmake
[0.848s] -- Up-to-date symlink: /home/hy/Mobility_Challenge/ros2_ws/install/domain_bridge/share/domain_bridge/cmake/ament_cmake_export_dependencies-extras.cmake
[0.849s] -- Up-to-date symlink: /home/hy/Mobility_Challenge/ros2_ws/install/domain_bridge/share/domain_bridge/cmake/ament_cmake_export_libraries-extras.cmake
[0.849s] -- Up-to-date symlink: /home/hy/Mobility_Challenge/ros2_ws/install/domain_bridge/share/domain_bridge/cmake/ament_cmake_export_targets-extras.cmake
[0.850s] -- Up-to-date symlink: /home/hy/Mobility_Challenge/ros2_ws/install/domain_bridge/share/domain_bridge/cmake/ament_cmake_export_include_directories-extras.cmake
[0.851s] -- Up-to-date symlink: /home/hy/Mobility_Challenge/ros2_ws/install/domain_bridge/share/domain_bridge/cmake/rosidl_cmake_export_typesupport_libraries-extras.cmake
[0.851s] -- Up-to-date symlink: /home/hy/Mobility_Challenge/ros2_ws/install/domain_bridge/share/domain_bridge/cmake/rosidl_cmake_export_typesupport_targets-extras.cmake
[0.852s] -- Up-to-date symlink: /home/hy/Mobility_Challenge/ros2_ws/install/domain_bridge/share/domain_bridge/cmake/domain_bridgeConfig.cmake
[0.852s] -- Up-to-date symlink: /home/hy/Mobility_Challenge/ros2_ws/install/domain_bridge/share/domain_bridge/cmake/domain_bridgeConfig-version.cmake
[0.853s] -- Up-to-date symlink: /home/hy/Mobility_Challenge/ros2_ws/install/domain_bridge/share/domain_bridge/package.xml
[0.854s] -- Up-to-date: /home/hy/Mobility_Challenge/ros2_ws/install/domain_bridge/lib/libdomain_bridge__rosidl_generator_c.so
[0.854s] -- Up-to-date: /home/hy/Mobility_Challenge/ros2_ws/install/domain_bridge/lib/libdomain_bridge__rosidl_typesupport_introspection_c.so
[0.855s] -- Up-to-date: /home/hy/Mobility_Challenge/ros2_ws/install/domain_bridge/lib/libdomain_bridge__rosidl_typesupport_c.so
[0.856s] -- Up-to-date: /home/hy/Mobility_Challenge/ros2_ws/install/domain_bridge/lib/libdomain_bridge__rosidl_typesupport_introspection_cpp.so
[0.857s] -- Up-to-date: /home/hy/Mobility_Challenge/ros2_ws/install/domain_bridge/lib/libdomain_bridge__rosidl_typesupport_cpp.so
[0.926s] -- Up-to-date: /home/hy/Mobility_Challenge/ros2_ws/install/domain_bridge/lib/libdomain_bridge.so
[0.928s] -- Up-to-date: /home/hy/Mobility_Challenge/ros2_ws/install/domain_bridge/share/domain_bridge/cmake/domain_bridge__rosidl_generator_cExport.cmake
[0.928s] -- Up-to-date: /home/hy/Mobility_Challenge/ros2_ws/install/domain_bridge/share/domain_bridge/cmake/domain_bridge__rosidl_generator_cExport-noconfig.cmake
[0.929s] -- Up-to-date: /home/hy/Mobility_Challenge/ros2_ws/install/domain_bridge/share/domain_bridge/cmake/domain_bridge__rosidl_typesupport_introspection_cExport.cmake
[0.929s] -- Up-to-date: /home/hy/Mobility_Challenge/ros2_ws/install/domain_bridge/share/domain_bridge/cmake/domain_bridge__rosidl_typesupport_introspection_cExport-noconfig.cmake
[0.930s] -- Up-to-date: /home/hy/Mobility_Challenge/ros2_ws/install/domain_bridge/share/domain_bridge/cmake/domain_bridge__rosidl_typesupport_cExport.cmake
[0.930s] -- Up-to-date: /home/hy/Mobility_Challenge/ros2_ws/install/domain_bridge/share/domain_bridge/cmake/domain_bridge__rosidl_typesupport_cExport-noconfig.cmake
[0.930s] -- Up-to-date: /home/hy/Mobility_Challenge/ros2_ws/install/domain_bridge/share/domain_bridge/cmake/domain_bridge__rosidl_generator_cppExport.cmake
[0.931s] -- Up-to-date: /home/hy/Mobility_Challenge/ros2_ws/install/domain_bridge/share/domain_bridge/cmake/domain_bridge__rosidl_typesupport_introspection_cppExport.cmake
[0.931s] -- Up-to-date: /home/hy/Mobility_Challenge/ros2_ws/install/domain_bridge/share/domain_bridge/cmake/domain_bridge__rosidl_typesupport_introspection_cppExport-noconfig.cmake
[0.932s] -- Up-to-date: /home/hy/Mobility_Challenge/ros2_ws/install/domain_bridge/share/domain_bridge/cmake/domain_bridge__rosidl_typesupport_cppExport.cmake
[0.932s] -- Up-to-date: /home/hy/Mobility_Challenge/ros2_ws/install/domain_bridge/share/domain_bridge/cmake/domain_bridge__rosidl_typesupport_cppExport-noconfig.cmake
[0.932s] -- Up-to-date: /home/hy/Mobility_Challenge/ros2_ws/install/domain_bridge/share/domain_bridge/cmake/export_domain_bridgeExport.cmake
[0.933s] -- Up-to-date: /home/hy/Mobility_Challenge/ros2_ws/install/domain_bridge/share/domain_bridge/cmake/export_domain_bridgeExport-noconfig.cmake
[0.938s] Invoked command in '/home/hy/Mobility_Challenge/ros2_ws/build/domain_bridge' returned '0': CMAKE_PREFIX_PATH=/opt/ros/foxy /usr/bin/cmake --install /home/hy/Mobility_Challenge/ros2_ws/build/domain_bridge
