[0.052s] Invoking command in '/home/hy/Mobility_Challenge/build/KMC_HARDWARE_uart_sdk': /usr/bin/cmake /home/hy/Mobility_Challenge/sdk/KAIST_Mobility_Challenge_SDK -DCMAKE_INSTALL_PREFIX=/home/hy/Mobility_Challenge/install/KMC_HARDWARE_uart_sdk
[0.610s] -- The CXX compiler identification is GNU 9.4.0
[0.610s] -- Check for working CXX compiler: /usr/bin/c++
[0.610s] -- Check for working CXX compiler: /usr/bin/c++ -- works
[0.611s] -- Detecting CXX compiler ABI info
[0.611s] -- Detecting CXX compiler ABI info - done
[0.611s] -- Detecting CXX compile features
[0.611s] -- Detecting CXX compile features - done
[0.611s] -- Looking for C++ include pthread.h
[0.805s] -- Looking for C++ include pthread.h - found
[0.805s] -- Performing Test CMAKE_HAVE_LIBC_PTHREAD
[1.012s] -- Performing Test CMAKE_HAVE_LIBC_PTHREAD - Failed
[1.015s] -- Looking for pthread_create in pthreads
[1.173s] -- Looking for pthread_create in pthreads - not found
[1.174s] -- Looking for pthread_create in pthread
[1.339s] -- Looking for pthread_create in pthread - found
[1.339s] -- Found Threads: TRUE  
[1.341s] -- Configuring done
[1.368s] -- Generating done
[1.377s] -- Build files have been written to: /home/hy/Mobility_Challenge/build/KMC_HARDWARE_uart_sdk
[1.394s] Invoked command in '/home/hy/Mobility_Challenge/build/KMC_HARDWARE_uart_sdk' returned '0': /usr/bin/cmake /home/hy/Mobility_Challenge/sdk/KAIST_Mobility_Challenge_SDK -DCMAKE_INSTALL_PREFIX=/home/hy/Mobility_Challenge/install/KMC_HARDWARE_uart_sdk
[1.403s] Invoking command in '/home/hy/Mobility_Challenge/build/KMC_HARDWARE_uart_sdk': /usr/bin/cmake --build /home/hy/Mobility_Challenge/build/KMC_HARDWARE_uart_sdk -- -j4 -l4
[1.494s] [35m[1mScanning dependencies of target KMC_HARDWARE_uart[0m
[1.519s] [  5%] [32mBuilding CXX object CMakeFiles/KMC_HARDWARE_uart.dir/src/KMC_serial_port.cpp.o[0m
[1.530s] [ 10%] [32mBuilding CXX object CMakeFiles/KMC_HARDWARE_uart.dir/src/KMC_driver.cpp.o[0m
[1.537s] [ 15%] [32mBuilding CXX object CMakeFiles/KMC_HARDWARE_uart.dir/src/KMC_uart_client.cpp.o[0m
[4.530s] [ 20%] [32m[1mLinking CXX static library libKMC_HARDWARE_uart.a[0m
[4.618s] [ 20%] Built target KMC_HARDWARE_uart
[4.638s] [35m[1mScanning dependencies of target read_battery[0m
[4.643s] [35m[1mScanning dependencies of target high_rate_control[0m
[4.643s] [35m[1mScanning dependencies of target teleop_and_speed[0m
[4.643s] [35m[1mScanning dependencies of target read_allstate[0m
[4.663s] [ 30%] [32mBuilding CXX object CMakeFiles/read_allstate.dir/examples/UartClient_Advanced/read_allstate.cpp.o[0m
[4.664s] [ 30%] [32mBuilding CXX object CMakeFiles/read_battery.dir/examples/UartClient_Advanced/read_battery.cpp.o[0m
[4.678s] [ 35%] [32mBuilding CXX object CMakeFiles/teleop_and_speed.dir/examples/UartClient_Advanced/teleop_and_speed.cpp.o[0m
[4.695s] [ 40%] [32mBuilding CXX object CMakeFiles/high_rate_control.dir/examples/Driver_Intermediate/high_rate_control.cpp.o[0m
[5.884s] [ 45%] [32m[1mLinking CXX executable read_allstate[0m
[5.994s] [ 55%] [32m[1mLinking CXX executable teleop_and_speed[0m
[5.995s] [ 55%] [32m[1mLinking CXX executable read_battery[0m
[6.099s] [ 55%] Built target read_allstate
[6.123s] [35m[1mScanning dependencies of target read_speed[0m
[6.152s] [ 60%] [32mBuilding CXX object CMakeFiles/read_speed.dir/examples/UartClient_Advanced/read_speed.cpp.o[0m
[6.222s] [ 60%] Built target teleop_and_speed
[6.246s] [35m[1mScanning dependencies of target driver_observe[0m
[6.271s] [ 60%] Built target read_battery
[6.288s] [ 65%] [32mBuilding CXX object CMakeFiles/driver_observe.dir/examples/Driver_Intermediate/driver_observe.cpp.o[0m
[6.291s] [35m[1mScanning dependencies of target driver_demo[0m
[6.316s] [ 70%] [32mBuilding CXX object CMakeFiles/driver_demo.dir/examples/Driver_Basic/driver_demo.cpp.o[0m
[6.525s] [ 75%] [32m[1mLinking CXX executable high_rate_control[0m
[6.819s] [ 75%] Built target high_rate_control
[6.846s] [35m[1mScanning dependencies of target driver_read_allstate[0m
[6.875s] [ 80%] [32mBuilding CXX object CMakeFiles/driver_read_allstate.dir/examples/Driver_Intermediate/driver_read_allstate.cpp.o[0m
[7.456s] [ 85%] [32m[1mLinking CXX executable read_speed[0m
[7.546s] [ 90%] [32m[1mLinking CXX executable driver_demo[0m
[7.670s] [ 90%] Built target read_speed
[7.778s] [ 90%] Built target driver_demo
[7.908s] [ 95%] [32m[1mLinking CXX executable driver_observe[0m
[8.127s] [ 95%] Built target driver_observe
[8.437s] [100%] [32m[1mLinking CXX executable driver_read_allstate[0m
[8.640s] [100%] Built target driver_read_allstate
[8.664s] Invoked command in '/home/hy/Mobility_Challenge/build/KMC_HARDWARE_uart_sdk' returned '0': /usr/bin/cmake --build /home/hy/Mobility_Challenge/build/KMC_HARDWARE_uart_sdk -- -j4 -l4
