[0.515s] Invoking command in '/home/hy/Mobility_Challenge/ros2_ws/build/simulator_launch': CMAKE_PREFIX_PATH=${CMAKE_PREFIX_PATH}:/home/hy/Mobility_Challenge/ros2_ws/install/cav_controller:/home/hy/Mobility_Challenge/install/cav_controller:/opt/ros/foxy /usr/bin/cmake --build /home/hy/Mobility_Challenge/ros2_ws/build/simulator_launch -- -j4 -l4
[0.597s] Invoked command in '/home/hy/Mobility_Challenge/ros2_ws/build/simulator_launch' returned '0': CMAKE_PREFIX_PATH=${CMAKE_PREFIX_PATH}:/home/hy/Mobility_Challenge/ros2_ws/install/cav_controller:/home/hy/Mobility_Challenge/install/cav_controller:/opt/ros/foxy /usr/bin/cmake --build /home/hy/Mobility_Challenge/ros2_ws/build/simulator_launch -- -j4 -l4
[0.630s] Invoking command in '/home/hy/Mobility_Challenge/ros2_ws/build/simulator_launch': CMAKE_PREFIX_PATH=${CMAKE_PREFIX_PATH}:/home/hy/Mobility_Challenge/ros2_ws/install/cav_controller:/home/hy/Mobility_Challenge/install/cav_controller:/opt/ros/foxy /usr/bin/cmake --install /home/hy/Mobility_Challenge/ros2_ws/build/simulator_launch
[0.651s] -- Install configuration: ""
[0.652s] -- Execute custom install script
[0.653s] -- Up-to-date symlink: /home/hy/Mobility_Challenge/ros2_ws/install/simulator_launch/share/simulator_launch/launch/simulator_launch.py
[0.654s] -- Up-to-date symlink: /home/hy/Mobility_Challenge/ros2_ws/install/simulator_launch/share/ament_index/resource_index/package_run_dependencies/simulator_launch
[0.654s] -- Up-to-date symlink: /home/hy/Mobility_Challenge/ros2_ws/install/simulator_launch/share/ament_index/resource_index/parent_prefix_path/simulator_launch
[0.655s] -- Up-to-date symlink: /home/hy/Mobility_Challenge/ros2_ws/install/simulator_launch/share/simulator_launch/environment/ament_prefix_path.sh
[0.655s] -- Up-to-date symlink: /home/hy/Mobility_Challenge/ros2_ws/install/simulator_launch/share/simulator_launch/environment/ament_prefix_path.dsv
[0.656s] -- Up-to-date symlink: /home/hy/Mobility_Challenge/ros2_ws/install/simulator_launch/share/simulator_launch/environment/path.sh
[0.656s] -- Up-to-date symlink: /home/hy/Mobility_Challenge/ros2_ws/install/simulator_launch/share/simulator_launch/environment/path.dsv
[0.657s] -- Up-to-date symlink: /home/hy/Mobility_Challenge/ros2_ws/install/simulator_launch/share/simulator_launch/local_setup.bash
[0.658s] -- Up-to-date symlink: /home/hy/Mobility_Challenge/ros2_ws/install/simulator_launch/share/simulator_launch/local_setup.sh
[0.658s] -- Up-to-date symlink: /home/hy/Mobility_Challenge/ros2_ws/install/simulator_launch/share/simulator_launch/local_setup.zsh
[0.659s] -- Up-to-date symlink: /home/hy/Mobility_Challenge/ros2_ws/install/simulator_launch/share/simulator_launch/local_setup.dsv
[0.659s] -- Symlinking: /home/hy/Mobility_Challenge/ros2_ws/install/simulator_launch/share/simulator_launch/package.dsv
[0.680s] -- Up-to-date symlink: /home/hy/Mobility_Challenge/ros2_ws/install/simulator_launch/share/ament_index/resource_index/packages/simulator_launch
[0.680s] -- Up-to-date symlink: /home/hy/Mobility_Challenge/ros2_ws/install/simulator_launch/share/simulator_launch/cmake/simulator_launchConfig.cmake
[0.681s] -- Up-to-date symlink: /home/hy/Mobility_Challenge/ros2_ws/install/simulator_launch/share/simulator_launch/cmake/simulator_launchConfig-version.cmake
[0.681s] -- Up-to-date symlink: /home/hy/Mobility_Challenge/ros2_ws/install/simulator_launch/share/simulator_launch/package.xml
[0.686s] Invoked command in '/home/hy/Mobility_Challenge/ros2_ws/build/simulator_launch' returned '0': CMAKE_PREFIX_PATH=${CMAKE_PREFIX_PATH}:/home/hy/Mobility_Challenge/ros2_ws/install/cav_controller:/home/hy/Mobility_Challenge/install/cav_controller:/opt/ros/foxy /usr/bin/cmake --install /home/hy/Mobility_Challenge/ros2_ws/build/simulator_launch
