[0.259s] Invoking command in '/home/chan/KAIST_Mobility_Challenge_Hardware/build/simulator_launch': CMAKE_PREFIX_PATH=${CMAKE_PREFIX_PATH}:/home/chan/Mobility_Challenge_Simulator/install/hy_drive:/home/chan/Mobility_Challenge_Simulator/install/control_py:/opt/ros/foxy /usr/bin/cmake /home/chan/KAIST_Mobility_Challenge_Hardware/ros2_ws/src/simulator_launch -DAMENT_CMAKE_SYMLINK_INSTALL=1 -DCMAKE_INSTALL_PREFIX=/home/chan/KAIST_Mobility_Challenge_Hardware/install/simulator_launch
[0.645s] -- The C compiler identification is GNU 9.4.0
[1.003s] -- The CXX compiler identification is GNU 9.4.0
[1.277s] -- Check for working C compiler: /usr/bin/cc
[1.496s] -- Check for working C compiler: /usr/bin/cc -- works
[1.496s] -- Detecting C compiler ABI info
[1.738s] -- Detecting C compiler ABI info - done
[1.746s] -- Detecting C compile features
[1.747s] -- Detecting C compile features - done
[1.749s] -- Check for working CXX compiler: /usr/bin/c++
[1.942s] -- Check for working CXX compiler: /usr/bin/c++ -- works
[1.943s] -- Detecting CXX compiler ABI info
[2.168s] -- Detecting CXX compiler ABI info - done
[2.180s] -- Detecting CXX compile features
[2.181s] -- Detecting CXX compile features - done
[2.236s] -- Found ament_cmake: 0.9.12 (/opt/ros/foxy/share/ament_cmake/cmake)
[2.280s] -- Found PythonInterp: /usr/bin/python3 (found suitable version "3.8.10", minimum required is "3") 
[2.280s] -- Using PYTHON_EXECUTABLE: /usr/bin/python3
[2.463s] -- Override CMake install command with custom implementation using symlinks instead of copying resources
[2.594s] -- Configuring done
[2.598s] -- Generating done
[2.599s] -- Build files have been written to: /home/chan/KAIST_Mobility_Challenge_Hardware/build/simulator_launch
[2.603s] Invoked command in '/home/chan/KAIST_Mobility_Challenge_Hardware/build/simulator_launch' returned '0': CMAKE_PREFIX_PATH=${CMAKE_PREFIX_PATH}:/home/chan/Mobility_Challenge_Simulator/install/hy_drive:/home/chan/Mobility_Challenge_Simulator/install/control_py:/opt/ros/foxy /usr/bin/cmake /home/chan/KAIST_Mobility_Challenge_Hardware/ros2_ws/src/simulator_launch -DAMENT_CMAKE_SYMLINK_INSTALL=1 -DCMAKE_INSTALL_PREFIX=/home/chan/KAIST_Mobility_Challenge_Hardware/install/simulator_launch
[2.608s] Invoking command in '/home/chan/KAIST_Mobility_Challenge_Hardware/build/simulator_launch': CMAKE_PREFIX_PATH=${CMAKE_PREFIX_PATH}:/home/chan/Mobility_Challenge_Simulator/install/hy_drive:/home/chan/Mobility_Challenge_Simulator/install/control_py:/opt/ros/foxy /usr/bin/cmake --build /home/chan/KAIST_Mobility_Challenge_Hardware/build/simulator_launch -- -j20 -l20
[2.650s] Invoked command in '/home/chan/KAIST_Mobility_Challenge_Hardware/build/simulator_launch' returned '0': CMAKE_PREFIX_PATH=${CMAKE_PREFIX_PATH}:/home/chan/Mobility_Challenge_Simulator/install/hy_drive:/home/chan/Mobility_Challenge_Simulator/install/control_py:/opt/ros/foxy /usr/bin/cmake --build /home/chan/KAIST_Mobility_Challenge_Hardware/build/simulator_launch -- -j20 -l20
[2.665s] Invoking command in '/home/chan/KAIST_Mobility_Challenge_Hardware/build/simulator_launch': CMAKE_PREFIX_PATH=${CMAKE_PREFIX_PATH}:/home/chan/Mobility_Challenge_Simulator/install/hy_drive:/home/chan/Mobility_Challenge_Simulator/install/control_py:/opt/ros/foxy /usr/bin/cmake --install /home/chan/KAIST_Mobility_Challenge_Hardware/build/simulator_launch
[2.674s] -- Install configuration: ""
[2.675s] -- Execute custom install script
[2.676s] -- Symlinking: /home/chan/KAIST_Mobility_Challenge_Hardware/install/simulator_launch/share/simulator_launch/launch/simulator_launch.py
[2.689s] -- Symlinking: /home/chan/KAIST_Mobility_Challenge_Hardware/install/simulator_launch/share/ament_index/resource_index/package_run_dependencies/simulator_launch
[2.699s] -- Symlinking: /home/chan/KAIST_Mobility_Challenge_Hardware/install/simulator_launch/share/ament_index/resource_index/parent_prefix_path/simulator_launch
[2.709s] -- Symlinking: /home/chan/KAIST_Mobility_Challenge_Hardware/install/simulator_launch/share/simulator_launch/environment/ament_prefix_path.sh
[2.719s] -- Symlinking: /home/chan/KAIST_Mobility_Challenge_Hardware/install/simulator_launch/share/simulator_launch/environment/ament_prefix_path.dsv
[2.728s] -- Symlinking: /home/chan/KAIST_Mobility_Challenge_Hardware/install/simulator_launch/share/simulator_launch/environment/path.sh
[2.737s] -- Symlinking: /home/chan/KAIST_Mobility_Challenge_Hardware/install/simulator_launch/share/simulator_launch/environment/path.dsv
[2.747s] -- Symlinking: /home/chan/KAIST_Mobility_Challenge_Hardware/install/simulator_launch/share/simulator_launch/local_setup.bash
[2.756s] -- Symlinking: /home/chan/KAIST_Mobility_Challenge_Hardware/install/simulator_launch/share/simulator_launch/local_setup.sh
[2.765s] -- Symlinking: /home/chan/KAIST_Mobility_Challenge_Hardware/install/simulator_launch/share/simulator_launch/local_setup.zsh
[2.774s] -- Symlinking: /home/chan/KAIST_Mobility_Challenge_Hardware/install/simulator_launch/share/simulator_launch/local_setup.dsv
[2.785s] -- Symlinking: /home/chan/KAIST_Mobility_Challenge_Hardware/install/simulator_launch/share/simulator_launch/package.dsv
[2.795s] -- Symlinking: /home/chan/KAIST_Mobility_Challenge_Hardware/install/simulator_launch/share/ament_index/resource_index/packages/simulator_launch
[2.805s] -- Symlinking: /home/chan/KAIST_Mobility_Challenge_Hardware/install/simulator_launch/share/simulator_launch/cmake/simulator_launchConfig.cmake
[2.814s] -- Symlinking: /home/chan/KAIST_Mobility_Challenge_Hardware/install/simulator_launch/share/simulator_launch/cmake/simulator_launchConfig-version.cmake
[2.824s] -- Symlinking: /home/chan/KAIST_Mobility_Challenge_Hardware/install/simulator_launch/share/simulator_launch/package.xml
[2.837s] Invoked command in '/home/chan/KAIST_Mobility_Challenge_Hardware/build/simulator_launch' returned '0': CMAKE_PREFIX_PATH=${CMAKE_PREFIX_PATH}:/home/chan/Mobility_Challenge_Simulator/install/hy_drive:/home/chan/Mobility_Challenge_Simulator/install/control_py:/opt/ros/foxy /usr/bin/cmake --install /home/chan/KAIST_Mobility_Challenge_Hardware/build/simulator_launch
