[0.418s] DEBUG:colcon:Command line arguments: ['/usr/bin/colcon', 'build', '--symlink-install']
[0.418s] DEBUG:colcon:Parsed command line arguments: Namespace(allow_overriding=[], ament_cmake_args=None, base_paths=['.'], build_base='build', catkin_cmake_args=None, catkin_skip_building_tests=False, cmake_args=None, cmake_clean_cache=False, cmake_clean_first=False, cmake_force_configure=False, cmake_target=None, cmake_target_skip_unavailable=False, continue_on_error=False, event_handlers=None, executor='parallel', ignore_user_meta=False, install_base='install', log_base=None, log_level=None, main=<bound method BuildVerb.main of <colcon_core.verb.build.BuildVerb object at 0xffff8b8fd6d0>>, merge_install=False, metas=['./colcon.meta'], mixin=None, mixin_files=None, mixin_verb=('build',), packages_above=None, packages_above_and_dependencies=None, packages_above_depth=None, packages_end=None, packages_ignore=None, packages_ignore_regex=None, packages_select=None, packages_select_build_failed=False, packages_select_by_dep=None, packages_select_regex=None, packages_select_test_failures=False, packages_skip=None, packages_skip_build_finished=False, packages_skip_by_dep=None, packages_skip_regex=None, packages_skip_test_passed=False, packages_skip_up_to=None, packages_start=None, packages_up_to=None, packages_up_to_regex=None, parallel_workers=4, paths=None, symlink_install=True, test_result_base=None, verb_extension=<colcon_core.verb.build.BuildVerb object at 0xffff8b8fd6d0>, verb_name='build', verb_parser=<colcon_mixin.mixin.mixin_argument.MixinArgumentDecorator object at 0xffff8b908040>)
[0.748s] Level 1:colcon.colcon_core.package_discovery:discover_packages(colcon_meta) check parameters
[0.748s] Level 1:colcon.colcon_core.package_discovery:discover_packages(recursive) check parameters
[0.748s] Level 1:colcon.colcon_core.package_discovery:discover_packages(ignore) check parameters
[0.749s] Level 1:colcon.colcon_core.package_discovery:discover_packages(path) check parameters
[0.749s] Level 1:colcon.colcon_core.package_discovery:discover_packages(colcon_meta) discover
[0.749s] Level 1:colcon.colcon_core.package_discovery:discover_packages(recursive) discover
[0.749s] INFO:colcon.colcon_core.package_discovery:Crawling recursively for packages in '/home/cav-06/KAIST_Mobility_Challenge_Hardware/sdk/KAIST_Mobility_Challenge_SDK/examples/Driver_ROS2'
[0.749s] Level 1:colcon.colcon_core.package_identification:_identify(.) by extensions ['ignore', 'ignore_ament_install']
[0.750s] Level 1:colcon.colcon_core.package_identification:_identify(.) by extension 'ignore'
[0.750s] Level 1:colcon.colcon_core.package_identification:_identify(.) by extension 'ignore_ament_install'
[0.750s] Level 1:colcon.colcon_core.package_identification:_identify(.) by extensions ['colcon_pkg']
[0.750s] Level 1:colcon.colcon_core.package_identification:_identify(.) by extension 'colcon_pkg'
[0.750s] Level 1:colcon.colcon_core.package_identification:_identify(.) by extensions ['colcon_meta']
[0.750s] Level 1:colcon.colcon_core.package_identification:_identify(.) by extension 'colcon_meta'
[0.750s] Level 1:colcon.colcon_core.package_identification:_identify(.) by extensions ['ros']
[0.750s] Level 1:colcon.colcon_core.package_identification:_identify(.) by extension 'ros'
[0.779s] DEBUG:colcon.colcon_core.package_identification:Package '.' with type 'ros.ament_cmake' and name 'kmc_hardware_driver_node'
[0.780s] Level 1:colcon.colcon_core.package_discovery:discover_packages(recursive) using defaults
[0.780s] Level 1:colcon.colcon_core.package_discovery:discover_packages(ignore) discover
[0.780s] Level 1:colcon.colcon_core.package_discovery:discover_packages(ignore) using defaults
[0.780s] Level 1:colcon.colcon_core.package_discovery:discover_packages(path) discover
[0.780s] Level 1:colcon.colcon_core.package_discovery:discover_packages(path) using defaults
[0.812s] Level 1:colcon.colcon_core.package_discovery:discover_packages(prefix_path) check parameters
[0.813s] Level 1:colcon.colcon_core.package_discovery:discover_packages(prefix_path) discover
[0.817s] DEBUG:colcon.colcon_installed_package_information.package_discovery:Found 1 installed packages in /home/cav-06/KAIST_Mobility_Challenge_Hardware/ros2_ws/install
[0.819s] DEBUG:colcon.colcon_installed_package_information.package_discovery:Found 257 installed packages in /opt/ros/foxy
[0.851s] Level 1:colcon.colcon_core.package_discovery:discover_packages(prefix_path) using defaults
[0.977s] Level 5:colcon.colcon_core.verb:set package 'kmc_hardware_driver_node' build argument 'cmake_args' from command line to 'None'
[0.977s] Level 5:colcon.colcon_core.verb:set package 'kmc_hardware_driver_node' build argument 'cmake_target' from command line to 'None'
[0.977s] Level 5:colcon.colcon_core.verb:set package 'kmc_hardware_driver_node' build argument 'cmake_target_skip_unavailable' from command line to 'False'
[0.977s] Level 5:colcon.colcon_core.verb:set package 'kmc_hardware_driver_node' build argument 'cmake_clean_cache' from command line to 'False'
[0.977s] Level 5:colcon.colcon_core.verb:set package 'kmc_hardware_driver_node' build argument 'cmake_clean_first' from command line to 'False'
[0.977s] Level 5:colcon.colcon_core.verb:set package 'kmc_hardware_driver_node' build argument 'cmake_force_configure' from command line to 'False'
[0.977s] Level 5:colcon.colcon_core.verb:set package 'kmc_hardware_driver_node' build argument 'ament_cmake_args' from command line to 'None'
[0.977s] Level 5:colcon.colcon_core.verb:set package 'kmc_hardware_driver_node' build argument 'catkin_cmake_args' from command line to 'None'
[0.978s] Level 5:colcon.colcon_core.verb:set package 'kmc_hardware_driver_node' build argument 'catkin_skip_building_tests' from command line to 'False'
[0.978s] DEBUG:colcon.colcon_core.verb:Building package 'kmc_hardware_driver_node' with the following arguments: {'ament_cmake_args': None, 'build_base': '/home/cav-06/KAIST_Mobility_Challenge_Hardware/sdk/KAIST_Mobility_Challenge_SDK/examples/Driver_ROS2/build/kmc_hardware_driver_node', 'catkin_cmake_args': None, 'catkin_skip_building_tests': False, 'cmake_args': None, 'cmake_clean_cache': False, 'cmake_clean_first': False, 'cmake_force_configure': False, 'cmake_target': None, 'cmake_target_skip_unavailable': False, 'install_base': '/home/cav-06/KAIST_Mobility_Challenge_Hardware/sdk/KAIST_Mobility_Challenge_SDK/examples/Driver_ROS2/install/kmc_hardware_driver_node', 'merge_install': False, 'path': '/home/cav-06/KAIST_Mobility_Challenge_Hardware/sdk/KAIST_Mobility_Challenge_SDK/examples/Driver_ROS2', 'symlink_install': True, 'test_result_base': None}
[0.978s] INFO:colcon.colcon_core.executor:Executing jobs using 'parallel' executor
[0.980s] DEBUG:colcon.colcon_parallel_executor.executor.parallel:run_until_complete
[0.981s] INFO:colcon.colcon_ros.task.ament_cmake.build:Building ROS package in '/home/cav-06/KAIST_Mobility_Challenge_Hardware/sdk/KAIST_Mobility_Challenge_SDK/examples/Driver_ROS2' with build type 'ament_cmake'
[0.981s] INFO:colcon.colcon_cmake.task.cmake.build:Building CMake package in '/home/cav-06/KAIST_Mobility_Challenge_Hardware/sdk/KAIST_Mobility_Challenge_SDK/examples/Driver_ROS2'
[0.985s] INFO:colcon.colcon_core.plugin_system:Skipping extension 'colcon_core.shell.bat': Not used on non-Windows systems
[0.986s] INFO:colcon.colcon_core.shell:Skip shell extension 'powershell' for command environment: Not usable outside of PowerShell
[0.986s] DEBUG:colcon.colcon_core.shell:Skip shell extension 'dsv' for command environment
[1.003s] DEBUG:colcon.colcon_core.event_handler.log_command:Invoking command in '/home/cav-06/KAIST_Mobility_Challenge_Hardware/sdk/KAIST_Mobility_Challenge_SDK/examples/Driver_ROS2/build/kmc_hardware_driver_node': CMAKE_PREFIX_PATH=${CMAKE_PREFIX_PATH}:/opt/ros/foxy /usr/bin/cmake /home/cav-06/KAIST_Mobility_Challenge_Hardware/sdk/KAIST_Mobility_Challenge_SDK/examples/Driver_ROS2 -DAMENT_CMAKE_SYMLINK_INSTALL=1 -DCMAKE_INSTALL_PREFIX=/home/cav-06/KAIST_Mobility_Challenge_Hardware/sdk/KAIST_Mobility_Challenge_SDK/examples/Driver_ROS2/install/kmc_hardware_driver_node
[4.032s] DEBUG:colcon.colcon_core.event_handler.log_command:Invoked command in '/home/cav-06/KAIST_Mobility_Challenge_Hardware/sdk/KAIST_Mobility_Challenge_SDK/examples/Driver_ROS2/build/kmc_hardware_driver_node' returned '0': CMAKE_PREFIX_PATH=${CMAKE_PREFIX_PATH}:/opt/ros/foxy /usr/bin/cmake /home/cav-06/KAIST_Mobility_Challenge_Hardware/sdk/KAIST_Mobility_Challenge_SDK/examples/Driver_ROS2 -DAMENT_CMAKE_SYMLINK_INSTALL=1 -DCMAKE_INSTALL_PREFIX=/home/cav-06/KAIST_Mobility_Challenge_Hardware/sdk/KAIST_Mobility_Challenge_SDK/examples/Driver_ROS2/install/kmc_hardware_driver_node
[4.038s] DEBUG:colcon.colcon_core.event_handler.log_command:Invoking command in '/home/cav-06/KAIST_Mobility_Challenge_Hardware/sdk/KAIST_Mobility_Challenge_SDK/examples/Driver_ROS2/build/kmc_hardware_driver_node': CMAKE_PREFIX_PATH=${CMAKE_PREFIX_PATH}:/opt/ros/foxy /usr/bin/cmake --build /home/cav-06/KAIST_Mobility_Challenge_Hardware/sdk/KAIST_Mobility_Challenge_SDK/examples/Driver_ROS2/build/kmc_hardware_driver_node -- -j4 -l4
[24.051s] DEBUG:colcon.colcon_core.event_handler.log_command:Invoked command in '/home/cav-06/KAIST_Mobility_Challenge_Hardware/sdk/KAIST_Mobility_Challenge_SDK/examples/Driver_ROS2/build/kmc_hardware_driver_node' returned '0': CMAKE_PREFIX_PATH=${CMAKE_PREFIX_PATH}:/opt/ros/foxy /usr/bin/cmake --build /home/cav-06/KAIST_Mobility_Challenge_Hardware/sdk/KAIST_Mobility_Challenge_SDK/examples/Driver_ROS2/build/kmc_hardware_driver_node -- -j4 -l4
[24.082s] DEBUG:colcon.colcon_core.event_handler.log_command:Invoking command in '/home/cav-06/KAIST_Mobility_Challenge_Hardware/sdk/KAIST_Mobility_Challenge_SDK/examples/Driver_ROS2/build/kmc_hardware_driver_node': CMAKE_PREFIX_PATH=${CMAKE_PREFIX_PATH}:/opt/ros/foxy /usr/bin/cmake --install /home/cav-06/KAIST_Mobility_Challenge_Hardware/sdk/KAIST_Mobility_Challenge_SDK/examples/Driver_ROS2/build/kmc_hardware_driver_node
[24.487s] Level 1:colcon.colcon_core.environment:create_environment_scripts_only(kmc_hardware_driver_node)
[24.489s] DEBUG:colcon.colcon_core.event_handler.log_command:Invoked command in '/home/cav-06/KAIST_Mobility_Challenge_Hardware/sdk/KAIST_Mobility_Challenge_SDK/examples/Driver_ROS2/build/kmc_hardware_driver_node' returned '0': CMAKE_PREFIX_PATH=${CMAKE_PREFIX_PATH}:/opt/ros/foxy /usr/bin/cmake --install /home/cav-06/KAIST_Mobility_Challenge_Hardware/sdk/KAIST_Mobility_Challenge_SDK/examples/Driver_ROS2/build/kmc_hardware_driver_node
[24.496s] Level 1:colcon.colcon_core.environment:checking '/home/cav-06/KAIST_Mobility_Challenge_Hardware/sdk/KAIST_Mobility_Challenge_SDK/examples/Driver_ROS2/install/kmc_hardware_driver_node' for CMake module files
[24.497s] Level 1:colcon.colcon_core.environment:checking '/home/cav-06/KAIST_Mobility_Challenge_Hardware/sdk/KAIST_Mobility_Challenge_SDK/examples/Driver_ROS2/install/kmc_hardware_driver_node' for CMake config files
[24.498s] Level 1:colcon.colcon_core.shell:create_environment_hook('kmc_hardware_driver_node', 'cmake_prefix_path')
[24.499s] INFO:colcon.colcon_core.shell:Creating environment hook '/home/cav-06/KAIST_Mobility_Challenge_Hardware/sdk/KAIST_Mobility_Challenge_SDK/examples/Driver_ROS2/install/kmc_hardware_driver_node/share/kmc_hardware_driver_node/hook/cmake_prefix_path.ps1'
[24.501s] INFO:colcon.colcon_core.shell:Creating environment descriptor '/home/cav-06/KAIST_Mobility_Challenge_Hardware/sdk/KAIST_Mobility_Challenge_SDK/examples/Driver_ROS2/install/kmc_hardware_driver_node/share/kmc_hardware_driver_node/hook/cmake_prefix_path.dsv'
[24.503s] INFO:colcon.colcon_core.shell:Creating environment hook '/home/cav-06/KAIST_Mobility_Challenge_Hardware/sdk/KAIST_Mobility_Challenge_SDK/examples/Driver_ROS2/install/kmc_hardware_driver_node/share/kmc_hardware_driver_node/hook/cmake_prefix_path.sh'
[24.506s] Level 1:colcon.colcon_core.environment:checking '/home/cav-06/KAIST_Mobility_Challenge_Hardware/sdk/KAIST_Mobility_Challenge_SDK/examples/Driver_ROS2/install/kmc_hardware_driver_node/lib'
[24.506s] Level 1:colcon.colcon_core.environment:checking '/home/cav-06/KAIST_Mobility_Challenge_Hardware/sdk/KAIST_Mobility_Challenge_SDK/examples/Driver_ROS2/install/kmc_hardware_driver_node/bin'
[24.506s] Level 1:colcon.colcon_core.environment:checking '/home/cav-06/KAIST_Mobility_Challenge_Hardware/sdk/KAIST_Mobility_Challenge_SDK/examples/Driver_ROS2/install/kmc_hardware_driver_node/lib/pkgconfig/kmc_hardware_driver_node.pc'
[24.507s] Level 1:colcon.colcon_core.environment:checking '/home/cav-06/KAIST_Mobility_Challenge_Hardware/sdk/KAIST_Mobility_Challenge_SDK/examples/Driver_ROS2/install/kmc_hardware_driver_node/lib/python3.8/site-packages'
[24.507s] Level 1:colcon.colcon_core.environment:checking '/home/cav-06/KAIST_Mobility_Challenge_Hardware/sdk/KAIST_Mobility_Challenge_SDK/examples/Driver_ROS2/install/kmc_hardware_driver_node/bin'
[24.508s] INFO:colcon.colcon_core.shell:Creating package script '/home/cav-06/KAIST_Mobility_Challenge_Hardware/sdk/KAIST_Mobility_Challenge_SDK/examples/Driver_ROS2/install/kmc_hardware_driver_node/share/kmc_hardware_driver_node/package.ps1'
[24.510s] INFO:colcon.colcon_core.shell:Creating package descriptor '/home/cav-06/KAIST_Mobility_Challenge_Hardware/sdk/KAIST_Mobility_Challenge_SDK/examples/Driver_ROS2/install/kmc_hardware_driver_node/share/kmc_hardware_driver_node/package.dsv'
[24.512s] INFO:colcon.colcon_core.shell:Creating package script '/home/cav-06/KAIST_Mobility_Challenge_Hardware/sdk/KAIST_Mobility_Challenge_SDK/examples/Driver_ROS2/install/kmc_hardware_driver_node/share/kmc_hardware_driver_node/package.sh'
[24.514s] INFO:colcon.colcon_core.shell:Creating package script '/home/cav-06/KAIST_Mobility_Challenge_Hardware/sdk/KAIST_Mobility_Challenge_SDK/examples/Driver_ROS2/install/kmc_hardware_driver_node/share/kmc_hardware_driver_node/package.bash'
[24.516s] INFO:colcon.colcon_core.shell:Creating package script '/home/cav-06/KAIST_Mobility_Challenge_Hardware/sdk/KAIST_Mobility_Challenge_SDK/examples/Driver_ROS2/install/kmc_hardware_driver_node/share/kmc_hardware_driver_node/package.zsh'
[24.517s] Level 1:colcon.colcon_core.environment:create_file_with_runtime_dependencies(/home/cav-06/KAIST_Mobility_Challenge_Hardware/sdk/KAIST_Mobility_Challenge_SDK/examples/Driver_ROS2/install/kmc_hardware_driver_node/share/colcon-core/packages/kmc_hardware_driver_node)
[24.519s] Level 1:colcon.colcon_core.environment:create_environment_scripts_only(kmc_hardware_driver_node)
[24.520s] Level 1:colcon.colcon_core.environment:checking '/home/cav-06/KAIST_Mobility_Challenge_Hardware/sdk/KAIST_Mobility_Challenge_SDK/examples/Driver_ROS2/install/kmc_hardware_driver_node' for CMake module files
[24.521s] Level 1:colcon.colcon_core.environment:checking '/home/cav-06/KAIST_Mobility_Challenge_Hardware/sdk/KAIST_Mobility_Challenge_SDK/examples/Driver_ROS2/install/kmc_hardware_driver_node' for CMake config files
[24.522s] Level 1:colcon.colcon_core.shell:create_environment_hook('kmc_hardware_driver_node', 'cmake_prefix_path')
[24.522s] INFO:colcon.colcon_core.shell:Creating environment hook '/home/cav-06/KAIST_Mobility_Challenge_Hardware/sdk/KAIST_Mobility_Challenge_SDK/examples/Driver_ROS2/install/kmc_hardware_driver_node/share/kmc_hardware_driver_node/hook/cmake_prefix_path.ps1'
[24.523s] INFO:colcon.colcon_core.shell:Creating environment descriptor '/home/cav-06/KAIST_Mobility_Challenge_Hardware/sdk/KAIST_Mobility_Challenge_SDK/examples/Driver_ROS2/install/kmc_hardware_driver_node/share/kmc_hardware_driver_node/hook/cmake_prefix_path.dsv'
[24.524s] INFO:colcon.colcon_core.shell:Creating environment hook '/home/cav-06/KAIST_Mobility_Challenge_Hardware/sdk/KAIST_Mobility_Challenge_SDK/examples/Driver_ROS2/install/kmc_hardware_driver_node/share/kmc_hardware_driver_node/hook/cmake_prefix_path.sh'
[24.525s] Level 1:colcon.colcon_core.environment:checking '/home/cav-06/KAIST_Mobility_Challenge_Hardware/sdk/KAIST_Mobility_Challenge_SDK/examples/Driver_ROS2/install/kmc_hardware_driver_node/lib'
[24.526s] Level 1:colcon.colcon_core.environment:checking '/home/cav-06/KAIST_Mobility_Challenge_Hardware/sdk/KAIST_Mobility_Challenge_SDK/examples/Driver_ROS2/install/kmc_hardware_driver_node/bin'
[24.526s] Level 1:colcon.colcon_core.environment:checking '/home/cav-06/KAIST_Mobility_Challenge_Hardware/sdk/KAIST_Mobility_Challenge_SDK/examples/Driver_ROS2/install/kmc_hardware_driver_node/lib/pkgconfig/kmc_hardware_driver_node.pc'
[24.526s] Level 1:colcon.colcon_core.environment:checking '/home/cav-06/KAIST_Mobility_Challenge_Hardware/sdk/KAIST_Mobility_Challenge_SDK/examples/Driver_ROS2/install/kmc_hardware_driver_node/lib/python3.8/site-packages'
[24.527s] Level 1:colcon.colcon_core.environment:checking '/home/cav-06/KAIST_Mobility_Challenge_Hardware/sdk/KAIST_Mobility_Challenge_SDK/examples/Driver_ROS2/install/kmc_hardware_driver_node/bin'
[24.527s] INFO:colcon.colcon_core.shell:Creating package script '/home/cav-06/KAIST_Mobility_Challenge_Hardware/sdk/KAIST_Mobility_Challenge_SDK/examples/Driver_ROS2/install/kmc_hardware_driver_node/share/kmc_hardware_driver_node/package.ps1'
[24.529s] INFO:colcon.colcon_core.shell:Creating package descriptor '/home/cav-06/KAIST_Mobility_Challenge_Hardware/sdk/KAIST_Mobility_Challenge_SDK/examples/Driver_ROS2/install/kmc_hardware_driver_node/share/kmc_hardware_driver_node/package.dsv'
[24.530s] INFO:colcon.colcon_core.shell:Creating package script '/home/cav-06/KAIST_Mobility_Challenge_Hardware/sdk/KAIST_Mobility_Challenge_SDK/examples/Driver_ROS2/install/kmc_hardware_driver_node/share/kmc_hardware_driver_node/package.sh'
[24.530s] INFO:colcon.colcon_core.shell:Creating package script '/home/cav-06/KAIST_Mobility_Challenge_Hardware/sdk/KAIST_Mobility_Challenge_SDK/examples/Driver_ROS2/install/kmc_hardware_driver_node/share/kmc_hardware_driver_node/package.bash'
[24.531s] INFO:colcon.colcon_core.shell:Creating package script '/home/cav-06/KAIST_Mobility_Challenge_Hardware/sdk/KAIST_Mobility_Challenge_SDK/examples/Driver_ROS2/install/kmc_hardware_driver_node/share/kmc_hardware_driver_node/package.zsh'
[24.532s] Level 1:colcon.colcon_core.environment:create_file_with_runtime_dependencies(/home/cav-06/KAIST_Mobility_Challenge_Hardware/sdk/KAIST_Mobility_Challenge_SDK/examples/Driver_ROS2/install/kmc_hardware_driver_node/share/colcon-core/packages/kmc_hardware_driver_node)
[24.533s] DEBUG:colcon.colcon_parallel_executor.executor.parallel:closing loop
[24.534s] DEBUG:colcon.colcon_parallel_executor.executor.parallel:loop closed
[24.534s] DEBUG:colcon.colcon_parallel_executor.executor.parallel:run_until_complete finished with '0'
[24.534s] DEBUG:colcon.colcon_core.event_reactor:joining thread
[24.548s] INFO:colcon.colcon_core.plugin_system:Skipping extension 'colcon_notification.desktop_notification.terminal_notifier': Not used on non-Darwin systems
[24.548s] INFO:colcon.colcon_core.plugin_system:Skipping extension 'colcon_notification.desktop_notification.win32': Not used on non-Windows systems
[24.548s] INFO:colcon.colcon_notification.desktop_notification:Sending desktop notification using 'notify2'
[24.584s] DEBUG:colcon.colcon_core.event_reactor:joined thread
[24.585s] INFO:colcon.colcon_core.shell:Creating prefix script '/home/cav-06/KAIST_Mobility_Challenge_Hardware/sdk/KAIST_Mobility_Challenge_SDK/examples/Driver_ROS2/install/local_setup.ps1'
[24.588s] INFO:colcon.colcon_core.shell:Creating prefix util module '/home/cav-06/KAIST_Mobility_Challenge_Hardware/sdk/KAIST_Mobility_Challenge_SDK/examples/Driver_ROS2/install/_local_setup_util_ps1.py'
[24.591s] INFO:colcon.colcon_core.shell:Creating prefix chain script '/home/cav-06/KAIST_Mobility_Challenge_Hardware/sdk/KAIST_Mobility_Challenge_SDK/examples/Driver_ROS2/install/setup.ps1'
[24.594s] INFO:colcon.colcon_core.shell:Creating prefix script '/home/cav-06/KAIST_Mobility_Challenge_Hardware/sdk/KAIST_Mobility_Challenge_SDK/examples/Driver_ROS2/install/local_setup.sh'
[24.599s] INFO:colcon.colcon_core.shell:Creating prefix util module '/home/cav-06/KAIST_Mobility_Challenge_Hardware/sdk/KAIST_Mobility_Challenge_SDK/examples/Driver_ROS2/install/_local_setup_util_sh.py'
[24.600s] INFO:colcon.colcon_core.shell:Creating prefix chain script '/home/cav-06/KAIST_Mobility_Challenge_Hardware/sdk/KAIST_Mobility_Challenge_SDK/examples/Driver_ROS2/install/setup.sh'
[24.603s] INFO:colcon.colcon_core.shell:Creating prefix script '/home/cav-06/KAIST_Mobility_Challenge_Hardware/sdk/KAIST_Mobility_Challenge_SDK/examples/Driver_ROS2/install/local_setup.bash'
[24.604s] INFO:colcon.colcon_core.shell:Creating prefix chain script '/home/cav-06/KAIST_Mobility_Challenge_Hardware/sdk/KAIST_Mobility_Challenge_SDK/examples/Driver_ROS2/install/setup.bash'
[24.606s] INFO:colcon.colcon_core.shell:Creating prefix script '/home/cav-06/KAIST_Mobility_Challenge_Hardware/sdk/KAIST_Mobility_Challenge_SDK/examples/Driver_ROS2/install/local_setup.zsh'
[24.607s] INFO:colcon.colcon_core.shell:Creating prefix chain script '/home/cav-06/KAIST_Mobility_Challenge_Hardware/sdk/KAIST_Mobility_Challenge_SDK/examples/Driver_ROS2/install/setup.zsh'
