[0.380s] DEBUG:colcon:Command line arguments: ['/usr/bin/colcon', 'build', '--packages-select', 'cav_controller']
[0.380s] DEBUG:colcon:Parsed command line arguments: Namespace(allow_overriding=[], ament_cmake_args=None, base_paths=['.'], build_base='build', catkin_cmake_args=None, catkin_skip_building_tests=False, cmake_args=None, cmake_clean_cache=False, cmake_clean_first=False, cmake_force_configure=False, cmake_target=None, cmake_target_skip_unavailable=False, continue_on_error=False, event_handlers=None, executor='parallel', ignore_user_meta=False, install_base='install', log_base=None, log_level=None, main=<bound method BuildVerb.main of <colcon_core.verb.build.BuildVerb object at 0xffffba8393d0>>, merge_install=False, metas=['./colcon.meta'], packages_above=None, packages_above_and_dependencies=None, packages_above_depth=None, packages_end=None, packages_ignore=None, packages_ignore_regex=None, packages_select=['cav_controller'], packages_select_build_failed=False, packages_select_by_dep=None, packages_select_regex=None, packages_select_test_failures=False, packages_skip=None, packages_skip_build_finished=False, packages_skip_by_dep=None, packages_skip_regex=None, packages_skip_test_passed=False, packages_skip_up_to=None, packages_start=None, packages_up_to=None, packages_up_to_regex=None, parallel_workers=4, paths=None, symlink_install=False, test_result_base=None, verb_extension=<colcon_core.verb.build.BuildVerb object at 0xffffba8393d0>, verb_name='build', verb_parser=<colcon_defaults.argument_parser.defaults.DefaultArgumentsDecorator object at 0xffffba839b20>)
[0.667s] Level 1:colcon.colcon_core.package_discovery:discover_packages(colcon_meta) check parameters
[0.667s] Level 1:colcon.colcon_core.package_discovery:discover_packages(recursive) check parameters
[0.667s] Level 1:colcon.colcon_core.package_discovery:discover_packages(ignore) check parameters
[0.667s] Level 1:colcon.colcon_core.package_discovery:discover_packages(path) check parameters
[0.667s] Level 1:colcon.colcon_core.package_discovery:discover_packages(colcon_meta) discover
[0.667s] Level 1:colcon.colcon_core.package_discovery:discover_packages(recursive) discover
[0.668s] INFO:colcon.colcon_core.package_discovery:Crawling recursively for packages in '/home/hy/Mobility_Challenge'
[0.668s] Level 1:colcon.colcon_core.package_identification:_identify(.) by extensions ['ignore', 'ignore_ament_install']
[0.668s] Level 1:colcon.colcon_core.package_identification:_identify(.) by extension 'ignore'
[0.669s] Level 1:colcon.colcon_core.package_identification:_identify(.) by extension 'ignore_ament_install'
[0.669s] Level 1:colcon.colcon_core.package_identification:_identify(.) by extensions ['colcon_pkg']
[0.669s] Level 1:colcon.colcon_core.package_identification:_identify(.) by extension 'colcon_pkg'
[0.669s] Level 1:colcon.colcon_core.package_identification:_identify(.) by extensions ['colcon_meta']
[0.669s] Level 1:colcon.colcon_core.package_identification:_identify(.) by extension 'colcon_meta'
[0.669s] Level 1:colcon.colcon_core.package_identification:_identify(.) by extensions ['ros']
[0.669s] Level 1:colcon.colcon_core.package_identification:_identify(.) by extension 'ros'
[0.691s] Level 1:colcon.colcon_core.package_identification:_identify(.) by extensions ['cmake', 'python']
[0.692s] Level 1:colcon.colcon_core.package_identification:_identify(.) by extension 'cmake'
[0.692s] Level 1:colcon.colcon_core.package_identification:_identify(.) by extension 'python'
[0.692s] Level 1:colcon.colcon_core.package_identification:_identify(.) by extensions ['python_setup_py']
[0.692s] Level 1:colcon.colcon_core.package_identification:_identify(.) by extension 'python_setup_py'
[0.692s] Level 1:colcon.colcon_core.package_identification:_identify(build) by extensions ['ignore', 'ignore_ament_install']
[0.693s] Level 1:colcon.colcon_core.package_identification:_identify(build) by extension 'ignore'
[0.693s] Level 1:colcon.colcon_core.package_identification:_identify(build) ignored
[0.693s] Level 1:colcon.colcon_core.package_identification:_identify(install) by extensions ['ignore', 'ignore_ament_install']
[0.693s] Level 1:colcon.colcon_core.package_identification:_identify(install) by extension 'ignore'
[0.693s] Level 1:colcon.colcon_core.package_identification:_identify(install) ignored
[0.694s] Level 1:colcon.colcon_core.package_identification:_identify(log) by extensions ['ignore', 'ignore_ament_install']
[0.694s] Level 1:colcon.colcon_core.package_identification:_identify(log) by extension 'ignore'
[0.694s] Level 1:colcon.colcon_core.package_identification:_identify(log) ignored
[0.694s] Level 1:colcon.colcon_core.package_identification:_identify(ros2_ws) by extensions ['ignore', 'ignore_ament_install']
[0.694s] Level 1:colcon.colcon_core.package_identification:_identify(ros2_ws) by extension 'ignore'
[0.694s] Level 1:colcon.colcon_core.package_identification:_identify(ros2_ws) by extension 'ignore_ament_install'
[0.695s] Level 1:colcon.colcon_core.package_identification:_identify(ros2_ws) by extensions ['colcon_pkg']
[0.695s] Level 1:colcon.colcon_core.package_identification:_identify(ros2_ws) by extension 'colcon_pkg'
[0.695s] Level 1:colcon.colcon_core.package_identification:_identify(ros2_ws) by extensions ['colcon_meta']
[0.695s] Level 1:colcon.colcon_core.package_identification:_identify(ros2_ws) by extension 'colcon_meta'
[0.695s] Level 1:colcon.colcon_core.package_identification:_identify(ros2_ws) by extensions ['ros']
[0.695s] Level 1:colcon.colcon_core.package_identification:_identify(ros2_ws) by extension 'ros'
[0.695s] Level 1:colcon.colcon_core.package_identification:_identify(ros2_ws) by extensions ['cmake', 'python']
[0.695s] Level 1:colcon.colcon_core.package_identification:_identify(ros2_ws) by extension 'cmake'
[0.695s] Level 1:colcon.colcon_core.package_identification:_identify(ros2_ws) by extension 'python'
[0.696s] Level 1:colcon.colcon_core.package_identification:_identify(ros2_ws) by extensions ['python_setup_py']
[0.696s] Level 1:colcon.colcon_core.package_identification:_identify(ros2_ws) by extension 'python_setup_py'
[0.696s] Level 1:colcon.colcon_core.package_identification:_identify(ros2_ws/build) by extensions ['ignore', 'ignore_ament_install']
[0.696s] Level 1:colcon.colcon_core.package_identification:_identify(ros2_ws/build) by extension 'ignore'
[0.696s] Level 1:colcon.colcon_core.package_identification:_identify(ros2_ws/build) ignored
[0.696s] Level 1:colcon.colcon_core.package_identification:_identify(ros2_ws/install) by extensions ['ignore', 'ignore_ament_install']
[0.697s] Level 1:colcon.colcon_core.package_identification:_identify(ros2_ws/install) by extension 'ignore'
[0.697s] Level 1:colcon.colcon_core.package_identification:_identify(ros2_ws/install) ignored
[0.697s] Level 1:colcon.colcon_core.package_identification:_identify(ros2_ws/log) by extensions ['ignore', 'ignore_ament_install']
[0.697s] Level 1:colcon.colcon_core.package_identification:_identify(ros2_ws/log) by extension 'ignore'
[0.697s] Level 1:colcon.colcon_core.package_identification:_identify(ros2_ws/log) ignored
[0.697s] Level 1:colcon.colcon_core.package_identification:_identify(ros2_ws/src) by extensions ['ignore', 'ignore_ament_install']
[0.698s] Level 1:colcon.colcon_core.package_identification:_identify(ros2_ws/src) by extension 'ignore'
[0.698s] Level 1:colcon.colcon_core.package_identification:_identify(ros2_ws/src) by extension 'ignore_ament_install'
[0.698s] Level 1:colcon.colcon_core.package_identification:_identify(ros2_ws/src) by extensions ['colcon_pkg']
[0.698s] Level 1:colcon.colcon_core.package_identification:_identify(ros2_ws/src) by extension 'colcon_pkg'
[0.698s] Level 1:colcon.colcon_core.package_identification:_identify(ros2_ws/src) by extensions ['colcon_meta']
[0.698s] Level 1:colcon.colcon_core.package_identification:_identify(ros2_ws/src) by extension 'colcon_meta'
[0.698s] Level 1:colcon.colcon_core.package_identification:_identify(ros2_ws/src) by extensions ['ros']
[0.698s] Level 1:colcon.colcon_core.package_identification:_identify(ros2_ws/src) by extension 'ros'
[0.698s] Level 1:colcon.colcon_core.package_identification:_identify(ros2_ws/src) by extensions ['cmake', 'python']
[0.699s] Level 1:colcon.colcon_core.package_identification:_identify(ros2_ws/src) by extension 'cmake'
[0.699s] Level 1:colcon.colcon_core.package_identification:_identify(ros2_ws/src) by extension 'python'
[0.699s] Level 1:colcon.colcon_core.package_identification:_identify(ros2_ws/src) by extensions ['python_setup_py']
[0.699s] Level 1:colcon.colcon_core.package_identification:_identify(ros2_ws/src) by extension 'python_setup_py'
[0.699s] Level 1:colcon.colcon_core.package_identification:_identify(ros2_ws/src/cav_controller) by extensions ['ignore', 'ignore_ament_install']
[0.699s] Level 1:colcon.colcon_core.package_identification:_identify(ros2_ws/src/cav_controller) by extension 'ignore'
[0.700s] Level 1:colcon.colcon_core.package_identification:_identify(ros2_ws/src/cav_controller) by extension 'ignore_ament_install'
[0.700s] Level 1:colcon.colcon_core.package_identification:_identify(ros2_ws/src/cav_controller) by extensions ['colcon_pkg']
[0.700s] Level 1:colcon.colcon_core.package_identification:_identify(ros2_ws/src/cav_controller) by extension 'colcon_pkg'
[0.700s] Level 1:colcon.colcon_core.package_identification:_identify(ros2_ws/src/cav_controller) by extensions ['colcon_meta']
[0.700s] Level 1:colcon.colcon_core.package_identification:_identify(ros2_ws/src/cav_controller) by extension 'colcon_meta'
[0.700s] Level 1:colcon.colcon_core.package_identification:_identify(ros2_ws/src/cav_controller) by extensions ['ros']
[0.700s] Level 1:colcon.colcon_core.package_identification:_identify(ros2_ws/src/cav_controller) by extension 'ros'
[0.706s] DEBUG:colcon.colcon_core.package_identification:Package 'ros2_ws/src/cav_controller' with type 'ros.ament_python' and name 'cav_controller'
[0.706s] Level 1:colcon.colcon_core.package_identification:_identify(ros2_ws/src/simulator_launch) by extensions ['ignore', 'ignore_ament_install']
[0.707s] Level 1:colcon.colcon_core.package_identification:_identify(ros2_ws/src/simulator_launch) by extension 'ignore'
[0.707s] Level 1:colcon.colcon_core.package_identification:_identify(ros2_ws/src/simulator_launch) by extension 'ignore_ament_install'
[0.707s] Level 1:colcon.colcon_core.package_identification:_identify(ros2_ws/src/simulator_launch) by extensions ['colcon_pkg']
[0.707s] Level 1:colcon.colcon_core.package_identification:_identify(ros2_ws/src/simulator_launch) by extension 'colcon_pkg'
[0.707s] Level 1:colcon.colcon_core.package_identification:_identify(ros2_ws/src/simulator_launch) by extensions ['colcon_meta']
[0.707s] Level 1:colcon.colcon_core.package_identification:_identify(ros2_ws/src/simulator_launch) by extension 'colcon_meta'
[0.707s] Level 1:colcon.colcon_core.package_identification:_identify(ros2_ws/src/simulator_launch) by extensions ['ros']
[0.708s] Level 1:colcon.colcon_core.package_identification:_identify(ros2_ws/src/simulator_launch) by extension 'ros'
[0.709s] DEBUG:colcon.colcon_core.package_identification:Package 'ros2_ws/src/simulator_launch' with type 'ros.ament_cmake' and name 'simulator_launch'
[0.709s] Level 1:colcon.colcon_core.package_identification:_identify(sdk) by extensions ['ignore', 'ignore_ament_install']
[0.709s] Level 1:colcon.colcon_core.package_identification:_identify(sdk) by extension 'ignore'
[0.709s] Level 1:colcon.colcon_core.package_identification:_identify(sdk) by extension 'ignore_ament_install'
[0.709s] Level 1:colcon.colcon_core.package_identification:_identify(sdk) by extensions ['colcon_pkg']
[0.709s] Level 1:colcon.colcon_core.package_identification:_identify(sdk) by extension 'colcon_pkg'
[0.710s] Level 1:colcon.colcon_core.package_identification:_identify(sdk) by extensions ['colcon_meta']
[0.710s] Level 1:colcon.colcon_core.package_identification:_identify(sdk) by extension 'colcon_meta'
[0.710s] Level 1:colcon.colcon_core.package_identification:_identify(sdk) by extensions ['ros']
[0.710s] Level 1:colcon.colcon_core.package_identification:_identify(sdk) by extension 'ros'
[0.710s] Level 1:colcon.colcon_core.package_identification:_identify(sdk) by extensions ['cmake', 'python']
[0.710s] Level 1:colcon.colcon_core.package_identification:_identify(sdk) by extension 'cmake'
[0.710s] Level 1:colcon.colcon_core.package_identification:_identify(sdk) by extension 'python'
[0.710s] Level 1:colcon.colcon_core.package_identification:_identify(sdk) by extensions ['python_setup_py']
[0.710s] Level 1:colcon.colcon_core.package_identification:_identify(sdk) by extension 'python_setup_py'
[0.711s] Level 1:colcon.colcon_core.package_identification:_identify(sdk/KAIST_Mobility_Challenge_SDK) by extensions ['ignore', 'ignore_ament_install']
[0.711s] Level 1:colcon.colcon_core.package_identification:_identify(sdk/KAIST_Mobility_Challenge_SDK) by extension 'ignore'
[0.711s] Level 1:colcon.colcon_core.package_identification:_identify(sdk/KAIST_Mobility_Challenge_SDK) by extension 'ignore_ament_install'
[0.711s] Level 1:colcon.colcon_core.package_identification:_identify(sdk/KAIST_Mobility_Challenge_SDK) by extensions ['colcon_pkg']
[0.711s] Level 1:colcon.colcon_core.package_identification:_identify(sdk/KAIST_Mobility_Challenge_SDK) by extension 'colcon_pkg'
[0.711s] Level 1:colcon.colcon_core.package_identification:_identify(sdk/KAIST_Mobility_Challenge_SDK) by extensions ['colcon_meta']
[0.711s] Level 1:colcon.colcon_core.package_identification:_identify(sdk/KAIST_Mobility_Challenge_SDK) by extension 'colcon_meta'
[0.711s] Level 1:colcon.colcon_core.package_identification:_identify(sdk/KAIST_Mobility_Challenge_SDK) by extensions ['ros']
[0.712s] Level 1:colcon.colcon_core.package_identification:_identify(sdk/KAIST_Mobility_Challenge_SDK) by extension 'ros'
[0.712s] Level 1:colcon.colcon_core.package_identification:_identify(sdk/KAIST_Mobility_Challenge_SDK) by extensions ['cmake', 'python']
[0.712s] Level 1:colcon.colcon_core.package_identification:_identify(sdk/KAIST_Mobility_Challenge_SDK) by extension 'cmake'
[0.743s] Level 1:colcon.colcon_core.package_identification:_identify(sdk/KAIST_Mobility_Challenge_SDK) by extension 'python'
[0.744s] DEBUG:colcon.colcon_core.package_identification:Package 'sdk/KAIST_Mobility_Challenge_SDK' with type 'cmake' and name 'KMC_HARDWARE_uart_sdk'
[0.744s] Level 1:colcon.colcon_core.package_identification:_identify(tool) by extensions ['ignore', 'ignore_ament_install']
[0.744s] Level 1:colcon.colcon_core.package_identification:_identify(tool) by extension 'ignore'
[0.744s] Level 1:colcon.colcon_core.package_identification:_identify(tool) by extension 'ignore_ament_install'
[0.744s] Level 1:colcon.colcon_core.package_identification:_identify(tool) by extensions ['colcon_pkg']
[0.744s] Level 1:colcon.colcon_core.package_identification:_identify(tool) by extension 'colcon_pkg'
[0.744s] Level 1:colcon.colcon_core.package_identification:_identify(tool) by extensions ['colcon_meta']
[0.745s] Level 1:colcon.colcon_core.package_identification:_identify(tool) by extension 'colcon_meta'
[0.745s] Level 1:colcon.colcon_core.package_identification:_identify(tool) by extensions ['ros']
[0.745s] Level 1:colcon.colcon_core.package_identification:_identify(tool) by extension 'ros'
[0.745s] Level 1:colcon.colcon_core.package_identification:_identify(tool) by extensions ['cmake', 'python']
[0.745s] Level 1:colcon.colcon_core.package_identification:_identify(tool) by extension 'cmake'
[0.745s] Level 1:colcon.colcon_core.package_identification:_identify(tool) by extension 'python'
[0.745s] Level 1:colcon.colcon_core.package_identification:_identify(tool) by extensions ['python_setup_py']
[0.745s] Level 1:colcon.colcon_core.package_identification:_identify(tool) by extension 'python_setup_py'
[0.746s] Level 1:colcon.colcon_core.package_identification:_identify(tool/waypoint) by extensions ['ignore', 'ignore_ament_install']
[0.746s] Level 1:colcon.colcon_core.package_identification:_identify(tool/waypoint) by extension 'ignore'
[0.746s] Level 1:colcon.colcon_core.package_identification:_identify(tool/waypoint) by extension 'ignore_ament_install'
[0.746s] Level 1:colcon.colcon_core.package_identification:_identify(tool/waypoint) by extensions ['colcon_pkg']
[0.746s] Level 1:colcon.colcon_core.package_identification:_identify(tool/waypoint) by extension 'colcon_pkg'
[0.746s] Level 1:colcon.colcon_core.package_identification:_identify(tool/waypoint) by extensions ['colcon_meta']
[0.746s] Level 1:colcon.colcon_core.package_identification:_identify(tool/waypoint) by extension 'colcon_meta'
[0.746s] Level 1:colcon.colcon_core.package_identification:_identify(tool/waypoint) by extensions ['ros']
[0.747s] Level 1:colcon.colcon_core.package_identification:_identify(tool/waypoint) by extension 'ros'
[0.747s] Level 1:colcon.colcon_core.package_identification:_identify(tool/waypoint) by extensions ['cmake', 'python']
[0.747s] Level 1:colcon.colcon_core.package_identification:_identify(tool/waypoint) by extension 'cmake'
[0.747s] Level 1:colcon.colcon_core.package_identification:_identify(tool/waypoint) by extension 'python'
[0.747s] Level 1:colcon.colcon_core.package_identification:_identify(tool/waypoint) by extensions ['python_setup_py']
[0.747s] Level 1:colcon.colcon_core.package_identification:_identify(tool/waypoint) by extension 'python_setup_py'
[0.747s] Level 1:colcon.colcon_core.package_discovery:discover_packages(recursive) using defaults
[0.747s] Level 1:colcon.colcon_core.package_discovery:discover_packages(ignore) discover
[0.747s] Level 1:colcon.colcon_core.package_discovery:discover_packages(ignore) using defaults
[0.747s] Level 1:colcon.colcon_core.package_discovery:discover_packages(path) discover
[0.748s] Level 1:colcon.colcon_core.package_discovery:discover_packages(path) using defaults
[0.782s] INFO:colcon.colcon_core.package_selection:Skipping not selected package 'KMC_HARDWARE_uart_sdk' in 'sdk/KAIST_Mobility_Challenge_SDK'
[0.782s] INFO:colcon.colcon_core.package_selection:Skipping not selected package 'simulator_launch' in 'ros2_ws/src/simulator_launch'
[0.783s] Level 1:colcon.colcon_core.package_discovery:discover_packages(prefix_path) check parameters
[0.783s] Level 1:colcon.colcon_core.package_discovery:discover_packages(prefix_path) discover
[0.787s] DEBUG:colcon.colcon_installed_package_information.package_discovery:Found 1 installed packages in /home/hy/Mobility_Challenge/install
[0.788s] DEBUG:colcon.colcon_installed_package_information.package_discovery:Found 174 installed packages in /opt/ros/foxy
[0.791s] Level 1:colcon.colcon_core.package_discovery:discover_packages(prefix_path) using defaults
[0.863s] Level 5:colcon.colcon_core.verb:set package 'cav_controller' build argument 'cmake_args' from command line to 'None'
[0.864s] Level 5:colcon.colcon_core.verb:set package 'cav_controller' build argument 'cmake_target' from command line to 'None'
[0.864s] Level 5:colcon.colcon_core.verb:set package 'cav_controller' build argument 'cmake_target_skip_unavailable' from command line to 'False'
[0.864s] Level 5:colcon.colcon_core.verb:set package 'cav_controller' build argument 'cmake_clean_cache' from command line to 'False'
[0.864s] Level 5:colcon.colcon_core.verb:set package 'cav_controller' build argument 'cmake_clean_first' from command line to 'False'
[0.864s] Level 5:colcon.colcon_core.verb:set package 'cav_controller' build argument 'cmake_force_configure' from command line to 'False'
[0.864s] Level 5:colcon.colcon_core.verb:set package 'cav_controller' build argument 'ament_cmake_args' from command line to 'None'
[0.864s] Level 5:colcon.colcon_core.verb:set package 'cav_controller' build argument 'catkin_cmake_args' from command line to 'None'
[0.864s] Level 5:colcon.colcon_core.verb:set package 'cav_controller' build argument 'catkin_skip_building_tests' from command line to 'False'
[0.864s] DEBUG:colcon.colcon_core.verb:Building package 'cav_controller' with the following arguments: {'ament_cmake_args': None, 'build_base': '/home/hy/Mobility_Challenge/build/cav_controller', 'catkin_cmake_args': None, 'catkin_skip_building_tests': False, 'cmake_args': None, 'cmake_clean_cache': False, 'cmake_clean_first': False, 'cmake_force_configure': False, 'cmake_target': None, 'cmake_target_skip_unavailable': False, 'install_base': '/home/hy/Mobility_Challenge/install/cav_controller', 'merge_install': False, 'path': '/home/hy/Mobility_Challenge/ros2_ws/src/cav_controller', 'symlink_install': False, 'test_result_base': None}
[0.865s] INFO:colcon.colcon_core.executor:Executing jobs using 'parallel' executor
[0.867s] DEBUG:colcon.colcon_parallel_executor.executor.parallel:run_until_complete
[0.867s] INFO:colcon.colcon_ros.task.ament_python.build:Building ROS package in '/home/hy/Mobility_Challenge/ros2_ws/src/cav_controller' with build type 'ament_python'
[0.868s] Level 1:colcon.colcon_core.shell:create_environment_hook('cav_controller', 'ament_prefix_path')
[0.872s] INFO:colcon.colcon_core.plugin_system:Skipping extension 'colcon_core.shell.bat': Not used on non-Windows systems
[0.872s] INFO:colcon.colcon_core.shell:Creating environment hook '/home/hy/Mobility_Challenge/install/cav_controller/share/cav_controller/hook/ament_prefix_path.ps1'
[0.874s] INFO:colcon.colcon_core.shell:Creating environment descriptor '/home/hy/Mobility_Challenge/install/cav_controller/share/cav_controller/hook/ament_prefix_path.dsv'
[0.875s] INFO:colcon.colcon_core.shell:Creating environment hook '/home/hy/Mobility_Challenge/install/cav_controller/share/cav_controller/hook/ament_prefix_path.sh'
[0.876s] INFO:colcon.colcon_core.shell:Skip shell extension 'powershell' for command environment: Not usable outside of PowerShell
[0.876s] DEBUG:colcon.colcon_core.shell:Skip shell extension 'dsv' for command environment
[1.337s] INFO:colcon.colcon_core.task.python.build:Building Python package in '/home/hy/Mobility_Challenge/ros2_ws/src/cav_controller'
[1.338s] INFO:colcon.colcon_core.shell:Skip shell extension 'powershell' for command environment: Not usable outside of PowerShell
[1.338s] DEBUG:colcon.colcon_core.shell:Skip shell extension 'dsv' for command environment
[2.045s] DEBUG:colcon.colcon_core.event_handler.log_command:Invoking command in '/home/hy/Mobility_Challenge/ros2_ws/src/cav_controller': PYTHONPATH=/home/hy/Mobility_Challenge/build/cav_controller/prefix_override:/usr/lib/python3/dist-packages/colcon_core/task/python/colcon_distutils_commands:/home/hy/Mobility_Challenge/install/cav_controller/lib/python3.8/site-packages:${PYTHONPATH} /usr/bin/python3 -W ignore:setup.py install is deprecated -W ignore:easy_install command is deprecated setup.py egg_info --egg-base ../../../build/cav_controller build --build-base /home/hy/Mobility_Challenge/build/cav_controller/build install --record /home/hy/Mobility_Challenge/build/cav_controller/install.log --install-scripts $base/lib/cav_controller --single-version-externally-managed install_data
[2.626s] DEBUG:colcon.colcon_core.event_handler.log_command:Invoked command in '/home/hy/Mobility_Challenge/ros2_ws/src/cav_controller' returned '0': PYTHONPATH=/home/hy/Mobility_Challenge/build/cav_controller/prefix_override:/usr/lib/python3/dist-packages/colcon_core/task/python/colcon_distutils_commands:/home/hy/Mobility_Challenge/install/cav_controller/lib/python3.8/site-packages:${PYTHONPATH} /usr/bin/python3 -W ignore:setup.py install is deprecated -W ignore:easy_install command is deprecated setup.py egg_info --egg-base ../../../build/cav_controller build --build-base /home/hy/Mobility_Challenge/build/cav_controller/build install --record /home/hy/Mobility_Challenge/build/cav_controller/install.log --install-scripts $base/lib/cav_controller --single-version-externally-managed install_data
[2.631s] Level 1:colcon.colcon_core.environment:checking '/home/hy/Mobility_Challenge/install/cav_controller' for CMake module files
[2.632s] Level 1:colcon.colcon_core.environment:checking '/home/hy/Mobility_Challenge/install/cav_controller' for CMake config files
[2.635s] Level 1:colcon.colcon_core.environment:checking '/home/hy/Mobility_Challenge/install/cav_controller/lib'
[2.636s] Level 1:colcon.colcon_core.environment:checking '/home/hy/Mobility_Challenge/install/cav_controller/bin'
[2.636s] Level 1:colcon.colcon_core.environment:checking '/home/hy/Mobility_Challenge/install/cav_controller/lib/pkgconfig/cav_controller.pc'
[2.637s] Level 1:colcon.colcon_core.environment:checking '/home/hy/Mobility_Challenge/install/cav_controller/lib/python3.8/site-packages'
[2.637s] Level 1:colcon.colcon_core.shell:create_environment_hook('cav_controller', 'pythonpath')
[2.638s] INFO:colcon.colcon_core.shell:Creating environment hook '/home/hy/Mobility_Challenge/install/cav_controller/share/cav_controller/hook/pythonpath.ps1'
[2.640s] INFO:colcon.colcon_core.shell:Creating environment descriptor '/home/hy/Mobility_Challenge/install/cav_controller/share/cav_controller/hook/pythonpath.dsv'
[2.641s] INFO:colcon.colcon_core.shell:Creating environment hook '/home/hy/Mobility_Challenge/install/cav_controller/share/cav_controller/hook/pythonpath.sh'
[2.644s] Level 1:colcon.colcon_core.environment:checking '/home/hy/Mobility_Challenge/install/cav_controller/bin'
[2.644s] Level 1:colcon.colcon_core.environment:create_environment_scripts_only(cav_controller)
[2.645s] INFO:colcon.colcon_core.shell:Creating package script '/home/hy/Mobility_Challenge/install/cav_controller/share/cav_controller/package.ps1'
[2.649s] INFO:colcon.colcon_core.shell:Creating package descriptor '/home/hy/Mobility_Challenge/install/cav_controller/share/cav_controller/package.dsv'
[2.651s] INFO:colcon.colcon_core.shell:Creating package script '/home/hy/Mobility_Challenge/install/cav_controller/share/cav_controller/package.sh'
[2.653s] INFO:colcon.colcon_core.shell:Creating package script '/home/hy/Mobility_Challenge/install/cav_controller/share/cav_controller/package.bash'
[2.656s] INFO:colcon.colcon_core.shell:Creating package script '/home/hy/Mobility_Challenge/install/cav_controller/share/cav_controller/package.zsh'
[2.658s] Level 1:colcon.colcon_core.environment:create_file_with_runtime_dependencies(/home/hy/Mobility_Challenge/install/cav_controller/share/colcon-core/packages/cav_controller)
[2.659s] DEBUG:colcon.colcon_parallel_executor.executor.parallel:closing loop
[2.660s] DEBUG:colcon.colcon_parallel_executor.executor.parallel:loop closed
[2.660s] DEBUG:colcon.colcon_parallel_executor.executor.parallel:run_until_complete finished with '0'
[2.660s] DEBUG:colcon.colcon_core.event_reactor:joining thread
[2.677s] INFO:colcon.colcon_core.plugin_system:Skipping extension 'colcon_notification.desktop_notification.terminal_notifier': Not used on non-Darwin systems
[2.678s] INFO:colcon.colcon_core.plugin_system:Skipping extension 'colcon_notification.desktop_notification.win32': Not used on non-Windows systems
[2.678s] INFO:colcon.colcon_notification.desktop_notification:Sending desktop notification using 'notify2'
[2.704s] DEBUG:colcon.colcon_core.event_reactor:joined thread
[2.705s] INFO:colcon.colcon_core.shell:Creating prefix script '/home/hy/Mobility_Challenge/install/local_setup.ps1'
[2.708s] INFO:colcon.colcon_core.shell:Creating prefix util module '/home/hy/Mobility_Challenge/install/_local_setup_util_ps1.py'
[2.712s] INFO:colcon.colcon_core.shell:Creating prefix chain script '/home/hy/Mobility_Challenge/install/setup.ps1'
[2.714s] INFO:colcon.colcon_core.shell:Creating prefix script '/home/hy/Mobility_Challenge/install/local_setup.sh'
[2.715s] INFO:colcon.colcon_core.shell:Creating prefix util module '/home/hy/Mobility_Challenge/install/_local_setup_util_sh.py'
[2.717s] INFO:colcon.colcon_core.shell:Creating prefix chain script '/home/hy/Mobility_Challenge/install/setup.sh'
[2.719s] INFO:colcon.colcon_core.shell:Creating prefix script '/home/hy/Mobility_Challenge/install/local_setup.bash'
[2.720s] INFO:colcon.colcon_core.shell:Creating prefix chain script '/home/hy/Mobility_Challenge/install/setup.bash'
[2.722s] INFO:colcon.colcon_core.shell:Creating prefix script '/home/hy/Mobility_Challenge/install/local_setup.zsh'
[2.723s] INFO:colcon.colcon_core.shell:Creating prefix chain script '/home/hy/Mobility_Challenge/install/setup.zsh'
