[0.078s] Invoking command in '/home/hy/Mobility_Challenge/ros2_ws/build/domain_bridge': CMAKE_PREFIX_PATH=${CMAKE_PREFIX_PATH}:/home/hy/Mobility_Challenge/ros2_ws/install/cav_controller:/opt/ros/foxy /usr/bin/cmake --build /home/hy/Mobility_Challenge/ros2_ws/build/domain_bridge -- -j4 -l4
[0.629s] [  4%] Built target domain_bridge__cpp
[0.629s] [  6%] Built target gmock
[0.630s] [  9%] Built target gmock_main
[0.630s] [ 13%] Built target domain_bridge__rosidl_generator_c
[0.630s] [ 18%] Built target domain_bridge__rosidl_typesupport_cpp
[0.632s] [ 23%] Built target domain_bridge__rosidl_typesupport_introspection_c
[0.632s] [ 27%] Built target domain_bridge__rosidl_typesupport_introspection_cpp
[0.632s] [ 32%] Built target domain_bridge__rosidl_typesupport_fastrtps_cpp
[0.633s] [ 36%] Built target domain_bridge__rosidl_typesupport_c
[0.633s] [ 41%] Built target domain_bridge__rosidl_typesupport_fastrtps_c
[0.633s] [ 41%] Built target domain_bridge
[0.633s] [ 43%] Built target domain_bridge__py
[0.633s] [ 60%] Built target domain_bridge_lib
[0.633s] [ 63%] Built target domain_bridge__python
[0.633s] [ 66%] Built target test_domain_bridge_services__rmw_fastrtps_cpp
[0.634s] [ 72%] Built target domain_bridge_exec
[0.634s] [ 72%] Built target test_domain_bridge
[0.634s] [ 75%] Built target test_parse_domain_bridge_yaml_config
[0.638s] [ 78%] Built target test_qos_matching__rmw_fastrtps_cpp
[0.640s] [ 81%] Built target test_qos_matching__rmw_cyclonedds_cpp
[0.640s] [ 84%] Built target test_domain_bridge_end_to_end__rmw_cyclonedds_cpp
[0.676s] [ 87%] Built target test_domain_bridge_end_to_end__rmw_fastrtps_cpp
[0.695s] [ 90%] Built target test_domain_bridge_services__rmw_cyclonedds_cpp
[0.709s] [ 93%] Built target domain_bridge__rosidl_typesupport_introspection_c__pyext
[0.723s] [ 96%] Built target domain_bridge__rosidl_typesupport_c__pyext
[0.729s] [100%] Built target domain_bridge__rosidl_typesupport_fastrtps_c__pyext
[0.775s] Invoked command in '/home/hy/Mobility_Challenge/ros2_ws/build/domain_bridge' returned '0': CMAKE_PREFIX_PATH=${CMAKE_PREFIX_PATH}:/home/hy/Mobility_Challenge/ros2_ws/install/cav_controller:/opt/ros/foxy /usr/bin/cmake --build /home/hy/Mobility_Challenge/ros2_ws/build/domain_bridge -- -j4 -l4
[0.780s] Invoking command in '/home/hy/Mobility_Challenge/ros2_ws/build/domain_bridge': CMAKE_PREFIX_PATH=${CMAKE_PREFIX_PATH}:/home/hy/Mobility_Challenge/ros2_ws/install/cav_controller:/opt/ros/foxy /usr/bin/cmake --install /home/hy/Mobility_Challenge/ros2_ws/build/domain_bridge
[0.803s] -- Install configuration: ""
[0.805s] -- Execute custom install script
[0.806s] -- Up-to-date symlink: /home/hy/Mobility_Challenge/ros2_ws/install/domain_bridge/share/ament_index/resource_index/rosidl_interfaces/domain_bridge
[0.807s] -- Up-to-date symlink: /home/hy/Mobility_Challenge/ros2_ws/install/domain_bridge/include/domain_bridge/msg/compressed_msg.h
[0.808s] -- Up-to-date symlink: /home/hy/Mobility_Challenge/ros2_ws/install/domain_bridge/include/domain_bridge/msg/detail/compressed_msg__functions.h
[0.808s] -- Up-to-date symlink: /home/hy/Mobility_Challenge/ros2_ws/install/domain_bridge/include/domain_bridge/msg/detail/compressed_msg__struct.h
[0.809s] -- Up-to-date symlink: /home/hy/Mobility_Challenge/ros2_ws/install/domain_bridge/include/domain_bridge/msg/detail/compressed_msg__type_support.h
[0.809s] -- Up-to-date symlink: /home/hy/Mobility_Challenge/ros2_ws/install/domain_bridge/include/domain_bridge/msg/rosidl_generator_c__visibility_control.h
[0.810s] -- Up-to-date symlink: /home/hy/Mobility_Challenge/ros2_ws/install/domain_bridge/share/domain_bridge/environment/library_path.sh
[0.810s] -- Up-to-date symlink: /home/hy/Mobility_Challenge/ros2_ws/install/domain_bridge/share/domain_bridge/environment/library_path.dsv
[0.812s] -- Up-to-date symlink: /home/hy/Mobility_Challenge/ros2_ws/install/domain_bridge/include/domain_bridge/msg/detail/compressed_msg__rosidl_typesupport_fastrtps_c.h
[0.812s] -- Up-to-date symlink: /home/hy/Mobility_Challenge/ros2_ws/install/domain_bridge/include/domain_bridge/msg/rosidl_typesupport_fastrtps_c__visibility_control.h
[0.813s] -- Up-to-date symlink: /home/hy/Mobility_Challenge/ros2_ws/install/domain_bridge/lib/libdomain_bridge__rosidl_typesupport_fastrtps_c.so
[0.815s] -- Up-to-date symlink: /home/hy/Mobility_Challenge/ros2_ws/install/domain_bridge/include/domain_bridge/msg/detail/compressed_msg__rosidl_typesupport_fastrtps_cpp.hpp
[0.815s] -- Up-to-date symlink: /home/hy/Mobility_Challenge/ros2_ws/install/domain_bridge/include/domain_bridge/msg/rosidl_typesupport_fastrtps_cpp__visibility_control.h
[0.816s] -- Up-to-date symlink: /home/hy/Mobility_Challenge/ros2_ws/install/domain_bridge/lib/libdomain_bridge__rosidl_typesupport_fastrtps_cpp.so
[0.818s] -- Up-to-date symlink: /home/hy/Mobility_Challenge/ros2_ws/install/domain_bridge/include/domain_bridge/msg/detail/compressed_msg__rosidl_typesupport_introspection_c.h
[0.818s] -- Up-to-date symlink: /home/hy/Mobility_Challenge/ros2_ws/install/domain_bridge/include/domain_bridge/msg/rosidl_typesupport_introspection_c__visibility_control.h
[0.819s] -- Up-to-date symlink: /home/hy/Mobility_Challenge/ros2_ws/install/domain_bridge/include/domain_bridge/msg/compressed_msg.hpp
[0.820s] -- Up-to-date symlink: /home/hy/Mobility_Challenge/ros2_ws/install/domain_bridge/include/domain_bridge/msg/detail/compressed_msg__builder.hpp
[0.820s] -- Up-to-date symlink: /home/hy/Mobility_Challenge/ros2_ws/install/domain_bridge/include/domain_bridge/msg/detail/compressed_msg__struct.hpp
[0.821s] -- Up-to-date symlink: /home/hy/Mobility_Challenge/ros2_ws/install/domain_bridge/include/domain_bridge/msg/detail/compressed_msg__traits.hpp
[0.831s] -- Up-to-date symlink: /home/hy/Mobility_Challenge/ros2_ws/install/domain_bridge/include/domain_bridge/msg/detail/compressed_msg__type_support.hpp
[0.831s] -- Up-to-date symlink: /home/hy/Mobility_Challenge/ros2_ws/install/domain_bridge/include/domain_bridge/msg/rosidl_generator_cpp__visibility_control.hpp
[0.832s] -- Up-to-date symlink: /home/hy/Mobility_Challenge/ros2_ws/install/domain_bridge/include/domain_bridge/msg/detail/compressed_msg__rosidl_typesupport_introspection_cpp.hpp
[0.832s] -- Up-to-date symlink: /home/hy/Mobility_Challenge/ros2_ws/install/domain_bridge/share/domain_bridge/environment/pythonpath.sh
[0.833s] -- Up-to-date symlink: /home/hy/Mobility_Challenge/ros2_ws/install/domain_bridge/share/domain_bridge/environment/pythonpath.dsv
[0.833s] -- Up-to-date symlink: /home/hy/Mobility_Challenge/ros2_ws/install/domain_bridge/lib/python3.8/site-packages/domain_bridge/__init__.py
[0.833s] -- Up-to-date symlink: /home/hy/Mobility_Challenge/ros2_ws/install/domain_bridge/lib/python3.8/site-packages/domain_bridge/msg/__init__.py
[0.833s] -- Up-to-date symlink: /home/hy/Mobility_Challenge/ros2_ws/install/domain_bridge/lib/python3.8/site-packages/domain_bridge/msg/_compressed_msg.py
[0.836s] -- Up-to-date symlink: /home/hy/Mobility_Challenge/ros2_ws/install/domain_bridge/lib/python3.8/site-packages/domain_bridge/domain_bridge_s__rosidl_typesupport_fastrtps_c.cpython-38-aarch64-linux-gnu.so
[0.837s] -- Up-to-date symlink: /home/hy/Mobility_Challenge/ros2_ws/install/domain_bridge/lib/python3.8/site-packages/domain_bridge/domain_bridge_s__rosidl_typesupport_introspection_c.cpython-38-aarch64-linux-gnu.so
[0.838s] -- Up-to-date symlink: /home/hy/Mobility_Challenge/ros2_ws/install/domain_bridge/lib/python3.8/site-packages/domain_bridge/domain_bridge_s__rosidl_typesupport_c.cpython-38-aarch64-linux-gnu.so
[0.838s] -- Up-to-date symlink: /home/hy/Mobility_Challenge/ros2_ws/install/domain_bridge/lib/libdomain_bridge__python.so
[0.838s] -- Up-to-date symlink: /home/hy/Mobility_Challenge/ros2_ws/install/domain_bridge/share/domain_bridge/msg/CompressedMsg.idl
[0.839s] -- Up-to-date symlink: /home/hy/Mobility_Challenge/ros2_ws/install/domain_bridge/share/domain_bridge/msg/CompressedMsg.msg
[0.840s] -- Up-to-date symlink: /home/hy/Mobility_Challenge/ros2_ws/install/domain_bridge/include/domain_bridge/compress_messages.hpp
[0.840s] -- Up-to-date symlink: /home/hy/Mobility_Challenge/ros2_ws/install/domain_bridge/include/domain_bridge/domain_bridge.hpp
[0.841s] -- Up-to-date symlink: /home/hy/Mobility_Challenge/ros2_ws/install/domain_bridge/include/domain_bridge/domain_bridge_config.hpp
[0.841s] -- Up-to-date symlink: /home/hy/Mobility_Challenge/ros2_ws/install/domain_bridge/include/domain_bridge/domain_bridge_options.hpp
[0.842s] -- Up-to-date symlink: /home/hy/Mobility_Challenge/ros2_ws/install/domain_bridge/include/domain_bridge/parse_domain_bridge_yaml_config.hpp
[0.842s] -- Up-to-date symlink: /home/hy/Mobility_Challenge/ros2_ws/install/domain_bridge/include/domain_bridge/process_cmd_line_arguments.hpp
[0.842s] -- Up-to-date symlink: /home/hy/Mobility_Challenge/ros2_ws/install/domain_bridge/include/domain_bridge/qos_options.hpp
[0.843s] -- Up-to-date symlink: /home/hy/Mobility_Challenge/ros2_ws/install/domain_bridge/include/domain_bridge/service_bridge_impl.inc
[0.844s] -- Up-to-date symlink: /home/hy/Mobility_Challenge/ros2_ws/install/domain_bridge/include/domain_bridge/service_bridge_options.hpp
[0.844s] -- Up-to-date symlink: /home/hy/Mobility_Challenge/ros2_ws/install/domain_bridge/include/domain_bridge/topic_bridge.hpp
[0.844s] -- Up-to-date symlink: /home/hy/Mobility_Challenge/ros2_ws/install/domain_bridge/include/domain_bridge/topic_bridge_options.hpp
[0.844s] -- Up-to-date symlink: /home/hy/Mobility_Challenge/ros2_ws/install/domain_bridge/include/domain_bridge/utils.hpp
[0.844s] -- Up-to-date symlink: /home/hy/Mobility_Challenge/ros2_ws/install/domain_bridge/include/domain_bridge/visibility_control.hpp
[0.845s] -- Up-to-date symlink: /home/hy/Mobility_Challenge/ros2_ws/install/domain_bridge/lib/domain_bridge/domain_bridge
[0.845s] -- Up-to-date symlink: /home/hy/Mobility_Challenge/ros2_ws/install/domain_bridge/share/domain_bridge/examples/example_bridge_config.yaml
[0.845s] -- Up-to-date symlink: /home/hy/Mobility_Challenge/ros2_ws/install/domain_bridge/share/domain_bridge/launch/domain_bridge.launch.xml
[0.845s] -- Up-to-date symlink: /home/hy/Mobility_Challenge/ros2_ws/install/domain_bridge/share/ament_index/resource_index/package_run_dependencies/domain_bridge
[0.846s] -- Up-to-date symlink: /home/hy/Mobility_Challenge/ros2_ws/install/domain_bridge/share/ament_index/resource_index/parent_prefix_path/domain_bridge
[0.846s] -- Up-to-date symlink: /home/hy/Mobility_Challenge/ros2_ws/install/domain_bridge/share/domain_bridge/environment/ament_prefix_path.sh
[0.846s] -- Up-to-date symlink: /home/hy/Mobility_Challenge/ros2_ws/install/domain_bridge/share/domain_bridge/environment/ament_prefix_path.dsv
[0.846s] -- Up-to-date symlink: /home/hy/Mobility_Challenge/ros2_ws/install/domain_bridge/share/domain_bridge/environment/path.sh
[0.846s] -- Up-to-date symlink: /home/hy/Mobility_Challenge/ros2_ws/install/domain_bridge/share/domain_bridge/environment/path.dsv
[0.847s] -- Up-to-date symlink: /home/hy/Mobility_Challenge/ros2_ws/install/domain_bridge/share/domain_bridge/local_setup.bash
[0.847s] -- Up-to-date symlink: /home/hy/Mobility_Challenge/ros2_ws/install/domain_bridge/share/domain_bridge/local_setup.sh
[0.847s] -- Up-to-date symlink: /home/hy/Mobility_Challenge/ros2_ws/install/domain_bridge/share/domain_bridge/local_setup.zsh
[0.847s] -- Up-to-date symlink: /home/hy/Mobility_Challenge/ros2_ws/install/domain_bridge/share/domain_bridge/local_setup.dsv
[0.862s] -- Symlinking: /home/hy/Mobility_Challenge/ros2_ws/install/domain_bridge/share/domain_bridge/package.dsv
[0.867s] -- Up-to-date symlink: /home/hy/Mobility_Challenge/ros2_ws/install/domain_bridge/share/ament_index/resource_index/packages/domain_bridge
[0.867s] -- Up-to-date symlink: /home/hy/Mobility_Challenge/ros2_ws/install/domain_bridge/share/domain_bridge/cmake/rosidl_cmake-extras.cmake
[0.868s] -- Up-to-date symlink: /home/hy/Mobility_Challenge/ros2_ws/install/domain_bridge/share/domain_bridge/cmake/ament_cmake_export_dependencies-extras.cmake
[0.868s] -- Up-to-date symlink: /home/hy/Mobility_Challenge/ros2_ws/install/domain_bridge/share/domain_bridge/cmake/ament_cmake_export_libraries-extras.cmake
[0.869s] -- Up-to-date symlink: /home/hy/Mobility_Challenge/ros2_ws/install/domain_bridge/share/domain_bridge/cmake/ament_cmake_export_targets-extras.cmake
[0.869s] -- Up-to-date symlink: /home/hy/Mobility_Challenge/ros2_ws/install/domain_bridge/share/domain_bridge/cmake/ament_cmake_export_include_directories-extras.cmake
[0.870s] -- Up-to-date symlink: /home/hy/Mobility_Challenge/ros2_ws/install/domain_bridge/share/domain_bridge/cmake/rosidl_cmake_export_typesupport_libraries-extras.cmake
[0.870s] -- Up-to-date symlink: /home/hy/Mobility_Challenge/ros2_ws/install/domain_bridge/share/domain_bridge/cmake/rosidl_cmake_export_typesupport_targets-extras.cmake
[0.871s] -- Up-to-date symlink: /home/hy/Mobility_Challenge/ros2_ws/install/domain_bridge/share/domain_bridge/cmake/domain_bridgeConfig.cmake
[0.871s] -- Up-to-date symlink: /home/hy/Mobility_Challenge/ros2_ws/install/domain_bridge/share/domain_bridge/cmake/domain_bridgeConfig-version.cmake
[0.872s] -- Up-to-date symlink: /home/hy/Mobility_Challenge/ros2_ws/install/domain_bridge/share/domain_bridge/package.xml
[0.873s] -- Up-to-date: /home/hy/Mobility_Challenge/ros2_ws/install/domain_bridge/lib/libdomain_bridge__rosidl_generator_c.so
[0.874s] -- Up-to-date: /home/hy/Mobility_Challenge/ros2_ws/install/domain_bridge/lib/libdomain_bridge__rosidl_typesupport_introspection_c.so
[0.875s] -- Up-to-date: /home/hy/Mobility_Challenge/ros2_ws/install/domain_bridge/lib/libdomain_bridge__rosidl_typesupport_c.so
[0.876s] -- Up-to-date: /home/hy/Mobility_Challenge/ros2_ws/install/domain_bridge/lib/libdomain_bridge__rosidl_typesupport_introspection_cpp.so
[0.876s] -- Up-to-date: /home/hy/Mobility_Challenge/ros2_ws/install/domain_bridge/lib/libdomain_bridge__rosidl_typesupport_cpp.so
[0.950s] -- Up-to-date: /home/hy/Mobility_Challenge/ros2_ws/install/domain_bridge/lib/libdomain_bridge.so
[0.951s] -- Up-to-date: /home/hy/Mobility_Challenge/ros2_ws/install/domain_bridge/share/domain_bridge/cmake/domain_bridge__rosidl_generator_cExport.cmake
[0.951s] -- Up-to-date: /home/hy/Mobility_Challenge/ros2_ws/install/domain_bridge/share/domain_bridge/cmake/domain_bridge__rosidl_generator_cExport-noconfig.cmake
[0.951s] -- Up-to-date: /home/hy/Mobility_Challenge/ros2_ws/install/domain_bridge/share/domain_bridge/cmake/domain_bridge__rosidl_typesupport_introspection_cExport.cmake
[0.952s] -- Up-to-date: /home/hy/Mobility_Challenge/ros2_ws/install/domain_bridge/share/domain_bridge/cmake/domain_bridge__rosidl_typesupport_introspection_cExport-noconfig.cmake
[0.952s] -- Up-to-date: /home/hy/Mobility_Challenge/ros2_ws/install/domain_bridge/share/domain_bridge/cmake/domain_bridge__rosidl_typesupport_cExport.cmake
[0.952s] -- Up-to-date: /home/hy/Mobility_Challenge/ros2_ws/install/domain_bridge/share/domain_bridge/cmake/domain_bridge__rosidl_typesupport_cExport-noconfig.cmake
[0.952s] -- Up-to-date: /home/hy/Mobility_Challenge/ros2_ws/install/domain_bridge/share/domain_bridge/cmake/domain_bridge__rosidl_generator_cppExport.cmake
[0.953s] -- Up-to-date: /home/hy/Mobility_Challenge/ros2_ws/install/domain_bridge/share/domain_bridge/cmake/domain_bridge__rosidl_typesupport_introspection_cppExport.cmake
[0.953s] -- Up-to-date: /home/hy/Mobility_Challenge/ros2_ws/install/domain_bridge/share/domain_bridge/cmake/domain_bridge__rosidl_typesupport_introspection_cppExport-noconfig.cmake
[0.953s] -- Up-to-date: /home/hy/Mobility_Challenge/ros2_ws/install/domain_bridge/share/domain_bridge/cmake/domain_bridge__rosidl_typesupport_cppExport.cmake
[0.953s] -- Up-to-date: /home/hy/Mobility_Challenge/ros2_ws/install/domain_bridge/share/domain_bridge/cmake/domain_bridge__rosidl_typesupport_cppExport-noconfig.cmake
[0.954s] -- Up-to-date: /home/hy/Mobility_Challenge/ros2_ws/install/domain_bridge/share/domain_bridge/cmake/export_domain_bridgeExport.cmake
[0.954s] -- Up-to-date: /home/hy/Mobility_Challenge/ros2_ws/install/domain_bridge/share/domain_bridge/cmake/export_domain_bridgeExport-noconfig.cmake
[0.959s] Invoked command in '/home/hy/Mobility_Challenge/ros2_ws/build/domain_bridge' returned '0': CMAKE_PREFIX_PATH=${CMAKE_PREFIX_PATH}:/home/hy/Mobility_Challenge/ros2_ws/install/cav_controller:/opt/ros/foxy /usr/bin/cmake --install /home/hy/Mobility_Challenge/ros2_ws/build/domain_bridge
