[0.045s] Invoking command in '/home/hy/Mobility_Challenge/ros2_ws/build/domain_bridge': CMAKE_PREFIX_PATH=/opt/ros/foxy /usr/bin/cmake --build /home/hy/Mobility_Challenge/ros2_ws/build/domain_bridge -- -j4 -l4
[0.603s] [  3%] Built target domain_bridge__cpp
[0.603s] [  6%] Built target domain_bridge__rosidl_generator_c
[0.603s] [  9%] Built target gmock_main
[0.603s] [ 13%] Built target gmock
[0.603s] [ 20%] Built target domain_bridge__rosidl_typesupport_introspection_cpp
[0.604s] [ 23%] Built target domain_bridge__rosidl_typesupport_cpp
[0.604s] [ 27%] Built target domain_bridge__rosidl_typesupport_fastrtps_cpp
[0.604s] [ 32%] Built target domain_bridge__rosidl_typesupport_introspection_c
[0.604s] [ 36%] Built target domain_bridge__rosidl_typesupport_c
[0.604s] [ 41%] Built target domain_bridge__rosidl_typesupport_fastrtps_c
[0.604s] [ 41%] Built target domain_bridge
[0.605s] [ 43%] Built target domain_bridge__py
[0.605s] [ 60%] Built target domain_bridge_lib
[0.605s] [ 63%] Built target domain_bridge__python
[0.605s] [ 66%] Built target test_domain_bridge_services__rmw_fastrtps_cpp
[0.605s] [ 69%] Built target domain_bridge_exec
[0.605s] [ 75%] Built target test_parse_domain_bridge_yaml_config
[0.605s] [ 75%] Built target test_domain_bridge
[0.606s] [ 81%] Built target test_qos_matching__rmw_cyclonedds_cpp
[0.606s] [ 81%] Built target test_qos_matching__rmw_fastrtps_cpp
[0.606s] [ 84%] Built target test_domain_bridge_end_to_end__rmw_cyclonedds_cpp
[0.606s] [ 87%] Built target test_domain_bridge_end_to_end__rmw_fastrtps_cpp
[0.640s] [ 90%] Built target test_domain_bridge_services__rmw_cyclonedds_cpp
[0.662s] [ 93%] Built target domain_bridge__rosidl_typesupport_introspection_c__pyext
[0.667s] [ 96%] Built target domain_bridge__rosidl_typesupport_c__pyext
[0.680s] [100%] Built target domain_bridge__rosidl_typesupport_fastrtps_c__pyext
[0.710s] Invoked command in '/home/hy/Mobility_Challenge/ros2_ws/build/domain_bridge' returned '0': CMAKE_PREFIX_PATH=/opt/ros/foxy /usr/bin/cmake --build /home/hy/Mobility_Challenge/ros2_ws/build/domain_bridge -- -j4 -l4
[0.712s] Invoking command in '/home/hy/Mobility_Challenge/ros2_ws/build/domain_bridge': CMAKE_PREFIX_PATH=/opt/ros/foxy /usr/bin/cmake --install /home/hy/Mobility_Challenge/ros2_ws/build/domain_bridge
[0.741s] -- Install configuration: ""
[0.743s] -- Execute custom install script
[0.744s] -- Up-to-date symlink: /home/hy/Mobility_Challenge/ros2_ws/install/domain_bridge/share/ament_index/resource_index/rosidl_interfaces/domain_bridge
[0.745s] -- Up-to-date symlink: /home/hy/Mobility_Challenge/ros2_ws/install/domain_bridge/include/domain_bridge/msg/compressed_msg.h
[0.746s] -- Up-to-date symlink: /home/hy/Mobility_Challenge/ros2_ws/install/domain_bridge/include/domain_bridge/msg/detail/compressed_msg__functions.h
[0.747s] -- Up-to-date symlink: /home/hy/Mobility_Challenge/ros2_ws/install/domain_bridge/include/domain_bridge/msg/detail/compressed_msg__struct.h
[0.748s] -- Up-to-date symlink: /home/hy/Mobility_Challenge/ros2_ws/install/domain_bridge/include/domain_bridge/msg/detail/compressed_msg__type_support.h
[0.749s] -- Up-to-date symlink: /home/hy/Mobility_Challenge/ros2_ws/install/domain_bridge/include/domain_bridge/msg/rosidl_generator_c__visibility_control.h
[0.750s] -- Up-to-date symlink: /home/hy/Mobility_Challenge/ros2_ws/install/domain_bridge/share/domain_bridge/environment/library_path.sh
[0.750s] -- Up-to-date symlink: /home/hy/Mobility_Challenge/ros2_ws/install/domain_bridge/share/domain_bridge/environment/library_path.dsv
[0.750s] -- Up-to-date symlink: /home/hy/Mobility_Challenge/ros2_ws/install/domain_bridge/include/domain_bridge/msg/detail/compressed_msg__rosidl_typesupport_fastrtps_c.h
[0.751s] -- Up-to-date symlink: /home/hy/Mobility_Challenge/ros2_ws/install/domain_bridge/include/domain_bridge/msg/rosidl_typesupport_fastrtps_c__visibility_control.h
[0.752s] -- Up-to-date symlink: /home/hy/Mobility_Challenge/ros2_ws/install/domain_bridge/lib/libdomain_bridge__rosidl_typesupport_fastrtps_c.so
[0.754s] -- Up-to-date symlink: /home/hy/Mobility_Challenge/ros2_ws/install/domain_bridge/include/domain_bridge/msg/detail/compressed_msg__rosidl_typesupport_fastrtps_cpp.hpp
[0.755s] -- Up-to-date symlink: /home/hy/Mobility_Challenge/ros2_ws/install/domain_bridge/include/domain_bridge/msg/rosidl_typesupport_fastrtps_cpp__visibility_control.h
[0.756s] -- Up-to-date symlink: /home/hy/Mobility_Challenge/ros2_ws/install/domain_bridge/lib/libdomain_bridge__rosidl_typesupport_fastrtps_cpp.so
[0.756s] -- Up-to-date symlink: /home/hy/Mobility_Challenge/ros2_ws/install/domain_bridge/include/domain_bridge/msg/detail/compressed_msg__rosidl_typesupport_introspection_c.h
[0.766s] -- Up-to-date symlink: /home/hy/Mobility_Challenge/ros2_ws/install/domain_bridge/include/domain_bridge/msg/rosidl_typesupport_introspection_c__visibility_control.h
[0.766s] -- Up-to-date symlink: /home/hy/Mobility_Challenge/ros2_ws/install/domain_bridge/include/domain_bridge/msg/compressed_msg.hpp
[0.767s] -- Up-to-date symlink: /home/hy/Mobility_Challenge/ros2_ws/install/domain_bridge/include/domain_bridge/msg/detail/compressed_msg__builder.hpp
[0.767s] -- Up-to-date symlink: /home/hy/Mobility_Challenge/ros2_ws/install/domain_bridge/include/domain_bridge/msg/detail/compressed_msg__struct.hpp
[0.767s] -- Up-to-date symlink: /home/hy/Mobility_Challenge/ros2_ws/install/domain_bridge/include/domain_bridge/msg/detail/compressed_msg__traits.hpp
[0.767s] -- Up-to-date symlink: /home/hy/Mobility_Challenge/ros2_ws/install/domain_bridge/include/domain_bridge/msg/detail/compressed_msg__type_support.hpp
[0.767s] -- Up-to-date symlink: /home/hy/Mobility_Challenge/ros2_ws/install/domain_bridge/include/domain_bridge/msg/rosidl_generator_cpp__visibility_control.hpp
[0.768s] -- Up-to-date symlink: /home/hy/Mobility_Challenge/ros2_ws/install/domain_bridge/include/domain_bridge/msg/detail/compressed_msg__rosidl_typesupport_introspection_cpp.hpp
[0.768s] -- Up-to-date symlink: /home/hy/Mobility_Challenge/ros2_ws/install/domain_bridge/share/domain_bridge/environment/pythonpath.sh
[0.768s] -- Up-to-date symlink: /home/hy/Mobility_Challenge/ros2_ws/install/domain_bridge/share/domain_bridge/environment/pythonpath.dsv
[0.768s] -- Up-to-date symlink: /home/hy/Mobility_Challenge/ros2_ws/install/domain_bridge/lib/python3.8/site-packages/domain_bridge/__init__.py
[0.768s] -- Up-to-date symlink: /home/hy/Mobility_Challenge/ros2_ws/install/domain_bridge/lib/python3.8/site-packages/domain_bridge/msg/__init__.py
[0.768s] -- Up-to-date symlink: /home/hy/Mobility_Challenge/ros2_ws/install/domain_bridge/lib/python3.8/site-packages/domain_bridge/msg/_compressed_msg.py
[0.768s] -- Up-to-date symlink: /home/hy/Mobility_Challenge/ros2_ws/install/domain_bridge/lib/python3.8/site-packages/domain_bridge/domain_bridge_s__rosidl_typesupport_fastrtps_c.cpython-38-aarch64-linux-gnu.so
[0.769s] -- Up-to-date symlink: /home/hy/Mobility_Challenge/ros2_ws/install/domain_bridge/lib/python3.8/site-packages/domain_bridge/domain_bridge_s__rosidl_typesupport_introspection_c.cpython-38-aarch64-linux-gnu.so
[0.770s] -- Up-to-date symlink: /home/hy/Mobility_Challenge/ros2_ws/install/domain_bridge/lib/python3.8/site-packages/domain_bridge/domain_bridge_s__rosidl_typesupport_c.cpython-38-aarch64-linux-gnu.so
[0.770s] -- Up-to-date symlink: /home/hy/Mobility_Challenge/ros2_ws/install/domain_bridge/lib/libdomain_bridge__python.so
[0.770s] -- Up-to-date symlink: /home/hy/Mobility_Challenge/ros2_ws/install/domain_bridge/share/domain_bridge/msg/CompressedMsg.idl
[0.771s] -- Up-to-date symlink: /home/hy/Mobility_Challenge/ros2_ws/install/domain_bridge/share/domain_bridge/msg/CompressedMsg.msg
[0.772s] -- Up-to-date symlink: /home/hy/Mobility_Challenge/ros2_ws/install/domain_bridge/include/domain_bridge/compress_messages.hpp
[0.773s] -- Up-to-date symlink: /home/hy/Mobility_Challenge/ros2_ws/install/domain_bridge/include/domain_bridge/domain_bridge.hpp
[0.773s] -- Up-to-date symlink: /home/hy/Mobility_Challenge/ros2_ws/install/domain_bridge/include/domain_bridge/domain_bridge_config.hpp
[0.773s] -- Up-to-date symlink: /home/hy/Mobility_Challenge/ros2_ws/install/domain_bridge/include/domain_bridge/domain_bridge_options.hpp
[0.774s] -- Up-to-date symlink: /home/hy/Mobility_Challenge/ros2_ws/install/domain_bridge/include/domain_bridge/parse_domain_bridge_yaml_config.hpp
[0.774s] -- Up-to-date symlink: /home/hy/Mobility_Challenge/ros2_ws/install/domain_bridge/include/domain_bridge/process_cmd_line_arguments.hpp
[0.774s] -- Up-to-date symlink: /home/hy/Mobility_Challenge/ros2_ws/install/domain_bridge/include/domain_bridge/qos_options.hpp
[0.775s] -- Up-to-date symlink: /home/hy/Mobility_Challenge/ros2_ws/install/domain_bridge/include/domain_bridge/service_bridge_impl.inc
[0.775s] -- Up-to-date symlink: /home/hy/Mobility_Challenge/ros2_ws/install/domain_bridge/include/domain_bridge/service_bridge_options.hpp
[0.776s] -- Up-to-date symlink: /home/hy/Mobility_Challenge/ros2_ws/install/domain_bridge/include/domain_bridge/topic_bridge.hpp
[0.776s] -- Up-to-date symlink: /home/hy/Mobility_Challenge/ros2_ws/install/domain_bridge/include/domain_bridge/topic_bridge_options.hpp
[0.776s] -- Up-to-date symlink: /home/hy/Mobility_Challenge/ros2_ws/install/domain_bridge/include/domain_bridge/utils.hpp
[0.777s] -- Up-to-date symlink: /home/hy/Mobility_Challenge/ros2_ws/install/domain_bridge/include/domain_bridge/visibility_control.hpp
[0.778s] -- Up-to-date symlink: /home/hy/Mobility_Challenge/ros2_ws/install/domain_bridge/lib/domain_bridge/domain_bridge
[0.778s] -- Up-to-date symlink: /home/hy/Mobility_Challenge/ros2_ws/install/domain_bridge/share/domain_bridge/examples/example_bridge_config.yaml
[0.779s] -- Up-to-date symlink: /home/hy/Mobility_Challenge/ros2_ws/install/domain_bridge/share/domain_bridge/launch/domain_bridge.launch.xml
[0.779s] -- Up-to-date symlink: /home/hy/Mobility_Challenge/ros2_ws/install/domain_bridge/share/ament_index/resource_index/package_run_dependencies/domain_bridge
[0.780s] -- Up-to-date symlink: /home/hy/Mobility_Challenge/ros2_ws/install/domain_bridge/share/ament_index/resource_index/parent_prefix_path/domain_bridge
[0.780s] -- Up-to-date symlink: /home/hy/Mobility_Challenge/ros2_ws/install/domain_bridge/share/domain_bridge/environment/ament_prefix_path.sh
[0.781s] -- Up-to-date symlink: /home/hy/Mobility_Challenge/ros2_ws/install/domain_bridge/share/domain_bridge/environment/ament_prefix_path.dsv
[0.781s] -- Up-to-date symlink: /home/hy/Mobility_Challenge/ros2_ws/install/domain_bridge/share/domain_bridge/environment/path.sh
[0.783s] -- Up-to-date symlink: /home/hy/Mobility_Challenge/ros2_ws/install/domain_bridge/share/domain_bridge/environment/path.dsv
[0.783s] -- Up-to-date symlink: /home/hy/Mobility_Challenge/ros2_ws/install/domain_bridge/share/domain_bridge/local_setup.bash
[0.783s] -- Up-to-date symlink: /home/hy/Mobility_Challenge/ros2_ws/install/domain_bridge/share/domain_bridge/local_setup.sh
[0.783s] -- Up-to-date symlink: /home/hy/Mobility_Challenge/ros2_ws/install/domain_bridge/share/domain_bridge/local_setup.zsh
[0.784s] -- Up-to-date symlink: /home/hy/Mobility_Challenge/ros2_ws/install/domain_bridge/share/domain_bridge/local_setup.dsv
[0.784s] -- Symlinking: /home/hy/Mobility_Challenge/ros2_ws/install/domain_bridge/share/domain_bridge/package.dsv
[0.804s] -- Up-to-date symlink: /home/hy/Mobility_Challenge/ros2_ws/install/domain_bridge/share/ament_index/resource_index/packages/domain_bridge
[0.804s] -- Up-to-date symlink: /home/hy/Mobility_Challenge/ros2_ws/install/domain_bridge/share/domain_bridge/cmake/rosidl_cmake-extras.cmake
[0.805s] -- Up-to-date symlink: /home/hy/Mobility_Challenge/ros2_ws/install/domain_bridge/share/domain_bridge/cmake/ament_cmake_export_dependencies-extras.cmake
[0.806s] -- Up-to-date symlink: /home/hy/Mobility_Challenge/ros2_ws/install/domain_bridge/share/domain_bridge/cmake/ament_cmake_export_libraries-extras.cmake
[0.806s] -- Up-to-date symlink: /home/hy/Mobility_Challenge/ros2_ws/install/domain_bridge/share/domain_bridge/cmake/ament_cmake_export_targets-extras.cmake
[0.807s] -- Up-to-date symlink: /home/hy/Mobility_Challenge/ros2_ws/install/domain_bridge/share/domain_bridge/cmake/ament_cmake_export_include_directories-extras.cmake
[0.808s] -- Up-to-date symlink: /home/hy/Mobility_Challenge/ros2_ws/install/domain_bridge/share/domain_bridge/cmake/rosidl_cmake_export_typesupport_libraries-extras.cmake
[0.808s] -- Up-to-date symlink: /home/hy/Mobility_Challenge/ros2_ws/install/domain_bridge/share/domain_bridge/cmake/rosidl_cmake_export_typesupport_targets-extras.cmake
[0.808s] -- Up-to-date symlink: /home/hy/Mobility_Challenge/ros2_ws/install/domain_bridge/share/domain_bridge/cmake/domain_bridgeConfig.cmake
[0.809s] -- Up-to-date symlink: /home/hy/Mobility_Challenge/ros2_ws/install/domain_bridge/share/domain_bridge/cmake/domain_bridgeConfig-version.cmake
[0.810s] -- Up-to-date symlink: /home/hy/Mobility_Challenge/ros2_ws/install/domain_bridge/share/domain_bridge/package.xml
[0.810s] -- Up-to-date: /home/hy/Mobility_Challenge/ros2_ws/install/domain_bridge/lib/libdomain_bridge__rosidl_generator_c.so
[0.811s] -- Up-to-date: /home/hy/Mobility_Challenge/ros2_ws/install/domain_bridge/lib/libdomain_bridge__rosidl_typesupport_introspection_c.so
[0.812s] -- Up-to-date: /home/hy/Mobility_Challenge/ros2_ws/install/domain_bridge/lib/libdomain_bridge__rosidl_typesupport_c.so
[0.812s] -- Up-to-date: /home/hy/Mobility_Challenge/ros2_ws/install/domain_bridge/lib/libdomain_bridge__rosidl_typesupport_introspection_cpp.so
[0.814s] -- Up-to-date: /home/hy/Mobility_Challenge/ros2_ws/install/domain_bridge/lib/libdomain_bridge__rosidl_typesupport_cpp.so
[0.890s] -- Up-to-date: /home/hy/Mobility_Challenge/ros2_ws/install/domain_bridge/lib/libdomain_bridge.so
[0.890s] -- Up-to-date: /home/hy/Mobility_Challenge/ros2_ws/install/domain_bridge/share/domain_bridge/cmake/domain_bridge__rosidl_generator_cExport.cmake
[0.890s] -- Up-to-date: /home/hy/Mobility_Challenge/ros2_ws/install/domain_bridge/share/domain_bridge/cmake/domain_bridge__rosidl_generator_cExport-noconfig.cmake
[0.891s] -- Up-to-date: /home/hy/Mobility_Challenge/ros2_ws/install/domain_bridge/share/domain_bridge/cmake/domain_bridge__rosidl_typesupport_introspection_cExport.cmake
[0.891s] -- Up-to-date: /home/hy/Mobility_Challenge/ros2_ws/install/domain_bridge/share/domain_bridge/cmake/domain_bridge__rosidl_typesupport_introspection_cExport-noconfig.cmake
[0.892s] -- Up-to-date: /home/hy/Mobility_Challenge/ros2_ws/install/domain_bridge/share/domain_bridge/cmake/domain_bridge__rosidl_typesupport_cExport.cmake
[0.892s] -- Up-to-date: /home/hy/Mobility_Challenge/ros2_ws/install/domain_bridge/share/domain_bridge/cmake/domain_bridge__rosidl_typesupport_cExport-noconfig.cmake
[0.892s] -- Up-to-date: /home/hy/Mobility_Challenge/ros2_ws/install/domain_bridge/share/domain_bridge/cmake/domain_bridge__rosidl_generator_cppExport.cmake
[0.892s] -- Up-to-date: /home/hy/Mobility_Challenge/ros2_ws/install/domain_bridge/share/domain_bridge/cmake/domain_bridge__rosidl_typesupport_introspection_cppExport.cmake
[0.892s] -- Up-to-date: /home/hy/Mobility_Challenge/ros2_ws/install/domain_bridge/share/domain_bridge/cmake/domain_bridge__rosidl_typesupport_introspection_cppExport-noconfig.cmake
[0.892s] -- Up-to-date: /home/hy/Mobility_Challenge/ros2_ws/install/domain_bridge/share/domain_bridge/cmake/domain_bridge__rosidl_typesupport_cppExport.cmake
[0.893s] -- Up-to-date: /home/hy/Mobility_Challenge/ros2_ws/install/domain_bridge/share/domain_bridge/cmake/domain_bridge__rosidl_typesupport_cppExport-noconfig.cmake
[0.893s] -- Up-to-date: /home/hy/Mobility_Challenge/ros2_ws/install/domain_bridge/share/domain_bridge/cmake/export_domain_bridgeExport.cmake
[0.893s] -- Up-to-date: /home/hy/Mobility_Challenge/ros2_ws/install/domain_bridge/share/domain_bridge/cmake/export_domain_bridgeExport-noconfig.cmake
[0.900s] Invoked command in '/home/hy/Mobility_Challenge/ros2_ws/build/domain_bridge' returned '0': CMAKE_PREFIX_PATH=/opt/ros/foxy /usr/bin/cmake --install /home/hy/Mobility_Challenge/ros2_ws/build/domain_bridge
