[0.422s] DEBUG:colcon:Command line arguments: ['/usr/bin/colcon', 'build', '--packages-select', 'p3_cpp']
[0.422s] DEBUG:colcon:Parsed command line arguments: Namespace(allow_overriding=[], ament_cmake_args=None, base_paths=['.'], build_base='build', catkin_cmake_args=None, catkin_skip_building_tests=False, cmake_args=None, cmake_clean_cache=False, cmake_clean_first=False, cmake_force_configure=False, cmake_target=None, cmake_target_skip_unavailable=False, continue_on_error=False, event_handlers=None, executor='parallel', ignore_user_meta=False, install_base='install', log_base=None, log_level=None, main=<bound method BuildVerb.main of <colcon_core.verb.build.BuildVerb object at 0xffff9a58e970>>, merge_install=False, metas=['./colcon.meta'], mixin=None, mixin_files=None, mixin_verb=('build',), packages_above=None, packages_above_and_dependencies=None, packages_above_depth=None, packages_end=None, packages_ignore=None, packages_ignore_regex=None, packages_select=['p3_cpp'], packages_select_build_failed=False, packages_select_by_dep=None, packages_select_regex=None, packages_select_test_failures=False, packages_skip=None, packages_skip_build_finished=False, packages_skip_by_dep=None, packages_skip_regex=None, packages_skip_test_passed=False, packages_skip_up_to=None, packages_start=None, packages_up_to=None, packages_up_to_regex=None, parallel_workers=4, paths=None, symlink_install=False, test_result_base=None, verb_extension=<colcon_core.verb.build.BuildVerb object at 0xffff9a58e970>, verb_name='build', verb_parser=<colcon_mixin.mixin.mixin_argument.MixinArgumentDecorator object at 0xffff999e9a90>)
[0.750s] Level 1:colcon.colcon_core.package_discovery:discover_packages(colcon_meta) check parameters
[0.750s] Level 1:colcon.colcon_core.package_discovery:discover_packages(recursive) check parameters
[0.751s] Level 1:colcon.colcon_core.package_discovery:discover_packages(ignore) check parameters
[0.751s] Level 1:colcon.colcon_core.package_discovery:discover_packages(path) check parameters
[0.751s] Level 1:colcon.colcon_core.package_discovery:discover_packages(colcon_meta) discover
[0.751s] Level 1:colcon.colcon_core.package_discovery:discover_packages(recursive) discover
[0.751s] INFO:colcon.colcon_core.package_discovery:Crawling recursively for packages in '/home/cav-06/KAIST_Mobility_Challenge_Hardware'
[0.751s] Level 1:colcon.colcon_core.package_identification:_identify(.) by extensions ['ignore', 'ignore_ament_install']
[0.752s] Level 1:colcon.colcon_core.package_identification:_identify(.) by extension 'ignore'
[0.752s] Level 1:colcon.colcon_core.package_identification:_identify(.) by extension 'ignore_ament_install'
[0.752s] Level 1:colcon.colcon_core.package_identification:_identify(.) by extensions ['colcon_pkg']
[0.752s] Level 1:colcon.colcon_core.package_identification:_identify(.) by extension 'colcon_pkg'
[0.752s] Level 1:colcon.colcon_core.package_identification:_identify(.) by extensions ['colcon_meta']
[0.752s] Level 1:colcon.colcon_core.package_identification:_identify(.) by extension 'colcon_meta'
[0.753s] Level 1:colcon.colcon_core.package_identification:_identify(.) by extensions ['ros']
[0.753s] Level 1:colcon.colcon_core.package_identification:_identify(.) by extension 'ros'
[0.777s] Level 1:colcon.colcon_core.package_identification:_identify(.) by extensions ['cmake', 'python']
[0.777s] Level 1:colcon.colcon_core.package_identification:_identify(.) by extension 'cmake'
[0.777s] Level 1:colcon.colcon_core.package_identification:_identify(.) by extension 'python'
[0.777s] Level 1:colcon.colcon_core.package_identification:_identify(.) by extensions ['python_setup_py']
[0.778s] Level 1:colcon.colcon_core.package_identification:_identify(.) by extension 'python_setup_py'
[0.778s] Level 1:colcon.colcon_core.package_identification:_identify(build) by extensions ['ignore', 'ignore_ament_install']
[0.778s] Level 1:colcon.colcon_core.package_identification:_identify(build) by extension 'ignore'
[0.778s] Level 1:colcon.colcon_core.package_identification:_identify(build) ignored
[0.779s] Level 1:colcon.colcon_core.package_identification:_identify(install) by extensions ['ignore', 'ignore_ament_install']
[0.779s] Level 1:colcon.colcon_core.package_identification:_identify(install) by extension 'ignore'
[0.779s] Level 1:colcon.colcon_core.package_identification:_identify(install) ignored
[0.779s] Level 1:colcon.colcon_core.package_identification:_identify(log) by extensions ['ignore', 'ignore_ament_install']
[0.779s] Level 1:colcon.colcon_core.package_identification:_identify(log) by extension 'ignore'
[0.779s] Level 1:colcon.colcon_core.package_identification:_identify(log) ignored
[0.780s] Level 1:colcon.colcon_core.package_identification:_identify(ros2_ws) by extensions ['ignore', 'ignore_ament_install']
[0.780s] Level 1:colcon.colcon_core.package_identification:_identify(ros2_ws) by extension 'ignore'
[0.780s] Level 1:colcon.colcon_core.package_identification:_identify(ros2_ws) by extension 'ignore_ament_install'
[0.780s] Level 1:colcon.colcon_core.package_identification:_identify(ros2_ws) by extensions ['colcon_pkg']
[0.780s] Level 1:colcon.colcon_core.package_identification:_identify(ros2_ws) by extension 'colcon_pkg'
[0.780s] Level 1:colcon.colcon_core.package_identification:_identify(ros2_ws) by extensions ['colcon_meta']
[0.780s] Level 1:colcon.colcon_core.package_identification:_identify(ros2_ws) by extension 'colcon_meta'
[0.781s] Level 1:colcon.colcon_core.package_identification:_identify(ros2_ws) by extensions ['ros']
[0.781s] Level 1:colcon.colcon_core.package_identification:_identify(ros2_ws) by extension 'ros'
[0.781s] Level 1:colcon.colcon_core.package_identification:_identify(ros2_ws) by extensions ['cmake', 'python']
[0.781s] Level 1:colcon.colcon_core.package_identification:_identify(ros2_ws) by extension 'cmake'
[0.781s] Level 1:colcon.colcon_core.package_identification:_identify(ros2_ws) by extension 'python'
[0.781s] Level 1:colcon.colcon_core.package_identification:_identify(ros2_ws) by extensions ['python_setup_py']
[0.781s] Level 1:colcon.colcon_core.package_identification:_identify(ros2_ws) by extension 'python_setup_py'
[0.781s] Level 1:colcon.colcon_core.package_identification:_identify(ros2_ws/build) by extensions ['ignore', 'ignore_ament_install']
[0.782s] Level 1:colcon.colcon_core.package_identification:_identify(ros2_ws/build) by extension 'ignore'
[0.782s] Level 1:colcon.colcon_core.package_identification:_identify(ros2_ws/build) ignored
[0.782s] Level 1:colcon.colcon_core.package_identification:_identify(ros2_ws/install) by extensions ['ignore', 'ignore_ament_install']
[0.782s] Level 1:colcon.colcon_core.package_identification:_identify(ros2_ws/install) by extension 'ignore'
[0.782s] Level 1:colcon.colcon_core.package_identification:_identify(ros2_ws/install) ignored
[0.783s] Level 1:colcon.colcon_core.package_identification:_identify(ros2_ws/log) by extensions ['ignore', 'ignore_ament_install']
[0.783s] Level 1:colcon.colcon_core.package_identification:_identify(ros2_ws/log) by extension 'ignore'
[0.783s] Level 1:colcon.colcon_core.package_identification:_identify(ros2_ws/log) ignored
[0.783s] Level 1:colcon.colcon_core.package_identification:_identify(ros2_ws/src) by extensions ['ignore', 'ignore_ament_install']
[0.783s] Level 1:colcon.colcon_core.package_identification:_identify(ros2_ws/src) by extension 'ignore'
[0.783s] Level 1:colcon.colcon_core.package_identification:_identify(ros2_ws/src) by extension 'ignore_ament_install'
[0.783s] Level 1:colcon.colcon_core.package_identification:_identify(ros2_ws/src) by extensions ['colcon_pkg']
[0.784s] Level 1:colcon.colcon_core.package_identification:_identify(ros2_ws/src) by extension 'colcon_pkg'
[0.784s] Level 1:colcon.colcon_core.package_identification:_identify(ros2_ws/src) by extensions ['colcon_meta']
[0.784s] Level 1:colcon.colcon_core.package_identification:_identify(ros2_ws/src) by extension 'colcon_meta'
[0.784s] Level 1:colcon.colcon_core.package_identification:_identify(ros2_ws/src) by extensions ['ros']
[0.784s] Level 1:colcon.colcon_core.package_identification:_identify(ros2_ws/src) by extension 'ros'
[0.784s] Level 1:colcon.colcon_core.package_identification:_identify(ros2_ws/src) by extensions ['cmake', 'python']
[0.784s] Level 1:colcon.colcon_core.package_identification:_identify(ros2_ws/src) by extension 'cmake'
[0.784s] Level 1:colcon.colcon_core.package_identification:_identify(ros2_ws/src) by extension 'python'
[0.784s] Level 1:colcon.colcon_core.package_identification:_identify(ros2_ws/src) by extensions ['python_setup_py']
[0.784s] Level 1:colcon.colcon_core.package_identification:_identify(ros2_ws/src) by extension 'python_setup_py'
[0.785s] Level 1:colcon.colcon_core.package_identification:_identify(ros2_ws/src/build) by extensions ['ignore', 'ignore_ament_install']
[0.785s] Level 1:colcon.colcon_core.package_identification:_identify(ros2_ws/src/build) by extension 'ignore'
[0.785s] Level 1:colcon.colcon_core.package_identification:_identify(ros2_ws/src/build) ignored
[0.785s] Level 1:colcon.colcon_core.package_identification:_identify(ros2_ws/src/cav_controller) by extensions ['ignore', 'ignore_ament_install']
[0.785s] Level 1:colcon.colcon_core.package_identification:_identify(ros2_ws/src/cav_controller) by extension 'ignore'
[0.786s] Level 1:colcon.colcon_core.package_identification:_identify(ros2_ws/src/cav_controller) by extension 'ignore_ament_install'
[0.786s] Level 1:colcon.colcon_core.package_identification:_identify(ros2_ws/src/cav_controller) by extensions ['colcon_pkg']
[0.786s] Level 1:colcon.colcon_core.package_identification:_identify(ros2_ws/src/cav_controller) by extension 'colcon_pkg'
[0.786s] Level 1:colcon.colcon_core.package_identification:_identify(ros2_ws/src/cav_controller) by extensions ['colcon_meta']
[0.786s] Level 1:colcon.colcon_core.package_identification:_identify(ros2_ws/src/cav_controller) by extension 'colcon_meta'
[0.786s] Level 1:colcon.colcon_core.package_identification:_identify(ros2_ws/src/cav_controller) by extensions ['ros']
[0.786s] Level 1:colcon.colcon_core.package_identification:_identify(ros2_ws/src/cav_controller) by extension 'ros'
[0.792s] DEBUG:colcon.colcon_core.package_identification:Package 'ros2_ws/src/cav_controller' with type 'ros.ament_python' and name 'cav_controller'
[0.792s] Level 1:colcon.colcon_core.package_identification:_identify(ros2_ws/src/domain_bridge) by extensions ['ignore', 'ignore_ament_install']
[0.793s] Level 1:colcon.colcon_core.package_identification:_identify(ros2_ws/src/domain_bridge) by extension 'ignore'
[0.793s] Level 1:colcon.colcon_core.package_identification:_identify(ros2_ws/src/domain_bridge) by extension 'ignore_ament_install'
[0.793s] Level 1:colcon.colcon_core.package_identification:_identify(ros2_ws/src/domain_bridge) by extensions ['colcon_pkg']
[0.793s] Level 1:colcon.colcon_core.package_identification:_identify(ros2_ws/src/domain_bridge) by extension 'colcon_pkg'
[0.793s] Level 1:colcon.colcon_core.package_identification:_identify(ros2_ws/src/domain_bridge) by extensions ['colcon_meta']
[0.793s] Level 1:colcon.colcon_core.package_identification:_identify(ros2_ws/src/domain_bridge) by extension 'colcon_meta'
[0.793s] Level 1:colcon.colcon_core.package_identification:_identify(ros2_ws/src/domain_bridge) by extensions ['ros']
[0.794s] Level 1:colcon.colcon_core.package_identification:_identify(ros2_ws/src/domain_bridge) by extension 'ros'
[0.796s] DEBUG:colcon.colcon_core.package_identification:Package 'ros2_ws/src/domain_bridge' with type 'ros.ament_cmake' and name 'domain_bridge'
[0.797s] Level 1:colcon.colcon_core.package_identification:_identify(ros2_ws/src/install) by extensions ['ignore', 'ignore_ament_install']
[0.797s] Level 1:colcon.colcon_core.package_identification:_identify(ros2_ws/src/install) by extension 'ignore'
[0.797s] Level 1:colcon.colcon_core.package_identification:_identify(ros2_ws/src/install) ignored
[0.797s] Level 1:colcon.colcon_core.package_identification:_identify(ros2_ws/src/log) by extensions ['ignore', 'ignore_ament_install']
[0.797s] Level 1:colcon.colcon_core.package_identification:_identify(ros2_ws/src/log) by extension 'ignore'
[0.797s] Level 1:colcon.colcon_core.package_identification:_identify(ros2_ws/src/log) ignored
[0.798s] Level 1:colcon.colcon_core.package_identification:_identify(ros2_ws/src/p3_cpp) by extensions ['ignore', 'ignore_ament_install']
[0.798s] Level 1:colcon.colcon_core.package_identification:_identify(ros2_ws/src/p3_cpp) by extension 'ignore'
[0.798s] Level 1:colcon.colcon_core.package_identification:_identify(ros2_ws/src/p3_cpp) by extension 'ignore_ament_install'
[0.798s] Level 1:colcon.colcon_core.package_identification:_identify(ros2_ws/src/p3_cpp) by extensions ['colcon_pkg']
[0.798s] Level 1:colcon.colcon_core.package_identification:_identify(ros2_ws/src/p3_cpp) by extension 'colcon_pkg'
[0.798s] Level 1:colcon.colcon_core.package_identification:_identify(ros2_ws/src/p3_cpp) by extensions ['colcon_meta']
[0.798s] Level 1:colcon.colcon_core.package_identification:_identify(ros2_ws/src/p3_cpp) by extension 'colcon_meta'
[0.799s] Level 1:colcon.colcon_core.package_identification:_identify(ros2_ws/src/p3_cpp) by extensions ['ros']
[0.799s] Level 1:colcon.colcon_core.package_identification:_identify(ros2_ws/src/p3_cpp) by extension 'ros'
[0.800s] DEBUG:colcon.colcon_core.package_identification:Package 'ros2_ws/src/p3_cpp' with type 'ros.ament_cmake' and name 'p3_cpp'
[0.801s] Level 1:colcon.colcon_core.package_identification:_identify(ros2_ws/src/simulator_launch) by extensions ['ignore', 'ignore_ament_install']
[0.801s] Level 1:colcon.colcon_core.package_identification:_identify(ros2_ws/src/simulator_launch) by extension 'ignore'
[0.801s] Level 1:colcon.colcon_core.package_identification:_identify(ros2_ws/src/simulator_launch) by extension 'ignore_ament_install'
[0.801s] Level 1:colcon.colcon_core.package_identification:_identify(ros2_ws/src/simulator_launch) by extensions ['colcon_pkg']
[0.801s] Level 1:colcon.colcon_core.package_identification:_identify(ros2_ws/src/simulator_launch) by extension 'colcon_pkg'
[0.801s] Level 1:colcon.colcon_core.package_identification:_identify(ros2_ws/src/simulator_launch) by extensions ['colcon_meta']
[0.801s] Level 1:colcon.colcon_core.package_identification:_identify(ros2_ws/src/simulator_launch) by extension 'colcon_meta'
[0.802s] Level 1:colcon.colcon_core.package_identification:_identify(ros2_ws/src/simulator_launch) by extensions ['ros']
[0.802s] Level 1:colcon.colcon_core.package_identification:_identify(ros2_ws/src/simulator_launch) by extension 'ros'
[0.803s] DEBUG:colcon.colcon_core.package_identification:Package 'ros2_ws/src/simulator_launch' with type 'ros.ament_cmake' and name 'simulator_launch'
[0.803s] Level 1:colcon.colcon_core.package_identification:_identify(sdk) by extensions ['ignore', 'ignore_ament_install']
[0.803s] Level 1:colcon.colcon_core.package_identification:_identify(sdk) by extension 'ignore'
[0.803s] Level 1:colcon.colcon_core.package_identification:_identify(sdk) by extension 'ignore_ament_install'
[0.804s] Level 1:colcon.colcon_core.package_identification:_identify(sdk) by extensions ['colcon_pkg']
[0.804s] Level 1:colcon.colcon_core.package_identification:_identify(sdk) by extension 'colcon_pkg'
[0.804s] Level 1:colcon.colcon_core.package_identification:_identify(sdk) by extensions ['colcon_meta']
[0.804s] Level 1:colcon.colcon_core.package_identification:_identify(sdk) by extension 'colcon_meta'
[0.804s] Level 1:colcon.colcon_core.package_identification:_identify(sdk) by extensions ['ros']
[0.804s] Level 1:colcon.colcon_core.package_identification:_identify(sdk) by extension 'ros'
[0.804s] Level 1:colcon.colcon_core.package_identification:_identify(sdk) by extensions ['cmake', 'python']
[0.804s] Level 1:colcon.colcon_core.package_identification:_identify(sdk) by extension 'cmake'
[0.804s] Level 1:colcon.colcon_core.package_identification:_identify(sdk) by extension 'python'
[0.805s] Level 1:colcon.colcon_core.package_identification:_identify(sdk) by extensions ['python_setup_py']
[0.805s] Level 1:colcon.colcon_core.package_identification:_identify(sdk) by extension 'python_setup_py'
[0.805s] Level 1:colcon.colcon_core.package_identification:_identify(sdk/KAIST_Mobility_Challenge_SDK) by extensions ['ignore', 'ignore_ament_install']
[0.805s] Level 1:colcon.colcon_core.package_identification:_identify(sdk/KAIST_Mobility_Challenge_SDK) by extension 'ignore'
[0.805s] Level 1:colcon.colcon_core.package_identification:_identify(sdk/KAIST_Mobility_Challenge_SDK) by extension 'ignore_ament_install'
[0.805s] Level 1:colcon.colcon_core.package_identification:_identify(sdk/KAIST_Mobility_Challenge_SDK) by extensions ['colcon_pkg']
[0.805s] Level 1:colcon.colcon_core.package_identification:_identify(sdk/KAIST_Mobility_Challenge_SDK) by extension 'colcon_pkg'
[0.806s] Level 1:colcon.colcon_core.package_identification:_identify(sdk/KAIST_Mobility_Challenge_SDK) by extensions ['colcon_meta']
[0.806s] Level 1:colcon.colcon_core.package_identification:_identify(sdk/KAIST_Mobility_Challenge_SDK) by extension 'colcon_meta'
[0.806s] Level 1:colcon.colcon_core.package_identification:_identify(sdk/KAIST_Mobility_Challenge_SDK) by extensions ['ros']
[0.806s] Level 1:colcon.colcon_core.package_identification:_identify(sdk/KAIST_Mobility_Challenge_SDK) by extension 'ros'
[0.806s] Level 1:colcon.colcon_core.package_identification:_identify(sdk/KAIST_Mobility_Challenge_SDK) by extensions ['cmake', 'python']
[0.806s] Level 1:colcon.colcon_core.package_identification:_identify(sdk/KAIST_Mobility_Challenge_SDK) by extension 'cmake'
[0.830s] Level 1:colcon.colcon_core.package_identification:_identify(sdk/KAIST_Mobility_Challenge_SDK) by extension 'python'
[0.831s] DEBUG:colcon.colcon_core.package_identification:Package 'sdk/KAIST_Mobility_Challenge_SDK' with type 'cmake' and name 'KMC_HARDWARE_uart_sdk'
[0.831s] Level 1:colcon.colcon_core.package_identification:_identify(tool) by extensions ['ignore', 'ignore_ament_install']
[0.831s] Level 1:colcon.colcon_core.package_identification:_identify(tool) by extension 'ignore'
[0.831s] Level 1:colcon.colcon_core.package_identification:_identify(tool) by extension 'ignore_ament_install'
[0.831s] Level 1:colcon.colcon_core.package_identification:_identify(tool) by extensions ['colcon_pkg']
[0.832s] Level 1:colcon.colcon_core.package_identification:_identify(tool) by extension 'colcon_pkg'
[0.832s] Level 1:colcon.colcon_core.package_identification:_identify(tool) by extensions ['colcon_meta']
[0.832s] Level 1:colcon.colcon_core.package_identification:_identify(tool) by extension 'colcon_meta'
[0.832s] Level 1:colcon.colcon_core.package_identification:_identify(tool) by extensions ['ros']
[0.832s] Level 1:colcon.colcon_core.package_identification:_identify(tool) by extension 'ros'
[0.832s] Level 1:colcon.colcon_core.package_identification:_identify(tool) by extensions ['cmake', 'python']
[0.832s] Level 1:colcon.colcon_core.package_identification:_identify(tool) by extension 'cmake'
[0.832s] Level 1:colcon.colcon_core.package_identification:_identify(tool) by extension 'python'
[0.832s] Level 1:colcon.colcon_core.package_identification:_identify(tool) by extensions ['python_setup_py']
[0.833s] Level 1:colcon.colcon_core.package_identification:_identify(tool) by extension 'python_setup_py'
[0.833s] Level 1:colcon.colcon_core.package_identification:_identify(tool/waypoint) by extensions ['ignore', 'ignore_ament_install']
[0.833s] Level 1:colcon.colcon_core.package_identification:_identify(tool/waypoint) by extension 'ignore'
[0.833s] Level 1:colcon.colcon_core.package_identification:_identify(tool/waypoint) by extension 'ignore_ament_install'
[0.833s] Level 1:colcon.colcon_core.package_identification:_identify(tool/waypoint) by extensions ['colcon_pkg']
[0.833s] Level 1:colcon.colcon_core.package_identification:_identify(tool/waypoint) by extension 'colcon_pkg'
[0.834s] Level 1:colcon.colcon_core.package_identification:_identify(tool/waypoint) by extensions ['colcon_meta']
[0.834s] Level 1:colcon.colcon_core.package_identification:_identify(tool/waypoint) by extension 'colcon_meta'
[0.834s] Level 1:colcon.colcon_core.package_identification:_identify(tool/waypoint) by extensions ['ros']
[0.834s] Level 1:colcon.colcon_core.package_identification:_identify(tool/waypoint) by extension 'ros'
[0.834s] Level 1:colcon.colcon_core.package_identification:_identify(tool/waypoint) by extensions ['cmake', 'python']
[0.834s] Level 1:colcon.colcon_core.package_identification:_identify(tool/waypoint) by extension 'cmake'
[0.834s] Level 1:colcon.colcon_core.package_identification:_identify(tool/waypoint) by extension 'python'
[0.834s] Level 1:colcon.colcon_core.package_identification:_identify(tool/waypoint) by extensions ['python_setup_py']
[0.834s] Level 1:colcon.colcon_core.package_identification:_identify(tool/waypoint) by extension 'python_setup_py'
[0.834s] Level 1:colcon.colcon_core.package_discovery:discover_packages(recursive) using defaults
[0.835s] Level 1:colcon.colcon_core.package_discovery:discover_packages(ignore) discover
[0.835s] Level 1:colcon.colcon_core.package_discovery:discover_packages(ignore) using defaults
[0.835s] Level 1:colcon.colcon_core.package_discovery:discover_packages(path) discover
[0.835s] Level 1:colcon.colcon_core.package_discovery:discover_packages(path) using defaults
[0.872s] INFO:colcon.colcon_core.package_selection:Skipping not selected package 'KMC_HARDWARE_uart_sdk' in 'sdk/KAIST_Mobility_Challenge_SDK'
[0.872s] INFO:colcon.colcon_core.package_selection:Skipping not selected package 'cav_controller' in 'ros2_ws/src/cav_controller'
[0.872s] INFO:colcon.colcon_core.package_selection:Skipping not selected package 'domain_bridge' in 'ros2_ws/src/domain_bridge'
[0.872s] INFO:colcon.colcon_core.package_selection:Skipping not selected package 'simulator_launch' in 'ros2_ws/src/simulator_launch'
[0.873s] Level 1:colcon.colcon_core.package_discovery:discover_packages(prefix_path) check parameters
[0.873s] Level 1:colcon.colcon_core.package_discovery:discover_packages(prefix_path) discover
[0.877s] DEBUG:colcon.colcon_installed_package_information.package_discovery:Found 5 installed packages in /home/cav-06/KAIST_Mobility_Challenge_Hardware/install
[0.880s] DEBUG:colcon.colcon_installed_package_information.package_discovery:Found 257 installed packages in /opt/ros/foxy
[0.912s] Level 1:colcon.colcon_core.package_discovery:discover_packages(prefix_path) using defaults
[1.039s] Level 5:colcon.colcon_core.verb:set package 'p3_cpp' build argument 'cmake_args' from command line to 'None'
[1.039s] Level 5:colcon.colcon_core.verb:set package 'p3_cpp' build argument 'cmake_target' from command line to 'None'
[1.039s] Level 5:colcon.colcon_core.verb:set package 'p3_cpp' build argument 'cmake_target_skip_unavailable' from command line to 'False'
[1.039s] Level 5:colcon.colcon_core.verb:set package 'p3_cpp' build argument 'cmake_clean_cache' from command line to 'False'
[1.040s] Level 5:colcon.colcon_core.verb:set package 'p3_cpp' build argument 'cmake_clean_first' from command line to 'False'
[1.040s] Level 5:colcon.colcon_core.verb:set package 'p3_cpp' build argument 'cmake_force_configure' from command line to 'False'
[1.040s] Level 5:colcon.colcon_core.verb:set package 'p3_cpp' build argument 'ament_cmake_args' from command line to 'None'
[1.040s] Level 5:colcon.colcon_core.verb:set package 'p3_cpp' build argument 'catkin_cmake_args' from command line to 'None'
[1.040s] Level 5:colcon.colcon_core.verb:set package 'p3_cpp' build argument 'catkin_skip_building_tests' from command line to 'False'
[1.040s] DEBUG:colcon.colcon_core.verb:Building package 'p3_cpp' with the following arguments: {'ament_cmake_args': None, 'build_base': '/home/cav-06/KAIST_Mobility_Challenge_Hardware/build/p3_cpp', 'catkin_cmake_args': None, 'catkin_skip_building_tests': False, 'cmake_args': None, 'cmake_clean_cache': False, 'cmake_clean_first': False, 'cmake_force_configure': False, 'cmake_target': None, 'cmake_target_skip_unavailable': False, 'install_base': '/home/cav-06/KAIST_Mobility_Challenge_Hardware/install/p3_cpp', 'merge_install': False, 'path': '/home/cav-06/KAIST_Mobility_Challenge_Hardware/ros2_ws/src/p3_cpp', 'symlink_install': False, 'test_result_base': None}
[1.040s] INFO:colcon.colcon_core.executor:Executing jobs using 'parallel' executor
[1.043s] DEBUG:colcon.colcon_parallel_executor.executor.parallel:run_until_complete
[1.043s] INFO:colcon.colcon_ros.task.ament_cmake.build:Building ROS package in '/home/cav-06/KAIST_Mobility_Challenge_Hardware/ros2_ws/src/p3_cpp' with build type 'ament_cmake'
[1.044s] INFO:colcon.colcon_cmake.task.cmake.build:Building CMake package in '/home/cav-06/KAIST_Mobility_Challenge_Hardware/ros2_ws/src/p3_cpp'
[1.048s] INFO:colcon.colcon_core.plugin_system:Skipping extension 'colcon_core.shell.bat': Not used on non-Windows systems
[1.049s] INFO:colcon.colcon_core.shell:Skip shell extension 'powershell' for command environment: Not usable outside of PowerShell
[1.049s] DEBUG:colcon.colcon_core.shell:Skip shell extension 'dsv' for command environment
[1.069s] DEBUG:colcon.colcon_core.event_handler.log_command:Invoking command in '/home/cav-06/KAIST_Mobility_Challenge_Hardware/build/p3_cpp': CMAKE_PREFIX_PATH=${CMAKE_PREFIX_PATH}:/home/cav-06/KAIST_Mobility_Challenge_Hardware/install/cav_controller:/opt/ros/foxy /usr/bin/cmake /home/cav-06/KAIST_Mobility_Challenge_Hardware/ros2_ws/src/p3_cpp -DCMAKE_INSTALL_PREFIX=/home/cav-06/KAIST_Mobility_Challenge_Hardware/install/p3_cpp
[2.572s] DEBUG:colcon.colcon_core.event_handler.log_command:Invoked command in '/home/cav-06/KAIST_Mobility_Challenge_Hardware/build/p3_cpp' returned '0': CMAKE_PREFIX_PATH=${CMAKE_PREFIX_PATH}:/home/cav-06/KAIST_Mobility_Challenge_Hardware/install/cav_controller:/opt/ros/foxy /usr/bin/cmake /home/cav-06/KAIST_Mobility_Challenge_Hardware/ros2_ws/src/p3_cpp -DCMAKE_INSTALL_PREFIX=/home/cav-06/KAIST_Mobility_Challenge_Hardware/install/p3_cpp
[2.580s] DEBUG:colcon.colcon_core.event_handler.log_command:Invoking command in '/home/cav-06/KAIST_Mobility_Challenge_Hardware/build/p3_cpp': CMAKE_PREFIX_PATH=${CMAKE_PREFIX_PATH}:/home/cav-06/KAIST_Mobility_Challenge_Hardware/install/cav_controller:/opt/ros/foxy /usr/bin/cmake --build /home/cav-06/KAIST_Mobility_Challenge_Hardware/build/p3_cpp -- -j4 -l4
[2.734s] DEBUG:colcon.colcon_core.event_handler.log_command:Invoked command in '/home/cav-06/KAIST_Mobility_Challenge_Hardware/build/p3_cpp' returned '0': CMAKE_PREFIX_PATH=${CMAKE_PREFIX_PATH}:/home/cav-06/KAIST_Mobility_Challenge_Hardware/install/cav_controller:/opt/ros/foxy /usr/bin/cmake --build /home/cav-06/KAIST_Mobility_Challenge_Hardware/build/p3_cpp -- -j4 -l4
[2.769s] DEBUG:colcon.colcon_core.event_handler.log_command:Invoking command in '/home/cav-06/KAIST_Mobility_Challenge_Hardware/build/p3_cpp': CMAKE_PREFIX_PATH=${CMAKE_PREFIX_PATH}:/home/cav-06/KAIST_Mobility_Challenge_Hardware/install/cav_controller:/opt/ros/foxy /usr/bin/cmake --install /home/cav-06/KAIST_Mobility_Challenge_Hardware/build/p3_cpp
[2.862s] Level 1:colcon.colcon_core.environment:create_environment_scripts_only(p3_cpp)
[2.864s] DEBUG:colcon.colcon_core.event_handler.log_command:Invoked command in '/home/cav-06/KAIST_Mobility_Challenge_Hardware/build/p3_cpp' returned '0': CMAKE_PREFIX_PATH=${CMAKE_PREFIX_PATH}:/home/cav-06/KAIST_Mobility_Challenge_Hardware/install/cav_controller:/opt/ros/foxy /usr/bin/cmake --install /home/cav-06/KAIST_Mobility_Challenge_Hardware/build/p3_cpp
[2.869s] Level 1:colcon.colcon_core.environment:checking '/home/cav-06/KAIST_Mobility_Challenge_Hardware/install/p3_cpp' for CMake module files
[2.870s] Level 1:colcon.colcon_core.environment:checking '/home/cav-06/KAIST_Mobility_Challenge_Hardware/install/p3_cpp' for CMake config files
[2.871s] Level 1:colcon.colcon_core.shell:create_environment_hook('p3_cpp', 'cmake_prefix_path')
[2.871s] INFO:colcon.colcon_core.shell:Creating environment hook '/home/cav-06/KAIST_Mobility_Challenge_Hardware/install/p3_cpp/share/p3_cpp/hook/cmake_prefix_path.ps1'
[2.873s] INFO:colcon.colcon_core.shell:Creating environment descriptor '/home/cav-06/KAIST_Mobility_Challenge_Hardware/install/p3_cpp/share/p3_cpp/hook/cmake_prefix_path.dsv'
[2.874s] INFO:colcon.colcon_core.shell:Creating environment hook '/home/cav-06/KAIST_Mobility_Challenge_Hardware/install/p3_cpp/share/p3_cpp/hook/cmake_prefix_path.sh'
[2.877s] Level 1:colcon.colcon_core.environment:checking '/home/cav-06/KAIST_Mobility_Challenge_Hardware/install/p3_cpp/lib'
[2.877s] Level 1:colcon.colcon_core.environment:checking '/home/cav-06/KAIST_Mobility_Challenge_Hardware/install/p3_cpp/bin'
[2.877s] Level 1:colcon.colcon_core.environment:checking '/home/cav-06/KAIST_Mobility_Challenge_Hardware/install/p3_cpp/lib/pkgconfig/p3_cpp.pc'
[2.878s] Level 1:colcon.colcon_core.environment:checking '/home/cav-06/KAIST_Mobility_Challenge_Hardware/install/p3_cpp/lib/python3.8/site-packages'
[2.878s] Level 1:colcon.colcon_core.environment:checking '/home/cav-06/KAIST_Mobility_Challenge_Hardware/install/p3_cpp/bin'
[2.879s] INFO:colcon.colcon_core.shell:Creating package script '/home/cav-06/KAIST_Mobility_Challenge_Hardware/install/p3_cpp/share/p3_cpp/package.ps1'
[2.881s] INFO:colcon.colcon_core.shell:Creating package descriptor '/home/cav-06/KAIST_Mobility_Challenge_Hardware/install/p3_cpp/share/p3_cpp/package.dsv'
[2.882s] INFO:colcon.colcon_core.shell:Creating package script '/home/cav-06/KAIST_Mobility_Challenge_Hardware/install/p3_cpp/share/p3_cpp/package.sh'
[2.884s] INFO:colcon.colcon_core.shell:Creating package script '/home/cav-06/KAIST_Mobility_Challenge_Hardware/install/p3_cpp/share/p3_cpp/package.bash'
[2.886s] INFO:colcon.colcon_core.shell:Creating package script '/home/cav-06/KAIST_Mobility_Challenge_Hardware/install/p3_cpp/share/p3_cpp/package.zsh'
[2.888s] Level 1:colcon.colcon_core.environment:create_file_with_runtime_dependencies(/home/cav-06/KAIST_Mobility_Challenge_Hardware/install/p3_cpp/share/colcon-core/packages/p3_cpp)
[2.890s] Level 1:colcon.colcon_core.environment:create_environment_scripts_only(p3_cpp)
[2.890s] Level 1:colcon.colcon_core.environment:checking '/home/cav-06/KAIST_Mobility_Challenge_Hardware/install/p3_cpp' for CMake module files
[2.892s] Level 1:colcon.colcon_core.environment:checking '/home/cav-06/KAIST_Mobility_Challenge_Hardware/install/p3_cpp' for CMake config files
[2.892s] Level 1:colcon.colcon_core.shell:create_environment_hook('p3_cpp', 'cmake_prefix_path')
[2.893s] INFO:colcon.colcon_core.shell:Creating environment hook '/home/cav-06/KAIST_Mobility_Challenge_Hardware/install/p3_cpp/share/p3_cpp/hook/cmake_prefix_path.ps1'
[2.894s] INFO:colcon.colcon_core.shell:Creating environment descriptor '/home/cav-06/KAIST_Mobility_Challenge_Hardware/install/p3_cpp/share/p3_cpp/hook/cmake_prefix_path.dsv'
[2.894s] INFO:colcon.colcon_core.shell:Creating environment hook '/home/cav-06/KAIST_Mobility_Challenge_Hardware/install/p3_cpp/share/p3_cpp/hook/cmake_prefix_path.sh'
[2.895s] Level 1:colcon.colcon_core.environment:checking '/home/cav-06/KAIST_Mobility_Challenge_Hardware/install/p3_cpp/lib'
[2.896s] Level 1:colcon.colcon_core.environment:checking '/home/cav-06/KAIST_Mobility_Challenge_Hardware/install/p3_cpp/bin'
[2.896s] Level 1:colcon.colcon_core.environment:checking '/home/cav-06/KAIST_Mobility_Challenge_Hardware/install/p3_cpp/lib/pkgconfig/p3_cpp.pc'
[2.896s] Level 1:colcon.colcon_core.environment:checking '/home/cav-06/KAIST_Mobility_Challenge_Hardware/install/p3_cpp/lib/python3.8/site-packages'
[2.897s] Level 1:colcon.colcon_core.environment:checking '/home/cav-06/KAIST_Mobility_Challenge_Hardware/install/p3_cpp/bin'
[2.897s] INFO:colcon.colcon_core.shell:Creating package script '/home/cav-06/KAIST_Mobility_Challenge_Hardware/install/p3_cpp/share/p3_cpp/package.ps1'
[2.898s] INFO:colcon.colcon_core.shell:Creating package descriptor '/home/cav-06/KAIST_Mobility_Challenge_Hardware/install/p3_cpp/share/p3_cpp/package.dsv'
[2.899s] INFO:colcon.colcon_core.shell:Creating package script '/home/cav-06/KAIST_Mobility_Challenge_Hardware/install/p3_cpp/share/p3_cpp/package.sh'
[2.900s] INFO:colcon.colcon_core.shell:Creating package script '/home/cav-06/KAIST_Mobility_Challenge_Hardware/install/p3_cpp/share/p3_cpp/package.bash'
[2.901s] INFO:colcon.colcon_core.shell:Creating package script '/home/cav-06/KAIST_Mobility_Challenge_Hardware/install/p3_cpp/share/p3_cpp/package.zsh'
[2.902s] Level 1:colcon.colcon_core.environment:create_file_with_runtime_dependencies(/home/cav-06/KAIST_Mobility_Challenge_Hardware/install/p3_cpp/share/colcon-core/packages/p3_cpp)
[2.903s] DEBUG:colcon.colcon_parallel_executor.executor.parallel:closing loop
[2.904s] DEBUG:colcon.colcon_parallel_executor.executor.parallel:loop closed
[2.904s] DEBUG:colcon.colcon_parallel_executor.executor.parallel:run_until_complete finished with '0'
[2.905s] DEBUG:colcon.colcon_core.event_reactor:joining thread
[2.916s] INFO:colcon.colcon_core.plugin_system:Skipping extension 'colcon_notification.desktop_notification.terminal_notifier': Not used on non-Darwin systems
[2.917s] INFO:colcon.colcon_core.plugin_system:Skipping extension 'colcon_notification.desktop_notification.win32': Not used on non-Windows systems
[2.917s] INFO:colcon.colcon_notification.desktop_notification:Sending desktop notification using 'notify2'
[2.954s] DEBUG:colcon.colcon_core.event_reactor:joined thread
[2.956s] INFO:colcon.colcon_core.shell:Creating prefix script '/home/cav-06/KAIST_Mobility_Challenge_Hardware/install/local_setup.ps1'
[2.959s] INFO:colcon.colcon_core.shell:Creating prefix util module '/home/cav-06/KAIST_Mobility_Challenge_Hardware/install/_local_setup_util_ps1.py'
[2.963s] INFO:colcon.colcon_core.shell:Creating prefix chain script '/home/cav-06/KAIST_Mobility_Challenge_Hardware/install/setup.ps1'
[2.966s] INFO:colcon.colcon_core.shell:Creating prefix script '/home/cav-06/KAIST_Mobility_Challenge_Hardware/install/local_setup.sh'
[2.967s] INFO:colcon.colcon_core.shell:Creating prefix util module '/home/cav-06/KAIST_Mobility_Challenge_Hardware/install/_local_setup_util_sh.py'
[2.968s] INFO:colcon.colcon_core.shell:Creating prefix chain script '/home/cav-06/KAIST_Mobility_Challenge_Hardware/install/setup.sh'
[2.971s] INFO:colcon.colcon_core.shell:Creating prefix script '/home/cav-06/KAIST_Mobility_Challenge_Hardware/install/local_setup.bash'
[2.973s] INFO:colcon.colcon_core.shell:Creating prefix chain script '/home/cav-06/KAIST_Mobility_Challenge_Hardware/install/setup.bash'
[2.975s] INFO:colcon.colcon_core.shell:Creating prefix script '/home/cav-06/KAIST_Mobility_Challenge_Hardware/install/local_setup.zsh'
[2.976s] INFO:colcon.colcon_core.shell:Creating prefix chain script '/home/cav-06/KAIST_Mobility_Challenge_Hardware/install/setup.zsh'
