[0.047s] Invoking command in '/home/cav-06/KAIST_Mobility_Challenge_Hardware/build/simulator_launch': CMAKE_PREFIX_PATH=${CMAKE_PREFIX_PATH}:/home/cav-06/KAIST_Mobility_Challenge_Hardware/install/cav_controller:/opt/ros/foxy /usr/bin/cmake /home/cav-06/KAIST_Mobility_Challenge_Hardware/ros2_ws/src/simulator_launch -DAMENT_CMAKE_SYMLINK_INSTALL=1 -DCMAKE_INSTALL_PREFIX=/home/cav-06/KAIST_Mobility_Challenge_Hardware/install/simulator_launch
[0.244s] -- The C compiler identification is GNU 9.4.0
[0.419s] -- The CXX compiler identification is GNU 9.4.0
[0.433s] -- Check for working C compiler: /usr/bin/cc
[0.829s] -- Check for working C compiler: /usr/bin/cc -- works
[0.831s] -- Detecting C compiler ABI info
[1.089s] -- Detecting C compiler ABI info - done
[1.132s] -- Detecting C compile features
[1.132s] -- Detecting C compile features - done
[1.143s] -- Check for working CXX compiler: /usr/bin/c++
[1.385s] -- Check for working CXX compiler: /usr/bin/c++ -- works
[1.387s] -- Detecting CXX compiler ABI info
[1.577s] -- Detecting CXX compiler ABI info - done
[1.600s] -- Detecting CXX compile features
[1.601s] -- Detecting CXX compile features - done
[1.609s] -- Found ament_cmake: 0.9.12 (/opt/ros/foxy/share/ament_cmake/cmake)
[1.680s] -- Found PythonInterp: /usr/bin/python3 (found suitable version "3.8.10", minimum required is "3") 
[1.680s] -- Using PYTHON_EXECUTABLE: /usr/bin/python3
[2.127s] -- Override CMake install command with custom implementation using symlinks instead of copying resources
[2.578s] -- Configuring done
[2.592s] -- Generating done
[2.602s] -- Build files have been written to: /home/cav-06/KAIST_Mobility_Challenge_Hardware/build/simulator_launch
[2.632s] Invoked command in '/home/cav-06/KAIST_Mobility_Challenge_Hardware/build/simulator_launch' returned '0': CMAKE_PREFIX_PATH=${CMAKE_PREFIX_PATH}:/home/cav-06/KAIST_Mobility_Challenge_Hardware/install/cav_controller:/opt/ros/foxy /usr/bin/cmake /home/cav-06/KAIST_Mobility_Challenge_Hardware/ros2_ws/src/simulator_launch -DAMENT_CMAKE_SYMLINK_INSTALL=1 -DCMAKE_INSTALL_PREFIX=/home/cav-06/KAIST_Mobility_Challenge_Hardware/install/simulator_launch
[2.634s] Invoking command in '/home/cav-06/KAIST_Mobility_Challenge_Hardware/build/simulator_launch': CMAKE_PREFIX_PATH=${CMAKE_PREFIX_PATH}:/home/cav-06/KAIST_Mobility_Challenge_Hardware/install/cav_controller:/opt/ros/foxy /usr/bin/cmake --build /home/cav-06/KAIST_Mobility_Challenge_Hardware/build/simulator_launch -- -j4 -l4
[2.891s] Invoked command in '/home/cav-06/KAIST_Mobility_Challenge_Hardware/build/simulator_launch' returned '0': CMAKE_PREFIX_PATH=${CMAKE_PREFIX_PATH}:/home/cav-06/KAIST_Mobility_Challenge_Hardware/install/cav_controller:/opt/ros/foxy /usr/bin/cmake --build /home/cav-06/KAIST_Mobility_Challenge_Hardware/build/simulator_launch -- -j4 -l4
[2.966s] Invoking command in '/home/cav-06/KAIST_Mobility_Challenge_Hardware/build/simulator_launch': CMAKE_PREFIX_PATH=${CMAKE_PREFIX_PATH}:/home/cav-06/KAIST_Mobility_Challenge_Hardware/install/cav_controller:/opt/ros/foxy /usr/bin/cmake --install /home/cav-06/KAIST_Mobility_Challenge_Hardware/build/simulator_launch
[3.039s] -- Install configuration: ""
[3.041s] -- Execute custom install script
[3.047s] -- Symlinking: /home/cav-06/KAIST_Mobility_Challenge_Hardware/install/simulator_launch/share/simulator_launch/launch/simulator_launch.py
[3.109s] -- Symlinking: /home/cav-06/KAIST_Mobility_Challenge_Hardware/install/simulator_launch/share/ament_index/resource_index/package_run_dependencies/simulator_launch
[3.137s] -- Symlinking: /home/cav-06/KAIST_Mobility_Challenge_Hardware/install/simulator_launch/share/ament_index/resource_index/parent_prefix_path/simulator_launch
[3.165s] -- Symlinking: /home/cav-06/KAIST_Mobility_Challenge_Hardware/install/simulator_launch/share/simulator_launch/environment/ament_prefix_path.sh
[3.194s] -- Symlinking: /home/cav-06/KAIST_Mobility_Challenge_Hardware/install/simulator_launch/share/simulator_launch/environment/ament_prefix_path.dsv
[3.223s] -- Symlinking: /home/cav-06/KAIST_Mobility_Challenge_Hardware/install/simulator_launch/share/simulator_launch/environment/path.sh
[3.254s] -- Symlinking: /home/cav-06/KAIST_Mobility_Challenge_Hardware/install/simulator_launch/share/simulator_launch/environment/path.dsv
[3.283s] -- Symlinking: /home/cav-06/KAIST_Mobility_Challenge_Hardware/install/simulator_launch/share/simulator_launch/local_setup.bash
[3.313s] -- Symlinking: /home/cav-06/KAIST_Mobility_Challenge_Hardware/install/simulator_launch/share/simulator_launch/local_setup.sh
[3.344s] -- Symlinking: /home/cav-06/KAIST_Mobility_Challenge_Hardware/install/simulator_launch/share/simulator_launch/local_setup.zsh
[3.374s] -- Symlinking: /home/cav-06/KAIST_Mobility_Challenge_Hardware/install/simulator_launch/share/simulator_launch/local_setup.dsv
[3.425s] -- Symlinking: /home/cav-06/KAIST_Mobility_Challenge_Hardware/install/simulator_launch/share/simulator_launch/package.dsv
[3.502s] -- Symlinking: /home/cav-06/KAIST_Mobility_Challenge_Hardware/install/simulator_launch/share/ament_index/resource_index/packages/simulator_launch
[3.571s] -- Symlinking: /home/cav-06/KAIST_Mobility_Challenge_Hardware/install/simulator_launch/share/simulator_launch/cmake/simulator_launchConfig.cmake
[3.644s] -- Symlinking: /home/cav-06/KAIST_Mobility_Challenge_Hardware/install/simulator_launch/share/simulator_launch/cmake/simulator_launchConfig-version.cmake
[3.729s] -- Symlinking: /home/cav-06/KAIST_Mobility_Challenge_Hardware/install/simulator_launch/share/simulator_launch/package.xml
[3.797s] Invoked command in '/home/cav-06/KAIST_Mobility_Challenge_Hardware/build/simulator_launch' returned '0': CMAKE_PREFIX_PATH=${CMAKE_PREFIX_PATH}:/home/cav-06/KAIST_Mobility_Challenge_Hardware/install/cav_controller:/opt/ros/foxy /usr/bin/cmake --install /home/cav-06/KAIST_Mobility_Challenge_Hardware/build/simulator_launch
