[0.514s] Invoking command in '/home/hy/Mobility_Challenge/ros2_ws/build/p3_cpp': CMAKE_PREFIX_PATH=${CMAKE_PREFIX_PATH}:/home/hy/Mobility_Challenge/install/cav_controller:/opt/ros/foxy /usr/bin/cmake /home/hy/Mobility_Challenge/ros2_ws/src/p3_cpp -DAMENT_CMAKE_SYMLINK_INSTALL=1 -DCMAKE_INSTALL_PREFIX=/home/hy/Mobility_Challenge/ros2_ws/install/p3_cpp
[0.739s] -- The C compiler identification is GNU 9.4.0
[0.910s] -- The CXX compiler identification is GNU 9.4.0
[0.923s] -- Check for working C compiler: /usr/bin/cc
[1.068s] -- Check for working C compiler: /usr/bin/cc -- works
[1.070s] -- Detecting C compiler ABI info
[1.212s] -- Detecting C compiler ABI info - done
[1.232s] -- Detecting C compile features
[1.233s] -- Detecting C compile features - done
[1.239s] -- Check for working CXX compiler: /usr/bin/c++
[1.406s] -- Check for working CXX compiler: /usr/bin/c++ -- works
[1.406s] -- Detecting CXX compiler ABI info
[1.568s] -- Detecting CXX compiler ABI info - done
[1.588s] -- Detecting CXX compile features
[1.588s] -- Detecting CXX compile features - done
[1.606s] -- Found ament_cmake: 0.9.12 (/opt/ros/foxy/share/ament_cmake/cmake)
[1.671s] -- Found PythonInterp: /usr/bin/python3 (found suitable version "3.8.10", minimum required is "3") 
[1.671s] -- Using PYTHON_EXECUTABLE: /usr/bin/python3
[2.053s] -- Override CMake install command with custom implementation using symlinks instead of copying resources
[2.102s] -- Found rclcpp: 2.4.3 (/opt/ros/foxy/share/rclcpp/cmake)
[2.206s] -- Using all available rosidl_typesupport_c: rosidl_typesupport_fastrtps_c;rosidl_typesupport_introspection_c
[2.225s] -- Found rosidl_adapter: 1.3.1 (/opt/ros/foxy/share/rosidl_adapter/cmake)
[2.372s] -- Found OpenSSL: /usr/lib/aarch64-linux-gnu/libcrypto.so (found version "1.1.1f")  
[2.420s] -- Found FastRTPS: /opt/ros/foxy/include  
[2.569s] -- Using all available rosidl_typesupport_cpp: rosidl_typesupport_fastrtps_cpp;rosidl_typesupport_introspection_cpp
[2.691s] -- Found rmw_implementation_cmake: 1.0.4 (/opt/ros/foxy/share/rmw_implementation_cmake/cmake)
[2.695s] -- Using RMW implementation 'rmw_fastrtps_cpp' as default
[2.698s] -- Looking for pthread.h
[2.846s] -- Looking for pthread.h - found
[2.847s] -- Performing Test CMAKE_HAVE_LIBC_PTHREAD
[2.991s] -- Performing Test CMAKE_HAVE_LIBC_PTHREAD - Failed
[2.991s] -- Looking for pthread_create in pthreads
[3.119s] -- Looking for pthread_create in pthreads - not found
[3.119s] -- Looking for pthread_create in pthread
[3.263s] -- Looking for pthread_create in pthread - found
[3.266s] -- Found Threads: TRUE  
[3.581s] -- Found ament_lint_auto: 0.9.8 (/opt/ros/foxy/share/ament_lint_auto/cmake)
[3.752s] -- Added test 'copyright' to check source files copyright and LICENSE
[3.754s] -- Added test 'cppcheck' to perform static code analysis on C / C++ code
[3.754s] -- Configured cppcheck include dirs: 
[3.755s] -- Configured cppcheck exclude dirs and/or files: 
[3.756s] -- Added test 'cpplint' to check C / C++ code against the Google style
[3.756s] -- Configured cpplint exclude dirs and/or files: 
[3.758s] -- Added test 'lint_cmake' to check CMake code style
[3.760s] -- Added test 'uncrustify' to check C / C++ code style
[3.760s] -- Configured uncrustify additional arguments: 
[3.761s] -- Added test 'xmllint' to check XML markup files
[3.764s] CMake Error at CMakeLists.txt:36 (add_executables):
[3.765s]   Unknown CMake command "add_executables".
[3.765s] 
[3.765s] 
[3.770s] -- Configuring incomplete, errors occurred!
[3.770s] See also "/home/hy/Mobility_Challenge/ros2_ws/build/p3_cpp/CMakeFiles/CMakeOutput.log".
[3.770s] See also "/home/hy/Mobility_Challenge/ros2_ws/build/p3_cpp/CMakeFiles/CMakeError.log".
[3.786s] Invoked command in '/home/hy/Mobility_Challenge/ros2_ws/build/p3_cpp' returned '1': CMAKE_PREFIX_PATH=${CMAKE_PREFIX_PATH}:/home/hy/Mobility_Challenge/install/cav_controller:/opt/ros/foxy /usr/bin/cmake /home/hy/Mobility_Challenge/ros2_ws/src/p3_cpp -DAMENT_CMAKE_SYMLINK_INSTALL=1 -DCMAKE_INSTALL_PREFIX=/home/hy/Mobility_Challenge/ros2_ws/install/p3_cpp
