[0.067s] Invoking command in '/home/cav-06/KAIST_Mobility_Challenge_Hardware/build/KMC_HARDWARE_uart_sdk': /usr/bin/cmake /home/cav-06/KAIST_Mobility_Challenge_Hardware/sdk/KAIST_Mobility_Challenge_SDK -DCMAKE_INSTALL_PREFIX=/home/cav-06/KAIST_Mobility_Challenge_Hardware/install/KMC_HARDWARE_uart_sdk
[0.679s] -- The CXX compiler identification is GNU 9.4.0
[0.680s] -- Check for working CXX compiler: /usr/bin/c++
[0.681s] -- Check for working CXX compiler: /usr/bin/c++ -- works
[0.681s] -- Detecting CXX compiler ABI info
[0.681s] -- Detecting CXX compiler ABI info - done
[0.681s] -- Detecting CXX compile features
[0.681s] -- Detecting CXX compile features - done
[0.681s] -- Looking for C++ include pthread.h
[0.777s] -- Looking for C++ include pthread.h - found
[0.778s] -- Performing Test CMAKE_HAVE_LIBC_PTHREAD
[1.149s] -- Performing Test CMAKE_HAVE_LIBC_PTHREAD - Failed
[1.149s] -- Looking for pthread_create in pthreads
[1.357s] -- Looking for pthread_create in pthreads - not found
[1.357s] -- Looking for pthread_create in pthread
[1.595s] -- Looking for pthread_create in pthread - found
[1.603s] -- Found Threads: TRUE  
[1.605s] -- Configuring done
[1.638s] -- Generating done
[1.646s] -- Build files have been written to: /home/cav-06/KAIST_Mobility_Challenge_Hardware/build/KMC_HARDWARE_uart_sdk
[1.657s] Invoked command in '/home/cav-06/KAIST_Mobility_Challenge_Hardware/build/KMC_HARDWARE_uart_sdk' returned '0': /usr/bin/cmake /home/cav-06/KAIST_Mobility_Challenge_Hardware/sdk/KAIST_Mobility_Challenge_SDK -DCMAKE_INSTALL_PREFIX=/home/cav-06/KAIST_Mobility_Challenge_Hardware/install/KMC_HARDWARE_uart_sdk
[1.658s] Invoking command in '/home/cav-06/KAIST_Mobility_Challenge_Hardware/build/KMC_HARDWARE_uart_sdk': /usr/bin/cmake --build /home/cav-06/KAIST_Mobility_Challenge_Hardware/build/KMC_HARDWARE_uart_sdk -- -j4 -l4
[1.757s] [35m[1mScanning dependencies of target KMC_HARDWARE_uart[0m
[1.785s] [  5%] [32mBuilding CXX object CMakeFiles/KMC_HARDWARE_uart.dir/src/KMC_uart_client.cpp.o[0m
[1.792s] [ 10%] [32mBuilding CXX object CMakeFiles/KMC_HARDWARE_uart.dir/src/KMC_driver.cpp.o[0m
[1.801s] [ 15%] [32mBuilding CXX object CMakeFiles/KMC_HARDWARE_uart.dir/src/KMC_serial_port.cpp.o[0m
[5.806s] [ 20%] [32m[1mLinking CXX static library libKMC_HARDWARE_uart.a[0m
[5.966s] [ 20%] Built target KMC_HARDWARE_uart
[6.026s] [35m[1mScanning dependencies of target read_allstate[0m
[6.026s] [35m[1mScanning dependencies of target high_rate_control[0m
[6.031s] [35m[1mScanning dependencies of target teleop_and_speed[0m
[6.038s] [35m[1mScanning dependencies of target read_battery[0m
[6.066s] [ 25%] [32mBuilding CXX object CMakeFiles/read_allstate.dir/examples/UartClient_Advanced/read_allstate.cpp.o[0m
[6.082s] [ 30%] [32mBuilding CXX object CMakeFiles/high_rate_control.dir/examples/Driver_Intermediate/high_rate_control.cpp.o[0m
[6.093s] [ 35%] [32mBuilding CXX object CMakeFiles/teleop_and_speed.dir/examples/UartClient_Advanced/teleop_and_speed.cpp.o[0m
[6.127s] [ 40%] [32mBuilding CXX object CMakeFiles/read_battery.dir/examples/UartClient_Advanced/read_battery.cpp.o[0m
[9.147s] [ 45%] [32m[1mLinking CXX executable read_allstate[0m
[9.177s] [ 50%] [32m[1mLinking CXX executable read_battery[0m
[9.203s] [ 55%] [32m[1mLinking CXX executable teleop_and_speed[0m
[9.277s] [ 60%] [32m[1mLinking CXX executable high_rate_control[0m
[9.625s] [ 60%] Built target teleop_and_speed
[9.650s] [35m[1mScanning dependencies of target read_speed[0m
[9.652s] [ 60%] Built target read_allstate
[9.705s] [ 65%] [32mBuilding CXX object CMakeFiles/read_speed.dir/examples/UartClient_Advanced/read_speed.cpp.o[0m
[9.726s] [ 65%] Built target read_battery
[9.738s] [35m[1mScanning dependencies of target driver_observe[0m
[9.801s] [ 65%] Built target high_rate_control
[9.803s] [35m[1mScanning dependencies of target driver_demo[0m
[9.825s] [ 70%] [32mBuilding CXX object CMakeFiles/driver_observe.dir/examples/Driver_Intermediate/driver_observe.cpp.o[0m
[9.867s] [35m[1mScanning dependencies of target driver_read_allstate[0m
[9.899s] [ 75%] [32mBuilding CXX object CMakeFiles/driver_demo.dir/examples/Driver_Basic/driver_demo.cpp.o[0m
[9.965s] [ 80%] [32mBuilding CXX object CMakeFiles/driver_read_allstate.dir/examples/Driver_Intermediate/driver_read_allstate.cpp.o[0m
[12.419s] [ 85%] [32m[1mLinking CXX executable read_speed[0m
[13.058s] [ 85%] Built target read_speed
[13.143s] [ 90%] [32m[1mLinking CXX executable driver_demo[0m
[13.799s] [ 95%] [32m[1mLinking CXX executable driver_read_allstate[0m
[13.973s] [ 95%] Built target driver_demo
[14.046s] [100%] [32m[1mLinking CXX executable driver_observe[0m
[14.462s] [100%] Built target driver_read_allstate
[14.744s] [100%] Built target driver_observe
[14.820s] Invoked command in '/home/cav-06/KAIST_Mobility_Challenge_Hardware/build/KMC_HARDWARE_uart_sdk' returned '0': /usr/bin/cmake --build /home/cav-06/KAIST_Mobility_Challenge_Hardware/build/KMC_HARDWARE_uart_sdk -- -j4 -l4
