[1.174s] Invoking command in '/home/hy/Mobility_Challenge/ros2_ws/src/cav_controller': PYTHONPATH=/home/hy/Mobility_Challenge/build/cav_controller/prefix_override:/usr/lib/python3/dist-packages/colcon_core/task/python/colcon_distutils_commands:/home/hy/Mobility_Challenge/install/cav_controller/lib/python3.8/site-packages:${PYTHONPATH} /usr/bin/python3 -W ignore:setup.py install is deprecated -W ignore:easy_install command is deprecated setup.py egg_info --egg-base ../../../build/cav_controller build --build-base /home/hy/Mobility_Challenge/build/cav_controller/build install --record /home/hy/Mobility_Challenge/build/cav_controller/install.log --install-scripts $base/lib/cav_controller --single-version-externally-managed install_data
[1.583s] running egg_info
[1.584s] writing ../../../build/cav_controller/cav_controller.egg-info/PKG-INFO
[1.585s] writing dependency_links to ../../../build/cav_controller/cav_controller.egg-info/dependency_links.txt
[1.585s] writing entry points to ../../../build/cav_controller/cav_controller.egg-info/entry_points.txt
[1.585s] writing requirements to ../../../build/cav_controller/cav_controller.egg-info/requires.txt
[1.585s] writing top-level names to ../../../build/cav_controller/cav_controller.egg-info/top_level.txt
[1.651s] reading manifest file '../../../build/cav_controller/cav_controller.egg-info/SOURCES.txt'
[1.653s] writing manifest file '../../../build/cav_controller/cav_controller.egg-info/SOURCES.txt'
[1.653s] running build
[1.653s] running build_py
[1.654s] running install
[1.656s] running install_lib
[1.659s] running install_data
[1.659s] running install_egg_info
[1.662s] removing '/home/hy/Mobility_Challenge/install/cav_controller/lib/python3.8/site-packages/cav_controller-0.0.0-py3.8.egg-info' (and everything under it)
[1.663s] Copying ../../../build/cav_controller/cav_controller.egg-info to /home/hy/Mobility_Challenge/install/cav_controller/lib/python3.8/site-packages/cav_controller-0.0.0-py3.8.egg-info
[1.665s] running install_scripts
[1.700s] Installing Problem_1 script to /home/hy/Mobility_Challenge/install/cav_controller/lib/cav_controller
[1.701s] writing list of installed files to '/home/hy/Mobility_Challenge/build/cav_controller/install.log'
[1.758s] Invoked command in '/home/hy/Mobility_Challenge/ros2_ws/src/cav_controller' returned '0': PYTHONPATH=/home/hy/Mobility_Challenge/build/cav_controller/prefix_override:/usr/lib/python3/dist-packages/colcon_core/task/python/colcon_distutils_commands:/home/hy/Mobility_Challenge/install/cav_controller/lib/python3.8/site-packages:${PYTHONPATH} /usr/bin/python3 -W ignore:setup.py install is deprecated -W ignore:easy_install command is deprecated setup.py egg_info --egg-base ../../../build/cav_controller build --build-base /home/hy/Mobility_Challenge/build/cav_controller/build install --record /home/hy/Mobility_Challenge/build/cav_controller/install.log --install-scripts $base/lib/cav_controller --single-version-externally-managed install_data
