[0.023s] Invoking command in '/home/hy/Mobility_Challenge/sdk/KAIST_Mobility_Challenge_SDK/build/KMC_HARDWARE_uart_sdk': /usr/bin/cmake /home/hy/Mobility_Challenge/sdk/KAIST_Mobility_Challenge_SDK -DCMAKE_INSTALL_PREFIX=/home/hy/Mobility_Challenge/sdk/KAIST_Mobility_Challenge_SDK/install/KMC_HARDWARE_uart_sdk
[0.175s] -- The CXX compiler identification is GNU 9.4.0
[0.186s] -- Check for working CXX compiler: /usr/bin/c++
[0.352s] -- Check for working CXX compiler: /usr/bin/c++ -- works
[0.353s] -- Detecting CXX compiler ABI info
[0.509s] -- Detecting CXX compiler ABI info - done
[0.537s] -- Detecting CXX compile features
[0.538s] -- Detecting CXX compile features - done
[0.542s] -- Looking for C++ include pthread.h
[0.721s] -- Looking for C++ include pthread.h - found
[0.723s] -- Performing Test CMAKE_HAVE_LIBC_PTHREAD
[0.915s] -- Performing Test CMAKE_HAVE_LIBC_PTHREAD - Failed
[0.915s] -- Looking for pthread_create in pthreads
[1.064s] -- Looking for pthread_create in pthreads - not found
[1.064s] -- Looking for pthread_create in pthread
[1.237s] -- Looking for pthread_create in pthread - found
[1.238s] -- Found Threads: TRUE  
[1.241s] -- Configuring done
[1.268s] -- Generating done
[1.277s] -- Build files have been written to: /home/hy/Mobility_Challenge/sdk/KAIST_Mobility_Challenge_SDK/build/KMC_HARDWARE_uart_sdk
[1.284s] Invoked command in '/home/hy/Mobility_Challenge/sdk/KAIST_Mobility_Challenge_SDK/build/KMC_HARDWARE_uart_sdk' returned '0': /usr/bin/cmake /home/hy/Mobility_Challenge/sdk/KAIST_Mobility_Challenge_SDK -DCMAKE_INSTALL_PREFIX=/home/hy/Mobility_Challenge/sdk/KAIST_Mobility_Challenge_SDK/install/KMC_HARDWARE_uart_sdk
[1.287s] Invoking command in '/home/hy/Mobility_Challenge/sdk/KAIST_Mobility_Challenge_SDK/build/KMC_HARDWARE_uart_sdk': /usr/bin/cmake --build /home/hy/Mobility_Challenge/sdk/KAIST_Mobility_Challenge_SDK/build/KMC_HARDWARE_uart_sdk -- -j4 -l4
[1.371s] [35m[1mScanning dependencies of target KMC_HARDWARE_uart[0m
[1.395s] [  5%] [32mBuilding CXX object CMakeFiles/KMC_HARDWARE_uart.dir/src/KMC_uart_client.cpp.o[0m
[1.396s] [ 10%] [32mBuilding CXX object CMakeFiles/KMC_HARDWARE_uart.dir/src/KMC_serial_port.cpp.o[0m
[1.397s] [ 15%] [32mBuilding CXX object CMakeFiles/KMC_HARDWARE_uart.dir/src/KMC_driver.cpp.o[0m
[4.075s] [ 20%] [32m[1mLinking CXX static library libKMC_HARDWARE_uart.a[0m
[4.161s] [ 20%] Built target KMC_HARDWARE_uart
[4.181s] [35m[1mScanning dependencies of target read_battery[0m
[4.187s] [35m[1mScanning dependencies of target read_allstate[0m
[4.187s] [35m[1mScanning dependencies of target high_rate_control[0m
[4.187s] [35m[1mScanning dependencies of target teleop_and_speed[0m
[4.204s] [ 25%] [32mBuilding CXX object CMakeFiles/high_rate_control.dir/examples/Driver_Intermediate/high_rate_control.cpp.o[0m
[4.205s] [ 30%] [32mBuilding CXX object CMakeFiles/read_allstate.dir/examples/UartClient_Advanced/read_allstate.cpp.o[0m
[4.210s] [ 35%] [32mBuilding CXX object CMakeFiles/read_battery.dir/examples/UartClient_Advanced/read_battery.cpp.o[0m
[4.227s] [ 40%] [32mBuilding CXX object CMakeFiles/teleop_and_speed.dir/examples/UartClient_Advanced/teleop_and_speed.cpp.o[0m
[5.454s] [ 45%] [32m[1mLinking CXX executable read_allstate[0m
[5.629s] [ 50%] [32m[1mLinking CXX executable teleop_and_speed[0m
[5.699s] [ 55%] [32m[1mLinking CXX executable read_battery[0m
[5.714s] [ 60%] Built target read_allstate
[5.714s] [ 60%] [32m[1mLinking CXX executable high_rate_control[0m
[5.734s] [35m[1mScanning dependencies of target read_speed[0m
[5.764s] [ 65%] [32mBuilding CXX object CMakeFiles/read_speed.dir/examples/UartClient_Advanced/read_speed.cpp.o[0m
[5.923s] [ 65%] Built target teleop_and_speed
[5.947s] [35m[1mScanning dependencies of target driver_observe[0m
[5.964s] [ 65%] Built target read_battery
[5.970s] [ 65%] Built target high_rate_control
[5.986s] [ 70%] [32mBuilding CXX object CMakeFiles/driver_observe.dir/examples/Driver_Intermediate/driver_observe.cpp.o[0m
[5.989s] [35m[1mScanning dependencies of target driver_demo[0m
[6.004s] [35m[1mScanning dependencies of target driver_read_allstate[0m
[6.013s] [ 75%] [32mBuilding CXX object CMakeFiles/driver_demo.dir/examples/Driver_Basic/driver_demo.cpp.o[0m
[6.031s] [ 80%] [32mBuilding CXX object CMakeFiles/driver_read_allstate.dir/examples/Driver_Intermediate/driver_read_allstate.cpp.o[0m
[7.069s] [ 85%] [32m[1mLinking CXX executable read_speed[0m
[7.212s] [ 90%] [32m[1mLinking CXX executable driver_demo[0m
[7.274s] [ 90%] Built target read_speed
[7.442s] [ 90%] Built target driver_demo
[7.526s] [ 95%] [32m[1mLinking CXX executable driver_read_allstate[0m
[7.587s] [100%] [32m[1mLinking CXX executable driver_observe[0m
[7.780s] [100%] Built target driver_read_allstate
[7.804s] [100%] Built target driver_observe
[7.833s] Invoked command in '/home/hy/Mobility_Challenge/sdk/KAIST_Mobility_Challenge_SDK/build/KMC_HARDWARE_uart_sdk' returned '0': /usr/bin/cmake --build /home/hy/Mobility_Challenge/sdk/KAIST_Mobility_Challenge_SDK/build/KMC_HARDWARE_uart_sdk -- -j4 -l4
