[0.527s] Invoking command in '/home/hy/Mobility_Challenge/ros2_ws/build/simulator_launch': CMAKE_PREFIX_PATH=${CMAKE_PREFIX_PATH}:/home/hy/Mobility_Challenge/ros2_ws/install/cav_controller:/opt/ros/foxy /usr/bin/cmake --build /home/hy/Mobility_Challenge/ros2_ws/build/simulator_launch -- -j4 -l4
[0.635s] Invoked command in '/home/hy/Mobility_Challenge/ros2_ws/build/simulator_launch' returned '0': CMAKE_PREFIX_PATH=${CMAKE_PREFIX_PATH}:/home/hy/Mobility_Challenge/ros2_ws/install/cav_controller:/opt/ros/foxy /usr/bin/cmake --build /home/hy/Mobility_Challenge/ros2_ws/build/simulator_launch -- -j4 -l4
[0.662s] Invoking command in '/home/hy/Mobility_Challenge/ros2_ws/build/simulator_launch': CMAKE_PREFIX_PATH=${CMAKE_PREFIX_PATH}:/home/hy/Mobility_Challenge/ros2_ws/install/cav_controller:/opt/ros/foxy /usr/bin/cmake --install /home/hy/Mobility_Challenge/ros2_ws/build/simulator_launch
[0.683s] -- Install configuration: ""
[0.684s] -- Execute custom install script
[0.685s] -- Up-to-date symlink: /home/hy/Mobility_Challenge/ros2_ws/install/simulator_launch/share/simulator_launch/launch/simulator_launch.py
[0.686s] -- Up-to-date symlink: /home/hy/Mobility_Challenge/ros2_ws/install/simulator_launch/share/ament_index/resource_index/package_run_dependencies/simulator_launch
[0.687s] -- Up-to-date symlink: /home/hy/Mobility_Challenge/ros2_ws/install/simulator_launch/share/ament_index/resource_index/parent_prefix_path/simulator_launch
[0.688s] -- Up-to-date symlink: /home/hy/Mobility_Challenge/ros2_ws/install/simulator_launch/share/simulator_launch/environment/ament_prefix_path.sh
[0.689s] -- Up-to-date symlink: /home/hy/Mobility_Challenge/ros2_ws/install/simulator_launch/share/simulator_launch/environment/ament_prefix_path.dsv
[0.690s] -- Up-to-date symlink: /home/hy/Mobility_Challenge/ros2_ws/install/simulator_launch/share/simulator_launch/environment/path.sh
[0.690s] -- Up-to-date symlink: /home/hy/Mobility_Challenge/ros2_ws/install/simulator_launch/share/simulator_launch/environment/path.dsv
[0.691s] -- Up-to-date symlink: /home/hy/Mobility_Challenge/ros2_ws/install/simulator_launch/share/simulator_launch/local_setup.bash
[0.692s] -- Up-to-date symlink: /home/hy/Mobility_Challenge/ros2_ws/install/simulator_launch/share/simulator_launch/local_setup.sh
[0.692s] -- Up-to-date symlink: /home/hy/Mobility_Challenge/ros2_ws/install/simulator_launch/share/simulator_launch/local_setup.zsh
[0.692s] -- Up-to-date symlink: /home/hy/Mobility_Challenge/ros2_ws/install/simulator_launch/share/simulator_launch/local_setup.dsv
[0.692s] -- Symlinking: /home/hy/Mobility_Challenge/ros2_ws/install/simulator_launch/share/simulator_launch/package.dsv
[0.712s] -- Up-to-date symlink: /home/hy/Mobility_Challenge/ros2_ws/install/simulator_launch/share/ament_index/resource_index/packages/simulator_launch
[0.713s] -- Up-to-date symlink: /home/hy/Mobility_Challenge/ros2_ws/install/simulator_launch/share/simulator_launch/cmake/simulator_launchConfig.cmake
[0.713s] -- Up-to-date symlink: /home/hy/Mobility_Challenge/ros2_ws/install/simulator_launch/share/simulator_launch/cmake/simulator_launchConfig-version.cmake
[0.714s] -- Up-to-date symlink: /home/hy/Mobility_Challenge/ros2_ws/install/simulator_launch/share/simulator_launch/package.xml
[0.725s] Invoked command in '/home/hy/Mobility_Challenge/ros2_ws/build/simulator_launch' returned '0': CMAKE_PREFIX_PATH=${CMAKE_PREFIX_PATH}:/home/hy/Mobility_Challenge/ros2_ws/install/cav_controller:/opt/ros/foxy /usr/bin/cmake --install /home/hy/Mobility_Challenge/ros2_ws/build/simulator_launch
