[0.022s] Invoking command in '/home/cav-06/KAIST_Mobility_Challenge_Hardware/sdk/KAIST_Mobility_Challenge_SDK/examples/Driver_ROS2/build/kmc_hardware_driver_node': CMAKE_PREFIX_PATH=/opt/ros/foxy /usr/bin/cmake /home/cav-06/KAIST_Mobility_Challenge_Hardware/sdk/KAIST_Mobility_Challenge_SDK/examples/Driver_ROS2 -DAMENT_CMAKE_SYMLINK_INSTALL=1 -DCMAKE_INSTALL_PREFIX=/home/cav-06/KAIST_Mobility_Challenge_Hardware/sdk/KAIST_Mobility_Challenge_SDK/examples/Driver_ROS2/install/kmc_hardware_driver_node
[0.135s] -- The C compiler identification is GNU 9.4.0
[0.237s] -- The CXX compiler identification is GNU 9.4.0
[0.246s] -- Check for working C compiler: /usr/bin/cc
[0.380s] -- Check for working C compiler: /usr/bin/cc -- works
[0.382s] -- Detecting C compiler ABI info
[0.529s] -- Detecting C compiler ABI info - done
[0.558s] -- Detecting C compile features
[0.558s] -- Detecting C compile features - done
[0.563s] -- Check for working CXX compiler: /usr/bin/c++
[0.718s] -- Check for working CXX compiler: /usr/bin/c++ -- works
[0.722s] -- Detecting CXX compiler ABI info
[0.880s] -- Detecting CXX compiler ABI info - done
[0.913s] -- Detecting CXX compile features
[0.914s] -- Detecting CXX compile features - done
[0.918s] -- Found ament_cmake: 0.9.12 (/opt/ros/foxy/share/ament_cmake/cmake)
[0.967s] -- Found PythonInterp: /usr/bin/python3 (found suitable version "3.8.10", minimum required is "3") 
[0.968s] -- Using PYTHON_EXECUTABLE: /usr/bin/python3
[1.348s] -- Override CMake install command with custom implementation using symlinks instead of copying resources
[1.390s] -- Found rclcpp: 2.4.3 (/opt/ros/foxy/share/rclcpp/cmake)
[1.471s] -- Using all available rosidl_typesupport_c: rosidl_typesupport_fastrtps_c;rosidl_typesupport_introspection_c
[1.482s] -- Found rosidl_adapter: 1.3.1 (/opt/ros/foxy/share/rosidl_adapter/cmake)
[1.634s] -- Found OpenSSL: /usr/lib/aarch64-linux-gnu/libcrypto.so (found version "1.1.1f")  
[1.693s] -- Found FastRTPS: /opt/ros/foxy/include  
[1.850s] -- Using all available rosidl_typesupport_cpp: rosidl_typesupport_fastrtps_cpp;rosidl_typesupport_introspection_cpp
[1.960s] -- Found rmw_implementation_cmake: 1.0.4 (/opt/ros/foxy/share/rmw_implementation_cmake/cmake)
[1.963s] -- Using RMW implementation 'rmw_fastrtps_cpp' as default
[1.964s] -- Looking for pthread.h
[2.108s] -- Looking for pthread.h - found
[2.109s] -- Performing Test CMAKE_HAVE_LIBC_PTHREAD
[2.261s] -- Performing Test CMAKE_HAVE_LIBC_PTHREAD - Failed
[2.262s] -- Looking for pthread_create in pthreads
[2.390s] -- Looking for pthread_create in pthreads - not found
[2.390s] -- Looking for pthread_create in pthread
[2.539s] -- Looking for pthread_create in pthread - found
[2.542s] -- Found Threads: TRUE  
[2.843s] -- Found geometry_msgs: 2.0.5 (/opt/ros/foxy/share/geometry_msgs/cmake)
[3.062s] -- Configuring done
[3.105s] -- Generating done
[3.125s] -- Build files have been written to: /home/cav-06/KAIST_Mobility_Challenge_Hardware/sdk/KAIST_Mobility_Challenge_SDK/examples/Driver_ROS2/build/kmc_hardware_driver_node
[3.143s] Invoked command in '/home/cav-06/KAIST_Mobility_Challenge_Hardware/sdk/KAIST_Mobility_Challenge_SDK/examples/Driver_ROS2/build/kmc_hardware_driver_node' returned '0': CMAKE_PREFIX_PATH=/opt/ros/foxy /usr/bin/cmake /home/cav-06/KAIST_Mobility_Challenge_Hardware/sdk/KAIST_Mobility_Challenge_SDK/examples/Driver_ROS2 -DAMENT_CMAKE_SYMLINK_INSTALL=1 -DCMAKE_INSTALL_PREFIX=/home/cav-06/KAIST_Mobility_Challenge_Hardware/sdk/KAIST_Mobility_Challenge_SDK/examples/Driver_ROS2/install/kmc_hardware_driver_node
[3.150s] Invoking command in '/home/cav-06/KAIST_Mobility_Challenge_Hardware/sdk/KAIST_Mobility_Challenge_SDK/examples/Driver_ROS2/build/kmc_hardware_driver_node': CMAKE_PREFIX_PATH=/opt/ros/foxy /usr/bin/cmake --build /home/cav-06/KAIST_Mobility_Challenge_Hardware/sdk/KAIST_Mobility_Challenge_SDK/examples/Driver_ROS2/build/kmc_hardware_driver_node -- -j4 -l4
[3.233s] [35m[1mScanning dependencies of target KMC_HARDWARE_uart[0m
[3.255s] [ 25%] [32mBuilding CXX object kmc_hardware_uart_sdk/CMakeFiles/KMC_HARDWARE_uart.dir/src/KMC_uart_client.cpp.o[0m
[3.255s] [ 25%] [32mBuilding CXX object kmc_hardware_uart_sdk/CMakeFiles/KMC_HARDWARE_uart.dir/src/KMC_driver.cpp.o[0m
[3.256s] [ 25%] [32mBuilding CXX object kmc_hardware_uart_sdk/CMakeFiles/KMC_HARDWARE_uart.dir/src/KMC_serial_port.cpp.o[0m
[5.941s] [ 33%] [32m[1mLinking CXX static library libKMC_HARDWARE_uart.a[0m
[6.033s] [ 33%] Built target KMC_HARDWARE_uart
[6.054s] [35m[1mScanning dependencies of target kmc_hardware_driver_demo_node[0m
[6.055s] [35m[1mScanning dependencies of target kmc_hardware_driver_read_allstate_node[0m
[6.055s] [35m[1mScanning dependencies of target kmc_hardware_high_rate_control_node[0m
[6.055s] [35m[1mScanning dependencies of target kmc_hardware_driver_observe_node[0m
[6.145s] [ 41%] [32mBuilding CXX object CMakeFiles/kmc_hardware_driver_demo_node.dir/src/driver_demo_node.cpp.o[0m
[6.151s] [ 50%] [32mBuilding CXX object CMakeFiles/kmc_hardware_high_rate_control_node.dir/src/high_rate_control_node.cpp.o[0m
[6.152s] [ 58%] [32mBuilding CXX object CMakeFiles/kmc_hardware_driver_read_allstate_node.dir/src/driver_read_allstate_node.cpp.o[0m
[6.201s] [ 66%] [32mBuilding CXX object CMakeFiles/kmc_hardware_driver_observe_node.dir/src/driver_observe_node.cpp.o[0m
[21.522s] [ 75%] [32m[1mLinking CXX executable kmc_hardware_driver_demo_node[0m
[22.245s] [ 83%] [32m[1mLinking CXX executable kmc_hardware_driver_observe_node[0m
[22.265s] [ 83%] Built target kmc_hardware_driver_demo_node
[22.920s] [ 83%] Built target kmc_hardware_driver_observe_node
[23.380s] [ 91%] [32m[1mLinking CXX executable kmc_hardware_high_rate_control_node[0m
[23.809s] [100%] [32m[1mLinking CXX executable kmc_hardware_driver_read_allstate_node[0m
[24.102s] [100%] Built target kmc_hardware_high_rate_control_node
[24.426s] [100%] Built target kmc_hardware_driver_read_allstate_node
[24.453s] Invoked command in '/home/cav-06/KAIST_Mobility_Challenge_Hardware/sdk/KAIST_Mobility_Challenge_SDK/examples/Driver_ROS2/build/kmc_hardware_driver_node' returned '0': CMAKE_PREFIX_PATH=/opt/ros/foxy /usr/bin/cmake --build /home/cav-06/KAIST_Mobility_Challenge_Hardware/sdk/KAIST_Mobility_Challenge_SDK/examples/Driver_ROS2/build/kmc_hardware_driver_node -- -j4 -l4
[24.485s] Invoking command in '/home/cav-06/KAIST_Mobility_Challenge_Hardware/sdk/KAIST_Mobility_Challenge_SDK/examples/Driver_ROS2/build/kmc_hardware_driver_node': CMAKE_PREFIX_PATH=/opt/ros/foxy /usr/bin/cmake --install /home/cav-06/KAIST_Mobility_Challenge_Hardware/sdk/KAIST_Mobility_Challenge_SDK/examples/Driver_ROS2/build/kmc_hardware_driver_node
[24.505s] -- Install configuration: ""
[24.506s] -- Execute custom install script
[24.507s] -- Symlinking: /home/cav-06/KAIST_Mobility_Challenge_Hardware/sdk/KAIST_Mobility_Challenge_SDK/examples/Driver_ROS2/install/kmc_hardware_driver_node/share/kmc_hardware_driver_node/web/index.html
[24.528s] -- Symlinking: /home/cav-06/KAIST_Mobility_Challenge_Hardware/sdk/KAIST_Mobility_Challenge_SDK/examples/Driver_ROS2/install/kmc_hardware_driver_node/lib/kmc_hardware_driver_node/kmc_hardware_driver_demo_node
[24.547s] -- Symlinking: /home/cav-06/KAIST_Mobility_Challenge_Hardware/sdk/KAIST_Mobility_Challenge_SDK/examples/Driver_ROS2/install/kmc_hardware_driver_node/lib/kmc_hardware_driver_node/kmc_hardware_driver_observe_node
[24.565s] -- Symlinking: /home/cav-06/KAIST_Mobility_Challenge_Hardware/sdk/KAIST_Mobility_Challenge_SDK/examples/Driver_ROS2/install/kmc_hardware_driver_node/lib/kmc_hardware_driver_node/kmc_hardware_driver_read_allstate_node
[24.584s] -- Symlinking: /home/cav-06/KAIST_Mobility_Challenge_Hardware/sdk/KAIST_Mobility_Challenge_SDK/examples/Driver_ROS2/install/kmc_hardware_driver_node/lib/kmc_hardware_driver_node/kmc_hardware_high_rate_control_node
[24.603s] -- Symlinking: /home/cav-06/KAIST_Mobility_Challenge_Hardware/sdk/KAIST_Mobility_Challenge_SDK/examples/Driver_ROS2/install/kmc_hardware_driver_node/share/ament_index/resource_index/package_run_dependencies/kmc_hardware_driver_node
[24.623s] -- Symlinking: /home/cav-06/KAIST_Mobility_Challenge_Hardware/sdk/KAIST_Mobility_Challenge_SDK/examples/Driver_ROS2/install/kmc_hardware_driver_node/share/ament_index/resource_index/parent_prefix_path/kmc_hardware_driver_node
[24.644s] -- Symlinking: /home/cav-06/KAIST_Mobility_Challenge_Hardware/sdk/KAIST_Mobility_Challenge_SDK/examples/Driver_ROS2/install/kmc_hardware_driver_node/share/kmc_hardware_driver_node/environment/ament_prefix_path.sh
[24.665s] -- Symlinking: /home/cav-06/KAIST_Mobility_Challenge_Hardware/sdk/KAIST_Mobility_Challenge_SDK/examples/Driver_ROS2/install/kmc_hardware_driver_node/share/kmc_hardware_driver_node/environment/ament_prefix_path.dsv
[24.685s] -- Symlinking: /home/cav-06/KAIST_Mobility_Challenge_Hardware/sdk/KAIST_Mobility_Challenge_SDK/examples/Driver_ROS2/install/kmc_hardware_driver_node/share/kmc_hardware_driver_node/environment/path.sh
[24.704s] -- Symlinking: /home/cav-06/KAIST_Mobility_Challenge_Hardware/sdk/KAIST_Mobility_Challenge_SDK/examples/Driver_ROS2/install/kmc_hardware_driver_node/share/kmc_hardware_driver_node/environment/path.dsv
[24.723s] -- Symlinking: /home/cav-06/KAIST_Mobility_Challenge_Hardware/sdk/KAIST_Mobility_Challenge_SDK/examples/Driver_ROS2/install/kmc_hardware_driver_node/share/kmc_hardware_driver_node/local_setup.bash
[24.744s] -- Symlinking: /home/cav-06/KAIST_Mobility_Challenge_Hardware/sdk/KAIST_Mobility_Challenge_SDK/examples/Driver_ROS2/install/kmc_hardware_driver_node/share/kmc_hardware_driver_node/local_setup.sh
[24.763s] -- Symlinking: /home/cav-06/KAIST_Mobility_Challenge_Hardware/sdk/KAIST_Mobility_Challenge_SDK/examples/Driver_ROS2/install/kmc_hardware_driver_node/share/kmc_hardware_driver_node/local_setup.zsh
[24.782s] -- Symlinking: /home/cav-06/KAIST_Mobility_Challenge_Hardware/sdk/KAIST_Mobility_Challenge_SDK/examples/Driver_ROS2/install/kmc_hardware_driver_node/share/kmc_hardware_driver_node/local_setup.dsv
[24.802s] -- Symlinking: /home/cav-06/KAIST_Mobility_Challenge_Hardware/sdk/KAIST_Mobility_Challenge_SDK/examples/Driver_ROS2/install/kmc_hardware_driver_node/share/kmc_hardware_driver_node/package.dsv
[24.824s] -- Symlinking: /home/cav-06/KAIST_Mobility_Challenge_Hardware/sdk/KAIST_Mobility_Challenge_SDK/examples/Driver_ROS2/install/kmc_hardware_driver_node/share/ament_index/resource_index/packages/kmc_hardware_driver_node
[24.843s] -- Symlinking: /home/cav-06/KAIST_Mobility_Challenge_Hardware/sdk/KAIST_Mobility_Challenge_SDK/examples/Driver_ROS2/install/kmc_hardware_driver_node/share/kmc_hardware_driver_node/cmake/kmc_hardware_driver_nodeConfig.cmake
[24.863s] -- Symlinking: /home/cav-06/KAIST_Mobility_Challenge_Hardware/sdk/KAIST_Mobility_Challenge_SDK/examples/Driver_ROS2/install/kmc_hardware_driver_node/share/kmc_hardware_driver_node/cmake/kmc_hardware_driver_nodeConfig-version.cmake
[24.882s] -- Symlinking: /home/cav-06/KAIST_Mobility_Challenge_Hardware/sdk/KAIST_Mobility_Challenge_SDK/examples/Driver_ROS2/install/kmc_hardware_driver_node/share/kmc_hardware_driver_node/package.xml
[24.901s] -- Installing: /home/cav-06/KAIST_Mobility_Challenge_Hardware/sdk/KAIST_Mobility_Challenge_SDK/examples/Driver_ROS2/install/kmc_hardware_driver_node/lib/kmc_hardware_driver_node/kmc_web_joystick_node
[24.908s] Invoked command in '/home/cav-06/KAIST_Mobility_Challenge_Hardware/sdk/KAIST_Mobility_Challenge_SDK/examples/Driver_ROS2/build/kmc_hardware_driver_node' returned '0': CMAKE_PREFIX_PATH=/opt/ros/foxy /usr/bin/cmake --install /home/cav-06/KAIST_Mobility_Challenge_Hardware/sdk/KAIST_Mobility_Challenge_SDK/examples/Driver_ROS2/build/kmc_hardware_driver_node
